[2024-02-26 10:34:57,521][root][WARNING] - Mephisto supports rich run-time metrics visualization through Prometheus and Grafana. If you'd like to use this feature, use `mephisto metrics install` to install.(Current install dir is '/home/martins_32048/Projects/Mephisto/mephisto/scripts/metrics')'
[2024-02-26 10:34:57,676][mephisto.operations.operator][INFO] - Creating a task run under task name: react-static-task-example
[2024-02-26 10:34:58,601][sh.command][INFO] - <Command '/usr/bin/rm -rf /home/martins_32048/mephisto-data/data/data/runs/NO_PROJECT/25/build/router', pid 1692833>: process started
[2024-02-26 10:35:00,145][sh.command][INFO] - <Command '/usr/bin/rm -rf /home/martins_32048/mephisto-data/data/data/runs/NO_PROJECT/25/build/router', pid 1692845>: process started
[2024-02-26 10:35:00,209][mephisto.operations.client_io_handler][INFO] - Sending alive
[2024-02-26 10:35:00,209][mephisto.operations.client_io_handler][INFO] - Sending alive
[2024-02-26 10:35:00,223][mephisto.operations.client_io_handler][INFO] - Sending alive
[2024-02-26 10:35:00,223][mephisto.abstractions.architects.channels.websocket_channel][INFO] - channel open
[2024-02-26 10:35:00,536][mephisto.operations.operator][INFO] - Operator running task ID = 25
[2024-02-26 10:35:00,540][mephisto.abstractions.providers.mock.mock_unit][INFO] - Mock task launched: http://localhost:3000 for preview, http://localhost:3000/?worker_id=x&assignment_id=47 for assignment 45
[2024-02-26 10:35:00,542][mephisto.abstractions.providers.mock.mock_unit][INFO] - Mock task launched: http://localhost:3000 for preview, http://localhost:3000/?worker_id=x&assignment_id=48 for assignment 46
[2024-02-26 10:35:02,943][mephisto.operations.client_io_handler][WARNING] - [31;1m[Version Mismatch!!][0m: Package `mephisto-task` version mismatch. Expected version 2.0.4 but frontend is currently using 2.0.3. This may cause unexpected errors, be sure to update your `mephisto-task` dependency with `npm install mephisto-task@2.0.4 --save`. If this warning still persists or the version isn't found, please open an issue at https://github.com/facebookresearch/Mephisto/issues
[2024-02-26 10:35:02,949][mephisto.abstractions.blueprints.abstract.static_task.static_agent_state][INFO] - SAVED_DATA_TO_DISC at /home/martins_32048/mephisto-data/data/data/runs/NO_PROJECT/25/45/27/agent_data.json
[2024-02-26 10:35:30,547][mephisto.operations.operator][INFO] - Operator running task ID = 25
[2024-02-26 10:36:00,556][mephisto.operations.operator][INFO] - Operator running task ID = 25
[2024-02-26 10:36:30,567][mephisto.operations.operator][INFO] - Operator running task ID = 25
[2024-02-26 10:37:00,579][mephisto.operations.operator][INFO] - Operator running task ID = 25
[2024-02-26 10:37:30,588][mephisto.operations.operator][INFO] - Operator running task ID = 25
[2024-02-26 10:38:00,600][mephisto.operations.operator][INFO] - Operator running task ID = 25
[2024-02-26 10:38:30,611][mephisto.operations.operator][INFO] - Operator running task ID = 25
[2024-02-26 10:39:00,620][mephisto.operations.operator][INFO] - Operator running task ID = 25
[2024-02-26 10:39:30,628][mephisto.operations.operator][INFO] - Operator running task ID = 25
[2024-02-26 10:40:00,636][mephisto.operations.operator][INFO] - Operator running task ID = 25
[2024-02-26 10:40:30,643][mephisto.operations.operator][INFO] - Operator running task ID = 25
[2024-02-26 10:41:00,652][mephisto.operations.operator][INFO] - Operator running task ID = 25
[2024-02-26 10:41:19,139][mephisto.operations.client_io_handler][WARNING] - [31;1m[Version Mismatch!!][0m: Package `mephisto-task` version mismatch. Expected version 2.0.4 but frontend is currently using 2.0.3. This may cause unexpected errors, be sure to update your `mephisto-task` dependency with `npm install mephisto-task@2.0.4 --save`. If this warning still persists or the version isn't found, please open an issue at https://github.com/facebookresearch/Mephisto/issues
[2024-02-26 10:41:25,058][mephisto.operations.client_io_handler][WARNING] - [31;1m[Version Mismatch!!][0m: Package `mephisto-task` version mismatch. Expected version 2.0.4 but frontend is currently using 2.0.3. This may cause unexpected errors, be sure to update your `mephisto-task` dependency with `npm install mephisto-task@2.0.4 --save`. If this warning still persists or the version isn't found, please open an issue at https://github.com/facebookresearch/Mephisto/issues
[2024-02-26 10:41:25,510][mephisto.operations.client_io_handler][WARNING] - [31;1m[Version Mismatch!!][0m: Package `mephisto-task` version mismatch. Expected version 2.0.4 but frontend is currently using 2.0.3. This may cause unexpected errors, be sure to update your `mephisto-task` dependency with `npm install mephisto-task@2.0.4 --save`. If this warning still persists or the version isn't found, please open an issue at https://github.com/facebookresearch/Mephisto/issues
[2024-02-26 10:41:25,711][mephisto.operations.client_io_handler][WARNING] - [31;1m[Version Mismatch!!][0m: Package `mephisto-task` version mismatch. Expected version 2.0.4 but frontend is currently using 2.0.3. This may cause unexpected errors, be sure to update your `mephisto-task` dependency with `npm install mephisto-task@2.0.4 --save`. If this warning still persists or the version isn't found, please open an issue at https://github.com/facebookresearch/Mephisto/issues
[2024-02-26 10:41:25,862][mephisto.operations.client_io_handler][WARNING] - [31;1m[Version Mismatch!!][0m: Package `mephisto-task` version mismatch. Expected version 2.0.4 but frontend is currently using 2.0.3. This may cause unexpected errors, be sure to update your `mephisto-task` dependency with `npm install mephisto-task@2.0.4 --save`. If this warning still persists or the version isn't found, please open an issue at https://github.com/facebookresearch/Mephisto/issues
[2024-02-26 10:41:26,013][mephisto.operations.client_io_handler][WARNING] - [31;1m[Version Mismatch!!][0m: Package `mephisto-task` version mismatch. Expected version 2.0.4 but frontend is currently using 2.0.3. This may cause unexpected errors, be sure to update your `mephisto-task` dependency with `npm install mephisto-task@2.0.4 --save`. If this warning still persists or the version isn't found, please open an issue at https://github.com/facebookresearch/Mephisto/issues
[2024-02-26 10:41:26,164][mephisto.operations.client_io_handler][WARNING] - [31;1m[Version Mismatch!!][0m: Package `mephisto-task` version mismatch. Expected version 2.0.4 but frontend is currently using 2.0.3. This may cause unexpected errors, be sure to update your `mephisto-task` dependency with `npm install mephisto-task@2.0.4 --save`. If this warning still persists or the version isn't found, please open an issue at https://github.com/facebookresearch/Mephisto/issues
[2024-02-26 10:41:30,660][mephisto.operations.operator][INFO] - Operator running task ID = 25
[2024-02-26 10:42:00,668][mephisto.operations.operator][INFO] - Operator running task ID = 25
[2024-02-26 10:42:03,410][mephisto.operations.client_io_handler][WARNING] - [31;1m[Version Mismatch!!][0m: Package `mephisto-task` version mismatch. Expected version 2.0.4 but frontend is currently using 2.0.3. This may cause unexpected errors, be sure to update your `mephisto-task` dependency with `npm install mephisto-task@2.0.4 --save`. If this warning still persists or the version isn't found, please open an issue at https://github.com/facebookresearch/Mephisto/issues
[2024-02-26 10:42:30,675][mephisto.operations.operator][INFO] - Operator running task ID = 25
[2024-02-26 10:42:45,327][mephisto.operations.client_io_handler][WARNING] - [31;1m[Version Mismatch!!][0m: Package `mephisto-task` version mismatch. Expected version 2.0.4 but frontend is currently using 2.0.3. This may cause unexpected errors, be sure to update your `mephisto-task` dependency with `npm install mephisto-task@2.0.4 --save`. If this warning still persists or the version isn't found, please open an issue at https://github.com/facebookresearch/Mephisto/issues
[2024-02-26 10:43:00,685][mephisto.operations.operator][INFO] - Operator running task ID = 25
[2024-02-26 10:43:30,694][mephisto.operations.operator][INFO] - Operator running task ID = 25
[2024-02-26 10:43:36,139][mephisto.operations.client_io_handler][WARNING] - [31;1m[Version Mismatch!!][0m: Package `mephisto-task` version mismatch. Expected version 2.0.4 but frontend is currently using 2.0.3. This may cause unexpected errors, be sure to update your `mephisto-task` dependency with `npm install mephisto-task@2.0.4 --save`. If this warning still persists or the version isn't found, please open an issue at https://github.com/facebookresearch/Mephisto/issues
[2024-02-26 10:43:36,175][mephisto.operations.client_io_handler][WARNING] - [FRONT_END_ERROR]: {'error': 'idx is not defined', 'errorInfo': {'componentStack': '\n    at SimpleFrontend (webpack://mephisto-task-compiler/./src/components/core_components.jsx?:69:24)\n    at p (webpack://mephisto-task-compiler/./node_modules/mephisto-task/build/bundle.js?:1:51620)\n    at div\n    at MainApp (webpack://mephisto-task-compiler/./src/app.jsx?:24:88)'}}
[2024-02-26 10:43:37,925][mephisto.operations.client_io_handler][WARNING] - [FRONT_END_ERROR]: {'error': 'idx is not defined', 'errorInfo': {'componentStack': '\n    at SimpleFrontend (webpack://mephisto-task-compiler/./src/components/core_components.jsx?:69:24)\n    at p (webpack://mephisto-task-compiler/./node_modules/mephisto-task/build/bundle.js?:1:51620)\n    at div\n    at MainApp (webpack://mephisto-task-compiler/./src/app.jsx?:24:88)'}}
[2024-02-26 10:43:37,945][mephisto.operations.client_io_handler][WARNING] - [31;1m[Version Mismatch!!][0m: Package `mephisto-task` version mismatch. Expected version 2.0.4 but frontend is currently using 2.0.3. This may cause unexpected errors, be sure to update your `mephisto-task` dependency with `npm install mephisto-task@2.0.4 --save`. If this warning still persists or the version isn't found, please open an issue at https://github.com/facebookresearch/Mephisto/issues
[2024-02-26 10:43:40,914][mephisto.operations.operator][ERROR] - Cleaning up after keyboard interrupt, please [31;1mwait to Ctrl-C again[0m until instructed to.
[2024-02-26 10:43:40,914][mephisto.operations.operator][INFO] - operator shutting down
[2024-02-26 10:43:40,914][mephisto.operations.operator][INFO] - Expiring units for task run 25.
[2024-02-26 10:43:40,946][mephisto.operations.operator][INFO] - Waiting on 1 task runs with assignments in-flight. [31;1mCtrl-C ONCE[0m to kill running tasks and FORCE QUIT.
[2024-02-26 10:43:41,168][sh.command][INFO] - <Command '/usr/bin/rm -rf /home/martins_32048/Projects/Mephisto/tmp/local_server_25/server', pid 1693399>: process started
