[2023-09-29 12:50:24,535][root][WARNING] - Mephisto supports rich run-time metrics visualization through Prometheus and Grafana. If you'd like to use this feature, use `mephisto metrics install` to install.(Current install dir is '/home/martins_32048/Projects/Mephisto/mephisto/scripts/metrics')'
[2023-09-29 12:50:24,627][mephisto.abstractions.blueprints.static_react_task.static_react_blueprint][INFO] - If you want your server to update on reload whenever you make changes to your webapp, then make sure to set 

link_task_source: [blue]true[/blue]

in your task's hydra configuration and run 

[purple]cd[/purple] webapp [red]&&[/red] [green]npm[/green] run dev:watch

in a separate terminal window. For more information check out:
https://mephisto.ai/docs/guides/tutorials/custom_react/#12-launching-the-task

[2023-09-29 12:50:24,627][mephisto.operations.operator][INFO] - Creating a task run under task name: react-static-task-example
[2023-09-29 12:50:25,555][sh.command][INFO] - <Command '/usr/bin/rm -rf /home/martins_32048/mephisto-data/data/data/runs/NO_PROJECT/6/build/router', pid 2406881>: process started
[2023-09-29 12:50:27,006][sh.command][INFO] - <Command '/usr/bin/rm -rf /home/martins_32048/mephisto-data/data/data/runs/NO_PROJECT/6/build/router', pid 2406893>: process started
[2023-09-29 12:50:27,055][mephisto.operations.client_io_handler][INFO] - Sending alive
[2023-09-29 12:50:27,055][mephisto.operations.client_io_handler][INFO] - Sending alive
[2023-09-29 12:50:27,068][mephisto.operations.client_io_handler][INFO] - Sending alive
[2023-09-29 12:50:27,068][mephisto.abstractions.architects.channels.websocket_channel][INFO] - channel open
[2023-09-29 12:50:27,413][mephisto.operations.operator][INFO] - Operator running task ID = 6
[2023-09-29 12:50:27,418][mephisto.abstractions.providers.mock.mock_unit][INFO] - Mock task launched: http://localhost:3000 for preview, http://localhost:3000/?worker_id=x&assignment_id=9 for assignment 7
[2023-09-29 12:50:27,420][mephisto.abstractions.providers.mock.mock_unit][INFO] - Mock task launched: http://localhost:3000 for preview, http://localhost:3000/?worker_id=x&assignment_id=10 for assignment 8
[2023-09-29 12:50:32,904][mephisto.operations.client_io_handler][WARNING] - [31;1m[Version Mismatch!!][0m: Package `mephisto-task` version mismatch. Expected version 2.0.4 but frontend is currently using 2.0.3. This may cause unexpected errors, be sure to update your `mephisto-task` dependency with `npm install mephisto-task@2.0.4 --save`. If this warning still persists or the version isn't found, please open an issue at https://github.com/facebookresearch/Mephisto/issues
[2023-09-29 12:50:32,923][mephisto.abstractions.blueprints.abstract.static_task.static_agent_state][INFO] - SAVED_DATA_TO_DISC at /home/martins_32048/mephisto-data/data/data/runs/NO_PROJECT/6/7/4/agent_data.json
[2023-09-29 12:50:57,423][mephisto.operations.operator][INFO] - Operator running task ID = 6
[2023-09-29 12:51:27,434][mephisto.operations.operator][INFO] - Operator running task ID = 6
[2023-09-29 12:51:40,156][mephisto.abstractions.blueprints.abstract.static_task.static_agent_state][INFO] - SAVED_DATA_TO_DISC at /home/martins_32048/mephisto-data/data/data/runs/NO_PROJECT/6/7/4/agent_data.json
[2023-09-29 12:51:57,443][mephisto.operations.operator][INFO] - Operator running task ID = 6
[2023-09-29 12:52:27,456][mephisto.operations.operator][INFO] - Operator running task ID = 6
[2023-09-29 12:52:54,129][mephisto.operations.client_io_handler][WARNING] - [31;1m[Version Mismatch!!][0m: Package `mephisto-task` version mismatch. Expected version 2.0.4 but frontend is currently using 2.0.3. This may cause unexpected errors, be sure to update your `mephisto-task` dependency with `npm install mephisto-task@2.0.4 --save`. If this warning still persists or the version isn't found, please open an issue at https://github.com/facebookresearch/Mephisto/issues
[2023-09-29 12:52:57,466][mephisto.operations.operator][INFO] - Operator running task ID = 6
[2023-09-29 12:52:59,148][mephisto.operations.operator][ERROR] - Cleaning up after keyboard interrupt, please [31;1mwait to Ctrl-C again[0m until instructed to.
[2023-09-29 12:52:59,148][mephisto.operations.operator][INFO] - operator shutting down
[2023-09-29 12:52:59,148][mephisto.operations.operator][INFO] - Expiring units for task run 6.
[2023-09-29 12:52:59,178][mephisto.operations.operator][INFO] - Waiting on 1 task runs with assignments in-flight. [31;1mCtrl-C ONCE[0m to kill running tasks and FORCE QUIT.
[2023-09-29 12:52:59,404][sh.command][INFO] - <Command '/usr/bin/rm -rf /home/martins_32048/Projects/Mephisto/tmp/local_server_6/server', pid 2407100>: process started
