[2024-02-26 11:11:25,923][root][WARNING] - Mephisto supports rich run-time metrics visualization through Prometheus and Grafana. If you'd like to use this feature, use `mephisto metrics install` to install.(Current install dir is '/home/martins_32048/Projects/Mephisto/mephisto/scripts/metrics')'
[2024-02-26 11:11:25,997][mephisto.operations.operator][INFO] - Creating a task run under task name: react-static-task-example
[2024-02-26 11:11:27,555][sh.command][INFO] - <Command '/usr/bin/rm -rf /home/martins_32048/mephisto-data/data/data/runs/NO_PROJECT/28/build/router', pid 1695258>: process started
[2024-02-26 11:11:29,058][sh.command][INFO] - <Command '/usr/bin/rm -rf /home/martins_32048/mephisto-data/data/data/runs/NO_PROJECT/28/build/router', pid 1695270>: process started
[2024-02-26 11:11:29,120][mephisto.operations.client_io_handler][INFO] - Sending alive
[2024-02-26 11:11:29,120][mephisto.operations.client_io_handler][INFO] - Sending alive
[2024-02-26 11:11:29,134][mephisto.operations.client_io_handler][INFO] - Sending alive
[2024-02-26 11:11:29,134][mephisto.abstractions.architects.channels.websocket_channel][INFO] - channel open
[2024-02-26 11:11:29,483][mephisto.operations.operator][INFO] - Operator running task ID = 28
[2024-02-26 11:11:29,485][mephisto.abstractions.providers.mock.mock_unit][INFO] - Mock task launched: http://localhost:3000 for preview, http://localhost:3000/?worker_id=x&assignment_id=53 for assignment 51
[2024-02-26 11:11:29,486][mephisto.abstractions.providers.mock.mock_unit][INFO] - Mock task launched: http://localhost:3000 for preview, http://localhost:3000/?worker_id=x&assignment_id=54 for assignment 51
[2024-02-26 11:11:29,488][mephisto.abstractions.providers.mock.mock_unit][INFO] - Mock task launched: http://localhost:3000 for preview, http://localhost:3000/?worker_id=x&assignment_id=55 for assignment 51
[2024-02-26 11:11:29,490][mephisto.abstractions.providers.mock.mock_unit][INFO] - Mock task launched: http://localhost:3000 for preview, http://localhost:3000/?worker_id=x&assignment_id=56 for assignment 52
[2024-02-26 11:11:29,491][mephisto.abstractions.providers.mock.mock_unit][INFO] - Mock task launched: http://localhost:3000 for preview, http://localhost:3000/?worker_id=x&assignment_id=57 for assignment 52
[2024-02-26 11:11:29,493][mephisto.abstractions.providers.mock.mock_unit][INFO] - Mock task launched: http://localhost:3000 for preview, http://localhost:3000/?worker_id=x&assignment_id=58 for assignment 52
[2024-02-26 11:11:59,491][mephisto.operations.operator][INFO] - Operator running task ID = 28
[2024-02-26 11:12:29,503][mephisto.operations.operator][INFO] - Operator running task ID = 28
[2024-02-26 11:12:59,511][mephisto.operations.operator][INFO] - Operator running task ID = 28
[2024-02-26 11:13:29,524][mephisto.operations.operator][INFO] - Operator running task ID = 28
[2024-02-26 11:13:54,601][mephisto.operations.client_io_handler][WARNING] - [31;1m[Version Mismatch!!][0m: Package `mephisto-task` version mismatch. Expected version 2.0.4 but frontend is currently using 2.0.3. This may cause unexpected errors, be sure to update your `mephisto-task` dependency with `npm install mephisto-task@2.0.4 --save`. If this warning still persists or the version isn't found, please open an issue at https://github.com/facebookresearch/Mephisto/issues
[2024-02-26 11:13:59,535][mephisto.operations.operator][INFO] - Operator running task ID = 28
[2024-02-26 11:14:29,544][mephisto.operations.operator][INFO] - Operator running task ID = 28
[2024-02-26 11:14:41,964][mephisto.operations.client_io_handler][WARNING] - [31;1m[Version Mismatch!!][0m: Package `mephisto-task` version mismatch. Expected version 2.0.4 but frontend is currently using 2.0.3. This may cause unexpected errors, be sure to update your `mephisto-task` dependency with `npm install mephisto-task@2.0.4 --save`. If this warning still persists or the version isn't found, please open an issue at https://github.com/facebookresearch/Mephisto/issues
[2024-02-26 11:14:41,999][mephisto.abstractions.blueprints.abstract.static_task.static_agent_state][INFO] - SAVED_DATA_TO_DISC at /home/martins_32048/mephisto-data/data/data/runs/NO_PROJECT/28/51/31/agent_data.json
[2024-02-26 11:14:48,333][mephisto.abstractions.blueprints.abstract.static_task.static_agent_state][INFO] - SAVED_DATA_TO_DISC at /home/martins_32048/mephisto-data/data/data/runs/NO_PROJECT/28/onboarding/onboarding_8/agent_data.json
[2024-02-26 11:14:48,333][mephisto.operations.worker_pool][INFO] - MockWorker(9) is starting onboarding thread with onboarding OnboardingAgent(8, none).
[2024-02-26 11:14:48,338][mephisto.operations.client_io_handler][WARNING] - [31;1m[Version Mismatch!!][0m: Package `mephisto-task` version mismatch. Expected version 2.0.4 but frontend is currently using 2.0.3. This may cause unexpected errors, be sure to update your `mephisto-task` dependency with `npm install mephisto-task@2.0.4 --save`. If this warning still persists or the version isn't found, please open an issue at https://github.com/facebookresearch/Mephisto/issues
[2024-02-26 11:14:53,085][mephisto.abstractions.blueprints.abstract.static_task.static_agent_state][INFO] - SAVED_DATA_TO_DISC at /home/martins_32048/mephisto-data/data/data/runs/NO_PROJECT/28/onboarding/onboarding_8/agent_data.json
[2024-02-26 11:14:53,092][mephisto.operations.worker_pool][INFO] - Onboarding agent onboarding_8 registered out from onboarding
[2024-02-26 11:14:53,097][mephisto.abstractions.blueprints.abstract.static_task.static_agent_state][INFO] - SAVED_DATA_TO_DISC at /home/martins_32048/mephisto-data/data/data/runs/NO_PROJECT/28/51/32/agent_data.json
[2024-02-26 11:14:59,551][mephisto.operations.operator][INFO] - Operator running task ID = 28
[2024-02-26 11:15:08,328][mephisto.operations.client_io_handler][WARNING] - [31;1m[Version Mismatch!!][0m: Package `mephisto-task` version mismatch. Expected version 2.0.4 but frontend is currently using 2.0.3. This may cause unexpected errors, be sure to update your `mephisto-task` dependency with `npm install mephisto-task@2.0.4 --save`. If this warning still persists or the version isn't found, please open an issue at https://github.com/facebookresearch/Mephisto/issues
[2024-02-26 11:15:17,463][mephisto.operations.client_io_handler][WARNING] - [31;1m[Version Mismatch!!][0m: Package `mephisto-task` version mismatch. Expected version 2.0.4 but frontend is currently using 2.0.3. This may cause unexpected errors, be sure to update your `mephisto-task` dependency with `npm install mephisto-task@2.0.4 --save`. If this warning still persists or the version isn't found, please open an issue at https://github.com/facebookresearch/Mephisto/issues
[2024-02-26 11:15:17,471][mephisto.abstractions.blueprints.abstract.static_task.static_agent_state][INFO] - SAVED_DATA_TO_DISC at /home/martins_32048/mephisto-data/data/data/runs/NO_PROJECT/28/onboarding/onboarding_9/agent_data.json
[2024-02-26 11:15:17,471][mephisto.operations.worker_pool][INFO] - MockWorker(10) is starting onboarding thread with onboarding OnboardingAgent(9, none).
[2024-02-26 11:15:20,291][mephisto.abstractions.blueprints.abstract.static_task.static_agent_state][INFO] - SAVED_DATA_TO_DISC at /home/martins_32048/mephisto-data/data/data/runs/NO_PROJECT/28/onboarding/onboarding_9/agent_data.json
[2024-02-26 11:15:20,299][mephisto.operations.worker_pool][INFO] - Onboarding agent onboarding_9 registered out from onboarding
[2024-02-26 11:15:20,306][mephisto.abstractions.blueprints.abstract.static_task.static_agent_state][INFO] - SAVED_DATA_TO_DISC at /home/martins_32048/mephisto-data/data/data/runs/NO_PROJECT/28/51/33/agent_data.json
[2024-02-26 11:15:23,406][mephisto.abstractions.blueprints.abstract.static_task.static_agent_state][INFO] - SAVED_DATA_TO_DISC at /home/martins_32048/mephisto-data/data/data/runs/NO_PROJECT/28/51/33/agent_data.json
[2024-02-26 11:15:29,560][mephisto.operations.operator][INFO] - Operator running task ID = 28
[2024-02-26 11:15:59,567][mephisto.operations.operator][INFO] - Operator running task ID = 28
[2024-02-26 11:16:29,579][mephisto.operations.operator][INFO] - Operator running task ID = 28
[2024-02-26 11:16:58,695][mephisto.abstractions.blueprints.abstract.static_task.static_agent_state][INFO] - SAVED_DATA_TO_DISC at /home/martins_32048/mephisto-data/data/data/runs/NO_PROJECT/28/onboarding/onboarding_10/agent_data.json
[2024-02-26 11:16:58,696][mephisto.operations.worker_pool][INFO] - MockWorker(11) is starting onboarding thread with onboarding OnboardingAgent(10, none).
[2024-02-26 11:16:58,722][mephisto.operations.client_io_handler][WARNING] - [31;1m[Version Mismatch!!][0m: Package `mephisto-task` version mismatch. Expected version 2.0.4 but frontend is currently using 2.0.3. This may cause unexpected errors, be sure to update your `mephisto-task` dependency with `npm install mephisto-task@2.0.4 --save`. If this warning still persists or the version isn't found, please open an issue at https://github.com/facebookresearch/Mephisto/issues
[2024-02-26 11:16:59,585][mephisto.operations.operator][INFO] - Operator running task ID = 28
[2024-02-26 11:17:01,468][mephisto.abstractions.blueprints.abstract.static_task.static_agent_state][INFO] - SAVED_DATA_TO_DISC at /home/martins_32048/mephisto-data/data/data/runs/NO_PROJECT/28/onboarding/onboarding_10/agent_data.json
[2024-02-26 11:17:01,475][mephisto.operations.worker_pool][INFO] - Onboarding agent onboarding_10 registered out from onboarding
[2024-02-26 11:17:01,480][mephisto.abstractions.blueprints.abstract.static_task.static_agent_state][INFO] - SAVED_DATA_TO_DISC at /home/martins_32048/mephisto-data/data/data/runs/NO_PROJECT/28/52/34/agent_data.json
[2024-02-26 11:17:16,583][mephisto.abstractions.blueprints.abstract.static_task.static_agent_state][INFO] - SAVED_DATA_TO_DISC at /home/martins_32048/mephisto-data/data/data/runs/NO_PROJECT/28/52/34/agent_data.json
[2024-02-26 11:17:29,592][mephisto.operations.operator][INFO] - Operator running task ID = 28
[2024-02-26 11:17:59,599][mephisto.operations.operator][INFO] - Operator running task ID = 28
[2024-02-26 11:18:29,612][mephisto.operations.operator][INFO] - Operator running task ID = 28
[2024-02-26 11:18:59,619][mephisto.operations.operator][INFO] - Operator running task ID = 28
[2024-02-26 11:19:29,628][mephisto.operations.operator][INFO] - Operator running task ID = 28
[2024-02-26 11:19:59,637][mephisto.operations.operator][INFO] - Operator running task ID = 28
[2024-02-26 11:20:29,647][mephisto.operations.operator][INFO] - Operator running task ID = 28
[2024-02-26 11:20:59,654][mephisto.operations.operator][INFO] - Operator running task ID = 28
[2024-02-26 11:21:29,661][mephisto.operations.operator][INFO] - Operator running task ID = 28
[2024-02-26 11:21:59,667][mephisto.operations.operator][INFO] - Operator running task ID = 28
[2024-02-26 11:22:29,676][mephisto.operations.operator][INFO] - Operator running task ID = 28
[2024-02-26 11:22:59,682][mephisto.operations.operator][INFO] - Operator running task ID = 28
[2024-02-26 11:23:29,693][mephisto.operations.operator][INFO] - Operator running task ID = 28
[2024-02-26 11:23:59,702][mephisto.operations.operator][INFO] - Operator running task ID = 28
[2024-02-26 11:24:29,712][mephisto.operations.operator][INFO] - Operator running task ID = 28
[2024-02-26 11:24:59,723][mephisto.operations.operator][INFO] - Operator running task ID = 28
[2024-02-26 11:25:29,732][mephisto.operations.operator][INFO] - Operator running task ID = 28
[2024-02-26 11:25:59,740][mephisto.operations.operator][INFO] - Operator running task ID = 28
[2024-02-26 11:26:29,751][mephisto.operations.operator][INFO] - Operator running task ID = 28
[2024-02-26 11:26:59,758][mephisto.operations.operator][INFO] - Operator running task ID = 28
[2024-02-26 11:27:29,764][mephisto.operations.operator][INFO] - Operator running task ID = 28
[2024-02-26 11:27:59,774][mephisto.operations.operator][INFO] - Operator running task ID = 28
[2024-02-26 11:28:29,784][mephisto.operations.operator][INFO] - Operator running task ID = 28
[2024-02-26 11:28:59,794][mephisto.operations.operator][INFO] - Operator running task ID = 28
[2024-02-26 11:29:29,802][mephisto.operations.operator][INFO] - Operator running task ID = 28
[2024-02-26 11:29:59,810][mephisto.operations.operator][INFO] - Operator running task ID = 28
[2024-02-26 11:30:29,816][mephisto.operations.operator][INFO] - Operator running task ID = 28
[2024-02-26 11:30:59,822][mephisto.operations.operator][INFO] - Operator running task ID = 28
[2024-02-26 11:31:29,831][mephisto.operations.operator][INFO] - Operator running task ID = 28
[2024-02-26 11:31:59,838][mephisto.operations.operator][INFO] - Operator running task ID = 28
[2024-02-26 11:32:29,847][mephisto.operations.operator][INFO] - Operator running task ID = 28
[2024-02-26 11:32:59,854][mephisto.operations.operator][INFO] - Operator running task ID = 28
[2024-02-26 11:33:29,862][mephisto.operations.operator][INFO] - Operator running task ID = 28
[2024-02-26 11:33:59,870][mephisto.operations.operator][INFO] - Operator running task ID = 28
[2024-02-26 11:34:29,876][mephisto.operations.operator][INFO] - Operator running task ID = 28
[2024-02-26 11:34:59,882][mephisto.operations.operator][INFO] - Operator running task ID = 28
[2024-02-26 11:35:29,888][mephisto.operations.operator][INFO] - Operator running task ID = 28
[2024-02-26 11:35:59,895][mephisto.operations.operator][INFO] - Operator running task ID = 28
[2024-02-26 11:36:29,900][mephisto.operations.operator][INFO] - Operator running task ID = 28
[2024-02-26 11:36:59,906][mephisto.operations.operator][INFO] - Operator running task ID = 28
[2024-02-26 11:37:29,912][mephisto.operations.operator][INFO] - Operator running task ID = 28
[2024-02-26 11:37:59,918][mephisto.operations.operator][INFO] - Operator running task ID = 28
[2024-02-26 11:38:29,929][mephisto.operations.operator][INFO] - Operator running task ID = 28
[2024-02-26 11:38:59,939][mephisto.operations.operator][INFO] - Operator running task ID = 28
[2024-02-26 11:39:29,950][mephisto.operations.operator][INFO] - Operator running task ID = 28
[2024-02-26 11:39:59,958][mephisto.operations.operator][INFO] - Operator running task ID = 28
[2024-02-26 11:40:29,968][mephisto.operations.operator][INFO] - Operator running task ID = 28
[2024-02-26 11:40:59,974][mephisto.operations.operator][INFO] - Operator running task ID = 28
[2024-02-26 11:41:29,983][mephisto.operations.operator][INFO] - Operator running task ID = 28
[2024-02-26 11:41:59,992][mephisto.operations.operator][INFO] - Operator running task ID = 28
[2024-02-26 11:42:30,004][mephisto.operations.operator][INFO] - Operator running task ID = 28
[2024-02-26 11:43:00,010][mephisto.operations.operator][INFO] - Operator running task ID = 28
[2024-02-26 11:43:30,018][mephisto.operations.operator][INFO] - Operator running task ID = 28
[2024-02-26 11:44:00,025][mephisto.operations.operator][INFO] - Operator running task ID = 28
[2024-02-26 11:44:30,032][mephisto.operations.operator][INFO] - Operator running task ID = 28
[2024-02-26 11:44:42,003][mephisto.abstractions._subcomponents.task_runner][ERROR] - Handled exception in unit MockUnit(53, assigned)
Traceback (most recent call last):
  File "/home/martins_32048/Projects/Mephisto/mephisto/abstractions/_subcomponents/task_runner.py", line 266, in _launch_and_run_unit
    self.run_unit(unit, agent)
  File "/home/martins_32048/Projects/Mephisto/mephisto/abstractions/blueprints/abstract/static_task/static_task_runner.py", line 69, in run_unit
    agent.await_submit(self.assignment_duration_in_seconds)
  File "/home/martins_32048/Projects/Mephisto/mephisto/abstractions/providers/mock/mock_agent.py", line 109, in await_submit
    return super().await_submit(timeout)
  File "/home/martins_32048/Projects/Mephisto/mephisto/data_model/agent.py", line 256, in await_submit
    raise AgentTimeoutError(timeout, self.db_id)
mephisto.data_model.exceptions.AgentTimeoutError: (1800, '31')
[2024-02-26 11:44:53,101][mephisto.abstractions._subcomponents.task_runner][ERROR] - Handled exception in unit MockUnit(54, assigned)
Traceback (most recent call last):
  File "/home/martins_32048/Projects/Mephisto/mephisto/abstractions/_subcomponents/task_runner.py", line 266, in _launch_and_run_unit
    self.run_unit(unit, agent)
  File "/home/martins_32048/Projects/Mephisto/mephisto/abstractions/blueprints/abstract/static_task/static_task_runner.py", line 69, in run_unit
    agent.await_submit(self.assignment_duration_in_seconds)
  File "/home/martins_32048/Projects/Mephisto/mephisto/abstractions/providers/mock/mock_agent.py", line 109, in await_submit
    return super().await_submit(timeout)
  File "/home/martins_32048/Projects/Mephisto/mephisto/data_model/agent.py", line 256, in await_submit
    raise AgentTimeoutError(timeout, self.db_id)
mephisto.data_model.exceptions.AgentTimeoutError: (1800, '32')
[2024-02-26 11:45:00,037][mephisto.operations.operator][INFO] - Operator running task ID = 28
[2024-02-26 11:45:30,045][mephisto.operations.operator][INFO] - Operator running task ID = 28
[2024-02-26 11:46:00,054][mephisto.operations.operator][INFO] - Operator running task ID = 28
[2024-02-26 11:46:30,060][mephisto.operations.operator][INFO] - Operator running task ID = 28
[2024-02-26 11:47:00,065][mephisto.operations.operator][INFO] - Operator running task ID = 28
[2024-02-26 11:47:30,076][mephisto.operations.operator][INFO] - Operator running task ID = 28
[2024-02-26 11:48:00,083][mephisto.operations.operator][INFO] - Operator running task ID = 28
[2024-02-26 11:48:30,091][mephisto.operations.operator][INFO] - Operator running task ID = 28
[2024-02-26 11:49:00,098][mephisto.operations.operator][INFO] - Operator running task ID = 28
[2024-02-26 11:49:30,107][mephisto.operations.operator][INFO] - Operator running task ID = 28
[2024-02-26 11:50:00,116][mephisto.operations.operator][INFO] - Operator running task ID = 28
[2024-02-26 11:50:30,126][mephisto.operations.operator][INFO] - Operator running task ID = 28
[2024-02-26 11:51:00,134][mephisto.operations.operator][INFO] - Operator running task ID = 28
[2024-02-26 11:51:30,141][mephisto.operations.operator][INFO] - Operator running task ID = 28
[2024-02-26 11:52:00,148][mephisto.operations.operator][INFO] - Operator running task ID = 28
[2024-02-26 11:52:30,158][mephisto.operations.operator][INFO] - Operator running task ID = 28
[2024-02-26 11:53:00,168][mephisto.operations.operator][INFO] - Operator running task ID = 28
[2024-02-26 11:53:30,176][mephisto.operations.operator][INFO] - Operator running task ID = 28
[2024-02-26 11:54:00,184][mephisto.operations.operator][INFO] - Operator running task ID = 28
[2024-02-26 11:54:30,192][mephisto.operations.operator][INFO] - Operator running task ID = 28
[2024-02-26 11:55:00,199][mephisto.operations.operator][INFO] - Operator running task ID = 28
[2024-02-26 11:55:30,206][mephisto.operations.operator][INFO] - Operator running task ID = 28
[2024-02-26 11:56:00,210][mephisto.operations.operator][INFO] - Operator running task ID = 28
[2024-02-26 11:56:30,216][mephisto.operations.operator][INFO] - Operator running task ID = 28
[2024-02-26 11:57:00,223][mephisto.operations.operator][INFO] - Operator running task ID = 28
[2024-02-26 11:57:30,233][mephisto.operations.operator][INFO] - Operator running task ID = 28
[2024-02-26 11:58:00,241][mephisto.operations.operator][INFO] - Operator running task ID = 28
[2024-02-26 11:58:30,251][mephisto.operations.operator][INFO] - Operator running task ID = 28
[2024-02-26 11:59:00,255][mephisto.operations.operator][INFO] - Operator running task ID = 28
[2024-02-26 11:59:30,260][mephisto.operations.operator][INFO] - Operator running task ID = 28
[2024-02-26 12:00:00,265][mephisto.operations.operator][INFO] - Operator running task ID = 28
[2024-02-26 12:00:30,272][mephisto.operations.operator][INFO] - Operator running task ID = 28
[2024-02-26 12:01:00,279][mephisto.operations.operator][INFO] - Operator running task ID = 28
[2024-02-26 12:01:30,289][mephisto.operations.operator][INFO] - Operator running task ID = 28
[2024-02-26 12:02:00,296][mephisto.operations.operator][INFO] - Operator running task ID = 28
[2024-02-26 12:02:30,303][mephisto.operations.operator][INFO] - Operator running task ID = 28
[2024-02-26 12:03:00,309][mephisto.operations.operator][INFO] - Operator running task ID = 28
[2024-02-26 12:03:30,318][mephisto.operations.operator][INFO] - Operator running task ID = 28
[2024-02-26 12:04:00,325][mephisto.operations.operator][INFO] - Operator running task ID = 28
[2024-02-26 12:04:30,331][mephisto.operations.operator][INFO] - Operator running task ID = 28
[2024-02-26 12:05:00,337][mephisto.operations.operator][INFO] - Operator running task ID = 28
[2024-02-26 12:05:30,345][mephisto.operations.operator][INFO] - Operator running task ID = 28
[2024-02-26 12:06:00,349][mephisto.operations.operator][INFO] - Operator running task ID = 28
[2024-02-26 12:06:30,359][mephisto.operations.operator][INFO] - Operator running task ID = 28
[2024-02-26 12:07:00,366][mephisto.operations.operator][INFO] - Operator running task ID = 28
[2024-02-26 12:07:30,371][mephisto.operations.operator][INFO] - Operator running task ID = 28
[2024-02-26 12:08:00,378][mephisto.operations.operator][INFO] - Operator running task ID = 28
[2024-02-26 12:08:30,384][mephisto.operations.operator][INFO] - Operator running task ID = 28
[2024-02-26 12:09:00,389][mephisto.operations.operator][INFO] - Operator running task ID = 28
[2024-02-26 12:09:30,397][mephisto.operations.operator][INFO] - Operator running task ID = 28
[2024-02-26 12:10:00,404][mephisto.operations.operator][INFO] - Operator running task ID = 28
[2024-02-26 12:10:30,412][mephisto.operations.operator][INFO] - Operator running task ID = 28
[2024-02-26 12:11:00,419][mephisto.operations.operator][INFO] - Operator running task ID = 28
[2024-02-26 12:11:30,426][mephisto.operations.operator][INFO] - Operator running task ID = 28
[2024-02-26 12:12:00,432][mephisto.operations.operator][INFO] - Operator running task ID = 28
[2024-02-26 12:12:30,439][mephisto.operations.operator][INFO] - Operator running task ID = 28
[2024-02-26 12:13:00,444][mephisto.operations.operator][INFO] - Operator running task ID = 28
[2024-02-26 12:13:30,450][mephisto.operations.operator][INFO] - Operator running task ID = 28
[2024-02-26 12:14:00,455][mephisto.operations.operator][INFO] - Operator running task ID = 28
[2024-02-26 12:14:30,462][mephisto.operations.operator][INFO] - Operator running task ID = 28
[2024-02-26 12:15:00,465][mephisto.operations.operator][INFO] - Operator running task ID = 28
[2024-02-26 12:15:30,472][mephisto.operations.operator][INFO] - Operator running task ID = 28
[2024-02-26 12:16:00,478][mephisto.operations.operator][INFO] - Operator running task ID = 28
[2024-02-26 12:16:30,484][mephisto.operations.operator][INFO] - Operator running task ID = 28
[2024-02-26 12:17:00,491][mephisto.operations.operator][INFO] - Operator running task ID = 28
[2024-02-26 12:17:30,498][mephisto.operations.operator][INFO] - Operator running task ID = 28
[2024-02-26 12:18:00,504][mephisto.operations.operator][INFO] - Operator running task ID = 28
[2024-02-26 12:18:30,515][mephisto.operations.operator][INFO] - Operator running task ID = 28
[2024-02-26 12:19:00,521][mephisto.operations.operator][INFO] - Operator running task ID = 28
[2024-02-26 12:19:30,528][mephisto.operations.operator][INFO] - Operator running task ID = 28
[2024-02-26 12:20:00,541][mephisto.operations.operator][INFO] - Operator running task ID = 28
[2024-02-26 12:20:30,552][mephisto.operations.operator][INFO] - Operator running task ID = 28
[2024-02-26 12:21:00,565][mephisto.operations.operator][INFO] - Operator running task ID = 28
[2024-02-26 12:21:30,575][mephisto.operations.operator][INFO] - Operator running task ID = 28
[2024-02-26 12:22:00,587][mephisto.operations.operator][INFO] - Operator running task ID = 28
[2024-02-26 12:22:30,595][mephisto.operations.operator][INFO] - Operator running task ID = 28
[2024-02-26 12:23:00,605][mephisto.operations.operator][INFO] - Operator running task ID = 28
[2024-02-26 12:23:30,615][mephisto.operations.operator][INFO] - Operator running task ID = 28
[2024-02-26 12:24:00,628][mephisto.operations.operator][INFO] - Operator running task ID = 28
[2024-02-26 12:24:30,636][mephisto.operations.operator][INFO] - Operator running task ID = 28
[2024-02-26 12:25:00,644][mephisto.operations.operator][INFO] - Operator running task ID = 28
[2024-02-26 12:25:30,655][mephisto.operations.operator][INFO] - Operator running task ID = 28
[2024-02-26 12:26:00,666][mephisto.operations.operator][INFO] - Operator running task ID = 28
[2024-02-26 12:26:30,676][mephisto.operations.operator][INFO] - Operator running task ID = 28
[2024-02-26 12:27:00,688][mephisto.operations.operator][INFO] - Operator running task ID = 28
[2024-02-26 12:27:30,698][mephisto.operations.operator][INFO] - Operator running task ID = 28
[2024-02-26 12:28:00,709][mephisto.operations.operator][INFO] - Operator running task ID = 28
[2024-02-26 12:28:30,716][mephisto.operations.operator][INFO] - Operator running task ID = 28
[2024-02-26 12:29:00,728][mephisto.operations.operator][INFO] - Operator running task ID = 28
[2024-02-26 12:29:30,735][mephisto.operations.operator][INFO] - Operator running task ID = 28
[2024-02-26 12:30:00,745][mephisto.operations.operator][INFO] - Operator running task ID = 28
[2024-02-26 12:30:30,755][mephisto.operations.operator][INFO] - Operator running task ID = 28
[2024-02-26 12:31:00,767][mephisto.operations.operator][INFO] - Operator running task ID = 28
[2024-02-26 12:31:30,774][mephisto.operations.operator][INFO] - Operator running task ID = 28
[2024-02-26 12:32:00,783][mephisto.operations.operator][INFO] - Operator running task ID = 28
[2024-02-26 12:32:30,790][mephisto.operations.operator][INFO] - Operator running task ID = 28
[2024-02-26 12:33:00,802][mephisto.operations.operator][INFO] - Operator running task ID = 28
[2024-02-26 12:33:30,810][mephisto.operations.operator][INFO] - Operator running task ID = 28
[2024-02-26 12:34:00,820][mephisto.operations.operator][INFO] - Operator running task ID = 28
[2024-02-26 12:34:30,830][mephisto.operations.operator][INFO] - Operator running task ID = 28
[2024-02-26 12:35:00,840][mephisto.operations.operator][INFO] - Operator running task ID = 28
[2024-02-26 12:35:30,849][mephisto.operations.operator][INFO] - Operator running task ID = 28
[2024-02-26 12:36:00,856][mephisto.operations.operator][INFO] - Operator running task ID = 28
[2024-02-26 12:36:30,866][mephisto.operations.operator][INFO] - Operator running task ID = 28
[2024-02-26 12:37:00,872][mephisto.operations.operator][INFO] - Operator running task ID = 28
[2024-02-26 12:37:30,881][mephisto.operations.operator][INFO] - Operator running task ID = 28
[2024-02-26 12:38:00,890][mephisto.operations.operator][INFO] - Operator running task ID = 28
[2024-02-26 12:38:30,900][mephisto.operations.operator][INFO] - Operator running task ID = 28
[2024-02-26 12:39:00,908][mephisto.operations.operator][INFO] - Operator running task ID = 28
[2024-02-26 12:39:30,914][mephisto.operations.operator][INFO] - Operator running task ID = 28
[2024-02-26 12:40:00,923][mephisto.operations.operator][INFO] - Operator running task ID = 28
[2024-02-26 12:40:30,930][mephisto.operations.operator][INFO] - Operator running task ID = 28
[2024-02-26 12:41:00,936][mephisto.operations.operator][INFO] - Operator running task ID = 28
[2024-02-26 12:41:30,946][mephisto.operations.operator][INFO] - Operator running task ID = 28
[2024-02-26 12:42:00,953][mephisto.operations.operator][INFO] - Operator running task ID = 28
[2024-02-26 12:42:30,959][mephisto.operations.operator][INFO] - Operator running task ID = 28
[2024-02-26 12:43:00,970][mephisto.operations.operator][INFO] - Operator running task ID = 28
[2024-02-26 12:43:30,977][mephisto.operations.operator][INFO] - Operator running task ID = 28
[2024-02-26 12:44:00,988][mephisto.operations.operator][INFO] - Operator running task ID = 28
[2024-02-26 12:44:30,995][mephisto.operations.operator][INFO] - Operator running task ID = 28
[2024-02-26 12:45:01,004][mephisto.operations.operator][INFO] - Operator running task ID = 28
[2024-02-26 12:45:31,013][mephisto.operations.operator][INFO] - Operator running task ID = 28
[2024-02-26 12:46:01,023][mephisto.operations.operator][INFO] - Operator running task ID = 28
[2024-02-26 12:46:31,031][mephisto.operations.operator][INFO] - Operator running task ID = 28
[2024-02-26 12:47:01,040][mephisto.operations.operator][INFO] - Operator running task ID = 28
[2024-02-26 12:47:31,048][mephisto.operations.operator][INFO] - Operator running task ID = 28
[2024-02-26 12:48:01,058][mephisto.operations.operator][INFO] - Operator running task ID = 28
[2024-02-26 12:48:31,066][mephisto.operations.operator][INFO] - Operator running task ID = 28
[2024-02-26 12:49:01,074][mephisto.operations.operator][INFO] - Operator running task ID = 28
[2024-02-26 12:49:31,081][mephisto.operations.operator][INFO] - Operator running task ID = 28
[2024-02-26 12:50:01,092][mephisto.operations.operator][INFO] - Operator running task ID = 28
[2024-02-26 12:50:31,102][mephisto.operations.operator][INFO] - Operator running task ID = 28
[2024-02-26 12:51:01,112][mephisto.operations.operator][INFO] - Operator running task ID = 28
[2024-02-26 12:51:31,118][mephisto.operations.operator][INFO] - Operator running task ID = 28
[2024-02-26 12:52:01,124][mephisto.operations.operator][INFO] - Operator running task ID = 28
[2024-02-26 12:52:31,132][mephisto.operations.operator][INFO] - Operator running task ID = 28
[2024-02-26 12:53:01,140][mephisto.operations.operator][INFO] - Operator running task ID = 28
[2024-02-26 12:53:31,146][mephisto.operations.operator][INFO] - Operator running task ID = 28
[2024-02-26 12:54:01,155][mephisto.operations.operator][INFO] - Operator running task ID = 28
[2024-02-26 12:54:31,162][mephisto.operations.operator][INFO] - Operator running task ID = 28
[2024-02-26 12:55:01,170][mephisto.operations.operator][INFO] - Operator running task ID = 28
[2024-02-26 12:55:31,178][mephisto.operations.operator][INFO] - Operator running task ID = 28
[2024-02-26 12:56:01,184][mephisto.operations.operator][INFO] - Operator running task ID = 28
[2024-02-26 12:56:31,191][mephisto.operations.operator][INFO] - Operator running task ID = 28
[2024-02-26 12:57:01,201][mephisto.operations.operator][INFO] - Operator running task ID = 28
[2024-02-26 12:57:31,205][mephisto.operations.operator][INFO] - Operator running task ID = 28
[2024-02-26 12:58:01,212][mephisto.operations.operator][INFO] - Operator running task ID = 28
[2024-02-26 12:58:31,217][mephisto.operations.operator][INFO] - Operator running task ID = 28
[2024-02-26 12:59:01,224][mephisto.operations.operator][INFO] - Operator running task ID = 28
[2024-02-26 12:59:31,231][mephisto.operations.operator][INFO] - Operator running task ID = 28
[2024-02-26 13:00:01,236][mephisto.operations.operator][INFO] - Operator running task ID = 28
[2024-02-26 13:00:31,242][mephisto.operations.operator][INFO] - Operator running task ID = 28
[2024-02-26 13:01:01,248][mephisto.operations.operator][INFO] - Operator running task ID = 28
[2024-02-26 13:01:31,253][mephisto.operations.operator][INFO] - Operator running task ID = 28
[2024-02-26 13:02:01,260][mephisto.operations.operator][INFO] - Operator running task ID = 28
[2024-02-26 13:02:31,266][mephisto.operations.operator][INFO] - Operator running task ID = 28
[2024-02-26 13:03:01,272][mephisto.operations.operator][INFO] - Operator running task ID = 28
[2024-02-26 13:03:31,278][mephisto.operations.operator][INFO] - Operator running task ID = 28
[2024-02-26 13:04:01,284][mephisto.operations.operator][INFO] - Operator running task ID = 28
[2024-02-26 13:04:31,289][mephisto.operations.operator][INFO] - Operator running task ID = 28
[2024-02-26 13:05:01,296][mephisto.operations.operator][INFO] - Operator running task ID = 28
[2024-02-26 13:05:31,301][mephisto.operations.operator][INFO] - Operator running task ID = 28
[2024-02-26 13:06:01,308][mephisto.operations.operator][INFO] - Operator running task ID = 28
[2024-02-26 13:06:31,314][mephisto.operations.operator][INFO] - Operator running task ID = 28
[2024-02-26 13:07:01,320][mephisto.operations.operator][INFO] - Operator running task ID = 28
[2024-02-26 13:07:31,325][mephisto.operations.operator][INFO] - Operator running task ID = 28
[2024-02-26 13:08:01,330][mephisto.operations.operator][INFO] - Operator running task ID = 28
[2024-02-26 13:08:31,335][mephisto.operations.operator][INFO] - Operator running task ID = 28
[2024-02-26 13:09:01,340][mephisto.operations.operator][INFO] - Operator running task ID = 28
[2024-02-26 13:09:31,345][mephisto.operations.operator][INFO] - Operator running task ID = 28
[2024-02-26 13:10:01,352][mephisto.operations.operator][INFO] - Operator running task ID = 28
[2024-02-26 13:10:31,358][mephisto.operations.operator][INFO] - Operator running task ID = 28
[2024-02-26 13:11:01,364][mephisto.operations.operator][INFO] - Operator running task ID = 28
[2024-02-26 13:11:31,369][mephisto.operations.operator][INFO] - Operator running task ID = 28
[2024-02-26 13:12:01,376][mephisto.operations.operator][INFO] - Operator running task ID = 28
[2024-02-26 13:12:31,381][mephisto.operations.operator][INFO] - Operator running task ID = 28
[2024-02-26 13:13:01,388][mephisto.operations.operator][INFO] - Operator running task ID = 28
[2024-02-26 13:13:31,394][mephisto.operations.operator][INFO] - Operator running task ID = 28
[2024-02-26 13:14:01,400][mephisto.operations.operator][INFO] - Operator running task ID = 28
[2024-02-26 13:14:31,406][mephisto.operations.operator][INFO] - Operator running task ID = 28
[2024-02-26 13:15:01,412][mephisto.operations.operator][INFO] - Operator running task ID = 28
[2024-02-26 13:15:31,418][mephisto.operations.operator][INFO] - Operator running task ID = 28
[2024-02-26 13:16:01,424][mephisto.operations.operator][INFO] - Operator running task ID = 28
[2024-02-26 13:16:31,429][mephisto.operations.operator][INFO] - Operator running task ID = 28
[2024-02-26 13:17:01,435][mephisto.operations.operator][INFO] - Operator running task ID = 28
[2024-02-26 13:17:31,442][mephisto.operations.operator][INFO] - Operator running task ID = 28
[2024-02-26 13:18:01,447][mephisto.operations.operator][INFO] - Operator running task ID = 28
[2024-02-26 13:18:31,453][mephisto.operations.operator][INFO] - Operator running task ID = 28
[2024-02-26 13:19:01,458][mephisto.operations.operator][INFO] - Operator running task ID = 28
[2024-02-26 13:19:31,464][mephisto.operations.operator][INFO] - Operator running task ID = 28
[2024-02-26 13:20:01,468][mephisto.operations.operator][INFO] - Operator running task ID = 28
[2024-02-26 13:20:31,472][mephisto.operations.operator][INFO] - Operator running task ID = 28
[2024-02-26 13:21:01,478][mephisto.operations.operator][INFO] - Operator running task ID = 28
[2024-02-26 13:21:31,484][mephisto.operations.operator][INFO] - Operator running task ID = 28
[2024-02-26 13:22:01,490][mephisto.operations.operator][INFO] - Operator running task ID = 28
[2024-02-26 13:22:20,491][mephisto.operations.client_io_handler][WARNING] - [31;1m[Version Mismatch!!][0m: Package `mephisto-task` version mismatch. Expected version 2.0.4 but frontend is currently using 2.0.3. This may cause unexpected errors, be sure to update your `mephisto-task` dependency with `npm install mephisto-task@2.0.4 --save`. If this warning still persists or the version isn't found, please open an issue at https://github.com/facebookresearch/Mephisto/issues
[2024-02-26 13:22:23,099][mephisto.operations.client_io_handler][WARNING] - [31;1m[Version Mismatch!!][0m: Package `mephisto-task` version mismatch. Expected version 2.0.4 but frontend is currently using 2.0.3. This may cause unexpected errors, be sure to update your `mephisto-task` dependency with `npm install mephisto-task@2.0.4 --save`. If this warning still persists or the version isn't found, please open an issue at https://github.com/facebookresearch/Mephisto/issues
[2024-02-26 13:22:23,108][mephisto.abstractions.blueprints.abstract.static_task.static_agent_state][INFO] - SAVED_DATA_TO_DISC at /home/martins_32048/mephisto-data/data/data/runs/NO_PROJECT/28/52/35/agent_data.json
[2024-02-26 13:22:31,494][mephisto.operations.operator][INFO] - Operator running task ID = 28
[2024-02-26 13:23:01,499][mephisto.operations.operator][INFO] - Operator running task ID = 28
[2024-02-26 13:23:31,501][mephisto.operations.operator][INFO] - Operator running task ID = 28
[2024-02-26 13:24:01,504][mephisto.operations.operator][INFO] - Operator running task ID = 28
[2024-02-26 13:24:31,508][mephisto.operations.operator][INFO] - Operator running task ID = 28
[2024-02-26 13:25:01,514][mephisto.operations.operator][INFO] - Operator running task ID = 28
[2024-02-26 13:25:31,517][mephisto.operations.operator][INFO] - Operator running task ID = 28
[2024-02-26 13:26:01,522][mephisto.operations.operator][INFO] - Operator running task ID = 28
[2024-02-26 13:26:31,526][mephisto.operations.operator][INFO] - Operator running task ID = 28
[2024-02-26 13:27:01,531][mephisto.operations.operator][INFO] - Operator running task ID = 28
[2024-02-26 13:27:31,534][mephisto.operations.operator][INFO] - Operator running task ID = 28
[2024-02-26 13:28:01,538][mephisto.operations.operator][INFO] - Operator running task ID = 28
[2024-02-26 13:28:31,544][mephisto.operations.operator][INFO] - Operator running task ID = 28
[2024-02-26 13:29:01,548][mephisto.operations.operator][INFO] - Operator running task ID = 28
[2024-02-26 13:29:31,553][mephisto.operations.operator][INFO] - Operator running task ID = 28
[2024-02-26 13:30:01,559][mephisto.operations.operator][INFO] - Operator running task ID = 28
[2024-02-26 13:30:31,565][mephisto.operations.operator][INFO] - Operator running task ID = 28
[2024-02-26 13:31:01,571][mephisto.operations.operator][INFO] - Operator running task ID = 28
[2024-02-26 13:31:31,574][mephisto.operations.operator][INFO] - Operator running task ID = 28
[2024-02-26 13:32:01,580][mephisto.operations.operator][INFO] - Operator running task ID = 28
[2024-02-26 13:32:31,584][mephisto.operations.operator][INFO] - Operator running task ID = 28
[2024-02-26 13:33:01,589][mephisto.operations.operator][INFO] - Operator running task ID = 28
[2024-02-26 13:33:31,595][mephisto.operations.operator][INFO] - Operator running task ID = 28
[2024-02-26 13:34:01,600][mephisto.operations.operator][INFO] - Operator running task ID = 28
[2024-02-26 13:34:31,605][mephisto.operations.operator][INFO] - Operator running task ID = 28
[2024-02-26 13:35:01,609][mephisto.operations.operator][INFO] - Operator running task ID = 28
[2024-02-26 13:35:31,613][mephisto.operations.operator][INFO] - Operator running task ID = 28
[2024-02-26 13:36:01,617][mephisto.operations.operator][INFO] - Operator running task ID = 28
[2024-02-26 13:36:31,622][mephisto.operations.operator][INFO] - Operator running task ID = 28
[2024-02-26 13:37:01,626][mephisto.operations.operator][INFO] - Operator running task ID = 28
[2024-02-26 13:37:31,630][mephisto.operations.operator][INFO] - Operator running task ID = 28
[2024-02-26 13:38:01,633][mephisto.operations.operator][INFO] - Operator running task ID = 28
[2024-02-26 13:38:31,637][mephisto.operations.operator][INFO] - Operator running task ID = 28
[2024-02-26 13:39:01,641][mephisto.operations.operator][INFO] - Operator running task ID = 28
[2024-02-26 13:39:31,645][mephisto.operations.operator][INFO] - Operator running task ID = 28
[2024-02-26 13:40:01,649][mephisto.operations.operator][INFO] - Operator running task ID = 28
[2024-02-26 13:40:31,653][mephisto.operations.operator][INFO] - Operator running task ID = 28
[2024-02-26 13:41:01,656][mephisto.operations.operator][INFO] - Operator running task ID = 28
[2024-02-26 13:41:31,658][mephisto.operations.operator][INFO] - Operator running task ID = 28
[2024-02-26 13:42:01,662][mephisto.operations.operator][INFO] - Operator running task ID = 28
[2024-02-26 13:42:31,665][mephisto.operations.operator][INFO] - Operator running task ID = 28
[2024-02-26 13:43:01,667][mephisto.operations.operator][INFO] - Operator running task ID = 28
[2024-02-26 13:43:31,670][mephisto.operations.operator][INFO] - Operator running task ID = 28
[2024-02-26 13:44:01,673][mephisto.operations.operator][INFO] - Operator running task ID = 28
[2024-02-26 13:44:31,676][mephisto.operations.operator][INFO] - Operator running task ID = 28
[2024-02-26 13:45:01,679][mephisto.operations.operator][INFO] - Operator running task ID = 28
[2024-02-26 13:45:31,688][mephisto.operations.operator][INFO] - Operator running task ID = 28
[2024-02-26 13:46:01,697][mephisto.operations.operator][INFO] - Operator running task ID = 28
[2024-02-26 13:46:31,705][mephisto.operations.operator][INFO] - Operator running task ID = 28
[2024-02-26 13:47:01,714][mephisto.operations.operator][INFO] - Operator running task ID = 28
[2024-02-26 13:47:31,723][mephisto.operations.operator][INFO] - Operator running task ID = 28
[2024-02-26 13:48:01,734][mephisto.operations.operator][INFO] - Operator running task ID = 28
[2024-02-26 13:48:31,741][mephisto.operations.operator][INFO] - Operator running task ID = 28
[2024-02-26 13:49:01,748][mephisto.operations.operator][INFO] - Operator running task ID = 28
[2024-02-26 13:49:31,756][mephisto.operations.operator][INFO] - Operator running task ID = 28
[2024-02-26 13:50:01,764][mephisto.operations.operator][INFO] - Operator running task ID = 28
[2024-02-26 13:50:31,772][mephisto.operations.operator][INFO] - Operator running task ID = 28
[2024-02-26 13:51:01,778][mephisto.operations.operator][INFO] - Operator running task ID = 28
[2024-02-26 13:51:31,788][mephisto.operations.operator][INFO] - Operator running task ID = 28
[2024-02-26 13:52:01,796][mephisto.operations.operator][INFO] - Operator running task ID = 28
[2024-02-26 13:52:23,119][mephisto.abstractions._subcomponents.task_runner][ERROR] - Handled exception in unit MockUnit(57, assigned)
Traceback (most recent call last):
  File "/home/martins_32048/Projects/Mephisto/mephisto/abstractions/_subcomponents/task_runner.py", line 266, in _launch_and_run_unit
    self.run_unit(unit, agent)
  File "/home/martins_32048/Projects/Mephisto/mephisto/abstractions/blueprints/abstract/static_task/static_task_runner.py", line 69, in run_unit
    agent.await_submit(self.assignment_duration_in_seconds)
  File "/home/martins_32048/Projects/Mephisto/mephisto/abstractions/providers/mock/mock_agent.py", line 109, in await_submit
    return super().await_submit(timeout)
  File "/home/martins_32048/Projects/Mephisto/mephisto/data_model/agent.py", line 256, in await_submit
    raise AgentTimeoutError(timeout, self.db_id)
mephisto.data_model.exceptions.AgentTimeoutError: (1800, '35')
[2024-02-26 13:52:31,806][mephisto.operations.operator][INFO] - Operator running task ID = 28
[2024-02-26 13:53:01,814][mephisto.operations.operator][INFO] - Operator running task ID = 28
[2024-02-26 13:53:31,826][mephisto.operations.operator][INFO] - Operator running task ID = 28
[2024-02-26 13:54:01,833][mephisto.operations.operator][INFO] - Operator running task ID = 28
[2024-02-26 13:54:31,840][mephisto.operations.operator][INFO] - Operator running task ID = 28
[2024-02-26 13:55:01,849][mephisto.operations.operator][INFO] - Operator running task ID = 28
[2024-02-26 13:55:31,856][mephisto.operations.operator][INFO] - Operator running task ID = 28
[2024-02-26 13:56:01,862][mephisto.operations.operator][INFO] - Operator running task ID = 28
[2024-02-26 13:56:31,868][mephisto.operations.operator][INFO] - Operator running task ID = 28
[2024-02-26 13:57:01,877][mephisto.operations.operator][INFO] - Operator running task ID = 28
[2024-02-26 13:57:31,886][mephisto.operations.operator][INFO] - Operator running task ID = 28
[2024-02-26 13:58:01,893][mephisto.operations.operator][INFO] - Operator running task ID = 28
[2024-02-26 13:58:31,902][mephisto.operations.operator][INFO] - Operator running task ID = 28
[2024-02-26 13:59:01,908][mephisto.operations.operator][INFO] - Operator running task ID = 28
[2024-02-26 13:59:31,913][mephisto.operations.operator][INFO] - Operator running task ID = 28
[2024-02-26 14:00:01,921][mephisto.operations.operator][INFO] - Operator running task ID = 28
[2024-02-26 14:00:31,929][mephisto.operations.operator][INFO] - Operator running task ID = 28
[2024-02-26 14:01:01,934][mephisto.operations.operator][INFO] - Operator running task ID = 28
[2024-02-26 14:01:31,944][mephisto.operations.operator][INFO] - Operator running task ID = 28
[2024-02-26 14:02:01,950][mephisto.operations.operator][INFO] - Operator running task ID = 28
[2024-02-26 14:02:31,956][mephisto.operations.operator][INFO] - Operator running task ID = 28
[2024-02-26 14:03:01,962][mephisto.operations.operator][INFO] - Operator running task ID = 28
[2024-02-26 14:03:31,968][mephisto.operations.operator][INFO] - Operator running task ID = 28
[2024-02-26 14:04:01,973][mephisto.operations.operator][INFO] - Operator running task ID = 28
[2024-02-26 14:04:31,980][mephisto.operations.operator][INFO] - Operator running task ID = 28
[2024-02-26 14:05:01,984][mephisto.operations.operator][INFO] - Operator running task ID = 28
[2024-02-26 14:05:31,992][mephisto.operations.operator][INFO] - Operator running task ID = 28
[2024-02-26 14:06:01,998][mephisto.operations.operator][INFO] - Operator running task ID = 28
[2024-02-26 14:06:32,004][mephisto.operations.operator][INFO] - Operator running task ID = 28
[2024-02-26 14:07:02,009][mephisto.operations.operator][INFO] - Operator running task ID = 28
[2024-02-26 14:07:32,016][mephisto.operations.operator][INFO] - Operator running task ID = 28
[2024-02-26 14:08:02,021][mephisto.operations.operator][INFO] - Operator running task ID = 28
[2024-02-26 14:08:32,029][mephisto.operations.operator][INFO] - Operator running task ID = 28
[2024-02-26 14:09:02,033][mephisto.operations.operator][INFO] - Operator running task ID = 28
[2024-02-26 14:09:32,040][mephisto.operations.operator][INFO] - Operator running task ID = 28
[2024-02-26 14:10:02,045][mephisto.operations.operator][INFO] - Operator running task ID = 28
[2024-02-26 14:10:32,052][mephisto.operations.operator][INFO] - Operator running task ID = 28
[2024-02-26 14:11:02,058][mephisto.operations.operator][INFO] - Operator running task ID = 28
[2024-02-26 14:11:32,066][mephisto.operations.operator][INFO] - Operator running task ID = 28
[2024-02-26 14:12:02,069][mephisto.operations.operator][INFO] - Operator running task ID = 28
[2024-02-26 14:12:32,077][mephisto.operations.operator][INFO] - Operator running task ID = 28
[2024-02-26 14:13:02,081][mephisto.operations.operator][INFO] - Operator running task ID = 28
[2024-02-26 14:13:32,088][mephisto.operations.operator][INFO] - Operator running task ID = 28
[2024-02-26 14:14:02,093][mephisto.operations.operator][INFO] - Operator running task ID = 28
[2024-02-26 14:14:32,101][mephisto.operations.operator][INFO] - Operator running task ID = 28
[2024-02-26 14:15:02,104][mephisto.operations.operator][INFO] - Operator running task ID = 28
[2024-02-26 14:15:32,111][mephisto.operations.operator][INFO] - Operator running task ID = 28
[2024-02-26 14:16:02,115][mephisto.operations.operator][INFO] - Operator running task ID = 28
[2024-02-26 14:16:32,123][mephisto.operations.operator][INFO] - Operator running task ID = 28
[2024-02-26 14:17:02,129][mephisto.operations.operator][INFO] - Operator running task ID = 28
[2024-02-26 14:17:32,136][mephisto.operations.operator][INFO] - Operator running task ID = 28
[2024-02-26 14:18:02,141][mephisto.operations.operator][INFO] - Operator running task ID = 28
[2024-02-26 14:18:32,148][mephisto.operations.operator][INFO] - Operator running task ID = 28
[2024-02-26 14:19:02,153][mephisto.operations.operator][INFO] - Operator running task ID = 28
[2024-02-26 14:19:32,160][mephisto.operations.operator][INFO] - Operator running task ID = 28
[2024-02-26 14:20:02,165][mephisto.operations.operator][INFO] - Operator running task ID = 28
[2024-02-26 14:20:32,172][mephisto.operations.operator][INFO] - Operator running task ID = 28
[2024-02-26 14:21:02,177][mephisto.operations.operator][INFO] - Operator running task ID = 28
[2024-02-26 14:21:32,184][mephisto.operations.operator][INFO] - Operator running task ID = 28
[2024-02-26 14:22:02,189][mephisto.operations.operator][INFO] - Operator running task ID = 28
[2024-02-26 14:22:32,196][mephisto.operations.operator][INFO] - Operator running task ID = 28
[2024-02-26 14:23:02,201][mephisto.operations.operator][INFO] - Operator running task ID = 28
[2024-02-26 14:23:32,209][mephisto.operations.operator][INFO] - Operator running task ID = 28
[2024-02-26 14:24:02,215][mephisto.operations.operator][INFO] - Operator running task ID = 28
[2024-02-26 14:24:32,224][mephisto.operations.operator][INFO] - Operator running task ID = 28
[2024-02-26 14:25:02,229][mephisto.operations.operator][INFO] - Operator running task ID = 28
[2024-02-26 14:25:32,235][mephisto.operations.operator][INFO] - Operator running task ID = 28
[2024-02-26 14:26:02,241][mephisto.operations.operator][INFO] - Operator running task ID = 28
[2024-02-26 14:26:32,248][mephisto.operations.operator][INFO] - Operator running task ID = 28
[2024-02-26 14:27:02,253][mephisto.operations.operator][INFO] - Operator running task ID = 28
[2024-02-26 14:27:32,259][mephisto.operations.operator][INFO] - Operator running task ID = 28
[2024-02-26 14:28:02,264][mephisto.operations.operator][INFO] - Operator running task ID = 28
[2024-02-26 14:28:32,270][mephisto.operations.operator][INFO] - Operator running task ID = 28
[2024-02-26 14:29:02,284][mephisto.operations.operator][INFO] - Operator running task ID = 28
[2024-02-26 14:29:32,294][mephisto.operations.operator][INFO] - Operator running task ID = 28
[2024-02-26 14:30:02,300][mephisto.operations.operator][INFO] - Operator running task ID = 28
[2024-02-26 14:30:32,311][mephisto.operations.operator][INFO] - Operator running task ID = 28
[2024-02-26 14:31:02,325][mephisto.operations.operator][INFO] - Operator running task ID = 28
[2024-02-26 14:31:32,333][mephisto.operations.operator][INFO] - Operator running task ID = 28
[2024-02-26 14:32:02,344][mephisto.operations.operator][INFO] - Operator running task ID = 28
[2024-02-26 14:32:32,351][mephisto.operations.operator][INFO] - Operator running task ID = 28
[2024-02-26 14:33:02,359][mephisto.operations.operator][INFO] - Operator running task ID = 28
[2024-02-26 14:33:32,370][mephisto.operations.operator][INFO] - Operator running task ID = 28
[2024-02-26 14:34:02,380][mephisto.operations.operator][INFO] - Operator running task ID = 28
[2024-02-26 14:34:32,391][mephisto.operations.operator][INFO] - Operator running task ID = 28
[2024-02-26 14:35:02,396][mephisto.operations.operator][INFO] - Operator running task ID = 28
[2024-02-26 14:35:32,404][mephisto.operations.operator][INFO] - Operator running task ID = 28
[2024-02-26 14:36:02,412][mephisto.operations.operator][INFO] - Operator running task ID = 28
[2024-02-26 14:36:32,419][mephisto.operations.operator][INFO] - Operator running task ID = 28
[2024-02-26 14:37:02,424][mephisto.operations.operator][INFO] - Operator running task ID = 28
[2024-02-26 14:37:32,431][mephisto.operations.operator][INFO] - Operator running task ID = 28
[2024-02-26 14:38:02,440][mephisto.operations.operator][INFO] - Operator running task ID = 28
[2024-02-26 14:38:32,450][mephisto.operations.operator][INFO] - Operator running task ID = 28
[2024-02-26 14:39:02,460][mephisto.operations.operator][INFO] - Operator running task ID = 28
[2024-02-26 14:39:32,466][mephisto.operations.operator][INFO] - Operator running task ID = 28
[2024-02-26 14:40:02,472][mephisto.operations.operator][INFO] - Operator running task ID = 28
[2024-02-26 14:40:32,478][mephisto.operations.operator][INFO] - Operator running task ID = 28
[2024-02-26 14:41:02,487][mephisto.operations.operator][INFO] - Operator running task ID = 28
[2024-02-26 14:41:32,494][mephisto.operations.operator][INFO] - Operator running task ID = 28
[2024-02-26 14:42:02,507][mephisto.operations.operator][INFO] - Operator running task ID = 28
[2024-02-26 14:42:32,515][mephisto.operations.operator][INFO] - Operator running task ID = 28
[2024-02-26 14:43:02,520][mephisto.operations.operator][INFO] - Operator running task ID = 28
[2024-02-26 14:43:32,526][mephisto.operations.operator][INFO] - Operator running task ID = 28
[2024-02-26 14:44:02,533][mephisto.operations.operator][INFO] - Operator running task ID = 28
[2024-02-26 14:44:32,542][mephisto.operations.operator][INFO] - Operator running task ID = 28
[2024-02-26 14:45:02,548][mephisto.operations.operator][INFO] - Operator running task ID = 28
[2024-02-26 14:45:32,554][mephisto.operations.operator][INFO] - Operator running task ID = 28
[2024-02-26 14:46:02,564][mephisto.operations.operator][INFO] - Operator running task ID = 28
[2024-02-26 14:46:32,572][mephisto.operations.operator][INFO] - Operator running task ID = 28
[2024-02-26 14:47:02,582][mephisto.operations.operator][INFO] - Operator running task ID = 28
[2024-02-26 14:47:32,590][mephisto.operations.operator][INFO] - Operator running task ID = 28
[2024-02-26 14:48:02,600][mephisto.operations.operator][INFO] - Operator running task ID = 28
[2024-02-26 14:48:32,608][mephisto.operations.operator][INFO] - Operator running task ID = 28
[2024-02-26 14:49:02,619][mephisto.operations.operator][INFO] - Operator running task ID = 28
[2024-02-26 14:49:32,627][mephisto.operations.operator][INFO] - Operator running task ID = 28
[2024-02-26 14:50:02,636][mephisto.operations.operator][INFO] - Operator running task ID = 28
[2024-02-26 14:50:32,647][mephisto.operations.operator][INFO] - Operator running task ID = 28
[2024-02-26 14:51:02,656][mephisto.operations.operator][INFO] - Operator running task ID = 28
[2024-02-26 14:51:32,662][mephisto.operations.operator][INFO] - Operator running task ID = 28
[2024-02-26 14:52:02,670][mephisto.operations.operator][INFO] - Operator running task ID = 28
[2024-02-26 14:52:32,680][mephisto.operations.operator][INFO] - Operator running task ID = 28
[2024-02-26 14:53:02,688][mephisto.operations.operator][INFO] - Operator running task ID = 28
[2024-02-26 14:53:32,695][mephisto.operations.operator][INFO] - Operator running task ID = 28
[2024-02-26 14:54:02,700][mephisto.operations.operator][INFO] - Operator running task ID = 28
[2024-02-26 14:54:32,706][mephisto.operations.operator][INFO] - Operator running task ID = 28
[2024-02-26 14:55:02,712][mephisto.operations.operator][INFO] - Operator running task ID = 28
[2024-02-26 14:55:32,718][mephisto.operations.operator][INFO] - Operator running task ID = 28
[2024-02-26 14:56:02,731][mephisto.operations.operator][INFO] - Operator running task ID = 28
[2024-02-26 14:56:32,739][mephisto.operations.operator][INFO] - Operator running task ID = 28
[2024-02-26 14:57:02,750][mephisto.operations.operator][INFO] - Operator running task ID = 28
[2024-02-26 14:57:32,759][mephisto.operations.operator][INFO] - Operator running task ID = 28
[2024-02-26 14:58:02,768][mephisto.operations.operator][INFO] - Operator running task ID = 28
[2024-02-26 14:58:32,774][mephisto.operations.operator][INFO] - Operator running task ID = 28
[2024-02-26 14:59:02,780][mephisto.operations.operator][INFO] - Operator running task ID = 28
[2024-02-26 14:59:32,788][mephisto.operations.operator][INFO] - Operator running task ID = 28
[2024-02-26 15:00:02,796][mephisto.operations.operator][INFO] - Operator running task ID = 28
[2024-02-26 15:00:32,801][mephisto.operations.operator][INFO] - Operator running task ID = 28
[2024-02-26 15:01:02,808][mephisto.operations.operator][INFO] - Operator running task ID = 28
[2024-02-26 15:01:32,814][mephisto.operations.operator][INFO] - Operator running task ID = 28
[2024-02-26 15:02:02,820][mephisto.operations.operator][INFO] - Operator running task ID = 28
[2024-02-26 15:02:32,827][mephisto.operations.operator][INFO] - Operator running task ID = 28
[2024-02-26 15:03:02,832][mephisto.operations.operator][INFO] - Operator running task ID = 28
[2024-02-26 15:03:32,838][mephisto.operations.operator][INFO] - Operator running task ID = 28
[2024-02-26 15:04:02,845][mephisto.operations.operator][INFO] - Operator running task ID = 28
[2024-02-26 15:04:32,853][mephisto.operations.operator][INFO] - Operator running task ID = 28
[2024-02-26 15:05:02,863][mephisto.operations.operator][INFO] - Operator running task ID = 28
[2024-02-26 15:05:32,869][mephisto.operations.operator][INFO] - Operator running task ID = 28
[2024-02-26 15:06:02,876][mephisto.operations.operator][INFO] - Operator running task ID = 28
[2024-02-26 15:06:32,884][mephisto.operations.operator][INFO] - Operator running task ID = 28
[2024-02-26 15:07:02,892][mephisto.operations.operator][INFO] - Operator running task ID = 28
[2024-02-26 15:07:32,897][mephisto.operations.operator][INFO] - Operator running task ID = 28
[2024-02-26 15:08:02,904][mephisto.operations.operator][INFO] - Operator running task ID = 28
[2024-02-26 15:08:32,909][mephisto.operations.operator][INFO] - Operator running task ID = 28
[2024-02-26 15:09:02,918][mephisto.operations.operator][INFO] - Operator running task ID = 28
[2024-02-26 15:09:32,924][mephisto.operations.operator][INFO] - Operator running task ID = 28
[2024-02-26 15:10:02,932][mephisto.operations.operator][INFO] - Operator running task ID = 28
[2024-02-26 15:10:32,939][mephisto.operations.operator][INFO] - Operator running task ID = 28
[2024-02-26 15:11:02,943][mephisto.operations.operator][INFO] - Operator running task ID = 28
[2024-02-26 15:11:32,949][mephisto.operations.operator][INFO] - Operator running task ID = 28
[2024-02-26 15:12:02,956][mephisto.operations.operator][INFO] - Operator running task ID = 28
[2024-02-26 15:12:32,962][mephisto.operations.operator][INFO] - Operator running task ID = 28
[2024-02-26 15:12:43,585][mephisto.abstractions.blueprints.abstract.static_task.static_agent_state][INFO] - SAVED_DATA_TO_DISC at /home/martins_32048/mephisto-data/data/data/runs/NO_PROJECT/28/52/34/agent_data.json
[2024-02-26 15:13:02,970][mephisto.operations.operator][INFO] - Operator running task ID = 28
[2024-02-26 15:13:32,977][mephisto.operations.operator][INFO] - Operator running task ID = 28
[2024-02-26 15:14:02,987][mephisto.operations.operator][INFO] - Operator running task ID = 28
[2024-02-26 15:14:32,994][mephisto.operations.operator][INFO] - Operator running task ID = 28
[2024-02-26 15:15:03,001][mephisto.operations.operator][INFO] - Operator running task ID = 28
[2024-02-26 15:15:33,005][mephisto.operations.operator][INFO] - Operator running task ID = 28
[2024-02-26 15:16:03,012][mephisto.operations.operator][INFO] - Operator running task ID = 28
[2024-02-26 15:16:33,019][mephisto.operations.operator][INFO] - Operator running task ID = 28
[2024-02-26 15:17:03,028][mephisto.operations.operator][INFO] - Operator running task ID = 28
[2024-02-26 15:17:33,034][mephisto.operations.operator][INFO] - Operator running task ID = 28
[2024-02-26 15:18:03,042][mephisto.operations.operator][INFO] - Operator running task ID = 28
[2024-02-26 15:18:33,049][mephisto.operations.operator][INFO] - Operator running task ID = 28
[2024-02-26 15:19:03,056][mephisto.operations.operator][INFO] - Operator running task ID = 28
[2024-02-26 15:19:33,061][mephisto.operations.operator][INFO] - Operator running task ID = 28
[2024-02-26 15:20:03,070][mephisto.operations.operator][INFO] - Operator running task ID = 28
[2024-02-26 15:20:33,074][mephisto.operations.operator][INFO] - Operator running task ID = 28
[2024-02-26 15:21:03,080][mephisto.operations.operator][INFO] - Operator running task ID = 28
[2024-02-26 15:21:33,085][mephisto.operations.operator][INFO] - Operator running task ID = 28
[2024-02-26 15:22:03,095][mephisto.operations.operator][INFO] - Operator running task ID = 28
[2024-02-26 15:22:33,098][mephisto.operations.operator][INFO] - Operator running task ID = 28
[2024-02-26 15:23:03,104][mephisto.operations.operator][INFO] - Operator running task ID = 28
[2024-02-26 15:23:33,110][mephisto.operations.operator][INFO] - Operator running task ID = 28
[2024-02-26 15:24:03,115][mephisto.operations.operator][INFO] - Operator running task ID = 28
[2024-02-26 15:24:33,122][mephisto.operations.operator][INFO] - Operator running task ID = 28
[2024-02-26 15:25:03,128][mephisto.operations.operator][INFO] - Operator running task ID = 28
[2024-02-26 15:25:33,133][mephisto.operations.operator][INFO] - Operator running task ID = 28
[2024-02-26 15:26:03,138][mephisto.operations.operator][INFO] - Operator running task ID = 28
[2024-02-26 15:26:33,144][mephisto.operations.operator][INFO] - Operator running task ID = 28
[2024-02-26 15:27:03,151][mephisto.operations.operator][INFO] - Operator running task ID = 28
[2024-02-26 15:27:33,156][mephisto.operations.operator][INFO] - Operator running task ID = 28
[2024-02-26 15:28:03,162][mephisto.operations.operator][INFO] - Operator running task ID = 28
[2024-02-26 15:28:33,168][mephisto.operations.operator][INFO] - Operator running task ID = 28
[2024-02-26 15:29:03,176][mephisto.operations.operator][INFO] - Operator running task ID = 28
[2024-02-26 15:29:33,181][mephisto.operations.operator][INFO] - Operator running task ID = 28
[2024-02-26 15:30:03,188][mephisto.operations.operator][INFO] - Operator running task ID = 28
[2024-02-26 15:30:33,193][mephisto.operations.operator][INFO] - Operator running task ID = 28
[2024-02-26 15:31:03,200][mephisto.operations.operator][INFO] - Operator running task ID = 28
[2024-02-26 15:31:33,206][mephisto.operations.operator][INFO] - Operator running task ID = 28
[2024-02-26 15:32:03,528][mephisto.operations.operator][INFO] - Operator running task ID = 28
[2024-02-26 15:45:24,024][mephisto.operations.operator][INFO] - Operator running task ID = 28
[2024-02-26 15:45:54,031][mephisto.operations.operator][INFO] - Operator running task ID = 28
[2024-02-26 15:46:24,038][mephisto.operations.operator][INFO] - Operator running task ID = 28
[2024-02-26 15:46:54,046][mephisto.operations.operator][INFO] - Operator running task ID = 28
[2024-02-26 15:47:24,052][mephisto.operations.operator][INFO] - Operator running task ID = 28
[2024-02-26 15:47:54,061][mephisto.operations.operator][INFO] - Operator running task ID = 28
[2024-02-26 15:48:24,068][mephisto.operations.operator][INFO] - Operator running task ID = 28
[2024-02-26 15:48:54,078][mephisto.operations.operator][INFO] - Operator running task ID = 28
[2024-02-26 15:49:24,085][mephisto.operations.operator][INFO] - Operator running task ID = 28
[2024-02-26 15:49:54,092][mephisto.operations.operator][INFO] - Operator running task ID = 28
[2024-02-26 15:50:24,100][mephisto.operations.operator][INFO] - Operator running task ID = 28
[2024-02-26 15:50:54,110][mephisto.operations.operator][INFO] - Operator running task ID = 28
[2024-02-26 15:51:24,116][mephisto.operations.operator][INFO] - Operator running task ID = 28
[2024-02-26 15:51:54,122][mephisto.operations.operator][INFO] - Operator running task ID = 28
[2024-02-26 15:52:24,130][mephisto.operations.operator][INFO] - Operator running task ID = 28
[2024-02-26 15:52:54,137][mephisto.operations.operator][INFO] - Operator running task ID = 28
[2024-02-26 15:53:24,143][mephisto.operations.operator][INFO] - Operator running task ID = 28
[2024-02-26 15:53:54,149][mephisto.operations.operator][INFO] - Operator running task ID = 28
[2024-02-26 15:54:24,156][mephisto.operations.operator][INFO] - Operator running task ID = 28
[2024-02-26 15:54:54,165][mephisto.operations.operator][INFO] - Operator running task ID = 28
[2024-02-26 15:55:24,172][mephisto.operations.operator][INFO] - Operator running task ID = 28
[2024-02-26 15:55:54,182][mephisto.operations.operator][INFO] - Operator running task ID = 28
[2024-02-26 15:56:24,188][mephisto.operations.operator][INFO] - Operator running task ID = 28
[2024-02-26 15:56:54,198][mephisto.operations.operator][INFO] - Operator running task ID = 28
[2024-02-26 15:57:24,204][mephisto.operations.operator][INFO] - Operator running task ID = 28
[2024-02-26 15:57:54,210][mephisto.operations.operator][INFO] - Operator running task ID = 28
[2024-02-26 15:58:24,219][mephisto.operations.operator][INFO] - Operator running task ID = 28
[2024-02-26 15:58:54,226][mephisto.operations.operator][INFO] - Operator running task ID = 28
[2024-02-26 15:59:24,233][mephisto.operations.operator][INFO] - Operator running task ID = 28
[2024-02-26 15:59:54,238][mephisto.operations.operator][INFO] - Operator running task ID = 28
[2024-02-26 16:00:24,246][mephisto.operations.operator][INFO] - Operator running task ID = 28
[2024-02-26 16:00:54,254][mephisto.operations.operator][INFO] - Operator running task ID = 28
[2024-02-26 16:01:24,260][mephisto.operations.operator][INFO] - Operator running task ID = 28
[2024-02-26 16:01:54,270][mephisto.operations.operator][INFO] - Operator running task ID = 28
[2024-02-26 16:02:24,275][mephisto.operations.operator][INFO] - Operator running task ID = 28
[2024-02-26 16:02:54,283][mephisto.operations.operator][INFO] - Operator running task ID = 28
[2024-02-26 16:03:24,291][mephisto.operations.operator][INFO] - Operator running task ID = 28
[2024-02-26 16:03:54,299][mephisto.operations.operator][INFO] - Operator running task ID = 28
[2024-02-26 16:04:24,305][mephisto.operations.operator][INFO] - Operator running task ID = 28
[2024-02-26 16:04:54,313][mephisto.operations.operator][INFO] - Operator running task ID = 28
[2024-02-26 16:05:24,317][mephisto.operations.operator][INFO] - Operator running task ID = 28
[2024-02-26 16:05:54,326][mephisto.operations.operator][INFO] - Operator running task ID = 28
[2024-02-26 16:06:24,332][mephisto.operations.operator][INFO] - Operator running task ID = 28
[2024-02-26 16:06:54,338][mephisto.operations.operator][INFO] - Operator running task ID = 28
[2024-02-26 16:07:24,345][mephisto.operations.operator][INFO] - Operator running task ID = 28
[2024-02-26 16:07:54,352][mephisto.operations.operator][INFO] - Operator running task ID = 28
[2024-02-26 16:08:24,359][mephisto.operations.operator][INFO] - Operator running task ID = 28
[2024-02-26 16:08:54,366][mephisto.operations.operator][INFO] - Operator running task ID = 28
[2024-02-26 16:09:24,371][mephisto.operations.operator][INFO] - Operator running task ID = 28
[2024-02-26 16:09:54,378][mephisto.operations.operator][INFO] - Operator running task ID = 28
[2024-02-26 16:10:24,384][mephisto.operations.operator][INFO] - Operator running task ID = 28
[2024-02-26 16:10:54,390][mephisto.operations.operator][INFO] - Operator running task ID = 28
[2024-02-26 16:11:24,395][mephisto.operations.operator][INFO] - Operator running task ID = 28
[2024-02-26 16:11:54,402][mephisto.operations.operator][INFO] - Operator running task ID = 28
[2024-02-26 16:12:24,407][mephisto.operations.operator][INFO] - Operator running task ID = 28
[2024-02-26 16:12:54,414][mephisto.operations.operator][INFO] - Operator running task ID = 28
[2024-02-26 16:13:24,420][mephisto.operations.operator][INFO] - Operator running task ID = 28
[2024-02-26 16:13:54,424][mephisto.operations.operator][INFO] - Operator running task ID = 28
[2024-02-26 16:14:24,427][mephisto.operations.operator][INFO] - Operator running task ID = 28
[2024-02-26 16:14:54,434][mephisto.operations.operator][INFO] - Operator running task ID = 28
[2024-02-26 16:15:24,438][mephisto.operations.operator][INFO] - Operator running task ID = 28
[2024-02-26 16:15:54,446][mephisto.operations.operator][INFO] - Operator running task ID = 28
[2024-02-26 16:16:24,454][mephisto.operations.operator][INFO] - Operator running task ID = 28
[2024-02-26 16:16:54,460][mephisto.operations.operator][INFO] - Operator running task ID = 28
[2024-02-26 16:17:24,464][mephisto.operations.operator][INFO] - Operator running task ID = 28
[2024-02-26 16:17:54,471][mephisto.operations.operator][INFO] - Operator running task ID = 28
[2024-02-26 16:18:24,475][mephisto.operations.operator][INFO] - Operator running task ID = 28
[2024-02-26 16:18:54,482][mephisto.operations.operator][INFO] - Operator running task ID = 28
[2024-02-26 16:19:24,489][mephisto.operations.operator][INFO] - Operator running task ID = 28
[2024-02-26 16:19:54,976][mephisto.operations.operator][INFO] - Operator running task ID = 28
[2024-02-26 16:20:24,987][mephisto.operations.operator][INFO] - Operator running task ID = 28
[2024-02-26 16:20:54,995][mephisto.operations.operator][INFO] - Operator running task ID = 28
[2024-02-26 16:21:25,008][mephisto.operations.operator][INFO] - Operator running task ID = 28
[2024-02-26 16:21:55,019][mephisto.operations.operator][INFO] - Operator running task ID = 28
[2024-02-26 16:22:25,029][mephisto.operations.operator][INFO] - Operator running task ID = 28
[2024-02-26 16:22:55,038][mephisto.operations.operator][INFO] - Operator running task ID = 28
[2024-02-26 16:23:25,051][mephisto.operations.operator][INFO] - Operator running task ID = 28
[2024-02-26 16:23:55,062][mephisto.operations.operator][INFO] - Operator running task ID = 28
[2024-02-26 16:24:25,074][mephisto.operations.operator][INFO] - Operator running task ID = 28
[2024-02-26 16:24:55,083][mephisto.operations.operator][INFO] - Operator running task ID = 28
[2024-02-26 16:25:25,096][mephisto.operations.operator][INFO] - Operator running task ID = 28
[2024-02-26 16:25:55,106][mephisto.operations.operator][INFO] - Operator running task ID = 28
[2024-02-26 16:26:25,119][mephisto.operations.operator][INFO] - Operator running task ID = 28
[2024-02-26 16:26:55,130][mephisto.operations.operator][INFO] - Operator running task ID = 28
[2024-02-26 16:27:25,138][mephisto.operations.operator][INFO] - Operator running task ID = 28
[2024-02-26 16:27:55,149][mephisto.operations.operator][INFO] - Operator running task ID = 28
[2024-02-26 16:28:25,163][mephisto.operations.operator][INFO] - Operator running task ID = 28
[2024-02-26 16:28:55,173][mephisto.operations.operator][INFO] - Operator running task ID = 28
[2024-02-26 16:29:25,185][mephisto.operations.operator][INFO] - Operator running task ID = 28
[2024-02-26 16:29:55,194][mephisto.operations.operator][INFO] - Operator running task ID = 28
[2024-02-26 16:30:25,204][mephisto.operations.operator][INFO] - Operator running task ID = 28
[2024-02-26 16:30:55,215][mephisto.operations.operator][INFO] - Operator running task ID = 28
[2024-02-26 16:31:25,226][mephisto.operations.operator][INFO] - Operator running task ID = 28
[2024-02-26 16:31:55,236][mephisto.operations.operator][INFO] - Operator running task ID = 28
[2024-02-26 16:32:25,247][mephisto.operations.operator][INFO] - Operator running task ID = 28
[2024-02-26 16:32:55,255][mephisto.operations.operator][INFO] - Operator running task ID = 28
[2024-02-26 16:33:25,266][mephisto.operations.operator][INFO] - Operator running task ID = 28
[2024-02-26 16:33:55,276][mephisto.operations.operator][INFO] - Operator running task ID = 28
[2024-02-26 16:34:25,287][mephisto.operations.operator][INFO] - Operator running task ID = 28
[2024-02-26 16:34:55,294][mephisto.operations.operator][INFO] - Operator running task ID = 28
[2024-02-26 16:35:25,300][mephisto.operations.operator][INFO] - Operator running task ID = 28
[2024-02-26 16:35:55,307][mephisto.operations.operator][INFO] - Operator running task ID = 28
[2024-02-26 16:36:25,316][mephisto.operations.operator][INFO] - Operator running task ID = 28
[2024-02-26 16:36:55,323][mephisto.operations.operator][INFO] - Operator running task ID = 28
[2024-02-26 16:37:25,328][mephisto.operations.operator][INFO] - Operator running task ID = 28
[2024-02-26 16:37:55,336][mephisto.operations.operator][INFO] - Operator running task ID = 28
[2024-02-26 16:38:25,347][mephisto.operations.operator][INFO] - Operator running task ID = 28
[2024-02-26 16:38:55,357][mephisto.operations.operator][INFO] - Operator running task ID = 28
[2024-02-26 16:39:25,365][mephisto.operations.operator][INFO] - Operator running task ID = 28
[2024-02-26 16:39:55,372][mephisto.operations.operator][INFO] - Operator running task ID = 28
[2024-02-26 16:40:25,384][mephisto.operations.operator][INFO] - Operator running task ID = 28
[2024-02-26 16:40:55,394][mephisto.operations.operator][INFO] - Operator running task ID = 28
[2024-02-26 16:41:25,402][mephisto.operations.operator][INFO] - Operator running task ID = 28
[2024-02-26 16:41:55,411][mephisto.operations.operator][INFO] - Operator running task ID = 28
[2024-02-26 16:42:25,422][mephisto.operations.operator][INFO] - Operator running task ID = 28
[2024-02-26 16:42:55,433][mephisto.operations.operator][INFO] - Operator running task ID = 28
[2024-02-26 16:43:25,442][mephisto.operations.operator][INFO] - Operator running task ID = 28
[2024-02-26 16:43:55,451][mephisto.operations.operator][INFO] - Operator running task ID = 28
[2024-02-26 16:44:25,463][mephisto.operations.operator][INFO] - Operator running task ID = 28
[2024-02-26 16:44:55,470][mephisto.operations.operator][INFO] - Operator running task ID = 28
[2024-02-26 16:45:25,481][mephisto.operations.operator][INFO] - Operator running task ID = 28
[2024-02-26 16:45:55,486][mephisto.operations.operator][INFO] - Operator running task ID = 28
[2024-02-26 16:46:25,493][mephisto.operations.operator][INFO] - Operator running task ID = 28
[2024-02-26 16:46:55,501][mephisto.operations.operator][INFO] - Operator running task ID = 28
[2024-02-26 16:47:25,512][mephisto.operations.operator][INFO] - Operator running task ID = 28
[2024-02-26 16:47:55,519][mephisto.operations.operator][INFO] - Operator running task ID = 28
[2024-02-26 16:48:25,528][mephisto.operations.operator][INFO] - Operator running task ID = 28
[2024-02-26 16:48:55,535][mephisto.operations.operator][INFO] - Operator running task ID = 28
[2024-02-26 16:49:25,544][mephisto.operations.operator][INFO] - Operator running task ID = 28
[2024-02-26 16:49:55,549][mephisto.operations.operator][INFO] - Operator running task ID = 28
[2024-02-26 16:50:25,556][mephisto.operations.operator][INFO] - Operator running task ID = 28
[2024-02-26 16:50:55,562][mephisto.operations.operator][INFO] - Operator running task ID = 28
[2024-02-26 16:51:25,570][mephisto.operations.operator][INFO] - Operator running task ID = 28
[2024-02-26 16:51:55,573][mephisto.operations.operator][INFO] - Operator running task ID = 28
[2024-02-26 16:52:25,580][mephisto.operations.operator][INFO] - Operator running task ID = 28
[2024-02-26 16:52:55,588][mephisto.operations.operator][INFO] - Operator running task ID = 28
[2024-02-26 16:53:25,597][mephisto.operations.operator][INFO] - Operator running task ID = 28
[2024-02-26 16:53:55,605][mephisto.operations.operator][INFO] - Operator running task ID = 28
[2024-02-26 16:54:25,614][mephisto.operations.operator][INFO] - Operator running task ID = 28
[2024-02-26 16:54:55,621][mephisto.operations.operator][INFO] - Operator running task ID = 28
[2024-02-26 16:55:25,633][mephisto.operations.operator][INFO] - Operator running task ID = 28
[2024-02-26 16:55:55,640][mephisto.operations.operator][INFO] - Operator running task ID = 28
[2024-02-26 16:56:25,652][mephisto.operations.operator][INFO] - Operator running task ID = 28
[2024-02-26 16:56:55,658][mephisto.operations.operator][INFO] - Operator running task ID = 28
[2024-02-26 16:57:25,664][mephisto.operations.operator][INFO] - Operator running task ID = 28
[2024-02-26 16:57:55,670][mephisto.operations.operator][INFO] - Operator running task ID = 28
[2024-02-26 16:58:25,676][mephisto.operations.operator][INFO] - Operator running task ID = 28
[2024-02-26 16:58:55,684][mephisto.operations.operator][INFO] - Operator running task ID = 28
[2024-02-26 16:59:25,692][mephisto.operations.operator][INFO] - Operator running task ID = 28
[2024-02-26 16:59:55,697][mephisto.operations.operator][INFO] - Operator running task ID = 28
[2024-02-26 17:00:25,704][mephisto.operations.operator][INFO] - Operator running task ID = 28
[2024-02-26 17:00:55,710][mephisto.operations.operator][INFO] - Operator running task ID = 28
[2024-02-26 17:01:25,716][mephisto.operations.operator][INFO] - Operator running task ID = 28
[2024-02-26 17:01:55,724][mephisto.operations.operator][INFO] - Operator running task ID = 28
[2024-02-26 17:02:25,732][mephisto.operations.operator][INFO] - Operator running task ID = 28
[2024-02-26 17:02:55,740][mephisto.operations.operator][INFO] - Operator running task ID = 28
[2024-02-26 17:03:25,744][mephisto.operations.operator][INFO] - Operator running task ID = 28
[2024-02-26 17:03:55,750][mephisto.operations.operator][INFO] - Operator running task ID = 28
[2024-02-26 17:04:25,756][mephisto.operations.operator][INFO] - Operator running task ID = 28
[2024-02-26 17:04:55,762][mephisto.operations.operator][INFO] - Operator running task ID = 28
[2024-02-26 17:05:25,769][mephisto.operations.operator][INFO] - Operator running task ID = 28
[2024-02-26 17:05:55,777][mephisto.operations.operator][INFO] - Operator running task ID = 28
[2024-02-26 17:06:25,786][mephisto.operations.operator][INFO] - Operator running task ID = 28
[2024-02-26 17:06:55,794][mephisto.operations.operator][INFO] - Operator running task ID = 28
[2024-02-26 17:07:25,804][mephisto.operations.operator][INFO] - Operator running task ID = 28
[2024-02-26 17:07:55,812][mephisto.operations.operator][INFO] - Operator running task ID = 28
[2024-02-26 17:08:25,821][mephisto.operations.operator][INFO] - Operator running task ID = 28
[2024-02-26 17:08:55,828][mephisto.operations.operator][INFO] - Operator running task ID = 28
[2024-02-26 17:09:25,836][mephisto.operations.operator][INFO] - Operator running task ID = 28
[2024-02-26 17:09:55,842][mephisto.operations.operator][INFO] - Operator running task ID = 28
[2024-02-26 17:10:25,848][mephisto.operations.operator][INFO] - Operator running task ID = 28
[2024-02-26 17:10:55,853][mephisto.operations.operator][INFO] - Operator running task ID = 28
[2024-02-26 17:11:25,862][mephisto.operations.operator][INFO] - Operator running task ID = 28
[2024-02-26 17:11:55,869][mephisto.operations.operator][INFO] - Operator running task ID = 28
[2024-02-26 17:12:25,877][mephisto.operations.operator][INFO] - Operator running task ID = 28
[2024-02-26 17:12:55,884][mephisto.operations.operator][INFO] - Operator running task ID = 28
[2024-02-26 17:13:25,893][mephisto.operations.operator][INFO] - Operator running task ID = 28
[2024-02-26 17:13:55,899][mephisto.operations.operator][INFO] - Operator running task ID = 28
[2024-02-26 17:14:25,908][mephisto.operations.operator][INFO] - Operator running task ID = 28
[2024-02-26 17:14:55,913][mephisto.operations.operator][INFO] - Operator running task ID = 28
[2024-02-26 17:15:25,920][mephisto.operations.operator][INFO] - Operator running task ID = 28
[2024-02-26 17:15:55,926][mephisto.operations.operator][INFO] - Operator running task ID = 28
[2024-02-26 17:16:25,934][mephisto.operations.operator][INFO] - Operator running task ID = 28
[2024-02-26 17:16:55,940][mephisto.operations.operator][INFO] - Operator running task ID = 28
[2024-02-26 17:17:25,950][mephisto.operations.operator][INFO] - Operator running task ID = 28
[2024-02-26 17:17:55,957][mephisto.operations.operator][INFO] - Operator running task ID = 28
[2024-02-26 17:18:25,964][mephisto.operations.operator][INFO] - Operator running task ID = 28
[2024-02-26 17:18:55,969][mephisto.operations.operator][INFO] - Operator running task ID = 28
[2024-02-26 17:19:25,976][mephisto.operations.operator][INFO] - Operator running task ID = 28
[2024-02-26 17:19:55,982][mephisto.operations.operator][INFO] - Operator running task ID = 28
[2024-02-26 17:20:25,989][mephisto.operations.operator][INFO] - Operator running task ID = 28
[2024-02-26 17:20:55,993][mephisto.operations.operator][INFO] - Operator running task ID = 28
[2024-02-26 17:21:26,002][mephisto.operations.operator][INFO] - Operator running task ID = 28
[2024-02-26 17:21:56,008][mephisto.operations.operator][INFO] - Operator running task ID = 28
[2024-02-26 17:22:26,016][mephisto.operations.operator][INFO] - Operator running task ID = 28
[2024-02-26 17:22:56,021][mephisto.operations.operator][INFO] - Operator running task ID = 28
[2024-02-26 17:23:26,028][mephisto.operations.operator][INFO] - Operator running task ID = 28
[2024-02-26 17:23:56,033][mephisto.operations.operator][INFO] - Operator running task ID = 28
[2024-02-26 17:24:18,280][mephisto.abstractions.blueprints.abstract.static_task.static_agent_state][INFO] - SAVED_DATA_TO_DISC at /home/martins_32048/mephisto-data/data/data/runs/NO_PROJECT/28/52/34/agent_data.json
[2024-02-26 17:24:26,039][mephisto.operations.operator][INFO] - Operator running task ID = 28
[2024-02-26 17:24:27,074][mephisto.operations.client_io_handler][WARNING] - [31;1m[Version Mismatch!!][0m: Package `mephisto-task` version mismatch. Expected version 2.0.4 but frontend is currently using 2.0.3. This may cause unexpected errors, be sure to update your `mephisto-task` dependency with `npm install mephisto-task@2.0.4 --save`. If this warning still persists or the version isn't found, please open an issue at https://github.com/facebookresearch/Mephisto/issues
[2024-02-26 17:24:27,095][mephisto.abstractions.blueprints.abstract.static_task.static_agent_state][INFO] - SAVED_DATA_TO_DISC at /home/martins_32048/mephisto-data/data/data/runs/NO_PROJECT/28/51/36/agent_data.json
[2024-02-26 17:24:56,044][mephisto.operations.operator][INFO] - Operator running task ID = 28
[2024-02-26 17:25:40,300][mephisto.operations.operator][INFO] - Operator running task ID = 28
[2024-02-27 09:38:53,923][mephisto.operations.operator][INFO] - Operator running task ID = 28
[2024-02-27 09:38:53,944][mephisto.operations.operator][WARNING] - It has been greater than the set no_submission_patience of 43200 for TaskRun(28) since the last submission, shutting this run down.
[2024-02-27 09:38:54,183][sh.command][INFO] - <Command '/usr/bin/rm -rf /home/martins_32048/Projects/Mephisto/tmp/local_server_28/server', pid 1719339>: process started
[2024-02-27 09:39:03,934][mephisto.operations.operator][INFO] - operator shutting down
[2024-02-27 09:39:04,248][mephisto.operations.operator][INFO] - Already shut down, ignoring repeated call
