[2024-03-04 11:23:40,828][root][WARNING] - Mephisto supports rich run-time metrics visualization through Prometheus and Grafana. If you'd like to use this feature, use `mephisto metrics install` to install.(Current install dir is '/home/martins_32048/Projects/Mephisto/mephisto/scripts/metrics')'
[2024-03-04 11:23:44,265][mephisto.operations.operator][INFO] - Creating a task run under task name: react-word-sentiment
[2024-03-04 11:23:45,671][sh.command][INFO] - <Command '/usr/bin/rm -rf /home/martins_32048/mephisto-data/data/data/runs/NO_PROJECT/72/build/router', pid 2227094>: process started
[2024-03-04 11:23:46,997][sh.command][INFO] - <Command '/usr/bin/rm -rf /home/martins_32048/mephisto-data/data/data/runs/NO_PROJECT/72/build/router', pid 2227106>: process started
[2024-03-04 11:23:47,015][mephisto.operations.client_io_handler][INFO] - Sending alive
[2024-03-04 11:23:47,015][mephisto.operations.client_io_handler][INFO] - Sending alive
[2024-03-04 11:23:47,046][mephisto.operations.client_io_handler][INFO] - Sending alive
[2024-03-04 11:23:47,046][mephisto.abstractions.architects.channels.websocket_channel][INFO] - channel open
[2024-03-04 11:23:47,318][mephisto.operations.operator][INFO] - Operator running task ID = 72
[2024-03-04 11:23:57,368][mephisto.abstractions.providers.mock.mock_unit][INFO] - Mock task launched: http://localhost:3000 for preview, http://localhost:3000/?worker_id=x&assignment_id=1929 for assignment 953
[2024-03-04 11:23:57,372][mephisto.abstractions.providers.mock.mock_unit][INFO] - Mock task launched: http://localhost:3000 for preview, http://localhost:3000/?worker_id=x&assignment_id=1930 for assignment 954
[2024-03-04 11:23:57,375][mephisto.abstractions.providers.mock.mock_unit][INFO] - Mock task launched: http://localhost:3000 for preview, http://localhost:3000/?worker_id=x&assignment_id=1931 for assignment 955
[2024-03-04 11:23:57,377][mephisto.abstractions.providers.mock.mock_unit][INFO] - Mock task launched: http://localhost:3000 for preview, http://localhost:3000/?worker_id=x&assignment_id=1932 for assignment 956
[2024-03-04 11:23:57,379][mephisto.abstractions.providers.mock.mock_unit][INFO] - Mock task launched: http://localhost:3000 for preview, http://localhost:3000/?worker_id=x&assignment_id=1933 for assignment 957
[2024-03-04 11:23:57,380][mephisto.abstractions.providers.mock.mock_unit][INFO] - Mock task launched: http://localhost:3000 for preview, http://localhost:3000/?worker_id=x&assignment_id=1934 for assignment 958
[2024-03-04 11:24:03,692][mephisto.operations.client_io_handler][WARNING] - [31;1m[Version Mismatch!!][0m: Package `mephisto-task` version mismatch. Expected version 2.0.4 but frontend is currently using 2.0.3. This may cause unexpected errors, be sure to update your `mephisto-task` dependency with `npm install mephisto-task@2.0.4 --save`. If this warning still persists or the version isn't found, please open an issue at https://github.com/facebookresearch/Mephisto/issues
[2024-03-04 11:24:17,328][mephisto.operations.operator][INFO] - Operator running task ID = 72
[2024-03-04 11:24:47,340][mephisto.operations.operator][INFO] - Operator running task ID = 72
[2024-03-04 11:25:17,348][mephisto.operations.operator][INFO] - Operator running task ID = 72
[2024-03-04 11:25:19,593][mephisto.operations.client_io_handler][WARNING] - [31;1m[Version Mismatch!!][0m: Package `mephisto-task` version mismatch. Expected version 2.0.4 but frontend is currently using 2.0.3. This may cause unexpected errors, be sure to update your `mephisto-task` dependency with `npm install mephisto-task@2.0.4 --save`. If this warning still persists or the version isn't found, please open an issue at https://github.com/facebookresearch/Mephisto/issues
[2024-03-04 11:25:28,278][mephisto.operations.client_io_handler][WARNING] - [31;1m[Version Mismatch!!][0m: Package `mephisto-task` version mismatch. Expected version 2.0.4 but frontend is currently using 2.0.3. This may cause unexpected errors, be sure to update your `mephisto-task` dependency with `npm install mephisto-task@2.0.4 --save`. If this warning still persists or the version isn't found, please open an issue at https://github.com/facebookresearch/Mephisto/issues
[2024-03-04 11:25:47,361][mephisto.operations.operator][INFO] - Operator running task ID = 72
[2024-03-04 11:26:17,369][mephisto.operations.operator][INFO] - Operator running task ID = 72
[2024-03-04 11:26:29,711][mephisto.operations.client_io_handler][WARNING] - [31;1m[Version Mismatch!!][0m: Package `mephisto-task` version mismatch. Expected version 2.0.4 but frontend is currently using 2.0.3. This may cause unexpected errors, be sure to update your `mephisto-task` dependency with `npm install mephisto-task@2.0.4 --save`. If this warning still persists or the version isn't found, please open an issue at https://github.com/facebookresearch/Mephisto/issues
[2024-03-04 11:26:32,840][mephisto.operations.client_io_handler][WARNING] - [31;1m[Version Mismatch!!][0m: Package `mephisto-task` version mismatch. Expected version 2.0.4 but frontend is currently using 2.0.3. This may cause unexpected errors, be sure to update your `mephisto-task` dependency with `npm install mephisto-task@2.0.4 --save`. If this warning still persists or the version isn't found, please open an issue at https://github.com/facebookresearch/Mephisto/issues
[2024-03-04 11:26:32,860][mephisto.abstractions.blueprints.abstract.static_task.static_agent_state][INFO] - SAVED_DATA_TO_DISC at /home/martins_32048/mephisto-data/data/data/runs/NO_PROJECT/72/onboarding/onboarding_65/agent_data.json
[2024-03-04 11:26:32,861][mephisto.operations.worker_pool][INFO] - MockWorker(68) is starting onboarding thread with onboarding OnboardingAgent(65, none).
[2024-03-04 11:26:36,922][mephisto.abstractions.blueprints.abstract.static_task.static_agent_state][INFO] - SAVED_DATA_TO_DISC at /home/martins_32048/mephisto-data/data/data/runs/NO_PROJECT/72/onboarding/onboarding_65/agent_data.json
[2024-03-04 11:26:36,930][mephisto.operations.worker_pool][INFO] - Onboarding agent onboarding_65 registered out from onboarding
[2024-03-04 11:26:36,938][mephisto.abstractions.blueprints.abstract.static_task.static_agent_state][INFO] - SAVED_DATA_TO_DISC at /home/martins_32048/mephisto-data/data/data/runs/NO_PROJECT/72/953/251/agent_data.json
[2024-03-04 11:26:36,965][mephisto.operations.client_io_handler][WARNING] - [FRONT_END_ERROR]: {'error': "undefined is not a function (near '...data.map...')", 'errorInfo': {'componentStack': '\nSimpleFrontend\ns@\ndiv\nMainApp'}}
[2024-03-04 11:26:47,378][mephisto.operations.operator][INFO] - Operator running task ID = 72
[2024-03-04 11:27:01,414][mephisto.operations.client_io_handler][WARNING] - [31;1m[Version Mismatch!!][0m: Package `mephisto-task` version mismatch. Expected version 2.0.4 but frontend is currently using 2.0.3. This may cause unexpected errors, be sure to update your `mephisto-task` dependency with `npm install mephisto-task@2.0.4 --save`. If this warning still persists or the version isn't found, please open an issue at https://github.com/facebookresearch/Mephisto/issues
[2024-03-04 11:27:02,596][mephisto.abstractions.blueprints.abstract.static_task.static_agent_state][INFO] - SAVED_DATA_TO_DISC at /home/martins_32048/mephisto-data/data/data/runs/NO_PROJECT/72/onboarding/onboarding_66/agent_data.json
[2024-03-04 11:27:02,596][mephisto.operations.worker_pool][INFO] - MockWorker(69) is starting onboarding thread with onboarding OnboardingAgent(66, none).
[2024-03-04 11:27:02,621][mephisto.operations.client_io_handler][WARNING] - [31;1m[Version Mismatch!!][0m: Package `mephisto-task` version mismatch. Expected version 2.0.4 but frontend is currently using 2.0.3. This may cause unexpected errors, be sure to update your `mephisto-task` dependency with `npm install mephisto-task@2.0.4 --save`. If this warning still persists or the version isn't found, please open an issue at https://github.com/facebookresearch/Mephisto/issues
[2024-03-04 11:27:04,075][mephisto.abstractions.blueprints.abstract.static_task.static_agent_state][INFO] - SAVED_DATA_TO_DISC at /home/martins_32048/mephisto-data/data/data/runs/NO_PROJECT/72/onboarding/onboarding_66/agent_data.json
[2024-03-04 11:27:04,082][mephisto.operations.worker_pool][INFO] - Onboarding agent onboarding_66 registered out from onboarding
[2024-03-04 11:27:04,087][mephisto.abstractions.blueprints.abstract.static_task.static_agent_state][INFO] - SAVED_DATA_TO_DISC at /home/martins_32048/mephisto-data/data/data/runs/NO_PROJECT/72/954/252/agent_data.json
[2024-03-04 11:27:04,099][mephisto.operations.client_io_handler][WARNING] - [FRONT_END_ERROR]: {'error': 'data.map is not a function', 'errorInfo': {'componentStack': '\n    at SimpleFrontend (webpack://mephisto-task-compiler/./src/components/core_components.jsx?:137:24)\n    at p (webpack://mephisto-task-compiler/./node_modules/mephisto-task/build/bundle.js?:1:51620)\n    at div\n    at MainApp (webpack://mephisto-task-compiler/./src/app.jsx?:24:88)'}}
[2024-03-04 11:27:17,389][mephisto.operations.operator][INFO] - Operator running task ID = 72
[2024-03-04 11:27:30,564][mephisto.abstractions.blueprints.abstract.static_task.static_agent_state][INFO] - SAVED_DATA_TO_DISC at /home/martins_32048/mephisto-data/data/data/runs/NO_PROJECT/72/onboarding/onboarding_67/agent_data.json
[2024-03-04 11:27:30,564][mephisto.operations.worker_pool][INFO] - MockWorker(70) is starting onboarding thread with onboarding OnboardingAgent(67, none).
[2024-03-04 11:27:30,577][mephisto.operations.client_io_handler][WARNING] - [31;1m[Version Mismatch!!][0m: Package `mephisto-task` version mismatch. Expected version 2.0.4 but frontend is currently using 2.0.3. This may cause unexpected errors, be sure to update your `mephisto-task` dependency with `npm install mephisto-task@2.0.4 --save`. If this warning still persists or the version isn't found, please open an issue at https://github.com/facebookresearch/Mephisto/issues
[2024-03-04 11:27:34,858][mephisto.abstractions.blueprints.abstract.static_task.static_agent_state][INFO] - SAVED_DATA_TO_DISC at /home/martins_32048/mephisto-data/data/data/runs/NO_PROJECT/72/onboarding/onboarding_67/agent_data.json
[2024-03-04 11:27:34,865][mephisto.operations.worker_pool][INFO] - Onboarding agent onboarding_67 registered out from onboarding
[2024-03-04 11:27:34,870][mephisto.abstractions.blueprints.abstract.static_task.static_agent_state][INFO] - SAVED_DATA_TO_DISC at /home/martins_32048/mephisto-data/data/data/runs/NO_PROJECT/72/955/253/agent_data.json
[2024-03-04 11:27:34,895][mephisto.operations.client_io_handler][WARNING] - [FRONT_END_ERROR]: {'error': "undefined is not a function (near '...data.map...')", 'errorInfo': {'componentStack': '\nSimpleFrontend\ns@\ndiv\nMainApp'}}
[2024-03-04 11:27:39,015][mephisto.operations.client_io_handler][WARNING] - [31;1m[Version Mismatch!!][0m: Package `mephisto-task` version mismatch. Expected version 2.0.4 but frontend is currently using 2.0.3. This may cause unexpected errors, be sure to update your `mephisto-task` dependency with `npm install mephisto-task@2.0.4 --save`. If this warning still persists or the version isn't found, please open an issue at https://github.com/facebookresearch/Mephisto/issues
[2024-03-04 11:27:47,156][mephisto.abstractions.blueprints.abstract.static_task.static_agent_state][INFO] - SAVED_DATA_TO_DISC at /home/martins_32048/mephisto-data/data/data/runs/NO_PROJECT/72/onboarding/onboarding_68/agent_data.json
[2024-03-04 11:27:47,157][mephisto.operations.worker_pool][INFO] - MockWorker(71) is starting onboarding thread with onboarding OnboardingAgent(68, none).
[2024-03-04 11:27:47,161][mephisto.operations.client_io_handler][WARNING] - [31;1m[Version Mismatch!!][0m: Package `mephisto-task` version mismatch. Expected version 2.0.4 but frontend is currently using 2.0.3. This may cause unexpected errors, be sure to update your `mephisto-task` dependency with `npm install mephisto-task@2.0.4 --save`. If this warning still persists or the version isn't found, please open an issue at https://github.com/facebookresearch/Mephisto/issues
[2024-03-04 11:27:47,394][mephisto.operations.operator][INFO] - Operator running task ID = 72
[2024-03-04 11:27:48,773][mephisto.abstractions.blueprints.abstract.static_task.static_agent_state][INFO] - SAVED_DATA_TO_DISC at /home/martins_32048/mephisto-data/data/data/runs/NO_PROJECT/72/onboarding/onboarding_68/agent_data.json
[2024-03-04 11:27:48,781][mephisto.operations.worker_pool][INFO] - Onboarding agent onboarding_68 registered out from onboarding
[2024-03-04 11:27:48,785][mephisto.abstractions.blueprints.abstract.static_task.static_agent_state][INFO] - SAVED_DATA_TO_DISC at /home/martins_32048/mephisto-data/data/data/runs/NO_PROJECT/72/956/254/agent_data.json
[2024-03-04 11:27:48,806][mephisto.operations.client_io_handler][WARNING] - [FRONT_END_ERROR]: {'error': "undefined is not a function (near '...data.map...')", 'errorInfo': {'componentStack': '\nSimpleFrontend\ns@\ndiv\nMainApp'}}
[2024-03-04 11:27:51,273][mephisto.operations.client_io_handler][WARNING] - [31;1m[Version Mismatch!!][0m: Package `mephisto-task` version mismatch. Expected version 2.0.4 but frontend is currently using 2.0.3. This may cause unexpected errors, be sure to update your `mephisto-task` dependency with `npm install mephisto-task@2.0.4 --save`. If this warning still persists or the version isn't found, please open an issue at https://github.com/facebookresearch/Mephisto/issues
[2024-03-04 11:28:11,249][mephisto.operations.client_io_handler][WARNING] - [31;1m[Version Mismatch!!][0m: Package `mephisto-task` version mismatch. Expected version 2.0.4 but frontend is currently using 2.0.3. This may cause unexpected errors, be sure to update your `mephisto-task` dependency with `npm install mephisto-task@2.0.4 --save`. If this warning still persists or the version isn't found, please open an issue at https://github.com/facebookresearch/Mephisto/issues
[2024-03-04 11:28:12,606][mephisto.operations.client_io_handler][WARNING] - [31;1m[Version Mismatch!!][0m: Package `mephisto-task` version mismatch. Expected version 2.0.4 but frontend is currently using 2.0.3. This may cause unexpected errors, be sure to update your `mephisto-task` dependency with `npm install mephisto-task@2.0.4 --save`. If this warning still persists or the version isn't found, please open an issue at https://github.com/facebookresearch/Mephisto/issues
[2024-03-04 11:28:12,626][mephisto.abstractions.blueprints.abstract.static_task.static_agent_state][INFO] - SAVED_DATA_TO_DISC at /home/martins_32048/mephisto-data/data/data/runs/NO_PROJECT/72/onboarding/onboarding_69/agent_data.json
[2024-03-04 11:28:12,627][mephisto.operations.worker_pool][INFO] - MockWorker(72) is starting onboarding thread with onboarding OnboardingAgent(69, none).
[2024-03-04 11:28:13,895][mephisto.abstractions.blueprints.abstract.static_task.static_agent_state][INFO] - SAVED_DATA_TO_DISC at /home/martins_32048/mephisto-data/data/data/runs/NO_PROJECT/72/onboarding/onboarding_69/agent_data.json
[2024-03-04 11:28:13,902][mephisto.operations.worker_pool][INFO] - Onboarding agent onboarding_69 registered out from onboarding
[2024-03-04 11:28:13,909][mephisto.abstractions.blueprints.abstract.static_task.static_agent_state][INFO] - SAVED_DATA_TO_DISC at /home/martins_32048/mephisto-data/data/data/runs/NO_PROJECT/72/957/255/agent_data.json
[2024-03-04 11:28:13,934][mephisto.operations.client_io_handler][WARNING] - [FRONT_END_ERROR]: {'error': "undefined is not a function (near '...data.map...')", 'errorInfo': {'componentStack': '\nSimpleFrontend\ns@\ndiv\nMainApp'}}
[2024-03-04 11:28:17,405][mephisto.operations.operator][INFO] - Operator running task ID = 72
[2024-03-04 11:28:47,417][mephisto.operations.operator][INFO] - Operator running task ID = 72
[2024-03-04 11:29:17,425][mephisto.operations.operator][INFO] - Operator running task ID = 72
[2024-03-04 11:29:21,971][mephisto.operations.client_io_handler][WARNING] - [31;1m[Version Mismatch!!][0m: Package `mephisto-task` version mismatch. Expected version 2.0.4 but frontend is currently using 2.0.3. This may cause unexpected errors, be sure to update your `mephisto-task` dependency with `npm install mephisto-task@2.0.4 --save`. If this warning still persists or the version isn't found, please open an issue at https://github.com/facebookresearch/Mephisto/issues
[2024-03-04 11:29:27,291][mephisto.operations.client_io_handler][WARNING] - [31;1m[Version Mismatch!!][0m: Package `mephisto-task` version mismatch. Expected version 2.0.4 but frontend is currently using 2.0.3. This may cause unexpected errors, be sure to update your `mephisto-task` dependency with `npm install mephisto-task@2.0.4 --save`. If this warning still persists or the version isn't found, please open an issue at https://github.com/facebookresearch/Mephisto/issues
[2024-03-04 11:29:28,880][mephisto.abstractions.blueprints.abstract.static_task.static_agent_state][INFO] - SAVED_DATA_TO_DISC at /home/martins_32048/mephisto-data/data/data/runs/NO_PROJECT/72/onboarding/onboarding_70/agent_data.json
[2024-03-04 11:29:28,880][mephisto.operations.worker_pool][INFO] - MockWorker(73) is starting onboarding thread with onboarding OnboardingAgent(70, none).
[2024-03-04 11:29:28,896][mephisto.operations.client_io_handler][WARNING] - [31;1m[Version Mismatch!!][0m: Package `mephisto-task` version mismatch. Expected version 2.0.4 but frontend is currently using 2.0.3. This may cause unexpected errors, be sure to update your `mephisto-task` dependency with `npm install mephisto-task@2.0.4 --save`. If this warning still persists or the version isn't found, please open an issue at https://github.com/facebookresearch/Mephisto/issues
[2024-03-04 11:29:29,817][mephisto.abstractions.blueprints.abstract.static_task.static_agent_state][INFO] - SAVED_DATA_TO_DISC at /home/martins_32048/mephisto-data/data/data/runs/NO_PROJECT/72/onboarding/onboarding_70/agent_data.json
[2024-03-04 11:29:29,824][mephisto.operations.worker_pool][INFO] - Onboarding agent onboarding_70 registered out from onboarding
[2024-03-04 11:29:29,828][mephisto.abstractions.blueprints.abstract.static_task.static_agent_state][INFO] - SAVED_DATA_TO_DISC at /home/martins_32048/mephisto-data/data/data/runs/NO_PROJECT/72/958/256/agent_data.json
[2024-03-04 11:29:29,839][mephisto.operations.client_io_handler][WARNING] - [FRONT_END_ERROR]: {'error': 'data.map is not a function', 'errorInfo': {'componentStack': '\n    at SimpleFrontend (webpack://mephisto-task-compiler/./src/components/core_components.jsx?:138:24)\n    at p (webpack://mephisto-task-compiler/./node_modules/mephisto-task/build/bundle.js?:1:51620)\n    at div\n    at MainApp (webpack://mephisto-task-compiler/./src/app.jsx?:24:88)'}}
[2024-03-04 11:29:35,921][mephisto.operations.client_io_handler][WARNING] - [31;1m[Version Mismatch!!][0m: Package `mephisto-task` version mismatch. Expected version 2.0.4 but frontend is currently using 2.0.3. This may cause unexpected errors, be sure to update your `mephisto-task` dependency with `npm install mephisto-task@2.0.4 --save`. If this warning still persists or the version isn't found, please open an issue at https://github.com/facebookresearch/Mephisto/issues
[2024-03-04 11:29:47,433][mephisto.operations.operator][INFO] - Operator running task ID = 72
[2024-03-04 11:29:57,305][mephisto.operations.client_io_handler][WARNING] - [31;1m[Version Mismatch!!][0m: Package `mephisto-task` version mismatch. Expected version 2.0.4 but frontend is currently using 2.0.3. This may cause unexpected errors, be sure to update your `mephisto-task` dependency with `npm install mephisto-task@2.0.4 --save`. If this warning still persists or the version isn't found, please open an issue at https://github.com/facebookresearch/Mephisto/issues
[2024-03-04 11:29:58,811][mephisto.operations.client_io_handler][WARNING] - [31;1m[Version Mismatch!!][0m: Package `mephisto-task` version mismatch. Expected version 2.0.4 but frontend is currently using 2.0.3. This may cause unexpected errors, be sure to update your `mephisto-task` dependency with `npm install mephisto-task@2.0.4 --save`. If this warning still persists or the version isn't found, please open an issue at https://github.com/facebookresearch/Mephisto/issues
[2024-03-04 11:30:01,020][mephisto.operations.client_io_handler][WARNING] - [31;1m[Version Mismatch!!][0m: Package `mephisto-task` version mismatch. Expected version 2.0.4 but frontend is currently using 2.0.3. This may cause unexpected errors, be sure to update your `mephisto-task` dependency with `npm install mephisto-task@2.0.4 --save`. If this warning still persists or the version isn't found, please open an issue at https://github.com/facebookresearch/Mephisto/issues
[2024-03-04 11:30:02,273][mephisto.operations.client_io_handler][WARNING] - [31;1m[Version Mismatch!!][0m: Package `mephisto-task` version mismatch. Expected version 2.0.4 but frontend is currently using 2.0.3. This may cause unexpected errors, be sure to update your `mephisto-task` dependency with `npm install mephisto-task@2.0.4 --save`. If this warning still persists or the version isn't found, please open an issue at https://github.com/facebookresearch/Mephisto/issues
[2024-03-04 11:30:09,598][mephisto.operations.operator][ERROR] - Cleaning up after keyboard interrupt, please [31;1mwait to Ctrl-C again[0m until instructed to.
[2024-03-04 11:30:09,598][mephisto.operations.operator][INFO] - operator shutting down
[2024-03-04 11:30:09,599][mephisto.operations.operator][INFO] - Expiring units for task run 72.
[2024-03-04 11:30:09,644][mephisto.operations.operator][INFO] - Waiting on 1 task runs with assignments in-flight. [31;1mCtrl-C ONCE[0m to kill running tasks and FORCE QUIT.
[2024-03-04 11:30:17,950][mephisto.operations.operator][WARNING] - Skipping waiting for outstanding task completions, shutting down servers now!Follow cleanup instructions [31;1mclosely[0m for proper cleanup.
[2024-03-04 11:30:17,950][mephisto.operations.operator][WARNING] - Cleaning up run 72. [31;1mCtrl-C once per step[0m to skip that step.
[2024-03-04 11:30:17,950][mephisto.operations.operator][WARNING] - Shutting down active Units in-flight.
[2024-03-04 11:30:17,963][mephisto.abstractions._subcomponents.task_runner][ERROR] - Handled exception in unit MockUnit(1929, expired)
Traceback (most recent call last):
  File "/home/martins_32048/Projects/Mephisto/mephisto/abstractions/_subcomponents/task_runner.py", line 266, in _launch_and_run_unit
    self.run_unit(unit, agent)
  File "/home/martins_32048/Projects/Mephisto/mephisto/abstractions/blueprints/abstract/static_task/static_task_runner.py", line 69, in run_unit
    agent.await_submit(self.assignment_duration_in_seconds)
  File "/home/martins_32048/Projects/Mephisto/mephisto/abstractions/providers/mock/mock_agent.py", line 109, in await_submit
    return super().await_submit(timeout)
  File "/home/martins_32048/Projects/Mephisto/mephisto/data_model/agent.py", line 258, in await_submit
    _raise_if_disconnected()
  File "/home/martins_32048/Projects/Mephisto/mephisto/data_model/agent.py", line 243, in _raise_if_disconnected
    raise AgentDisconnectedError(self.db_id)
mephisto.data_model.exceptions.AgentDisconnectedError: 251
[2024-03-04 11:30:17,967][mephisto.abstractions._subcomponents.task_runner][ERROR] - Handled exception in unit MockUnit(1930, expired)
Traceback (most recent call last):
  File "/home/martins_32048/Projects/Mephisto/mephisto/abstractions/_subcomponents/task_runner.py", line 266, in _launch_and_run_unit
    self.run_unit(unit, agent)
  File "/home/martins_32048/Projects/Mephisto/mephisto/abstractions/blueprints/abstract/static_task/static_task_runner.py", line 69, in run_unit
    agent.await_submit(self.assignment_duration_in_seconds)
  File "/home/martins_32048/Projects/Mephisto/mephisto/abstractions/providers/mock/mock_agent.py", line 109, in await_submit
    return super().await_submit(timeout)
  File "/home/martins_32048/Projects/Mephisto/mephisto/data_model/agent.py", line 258, in await_submit
    _raise_if_disconnected()
  File "/home/martins_32048/Projects/Mephisto/mephisto/data_model/agent.py", line 243, in _raise_if_disconnected
    raise AgentDisconnectedError(self.db_id)
mephisto.data_model.exceptions.AgentDisconnectedError: 252
[2024-03-04 11:30:17,970][mephisto.abstractions._subcomponents.task_runner][ERROR] - Handled exception in unit MockUnit(1931, expired)
Traceback (most recent call last):
  File "/home/martins_32048/Projects/Mephisto/mephisto/abstractions/_subcomponents/task_runner.py", line 266, in _launch_and_run_unit
    self.run_unit(unit, agent)
  File "/home/martins_32048/Projects/Mephisto/mephisto/abstractions/blueprints/abstract/static_task/static_task_runner.py", line 69, in run_unit
    agent.await_submit(self.assignment_duration_in_seconds)
  File "/home/martins_32048/Projects/Mephisto/mephisto/abstractions/providers/mock/mock_agent.py", line 109, in await_submit
    return super().await_submit(timeout)
  File "/home/martins_32048/Projects/Mephisto/mephisto/data_model/agent.py", line 258, in await_submit
    _raise_if_disconnected()
  File "/home/martins_32048/Projects/Mephisto/mephisto/data_model/agent.py", line 243, in _raise_if_disconnected
    raise AgentDisconnectedError(self.db_id)
mephisto.data_model.exceptions.AgentDisconnectedError: 253
[2024-03-04 11:30:17,974][mephisto.abstractions._subcomponents.task_runner][ERROR] - Handled exception in unit MockUnit(1932, expired)
Traceback (most recent call last):
  File "/home/martins_32048/Projects/Mephisto/mephisto/abstractions/_subcomponents/task_runner.py", line 266, in _launch_and_run_unit
    self.run_unit(unit, agent)
  File "/home/martins_32048/Projects/Mephisto/mephisto/abstractions/blueprints/abstract/static_task/static_task_runner.py", line 69, in run_unit
    agent.await_submit(self.assignment_duration_in_seconds)
  File "/home/martins_32048/Projects/Mephisto/mephisto/abstractions/providers/mock/mock_agent.py", line 109, in await_submit
    return super().await_submit(timeout)
  File "/home/martins_32048/Projects/Mephisto/mephisto/data_model/agent.py", line 258, in await_submit
    _raise_if_disconnected()
  File "/home/martins_32048/Projects/Mephisto/mephisto/data_model/agent.py", line 243, in _raise_if_disconnected
    raise AgentDisconnectedError(self.db_id)
mephisto.data_model.exceptions.AgentDisconnectedError: 254
[2024-03-04 11:30:17,976][mephisto.abstractions._subcomponents.task_runner][ERROR] - Handled exception in unit MockUnit(1933, expired)
Traceback (most recent call last):
  File "/home/martins_32048/Projects/Mephisto/mephisto/abstractions/_subcomponents/task_runner.py", line 266, in _launch_and_run_unit
    self.run_unit(unit, agent)
  File "/home/martins_32048/Projects/Mephisto/mephisto/abstractions/blueprints/abstract/static_task/static_task_runner.py", line 69, in run_unit
    agent.await_submit(self.assignment_duration_in_seconds)
  File "/home/martins_32048/Projects/Mephisto/mephisto/abstractions/providers/mock/mock_agent.py", line 109, in await_submit
    return super().await_submit(timeout)
  File "/home/martins_32048/Projects/Mephisto/mephisto/data_model/agent.py", line 258, in await_submit
    _raise_if_disconnected()
  File "/home/martins_32048/Projects/Mephisto/mephisto/data_model/agent.py", line 243, in _raise_if_disconnected
    raise AgentDisconnectedError(self.db_id)
mephisto.data_model.exceptions.AgentDisconnectedError: 255
[2024-03-04 11:30:17,978][mephisto.abstractions._subcomponents.task_runner][ERROR] - Handled exception in unit MockUnit(1934, expired)
Traceback (most recent call last):
  File "/home/martins_32048/Projects/Mephisto/mephisto/abstractions/_subcomponents/task_runner.py", line 266, in _launch_and_run_unit
    self.run_unit(unit, agent)
  File "/home/martins_32048/Projects/Mephisto/mephisto/abstractions/blueprints/abstract/static_task/static_task_runner.py", line 69, in run_unit
    agent.await_submit(self.assignment_duration_in_seconds)
  File "/home/martins_32048/Projects/Mephisto/mephisto/abstractions/providers/mock/mock_agent.py", line 109, in await_submit
    return super().await_submit(timeout)
  File "/home/martins_32048/Projects/Mephisto/mephisto/data_model/agent.py", line 258, in await_submit
    _raise_if_disconnected()
  File "/home/martins_32048/Projects/Mephisto/mephisto/data_model/agent.py", line 243, in _raise_if_disconnected
    raise AgentDisconnectedError(self.db_id)
mephisto.data_model.exceptions.AgentDisconnectedError: 256
[2024-03-04 11:30:17,979][mephisto.operations.operator][WARNING] - Cleaning up remaining workers.
[2024-03-04 11:30:17,979][mephisto.operations.operator][WARNING] - Closing client communications.
[2024-03-04 11:30:18,181][mephisto.operations.operator][WARNING] - Shutting down servers
[2024-03-04 11:30:18,202][sh.command][INFO] - <Command '/usr/bin/rm -rf /home/martins_32048/Projects/Mephisto/tmp/local_server_72/server', pid 2227783>: process started
