[2024-02-29 16:09:25,864][root][WARNING] - Mephisto supports rich run-time metrics visualization through Prometheus and Grafana. If you'd like to use this feature, use `mephisto metrics install` to install.(Current install dir is '/home/martins_32048/Projects/Mephisto/mephisto/scripts/metrics')'
[2024-02-29 16:09:29,180][mephisto.operations.operator][INFO] - Creating a task run under task name: react-static-task-example
[2024-02-29 16:09:30,136][sh.command][INFO] - <Command '/usr/bin/rm -rf /home/martins_32048/mephisto-data/data/data/runs/NO_PROJECT/61/build/router', pid 1915426>: process started
[2024-02-29 16:09:31,454][sh.command][INFO] - <Command '/usr/bin/rm -rf /home/martins_32048/mephisto-data/data/data/runs/NO_PROJECT/61/build/router', pid 1915438>: process started
[2024-02-29 16:09:31,472][mephisto.operations.client_io_handler][INFO] - Sending alive
[2024-02-29 16:09:31,472][mephisto.operations.client_io_handler][INFO] - Sending alive
[2024-02-29 16:09:31,488][mephisto.operations.client_io_handler][INFO] - Sending alive
[2024-02-29 16:09:31,488][mephisto.abstractions.architects.channels.websocket_channel][INFO] - channel open
[2024-02-29 16:09:31,775][mephisto.operations.operator][INFO] - Operator running task ID = 61
[2024-02-29 16:09:39,438][mephisto.operations.client_io_handler][WARNING] - [31;1m[Version Mismatch!!][0m: Package `mephisto-task` version mismatch. Expected version 2.0.4 but frontend is currently using 2.0.3. This may cause unexpected errors, be sure to update your `mephisto-task` dependency with `npm install mephisto-task@2.0.4 --save`. If this warning still persists or the version isn't found, please open an issue at https://github.com/facebookresearch/Mephisto/issues
[2024-02-29 16:09:41,796][mephisto.abstractions.providers.mock.mock_unit][INFO] - Mock task launched: http://localhost:3000 for preview, http://localhost:3000/?worker_id=x&assignment_id=1785 for assignment 875
[2024-02-29 16:09:41,799][mephisto.abstractions.providers.mock.mock_unit][INFO] - Mock task launched: http://localhost:3000 for preview, http://localhost:3000/?worker_id=x&assignment_id=1786 for assignment 876
[2024-02-29 16:09:41,802][mephisto.abstractions.providers.mock.mock_unit][INFO] - Mock task launched: http://localhost:3000 for preview, http://localhost:3000/?worker_id=x&assignment_id=1787 for assignment 877
[2024-02-29 16:09:41,805][mephisto.abstractions.providers.mock.mock_unit][INFO] - Mock task launched: http://localhost:3000 for preview, http://localhost:3000/?worker_id=x&assignment_id=1788 for assignment 878
[2024-02-29 16:09:41,807][mephisto.abstractions.providers.mock.mock_unit][INFO] - Mock task launched: http://localhost:3000 for preview, http://localhost:3000/?worker_id=x&assignment_id=1789 for assignment 879
[2024-02-29 16:09:41,808][mephisto.abstractions.providers.mock.mock_unit][INFO] - Mock task launched: http://localhost:3000 for preview, http://localhost:3000/?worker_id=x&assignment_id=1790 for assignment 880
[2024-02-29 16:09:41,810][mephisto.abstractions.providers.mock.mock_unit][INFO] - Mock task launched: http://localhost:3000 for preview, http://localhost:3000/?worker_id=x&assignment_id=1791 for assignment 881
[2024-02-29 16:09:41,811][mephisto.abstractions.providers.mock.mock_unit][INFO] - Mock task launched: http://localhost:3000 for preview, http://localhost:3000/?worker_id=x&assignment_id=1792 for assignment 882
[2024-02-29 16:09:41,813][mephisto.abstractions.providers.mock.mock_unit][INFO] - Mock task launched: http://localhost:3000 for preview, http://localhost:3000/?worker_id=x&assignment_id=1793 for assignment 883
[2024-02-29 16:09:43,560][mephisto.operations.client_io_handler][WARNING] - [31;1m[Version Mismatch!!][0m: Package `mephisto-task` version mismatch. Expected version 2.0.4 but frontend is currently using 2.0.3. This may cause unexpected errors, be sure to update your `mephisto-task` dependency with `npm install mephisto-task@2.0.4 --save`. If this warning still persists or the version isn't found, please open an issue at https://github.com/facebookresearch/Mephisto/issues
[2024-02-29 16:09:43,595][mephisto.abstractions.blueprints.abstract.static_task.static_agent_state][INFO] - SAVED_DATA_TO_DISC at /home/martins_32048/mephisto-data/data/data/runs/NO_PROJECT/61/onboarding/onboarding_51/agent_data.json
[2024-02-29 16:09:43,596][mephisto.operations.worker_pool][INFO] - MockWorker(54) is starting onboarding thread with onboarding OnboardingAgent(51, none).
[2024-02-29 16:09:44,959][mephisto.abstractions.blueprints.abstract.static_task.static_agent_state][INFO] - SAVED_DATA_TO_DISC at /home/martins_32048/mephisto-data/data/data/runs/NO_PROJECT/61/onboarding/onboarding_51/agent_data.json
[2024-02-29 16:09:44,965][mephisto.operations.worker_pool][INFO] - Onboarding agent onboarding_51 registered out from onboarding
[2024-02-29 16:09:44,970][mephisto.abstractions.blueprints.abstract.static_task.static_agent_state][INFO] - SAVED_DATA_TO_DISC at /home/martins_32048/mephisto-data/data/data/runs/NO_PROJECT/61/875/232/agent_data.json
[2024-02-29 16:09:50,297][mephisto.abstractions.blueprints.abstract.static_task.static_agent_state][INFO] - SAVED_DATA_TO_DISC at /home/martins_32048/mephisto-data/data/data/runs/NO_PROJECT/61/875/232/agent_data.json
[2024-02-29 16:09:53,348][mephisto.abstractions.blueprints.abstract.static_task.static_agent_state][INFO] - SAVED_DATA_TO_DISC at /home/martins_32048/mephisto-data/data/data/runs/NO_PROJECT/61/875/232/agent_data.json
[2024-02-29 16:10:01,782][mephisto.operations.operator][INFO] - Operator running task ID = 61
[2024-02-29 16:10:06,929][mephisto.abstractions.blueprints.abstract.static_task.static_agent_state][INFO] - SAVED_DATA_TO_DISC at /home/martins_32048/mephisto-data/data/data/runs/NO_PROJECT/61/875/232/agent_data.json
[2024-02-29 16:10:24,864][mephisto.abstractions.blueprints.abstract.static_task.static_agent_state][INFO] - SAVED_DATA_TO_DISC at /home/martins_32048/mephisto-data/data/data/runs/NO_PROJECT/61/875/232/agent_data.json
[2024-02-29 16:10:26,680][mephisto.abstractions.blueprints.abstract.static_task.static_agent_state][INFO] - SAVED_DATA_TO_DISC at /home/martins_32048/mephisto-data/data/data/runs/NO_PROJECT/61/875/232/agent_data.json
[2024-02-29 16:10:26,681][mephisto.operations.client_io_handler][WARNING] - [FRONT_END_ERROR]: {'error': "Cannot read properties of undefined (reading 'word')", 'errorInfo': {'componentStack': '\n    at SimpleFrontend (webpack://mephisto-task-compiler/./src/components/core_components.jsx?:98:24)\n    at p (webpack://mephisto-task-compiler/./node_modules/mephisto-task/build/bundle.js?:1:51620)\n    at div\n    at MainApp (webpack://mephisto-task-compiler/./src/app.jsx?:24:88)'}}
[2024-02-29 16:10:31,793][mephisto.operations.operator][INFO] - Operator running task ID = 61
[2024-02-29 16:11:01,803][mephisto.operations.operator][INFO] - Operator running task ID = 61
[2024-02-29 16:11:31,814][mephisto.operations.operator][INFO] - Operator running task ID = 61
[2024-02-29 16:12:01,825][mephisto.operations.operator][INFO] - Operator running task ID = 61
[2024-02-29 16:12:31,836][mephisto.operations.operator][INFO] - Operator running task ID = 61
[2024-02-29 16:13:01,844][mephisto.operations.operator][INFO] - Operator running task ID = 61
[2024-02-29 16:13:31,865][mephisto.operations.operator][INFO] - Operator running task ID = 61
[2024-02-29 16:14:01,876][mephisto.operations.operator][INFO] - Operator running task ID = 61
[2024-02-29 16:14:15,462][mephisto.operations.client_io_handler][WARNING] - [31;1m[Version Mismatch!!][0m: Package `mephisto-task` version mismatch. Expected version 2.0.4 but frontend is currently using 2.0.3. This may cause unexpected errors, be sure to update your `mephisto-task` dependency with `npm install mephisto-task@2.0.4 --save`. If this warning still persists or the version isn't found, please open an issue at https://github.com/facebookresearch/Mephisto/issues
[2024-02-29 16:14:16,917][mephisto.operations.client_io_handler][WARNING] - [31;1m[Version Mismatch!!][0m: Package `mephisto-task` version mismatch. Expected version 2.0.4 but frontend is currently using 2.0.3. This may cause unexpected errors, be sure to update your `mephisto-task` dependency with `npm install mephisto-task@2.0.4 --save`. If this warning still persists or the version isn't found, please open an issue at https://github.com/facebookresearch/Mephisto/issues
[2024-02-29 16:14:16,926][mephisto.abstractions.blueprints.abstract.static_task.static_agent_state][INFO] - SAVED_DATA_TO_DISC at /home/martins_32048/mephisto-data/data/data/runs/NO_PROJECT/61/onboarding/onboarding_52/agent_data.json
[2024-02-29 16:14:16,926][mephisto.operations.worker_pool][INFO] - MockWorker(55) is starting onboarding thread with onboarding OnboardingAgent(52, none).
[2024-02-29 16:14:17,902][mephisto.abstractions.blueprints.abstract.static_task.static_agent_state][INFO] - SAVED_DATA_TO_DISC at /home/martins_32048/mephisto-data/data/data/runs/NO_PROJECT/61/onboarding/onboarding_52/agent_data.json
[2024-02-29 16:14:17,908][mephisto.operations.worker_pool][INFO] - Onboarding agent onboarding_52 registered out from onboarding
[2024-02-29 16:14:17,914][mephisto.abstractions.blueprints.abstract.static_task.static_agent_state][INFO] - SAVED_DATA_TO_DISC at /home/martins_32048/mephisto-data/data/data/runs/NO_PROJECT/61/876/233/agent_data.json
[2024-02-29 16:14:31,882][mephisto.operations.operator][INFO] - Operator running task ID = 61
[2024-02-29 16:15:01,890][mephisto.operations.operator][INFO] - Operator running task ID = 61
[2024-02-29 16:15:22,476][mephisto.operations.client_io_handler][WARNING] - [31;1m[Version Mismatch!!][0m: Package `mephisto-task` version mismatch. Expected version 2.0.4 but frontend is currently using 2.0.3. This may cause unexpected errors, be sure to update your `mephisto-task` dependency with `npm install mephisto-task@2.0.4 --save`. If this warning still persists or the version isn't found, please open an issue at https://github.com/facebookresearch/Mephisto/issues
[2024-02-29 16:15:24,182][mephisto.operations.client_io_handler][WARNING] - [31;1m[Version Mismatch!!][0m: Package `mephisto-task` version mismatch. Expected version 2.0.4 but frontend is currently using 2.0.3. This may cause unexpected errors, be sure to update your `mephisto-task` dependency with `npm install mephisto-task@2.0.4 --save`. If this warning still persists or the version isn't found, please open an issue at https://github.com/facebookresearch/Mephisto/issues
[2024-02-29 16:15:24,195][mephisto.abstractions.blueprints.abstract.static_task.static_agent_state][INFO] - SAVED_DATA_TO_DISC at /home/martins_32048/mephisto-data/data/data/runs/NO_PROJECT/61/onboarding/onboarding_53/agent_data.json
[2024-02-29 16:15:24,195][mephisto.operations.worker_pool][INFO] - MockWorker(56) is starting onboarding thread with onboarding OnboardingAgent(53, none).
[2024-02-29 16:15:25,031][mephisto.abstractions.blueprints.abstract.static_task.static_agent_state][INFO] - SAVED_DATA_TO_DISC at /home/martins_32048/mephisto-data/data/data/runs/NO_PROJECT/61/onboarding/onboarding_53/agent_data.json
[2024-02-29 16:15:25,037][mephisto.operations.worker_pool][INFO] - Onboarding agent onboarding_53 registered out from onboarding
[2024-02-29 16:15:25,042][mephisto.abstractions.blueprints.abstract.static_task.static_agent_state][INFO] - SAVED_DATA_TO_DISC at /home/martins_32048/mephisto-data/data/data/runs/NO_PROJECT/61/877/234/agent_data.json
[2024-02-29 16:15:26,697][mephisto.abstractions.blueprints.abstract.static_task.static_agent_state][INFO] - SAVED_DATA_TO_DISC at /home/martins_32048/mephisto-data/data/data/runs/NO_PROJECT/61/877/234/agent_data.json
[2024-02-29 16:15:28,456][mephisto.abstractions.blueprints.abstract.static_task.static_agent_state][INFO] - SAVED_DATA_TO_DISC at /home/martins_32048/mephisto-data/data/data/runs/NO_PROJECT/61/877/234/agent_data.json
[2024-02-29 16:15:29,935][mephisto.abstractions.blueprints.abstract.static_task.static_agent_state][INFO] - SAVED_DATA_TO_DISC at /home/martins_32048/mephisto-data/data/data/runs/NO_PROJECT/61/877/234/agent_data.json
[2024-02-29 16:15:31,350][mephisto.abstractions.blueprints.abstract.static_task.static_agent_state][INFO] - SAVED_DATA_TO_DISC at /home/martins_32048/mephisto-data/data/data/runs/NO_PROJECT/61/877/234/agent_data.json
[2024-02-29 16:15:31,899][mephisto.operations.operator][INFO] - Operator running task ID = 61
[2024-02-29 16:15:32,676][mephisto.abstractions.blueprints.abstract.static_task.static_agent_state][INFO] - SAVED_DATA_TO_DISC at /home/martins_32048/mephisto-data/data/data/runs/NO_PROJECT/61/877/234/agent_data.json
[2024-02-29 16:16:01,910][mephisto.operations.operator][INFO] - Operator running task ID = 61
[2024-02-29 16:16:14,770][mephisto.operations.client_io_handler][WARNING] - [31;1m[Version Mismatch!!][0m: Package `mephisto-task` version mismatch. Expected version 2.0.4 but frontend is currently using 2.0.3. This may cause unexpected errors, be sure to update your `mephisto-task` dependency with `npm install mephisto-task@2.0.4 --save`. If this warning still persists or the version isn't found, please open an issue at https://github.com/facebookresearch/Mephisto/issues
[2024-02-29 16:16:15,762][mephisto.abstractions.blueprints.abstract.static_task.static_agent_state][INFO] - SAVED_DATA_TO_DISC at /home/martins_32048/mephisto-data/data/data/runs/NO_PROJECT/61/877/234/agent_data.json
[2024-02-29 16:16:17,337][mephisto.abstractions.blueprints.abstract.static_task.static_agent_state][INFO] - SAVED_DATA_TO_DISC at /home/martins_32048/mephisto-data/data/data/runs/NO_PROJECT/61/877/234/agent_data.json
[2024-02-29 16:16:18,671][mephisto.abstractions.blueprints.abstract.static_task.static_agent_state][INFO] - SAVED_DATA_TO_DISC at /home/martins_32048/mephisto-data/data/data/runs/NO_PROJECT/61/877/234/agent_data.json
[2024-02-29 16:16:19,991][mephisto.abstractions.blueprints.abstract.static_task.static_agent_state][INFO] - SAVED_DATA_TO_DISC at /home/martins_32048/mephisto-data/data/data/runs/NO_PROJECT/61/877/234/agent_data.json
[2024-02-29 16:16:21,317][mephisto.abstractions.blueprints.abstract.static_task.static_agent_state][INFO] - SAVED_DATA_TO_DISC at /home/martins_32048/mephisto-data/data/data/runs/NO_PROJECT/61/877/234/agent_data.json
[2024-02-29 16:16:31,918][mephisto.operations.operator][INFO] - Operator running task ID = 61
[2024-02-29 16:17:01,929][mephisto.operations.operator][INFO] - Operator running task ID = 61
[2024-02-29 16:17:31,937][mephisto.operations.operator][INFO] - Operator running task ID = 61
[2024-02-29 16:17:47,955][mephisto.operations.client_io_handler][WARNING] - [31;1m[Version Mismatch!!][0m: Package `mephisto-task` version mismatch. Expected version 2.0.4 but frontend is currently using 2.0.3. This may cause unexpected errors, be sure to update your `mephisto-task` dependency with `npm install mephisto-task@2.0.4 --save`. If this warning still persists or the version isn't found, please open an issue at https://github.com/facebookresearch/Mephisto/issues
[2024-02-29 16:17:48,806][mephisto.abstractions.blueprints.abstract.static_task.static_agent_state][INFO] - SAVED_DATA_TO_DISC at /home/martins_32048/mephisto-data/data/data/runs/NO_PROJECT/61/877/234/agent_data.json
[2024-02-29 16:17:50,230][mephisto.abstractions.blueprints.abstract.static_task.static_agent_state][INFO] - SAVED_DATA_TO_DISC at /home/martins_32048/mephisto-data/data/data/runs/NO_PROJECT/61/877/234/agent_data.json
[2024-02-29 16:17:51,454][mephisto.abstractions.blueprints.abstract.static_task.static_agent_state][INFO] - SAVED_DATA_TO_DISC at /home/martins_32048/mephisto-data/data/data/runs/NO_PROJECT/61/877/234/agent_data.json
[2024-02-29 16:17:52,669][mephisto.abstractions.blueprints.abstract.static_task.static_agent_state][INFO] - SAVED_DATA_TO_DISC at /home/martins_32048/mephisto-data/data/data/runs/NO_PROJECT/61/877/234/agent_data.json
[2024-02-29 16:17:53,872][mephisto.abstractions.blueprints.abstract.static_task.static_agent_state][INFO] - SAVED_DATA_TO_DISC at /home/martins_32048/mephisto-data/data/data/runs/NO_PROJECT/61/877/234/agent_data.json
[2024-02-29 16:18:01,942][mephisto.operations.operator][INFO] - Operator running task ID = 61
[2024-02-29 16:18:31,949][mephisto.operations.operator][INFO] - Operator running task ID = 61
[2024-02-29 16:19:01,958][mephisto.operations.operator][INFO] - Operator running task ID = 61
[2024-02-29 16:19:31,965][mephisto.operations.operator][INFO] - Operator running task ID = 61
[2024-02-29 16:20:01,976][mephisto.operations.operator][INFO] - Operator running task ID = 61
[2024-02-29 16:20:20,219][mephisto.operations.client_io_handler][WARNING] - [31;1m[Version Mismatch!!][0m: Package `mephisto-task` version mismatch. Expected version 2.0.4 but frontend is currently using 2.0.3. This may cause unexpected errors, be sure to update your `mephisto-task` dependency with `npm install mephisto-task@2.0.4 --save`. If this warning still persists or the version isn't found, please open an issue at https://github.com/facebookresearch/Mephisto/issues
[2024-02-29 16:20:21,080][mephisto.abstractions.blueprints.abstract.static_task.static_agent_state][INFO] - SAVED_DATA_TO_DISC at /home/martins_32048/mephisto-data/data/data/runs/NO_PROJECT/61/877/234/agent_data.json
[2024-02-29 16:20:22,625][mephisto.abstractions.blueprints.abstract.static_task.static_agent_state][INFO] - SAVED_DATA_TO_DISC at /home/martins_32048/mephisto-data/data/data/runs/NO_PROJECT/61/877/234/agent_data.json
[2024-02-29 16:20:24,166][mephisto.abstractions.blueprints.abstract.static_task.static_agent_state][INFO] - SAVED_DATA_TO_DISC at /home/martins_32048/mephisto-data/data/data/runs/NO_PROJECT/61/877/234/agent_data.json
[2024-02-29 16:20:25,351][mephisto.abstractions.blueprints.abstract.static_task.static_agent_state][INFO] - SAVED_DATA_TO_DISC at /home/martins_32048/mephisto-data/data/data/runs/NO_PROJECT/61/877/234/agent_data.json
[2024-02-29 16:20:26,828][mephisto.abstractions.blueprints.abstract.static_task.static_agent_state][INFO] - SAVED_DATA_TO_DISC at /home/martins_32048/mephisto-data/data/data/runs/NO_PROJECT/61/877/234/agent_data.json
[2024-02-29 16:20:31,987][mephisto.operations.operator][INFO] - Operator running task ID = 61
[2024-02-29 16:20:42,416][mephisto.operations.client_io_handler][WARNING] - [31;1m[Version Mismatch!!][0m: Package `mephisto-task` version mismatch. Expected version 2.0.4 but frontend is currently using 2.0.3. This may cause unexpected errors, be sure to update your `mephisto-task` dependency with `npm install mephisto-task@2.0.4 --save`. If this warning still persists or the version isn't found, please open an issue at https://github.com/facebookresearch/Mephisto/issues
[2024-02-29 16:20:44,222][mephisto.operations.client_io_handler][WARNING] - [31;1m[Version Mismatch!!][0m: Package `mephisto-task` version mismatch. Expected version 2.0.4 but frontend is currently using 2.0.3. This may cause unexpected errors, be sure to update your `mephisto-task` dependency with `npm install mephisto-task@2.0.4 --save`. If this warning still persists or the version isn't found, please open an issue at https://github.com/facebookresearch/Mephisto/issues
[2024-02-29 16:20:44,265][mephisto.abstractions.blueprints.abstract.static_task.static_agent_state][INFO] - SAVED_DATA_TO_DISC at /home/martins_32048/mephisto-data/data/data/runs/NO_PROJECT/61/onboarding/onboarding_54/agent_data.json
[2024-02-29 16:20:44,265][mephisto.operations.worker_pool][INFO] - MockWorker(57) is starting onboarding thread with onboarding OnboardingAgent(54, none).
[2024-02-29 16:20:46,960][mephisto.abstractions.blueprints.abstract.static_task.static_agent_state][INFO] - SAVED_DATA_TO_DISC at /home/martins_32048/mephisto-data/data/data/runs/NO_PROJECT/61/onboarding/onboarding_54/agent_data.json
[2024-02-29 16:20:46,967][mephisto.operations.worker_pool][INFO] - Onboarding agent onboarding_54 registered out from onboarding
[2024-02-29 16:20:46,971][mephisto.abstractions.blueprints.abstract.static_task.static_agent_state][INFO] - SAVED_DATA_TO_DISC at /home/martins_32048/mephisto-data/data/data/runs/NO_PROJECT/61/878/235/agent_data.json
[2024-02-29 16:20:58,434][mephisto.abstractions.blueprints.abstract.static_task.static_agent_state][INFO] - SAVED_DATA_TO_DISC at /home/martins_32048/mephisto-data/data/data/runs/NO_PROJECT/61/878/235/agent_data.json
[2024-02-29 16:21:01,994][mephisto.operations.operator][INFO] - Operator running task ID = 61
[2024-02-29 16:21:24,296][mephisto.abstractions.blueprints.abstract.static_task.static_agent_state][INFO] - SAVED_DATA_TO_DISC at /home/martins_32048/mephisto-data/data/data/runs/NO_PROJECT/61/878/235/agent_data.json
[2024-02-29 16:21:32,004][mephisto.operations.operator][INFO] - Operator running task ID = 61
[2024-02-29 16:22:02,014][mephisto.operations.operator][INFO] - Operator running task ID = 61
[2024-02-29 16:22:32,026][mephisto.operations.operator][INFO] - Operator running task ID = 61
[2024-02-29 16:23:02,032][mephisto.operations.operator][INFO] - Operator running task ID = 61
[2024-02-29 16:23:32,041][mephisto.operations.operator][INFO] - Operator running task ID = 61
[2024-02-29 16:24:02,049][mephisto.operations.operator][INFO] - Operator running task ID = 61
[2024-02-29 16:24:32,061][mephisto.operations.operator][INFO] - Operator running task ID = 61
[2024-02-29 16:25:02,068][mephisto.operations.operator][INFO] - Operator running task ID = 61
[2024-02-29 16:25:32,073][mephisto.operations.operator][INFO] - Operator running task ID = 61
[2024-02-29 16:26:02,083][mephisto.operations.operator][INFO] - Operator running task ID = 61
[2024-02-29 16:26:32,094][mephisto.operations.operator][INFO] - Operator running task ID = 61
[2024-02-29 16:27:02,101][mephisto.operations.operator][INFO] - Operator running task ID = 61
[2024-02-29 16:27:32,114][mephisto.operations.operator][INFO] - Operator running task ID = 61
[2024-02-29 16:28:02,121][mephisto.operations.operator][INFO] - Operator running task ID = 61
[2024-02-29 16:28:32,130][mephisto.operations.operator][INFO] - Operator running task ID = 61
[2024-02-29 16:28:44,737][mephisto.abstractions.blueprints.abstract.static_task.static_agent_state][INFO] - SAVED_DATA_TO_DISC at /home/martins_32048/mephisto-data/data/data/runs/NO_PROJECT/61/878/235/agent_data.json
[2024-02-29 16:28:47,085][mephisto.operations.client_io_handler][WARNING] - [31;1m[Version Mismatch!!][0m: Package `mephisto-task` version mismatch. Expected version 2.0.4 but frontend is currently using 2.0.3. This may cause unexpected errors, be sure to update your `mephisto-task` dependency with `npm install mephisto-task@2.0.4 --save`. If this warning still persists or the version isn't found, please open an issue at https://github.com/facebookresearch/Mephisto/issues
[2024-02-29 16:28:48,601][mephisto.abstractions.blueprints.abstract.static_task.static_agent_state][INFO] - SAVED_DATA_TO_DISC at /home/martins_32048/mephisto-data/data/data/runs/NO_PROJECT/61/878/235/agent_data.json
[2024-02-29 16:28:57,327][mephisto.abstractions.blueprints.abstract.static_task.static_agent_state][INFO] - SAVED_DATA_TO_DISC at /home/martins_32048/mephisto-data/data/data/runs/NO_PROJECT/61/878/235/agent_data.json
[2024-02-29 16:29:00,071][mephisto.abstractions.blueprints.abstract.static_task.static_agent_state][INFO] - SAVED_DATA_TO_DISC at /home/martins_32048/mephisto-data/data/data/runs/NO_PROJECT/61/878/235/agent_data.json
[2024-02-29 16:29:02,137][mephisto.operations.operator][INFO] - Operator running task ID = 61
[2024-02-29 16:29:04,575][mephisto.abstractions.blueprints.abstract.static_task.static_agent_state][INFO] - SAVED_DATA_TO_DISC at /home/martins_32048/mephisto-data/data/data/runs/NO_PROJECT/61/878/235/agent_data.json
[2024-02-29 16:29:32,150][mephisto.operations.operator][INFO] - Operator running task ID = 61
[2024-02-29 16:30:02,157][mephisto.operations.operator][INFO] - Operator running task ID = 61
[2024-02-29 16:30:32,166][mephisto.operations.operator][INFO] - Operator running task ID = 61
[2024-02-29 16:31:02,171][mephisto.operations.operator][INFO] - Operator running task ID = 61
[2024-02-29 16:31:32,177][mephisto.operations.operator][INFO] - Operator running task ID = 61
[2024-02-29 16:32:02,184][mephisto.operations.operator][INFO] - Operator running task ID = 61
[2024-02-29 16:32:32,193][mephisto.operations.operator][INFO] - Operator running task ID = 61
[2024-02-29 16:33:02,200][mephisto.operations.operator][INFO] - Operator running task ID = 61
[2024-02-29 16:33:32,205][mephisto.operations.operator][INFO] - Operator running task ID = 61
[2024-02-29 16:34:02,212][mephisto.operations.operator][INFO] - Operator running task ID = 61
[2024-02-29 16:34:32,217][mephisto.operations.operator][INFO] - Operator running task ID = 61
[2024-02-29 16:35:02,223][mephisto.operations.operator][INFO] - Operator running task ID = 61
[2024-02-29 16:35:32,229][mephisto.operations.operator][INFO] - Operator running task ID = 61
[2024-02-29 16:36:02,235][mephisto.operations.operator][INFO] - Operator running task ID = 61
[2024-02-29 16:36:32,241][mephisto.operations.operator][INFO] - Operator running task ID = 61
[2024-02-29 16:37:02,249][mephisto.operations.operator][INFO] - Operator running task ID = 61
[2024-02-29 16:37:32,257][mephisto.operations.operator][INFO] - Operator running task ID = 61
[2024-02-29 16:38:02,263][mephisto.operations.operator][INFO] - Operator running task ID = 61
[2024-02-29 16:38:32,269][mephisto.operations.operator][INFO] - Operator running task ID = 61
[2024-02-29 16:39:02,275][mephisto.operations.operator][INFO] - Operator running task ID = 61
[2024-02-29 16:39:32,281][mephisto.operations.operator][INFO] - Operator running task ID = 61
[2024-02-29 16:40:02,287][mephisto.operations.operator][INFO] - Operator running task ID = 61
[2024-02-29 16:40:32,293][mephisto.operations.operator][INFO] - Operator running task ID = 61
[2024-02-29 16:41:02,299][mephisto.operations.operator][INFO] - Operator running task ID = 61
[2024-02-29 16:41:32,305][mephisto.operations.operator][INFO] - Operator running task ID = 61
[2024-02-29 16:42:02,311][mephisto.operations.operator][INFO] - Operator running task ID = 61
[2024-02-29 16:42:32,317][mephisto.operations.operator][INFO] - Operator running task ID = 61
[2024-02-29 16:43:02,323][mephisto.operations.operator][INFO] - Operator running task ID = 61
[2024-02-29 16:43:32,330][mephisto.operations.operator][INFO] - Operator running task ID = 61
[2024-02-29 16:44:02,335][mephisto.operations.operator][INFO] - Operator running task ID = 61
[2024-02-29 16:44:17,918][mephisto.abstractions._subcomponents.task_runner][ERROR] - Handled exception in unit MockUnit(1786, assigned)
Traceback (most recent call last):
  File "/home/martins_32048/Projects/Mephisto/mephisto/abstractions/_subcomponents/task_runner.py", line 266, in _launch_and_run_unit
    self.run_unit(unit, agent)
  File "/home/martins_32048/Projects/Mephisto/mephisto/abstractions/blueprints/abstract/static_task/static_task_runner.py", line 69, in run_unit
    agent.await_submit(self.assignment_duration_in_seconds)
  File "/home/martins_32048/Projects/Mephisto/mephisto/abstractions/providers/mock/mock_agent.py", line 109, in await_submit
    return super().await_submit(timeout)
  File "/home/martins_32048/Projects/Mephisto/mephisto/data_model/agent.py", line 256, in await_submit
    raise AgentTimeoutError(timeout, self.db_id)
mephisto.data_model.exceptions.AgentTimeoutError: (1800, '233')
[2024-02-29 16:44:32,341][mephisto.operations.operator][INFO] - Operator running task ID = 61
[2024-02-29 16:45:02,347][mephisto.operations.operator][INFO] - Operator running task ID = 61
[2024-02-29 16:45:32,353][mephisto.operations.operator][INFO] - Operator running task ID = 61
[2024-02-29 16:46:02,362][mephisto.operations.operator][INFO] - Operator running task ID = 61
[2024-02-29 16:46:32,369][mephisto.operations.operator][INFO] - Operator running task ID = 61
[2024-02-29 16:47:02,376][mephisto.operations.operator][INFO] - Operator running task ID = 61
[2024-02-29 16:47:32,383][mephisto.operations.operator][INFO] - Operator running task ID = 61
[2024-02-29 16:48:02,387][mephisto.operations.operator][INFO] - Operator running task ID = 61
[2024-02-29 16:48:32,394][mephisto.operations.operator][INFO] - Operator running task ID = 61
[2024-02-29 16:49:02,401][mephisto.operations.operator][INFO] - Operator running task ID = 61
[2024-02-29 16:49:32,409][mephisto.operations.operator][INFO] - Operator running task ID = 61
[2024-02-29 16:50:02,415][mephisto.operations.operator][INFO] - Operator running task ID = 61
[2024-02-29 16:50:32,422][mephisto.operations.operator][INFO] - Operator running task ID = 61
[2024-02-29 16:51:02,427][mephisto.operations.operator][INFO] - Operator running task ID = 61
[2024-02-29 16:51:32,434][mephisto.operations.operator][INFO] - Operator running task ID = 61
[2024-02-29 16:52:02,439][mephisto.operations.operator][INFO] - Operator running task ID = 61
[2024-02-29 16:52:32,445][mephisto.operations.operator][INFO] - Operator running task ID = 61
[2024-02-29 16:53:02,452][mephisto.operations.operator][INFO] - Operator running task ID = 61
[2024-02-29 16:53:32,457][mephisto.operations.operator][INFO] - Operator running task ID = 61
[2024-02-29 16:54:02,464][mephisto.operations.operator][INFO] - Operator running task ID = 61
[2024-02-29 16:54:32,473][mephisto.operations.operator][INFO] - Operator running task ID = 61
[2024-02-29 16:55:02,480][mephisto.operations.operator][INFO] - Operator running task ID = 61
[2024-02-29 16:55:32,486][mephisto.operations.operator][INFO] - Operator running task ID = 61
[2024-02-29 16:56:02,492][mephisto.operations.operator][INFO] - Operator running task ID = 61
[2024-02-29 16:56:32,501][mephisto.operations.operator][INFO] - Operator running task ID = 61
[2024-02-29 16:57:02,508][mephisto.operations.operator][INFO] - Operator running task ID = 61
[2024-02-29 16:57:32,513][mephisto.operations.operator][INFO] - Operator running task ID = 61
[2024-02-29 16:58:02,519][mephisto.operations.operator][INFO] - Operator running task ID = 61
[2024-02-29 16:58:32,526][mephisto.operations.operator][INFO] - Operator running task ID = 61
[2024-02-29 16:59:02,533][mephisto.operations.operator][INFO] - Operator running task ID = 61
[2024-02-29 16:59:32,540][mephisto.operations.operator][INFO] - Operator running task ID = 61
[2024-02-29 17:00:02,547][mephisto.operations.operator][INFO] - Operator running task ID = 61
[2024-02-29 17:00:32,556][mephisto.operations.operator][INFO] - Operator running task ID = 61
[2024-02-29 17:01:02,562][mephisto.operations.operator][INFO] - Operator running task ID = 61
[2024-02-29 17:01:32,569][mephisto.operations.operator][INFO] - Operator running task ID = 61
[2024-02-29 17:02:02,575][mephisto.operations.operator][INFO] - Operator running task ID = 61
[2024-02-29 17:02:32,581][mephisto.operations.operator][INFO] - Operator running task ID = 61
[2024-02-29 17:03:02,587][mephisto.operations.operator][INFO] - Operator running task ID = 61
[2024-02-29 17:03:32,594][mephisto.operations.operator][INFO] - Operator running task ID = 61
[2024-02-29 17:04:02,599][mephisto.operations.operator][INFO] - Operator running task ID = 61
[2024-02-29 17:04:32,605][mephisto.operations.operator][INFO] - Operator running task ID = 61
[2024-02-29 17:05:02,611][mephisto.operations.operator][INFO] - Operator running task ID = 61
[2024-02-29 17:05:32,617][mephisto.operations.operator][INFO] - Operator running task ID = 61
[2024-02-29 17:06:02,623][mephisto.operations.operator][INFO] - Operator running task ID = 61
[2024-02-29 17:06:32,628][mephisto.operations.operator][INFO] - Operator running task ID = 61
[2024-02-29 17:07:02,633][mephisto.operations.operator][INFO] - Operator running task ID = 61
[2024-02-29 17:07:32,640][mephisto.operations.operator][INFO] - Operator running task ID = 61
[2024-02-29 17:08:02,646][mephisto.operations.operator][INFO] - Operator running task ID = 61
[2024-02-29 17:08:32,653][mephisto.operations.operator][INFO] - Operator running task ID = 61
[2024-02-29 17:09:02,658][mephisto.operations.operator][INFO] - Operator running task ID = 61
[2024-02-29 17:09:32,665][mephisto.operations.operator][INFO] - Operator running task ID = 61
[2024-02-29 17:10:02,671][mephisto.operations.operator][INFO] - Operator running task ID = 61
[2024-02-29 17:10:32,677][mephisto.operations.operator][INFO] - Operator running task ID = 61
[2024-02-29 17:11:02,683][mephisto.operations.operator][INFO] - Operator running task ID = 61
[2024-02-29 17:11:32,689][mephisto.operations.operator][INFO] - Operator running task ID = 61
[2024-02-29 17:12:02,694][mephisto.operations.operator][INFO] - Operator running task ID = 61
[2024-02-29 17:12:32,701][mephisto.operations.operator][INFO] - Operator running task ID = 61
[2024-02-29 17:13:02,706][mephisto.operations.operator][INFO] - Operator running task ID = 61
[2024-02-29 17:13:32,713][mephisto.operations.operator][INFO] - Operator running task ID = 61
[2024-02-29 17:14:02,717][mephisto.operations.operator][INFO] - Operator running task ID = 61
[2024-02-29 17:14:32,725][mephisto.operations.operator][INFO] - Operator running task ID = 61
[2024-02-29 17:15:02,730][mephisto.operations.operator][INFO] - Operator running task ID = 61
[2024-02-29 17:15:32,737][mephisto.operations.operator][INFO] - Operator running task ID = 61
[2024-02-29 17:16:02,743][mephisto.operations.operator][INFO] - Operator running task ID = 61
[2024-02-29 17:16:32,749][mephisto.operations.operator][INFO] - Operator running task ID = 61
[2024-02-29 17:17:02,754][mephisto.operations.operator][INFO] - Operator running task ID = 61
[2024-02-29 17:17:32,762][mephisto.operations.operator][INFO] - Operator running task ID = 61
[2024-02-29 17:18:02,767][mephisto.operations.operator][INFO] - Operator running task ID = 61
[2024-02-29 17:18:32,773][mephisto.operations.operator][INFO] - Operator running task ID = 61
[2024-02-29 17:19:02,777][mephisto.operations.operator][INFO] - Operator running task ID = 61
[2024-02-29 17:19:32,784][mephisto.operations.operator][INFO] - Operator running task ID = 61
[2024-02-29 17:20:02,786][mephisto.operations.operator][INFO] - Operator running task ID = 61
[2024-02-29 17:20:32,789][mephisto.operations.operator][INFO] - Operator running task ID = 61
[2024-02-29 17:21:02,797][mephisto.operations.operator][INFO] - Operator running task ID = 61
[2024-02-29 17:21:32,808][mephisto.operations.operator][INFO] - Operator running task ID = 61
[2024-02-29 17:22:02,817][mephisto.operations.operator][INFO] - Operator running task ID = 61
[2024-02-29 17:22:24,258][mephisto.operations.client_io_handler][WARNING] - [31;1m[Version Mismatch!!][0m: Package `mephisto-task` version mismatch. Expected version 2.0.4 but frontend is currently using 2.0.3. This may cause unexpected errors, be sure to update your `mephisto-task` dependency with `npm install mephisto-task@2.0.4 --save`. If this warning still persists or the version isn't found, please open an issue at https://github.com/facebookresearch/Mephisto/issues
[2024-02-29 17:22:32,823][mephisto.operations.operator][INFO] - Operator running task ID = 61
[2024-02-29 17:23:02,837][mephisto.operations.operator][INFO] - Operator running task ID = 61
[2024-02-29 17:23:32,846][mephisto.operations.operator][INFO] - Operator running task ID = 61
[2024-02-29 17:24:02,855][mephisto.operations.operator][INFO] - Operator running task ID = 61
[2024-02-29 17:24:32,865][mephisto.operations.operator][INFO] - Operator running task ID = 61
[2024-02-29 17:25:02,873][mephisto.operations.operator][INFO] - Operator running task ID = 61
[2024-02-29 17:25:32,884][mephisto.operations.operator][INFO] - Operator running task ID = 61
[2024-02-29 17:26:02,889][mephisto.operations.operator][INFO] - Operator running task ID = 61
[2024-02-29 17:26:32,896][mephisto.operations.operator][INFO] - Operator running task ID = 61
[2024-02-29 17:27:02,906][mephisto.operations.operator][INFO] - Operator running task ID = 61
[2024-02-29 17:27:32,912][mephisto.operations.operator][INFO] - Operator running task ID = 61
[2024-02-29 17:28:00,280][mephisto.operations.client_io_handler][WARNING] - [31;1m[Version Mismatch!!][0m: Package `mephisto-task` version mismatch. Expected version 2.0.4 but frontend is currently using 2.0.3. This may cause unexpected errors, be sure to update your `mephisto-task` dependency with `npm install mephisto-task@2.0.4 --save`. If this warning still persists or the version isn't found, please open an issue at https://github.com/facebookresearch/Mephisto/issues
[2024-02-29 17:28:02,919][mephisto.operations.operator][INFO] - Operator running task ID = 61
[2024-02-29 17:28:20,952][mephisto.operations.client_io_handler][WARNING] - [31;1m[Version Mismatch!!][0m: Package `mephisto-task` version mismatch. Expected version 2.0.4 but frontend is currently using 2.0.3. This may cause unexpected errors, be sure to update your `mephisto-task` dependency with `npm install mephisto-task@2.0.4 --save`. If this warning still persists or the version isn't found, please open an issue at https://github.com/facebookresearch/Mephisto/issues
[2024-02-29 17:28:32,926][mephisto.operations.operator][INFO] - Operator running task ID = 61
[2024-02-29 17:28:40,773][mephisto.operations.client_io_handler][WARNING] - [31;1m[Version Mismatch!!][0m: Package `mephisto-task` version mismatch. Expected version 2.0.4 but frontend is currently using 2.0.3. This may cause unexpected errors, be sure to update your `mephisto-task` dependency with `npm install mephisto-task@2.0.4 --save`. If this warning still persists or the version isn't found, please open an issue at https://github.com/facebookresearch/Mephisto/issues
[2024-02-29 17:28:52,309][mephisto.operations.client_io_handler][WARNING] - [31;1m[Version Mismatch!!][0m: Package `mephisto-task` version mismatch. Expected version 2.0.4 but frontend is currently using 2.0.3. This may cause unexpected errors, be sure to update your `mephisto-task` dependency with `npm install mephisto-task@2.0.4 --save`. If this warning still persists or the version isn't found, please open an issue at https://github.com/facebookresearch/Mephisto/issues
[2024-02-29 17:29:02,933][mephisto.operations.operator][INFO] - Operator running task ID = 61
[2024-02-29 17:29:32,941][mephisto.operations.operator][INFO] - Operator running task ID = 61
[2024-02-29 17:30:02,950][mephisto.operations.operator][INFO] - Operator running task ID = 61
[2024-02-29 17:30:32,957][mephisto.operations.operator][INFO] - Operator running task ID = 61
[2024-02-29 17:31:02,970][mephisto.operations.operator][INFO] - Operator running task ID = 61
[2024-02-29 17:31:32,981][mephisto.operations.operator][INFO] - Operator running task ID = 61
[2024-02-29 17:32:02,993][mephisto.operations.operator][INFO] - Operator running task ID = 61
[2024-02-29 17:32:33,000][mephisto.operations.operator][INFO] - Operator running task ID = 61
[2024-02-29 17:33:03,009][mephisto.operations.operator][INFO] - Operator running task ID = 61
[2024-02-29 17:33:33,017][mephisto.operations.operator][INFO] - Operator running task ID = 61
[2024-02-29 17:34:03,026][mephisto.operations.operator][INFO] - Operator running task ID = 61
[2024-02-29 17:34:33,032][mephisto.operations.operator][INFO] - Operator running task ID = 61
[2024-02-29 17:35:03,037][mephisto.operations.operator][INFO] - Operator running task ID = 61
[2024-02-29 17:35:33,045][mephisto.operations.operator][INFO] - Operator running task ID = 61
[2024-02-29 17:36:03,054][mephisto.operations.operator][INFO] - Operator running task ID = 61
[2024-02-29 17:36:33,064][mephisto.operations.operator][INFO] - Operator running task ID = 61
[2024-02-29 17:37:03,070][mephisto.operations.operator][INFO] - Operator running task ID = 61
[2024-02-29 17:37:33,077][mephisto.operations.operator][INFO] - Operator running task ID = 61
[2024-02-29 17:38:03,086][mephisto.operations.operator][INFO] - Operator running task ID = 61
[2024-02-29 17:38:33,095][mephisto.operations.operator][INFO] - Operator running task ID = 61
[2024-02-29 17:39:03,102][mephisto.operations.operator][INFO] - Operator running task ID = 61
[2024-02-29 17:39:33,110][mephisto.operations.operator][INFO] - Operator running task ID = 61
[2024-02-29 17:40:03,117][mephisto.operations.operator][INFO] - Operator running task ID = 61
[2024-02-29 17:40:33,126][mephisto.operations.operator][INFO] - Operator running task ID = 61
[2024-02-29 17:41:03,133][mephisto.operations.operator][INFO] - Operator running task ID = 61
[2024-02-29 17:41:33,143][mephisto.operations.operator][INFO] - Operator running task ID = 61
[2024-02-29 17:42:03,154][mephisto.operations.operator][INFO] - Operator running task ID = 61
[2024-02-29 17:42:33,164][mephisto.operations.operator][INFO] - Operator running task ID = 61
[2024-02-29 17:43:03,173][mephisto.operations.operator][INFO] - Operator running task ID = 61
[2024-02-29 17:43:33,182][mephisto.operations.operator][INFO] - Operator running task ID = 61
[2024-02-29 17:44:03,192][mephisto.operations.operator][INFO] - Operator running task ID = 61
[2024-02-29 17:44:33,199][mephisto.operations.operator][INFO] - Operator running task ID = 61
[2024-02-29 17:45:03,205][mephisto.operations.operator][INFO] - Operator running task ID = 61
[2024-02-29 17:45:33,212][mephisto.operations.operator][INFO] - Operator running task ID = 61
[2024-02-29 17:46:03,218][mephisto.operations.operator][INFO] - Operator running task ID = 61
[2024-02-29 17:46:33,224][mephisto.operations.operator][INFO] - Operator running task ID = 61
[2024-02-29 17:47:03,236][mephisto.operations.operator][INFO] - Operator running task ID = 61
[2024-02-29 17:47:33,244][mephisto.operations.operator][INFO] - Operator running task ID = 61
[2024-02-29 17:48:03,253][mephisto.operations.operator][INFO] - Operator running task ID = 61
[2024-02-29 17:48:33,260][mephisto.operations.operator][INFO] - Operator running task ID = 61
[2024-02-29 17:49:03,270][mephisto.operations.operator][INFO] - Operator running task ID = 61
[2024-02-29 17:49:33,279][mephisto.operations.operator][INFO] - Operator running task ID = 61
[2024-02-29 17:50:03,291][mephisto.operations.operator][INFO] - Operator running task ID = 61
[2024-02-29 17:50:33,300][mephisto.operations.operator][INFO] - Operator running task ID = 61
[2024-02-29 17:51:03,309][mephisto.operations.operator][INFO] - Operator running task ID = 61
[2024-02-29 17:51:33,317][mephisto.operations.operator][INFO] - Operator running task ID = 61
[2024-02-29 17:52:03,328][mephisto.operations.operator][INFO] - Operator running task ID = 61
[2024-02-29 17:52:33,335][mephisto.operations.operator][INFO] - Operator running task ID = 61
[2024-02-29 17:53:03,344][mephisto.operations.operator][INFO] - Operator running task ID = 61
[2024-02-29 17:53:33,351][mephisto.operations.operator][INFO] - Operator running task ID = 61
[2024-02-29 17:54:03,361][mephisto.operations.operator][INFO] - Operator running task ID = 61
[2024-02-29 17:54:33,370][mephisto.operations.operator][INFO] - Operator running task ID = 61
[2024-02-29 17:55:03,380][mephisto.operations.operator][INFO] - Operator running task ID = 61
[2024-02-29 17:55:33,388][mephisto.operations.operator][INFO] - Operator running task ID = 61
[2024-02-29 17:56:03,394][mephisto.operations.operator][INFO] - Operator running task ID = 61
[2024-02-29 17:56:33,400][mephisto.operations.operator][INFO] - Operator running task ID = 61
[2024-02-29 17:57:03,410][mephisto.operations.operator][INFO] - Operator running task ID = 61
[2024-02-29 17:57:33,416][mephisto.operations.operator][INFO] - Operator running task ID = 61
[2024-02-29 17:58:03,425][mephisto.operations.operator][INFO] - Operator running task ID = 61
[2024-02-29 17:58:33,432][mephisto.operations.operator][INFO] - Operator running task ID = 61
[2024-02-29 17:59:03,439][mephisto.operations.operator][INFO] - Operator running task ID = 61
[2024-02-29 17:59:33,447][mephisto.operations.operator][INFO] - Operator running task ID = 61
[2024-02-29 18:00:03,453][mephisto.operations.operator][INFO] - Operator running task ID = 61
[2024-02-29 18:00:33,461][mephisto.operations.operator][INFO] - Operator running task ID = 61
[2024-02-29 18:01:03,471][mephisto.operations.operator][INFO] - Operator running task ID = 61
[2024-02-29 18:01:33,480][mephisto.operations.operator][INFO] - Operator running task ID = 61
[2024-02-29 18:02:03,490][mephisto.operations.operator][INFO] - Operator running task ID = 61
[2024-02-29 18:02:33,499][mephisto.operations.operator][INFO] - Operator running task ID = 61
[2024-02-29 18:03:03,507][mephisto.operations.operator][INFO] - Operator running task ID = 61
[2024-02-29 18:03:33,515][mephisto.operations.operator][INFO] - Operator running task ID = 61
[2024-02-29 18:04:03,523][mephisto.operations.operator][INFO] - Operator running task ID = 61
[2024-02-29 18:04:33,532][mephisto.operations.operator][INFO] - Operator running task ID = 61
[2024-02-29 18:05:03,541][mephisto.operations.operator][INFO] - Operator running task ID = 61
[2024-02-29 18:05:33,547][mephisto.operations.operator][INFO] - Operator running task ID = 61
[2024-02-29 18:06:03,553][mephisto.operations.operator][INFO] - Operator running task ID = 61
[2024-02-29 18:06:33,560][mephisto.operations.operator][INFO] - Operator running task ID = 61
[2024-02-29 18:07:03,569][mephisto.operations.operator][INFO] - Operator running task ID = 61
[2024-02-29 18:07:33,575][mephisto.operations.operator][INFO] - Operator running task ID = 61
[2024-02-29 18:08:03,582][mephisto.operations.operator][INFO] - Operator running task ID = 61
[2024-02-29 18:08:33,587][mephisto.operations.operator][INFO] - Operator running task ID = 61
[2024-02-29 18:09:03,593][mephisto.operations.operator][INFO] - Operator running task ID = 61
[2024-02-29 18:09:33,599][mephisto.operations.operator][INFO] - Operator running task ID = 61
[2024-02-29 18:10:03,605][mephisto.operations.operator][INFO] - Operator running task ID = 61
[2024-02-29 18:10:33,608][mephisto.operations.operator][INFO] - Operator running task ID = 61
[2024-02-29 18:11:03,615][mephisto.operations.operator][INFO] - Operator running task ID = 61
[2024-02-29 18:11:33,619][mephisto.operations.operator][INFO] - Operator running task ID = 61
[2024-02-29 18:12:03,625][mephisto.operations.operator][INFO] - Operator running task ID = 61
[2024-02-29 18:12:33,633][mephisto.operations.operator][INFO] - Operator running task ID = 61
[2024-02-29 18:13:03,641][mephisto.operations.operator][INFO] - Operator running task ID = 61
[2024-02-29 18:13:33,647][mephisto.operations.operator][INFO] - Operator running task ID = 61
[2024-02-29 18:14:03,653][mephisto.operations.operator][INFO] - Operator running task ID = 61
[2024-02-29 18:14:33,659][mephisto.operations.operator][INFO] - Operator running task ID = 61
[2024-02-29 18:15:03,666][mephisto.operations.operator][INFO] - Operator running task ID = 61
[2024-02-29 18:15:33,670][mephisto.operations.operator][INFO] - Operator running task ID = 61
[2024-02-29 18:16:03,676][mephisto.operations.operator][INFO] - Operator running task ID = 61
[2024-02-29 18:16:33,681][mephisto.operations.operator][INFO] - Operator running task ID = 61
[2024-02-29 18:17:03,688][mephisto.operations.operator][INFO] - Operator running task ID = 61
[2024-02-29 18:17:33,693][mephisto.operations.operator][INFO] - Operator running task ID = 61
[2024-02-29 18:18:03,700][mephisto.operations.operator][INFO] - Operator running task ID = 61
[2024-02-29 18:18:33,706][mephisto.operations.operator][INFO] - Operator running task ID = 61
[2024-02-29 18:19:03,713][mephisto.operations.operator][INFO] - Operator running task ID = 61
[2024-02-29 18:19:33,718][mephisto.operations.operator][INFO] - Operator running task ID = 61
[2024-02-29 18:20:03,724][mephisto.operations.operator][INFO] - Operator running task ID = 61
[2024-02-29 18:20:33,729][mephisto.operations.operator][INFO] - Operator running task ID = 61
[2024-02-29 18:21:03,735][mephisto.operations.operator][INFO] - Operator running task ID = 61
[2024-02-29 18:21:33,741][mephisto.operations.operator][INFO] - Operator running task ID = 61
[2024-02-29 18:22:03,747][mephisto.operations.operator][INFO] - Operator running task ID = 61
[2024-02-29 18:22:33,752][mephisto.operations.operator][INFO] - Operator running task ID = 61
[2024-02-29 18:23:03,757][mephisto.operations.operator][INFO] - Operator running task ID = 61
[2024-02-29 18:23:33,762][mephisto.operations.operator][INFO] - Operator running task ID = 61
[2024-02-29 18:24:03,766][mephisto.operations.operator][INFO] - Operator running task ID = 61
[2024-02-29 18:24:33,770][mephisto.operations.operator][INFO] - Operator running task ID = 61
[2024-02-29 18:25:03,776][mephisto.operations.operator][INFO] - Operator running task ID = 61
[2024-02-29 18:25:33,782][mephisto.operations.operator][INFO] - Operator running task ID = 61
[2024-02-29 18:26:03,785][mephisto.operations.operator][INFO] - Operator running task ID = 61
[2024-02-29 18:26:33,789][mephisto.operations.operator][INFO] - Operator running task ID = 61
[2024-02-29 18:27:03,794][mephisto.operations.operator][INFO] - Operator running task ID = 61
[2024-02-29 18:27:33,798][mephisto.operations.operator][INFO] - Operator running task ID = 61
[2024-02-29 18:28:03,804][mephisto.operations.operator][INFO] - Operator running task ID = 61
[2024-02-29 18:28:33,809][mephisto.operations.operator][INFO] - Operator running task ID = 61
[2024-02-29 18:29:03,813][mephisto.operations.operator][INFO] - Operator running task ID = 61
[2024-02-29 18:29:33,816][mephisto.operations.operator][INFO] - Operator running task ID = 61
[2024-02-29 18:30:03,821][mephisto.operations.operator][INFO] - Operator running task ID = 61
[2024-02-29 18:30:33,825][mephisto.operations.operator][INFO] - Operator running task ID = 61
[2024-02-29 18:31:03,828][mephisto.operations.operator][INFO] - Operator running task ID = 61
[2024-02-29 18:31:33,830][mephisto.operations.operator][INFO] - Operator running task ID = 61
[2024-02-29 18:32:03,834][mephisto.operations.operator][INFO] - Operator running task ID = 61
[2024-02-29 18:32:33,839][mephisto.operations.operator][INFO] - Operator running task ID = 61
[2024-02-29 18:33:03,843][mephisto.operations.operator][INFO] - Operator running task ID = 61
[2024-02-29 18:33:33,848][mephisto.operations.operator][INFO] - Operator running task ID = 61
[2024-02-29 18:34:03,853][mephisto.operations.operator][INFO] - Operator running task ID = 61
[2024-02-29 18:34:30,484][mephisto.operations.operator][ERROR] - Cleaning up after keyboard interrupt, please [31;1mwait to Ctrl-C again[0m until instructed to.
[2024-02-29 18:34:30,484][mephisto.operations.operator][INFO] - operator shutting down
[2024-02-29 18:34:30,484][mephisto.operations.operator][INFO] - Expiring units for task run 61.
[2024-02-29 18:34:30,538][mephisto.operations.operator][INFO] - Waiting on 1 task runs with assignments in-flight. [31;1mCtrl-C ONCE[0m to kill running tasks and FORCE QUIT.
[2024-02-29 18:34:30,760][sh.command][INFO] - <Command '/usr/bin/rm -rf /home/martins_32048/Projects/Mephisto/tmp/local_server_61/server', pid 1925737>: process started
