[2024-02-29 19:02:27,629][root][WARNING] - Mephisto supports rich run-time metrics visualization through Prometheus and Grafana. If you'd like to use this feature, use `mephisto metrics install` to install.(Current install dir is '/home/martins_32048/Projects/Mephisto/mephisto/scripts/metrics')'
[2024-02-29 19:02:27,681][mephisto.operations.operator][INFO] - Creating a task run under task name: react-word-sentiment
[2024-02-29 19:02:28,998][sh.command][INFO] - <Command '/usr/bin/rm -rf /home/martins_32048/mephisto-data/data/data/runs/NO_PROJECT/64/build/router', pid 1927605>: process started
[2024-02-29 19:02:30,274][sh.command][INFO] - <Command '/usr/bin/rm -rf /home/martins_32048/mephisto-data/data/data/runs/NO_PROJECT/64/build/router', pid 1927617>: process started
[2024-02-29 19:02:30,285][mephisto.operations.client_io_handler][INFO] - Sending alive
[2024-02-29 19:02:30,285][mephisto.operations.client_io_handler][INFO] - Sending alive
[2024-02-29 19:02:30,298][mephisto.operations.client_io_handler][INFO] - Sending alive
[2024-02-29 19:02:30,298][mephisto.abstractions.architects.channels.websocket_channel][INFO] - channel open
[2024-02-29 19:02:30,588][mephisto.operations.operator][INFO] - Operator running task ID = 64
[2024-02-29 19:02:40,612][mephisto.abstractions.providers.mock.mock_unit][INFO] - Mock task launched: http://localhost:3000 for preview, http://localhost:3000/?worker_id=x&assignment_id=1812 for assignment 902
[2024-02-29 19:02:40,616][mephisto.abstractions.providers.mock.mock_unit][INFO] - Mock task launched: http://localhost:3000 for preview, http://localhost:3000/?worker_id=x&assignment_id=1813 for assignment 902
[2024-02-29 19:02:40,619][mephisto.abstractions.providers.mock.mock_unit][INFO] - Mock task launched: http://localhost:3000 for preview, http://localhost:3000/?worker_id=x&assignment_id=1814 for assignment 902
[2024-02-29 19:02:40,622][mephisto.abstractions.providers.mock.mock_unit][INFO] - Mock task launched: http://localhost:3000 for preview, http://localhost:3000/?worker_id=x&assignment_id=1815 for assignment 903
[2024-02-29 19:02:40,625][mephisto.abstractions.providers.mock.mock_unit][INFO] - Mock task launched: http://localhost:3000 for preview, http://localhost:3000/?worker_id=x&assignment_id=1816 for assignment 903
[2024-02-29 19:02:40,627][mephisto.abstractions.providers.mock.mock_unit][INFO] - Mock task launched: http://localhost:3000 for preview, http://localhost:3000/?worker_id=x&assignment_id=1817 for assignment 903
[2024-02-29 19:02:40,629][mephisto.abstractions.providers.mock.mock_unit][INFO] - Mock task launched: http://localhost:3000 for preview, http://localhost:3000/?worker_id=x&assignment_id=1818 for assignment 904
[2024-02-29 19:02:40,630][mephisto.abstractions.providers.mock.mock_unit][INFO] - Mock task launched: http://localhost:3000 for preview, http://localhost:3000/?worker_id=x&assignment_id=1819 for assignment 904
[2024-02-29 19:02:40,631][mephisto.abstractions.providers.mock.mock_unit][INFO] - Mock task launched: http://localhost:3000 for preview, http://localhost:3000/?worker_id=x&assignment_id=1820 for assignment 904
[2024-02-29 19:02:40,633][mephisto.abstractions.providers.mock.mock_unit][INFO] - Mock task launched: http://localhost:3000 for preview, http://localhost:3000/?worker_id=x&assignment_id=1821 for assignment 905
[2024-02-29 19:02:40,634][mephisto.abstractions.providers.mock.mock_unit][INFO] - Mock task launched: http://localhost:3000 for preview, http://localhost:3000/?worker_id=x&assignment_id=1822 for assignment 905
[2024-02-29 19:02:40,636][mephisto.abstractions.providers.mock.mock_unit][INFO] - Mock task launched: http://localhost:3000 for preview, http://localhost:3000/?worker_id=x&assignment_id=1823 for assignment 905
[2024-02-29 19:02:40,637][mephisto.abstractions.providers.mock.mock_unit][INFO] - Mock task launched: http://localhost:3000 for preview, http://localhost:3000/?worker_id=x&assignment_id=1824 for assignment 906
[2024-02-29 19:02:40,639][mephisto.abstractions.providers.mock.mock_unit][INFO] - Mock task launched: http://localhost:3000 for preview, http://localhost:3000/?worker_id=x&assignment_id=1825 for assignment 906
[2024-02-29 19:02:40,640][mephisto.abstractions.providers.mock.mock_unit][INFO] - Mock task launched: http://localhost:3000 for preview, http://localhost:3000/?worker_id=x&assignment_id=1826 for assignment 906
[2024-02-29 19:02:40,642][mephisto.abstractions.providers.mock.mock_unit][INFO] - Mock task launched: http://localhost:3000 for preview, http://localhost:3000/?worker_id=x&assignment_id=1827 for assignment 907
[2024-02-29 19:02:40,643][mephisto.abstractions.providers.mock.mock_unit][INFO] - Mock task launched: http://localhost:3000 for preview, http://localhost:3000/?worker_id=x&assignment_id=1828 for assignment 907
[2024-02-29 19:02:40,645][mephisto.abstractions.providers.mock.mock_unit][INFO] - Mock task launched: http://localhost:3000 for preview, http://localhost:3000/?worker_id=x&assignment_id=1829 for assignment 907
[2024-02-29 19:02:40,646][mephisto.abstractions.providers.mock.mock_unit][INFO] - Mock task launched: http://localhost:3000 for preview, http://localhost:3000/?worker_id=x&assignment_id=1830 for assignment 908
[2024-02-29 19:02:40,648][mephisto.abstractions.providers.mock.mock_unit][INFO] - Mock task launched: http://localhost:3000 for preview, http://localhost:3000/?worker_id=x&assignment_id=1831 for assignment 908
[2024-02-29 19:02:40,649][mephisto.abstractions.providers.mock.mock_unit][INFO] - Mock task launched: http://localhost:3000 for preview, http://localhost:3000/?worker_id=x&assignment_id=1832 for assignment 908
[2024-02-29 19:02:40,651][mephisto.abstractions.providers.mock.mock_unit][INFO] - Mock task launched: http://localhost:3000 for preview, http://localhost:3000/?worker_id=x&assignment_id=1833 for assignment 909
[2024-02-29 19:02:40,652][mephisto.abstractions.providers.mock.mock_unit][INFO] - Mock task launched: http://localhost:3000 for preview, http://localhost:3000/?worker_id=x&assignment_id=1834 for assignment 909
[2024-02-29 19:02:40,653][mephisto.abstractions.providers.mock.mock_unit][INFO] - Mock task launched: http://localhost:3000 for preview, http://localhost:3000/?worker_id=x&assignment_id=1835 for assignment 909
[2024-02-29 19:02:40,655][mephisto.abstractions.providers.mock.mock_unit][INFO] - Mock task launched: http://localhost:3000 for preview, http://localhost:3000/?worker_id=x&assignment_id=1836 for assignment 910
[2024-02-29 19:02:40,656][mephisto.abstractions.providers.mock.mock_unit][INFO] - Mock task launched: http://localhost:3000 for preview, http://localhost:3000/?worker_id=x&assignment_id=1837 for assignment 910
[2024-02-29 19:02:40,658][mephisto.abstractions.providers.mock.mock_unit][INFO] - Mock task launched: http://localhost:3000 for preview, http://localhost:3000/?worker_id=x&assignment_id=1838 for assignment 910
[2024-02-29 19:03:00,597][mephisto.operations.operator][INFO] - Operator running task ID = 64
[2024-02-29 19:03:01,485][mephisto.operations.client_io_handler][WARNING] - [31;1m[Version Mismatch!!][0m: Package `mephisto-task` version mismatch. Expected version 2.0.4 but frontend is currently using 2.0.3. This may cause unexpected errors, be sure to update your `mephisto-task` dependency with `npm install mephisto-task@2.0.4 --save`. If this warning still persists or the version isn't found, please open an issue at https://github.com/facebookresearch/Mephisto/issues
[2024-02-29 19:03:02,735][mephisto.abstractions.blueprints.abstract.static_task.static_agent_state][INFO] - SAVED_DATA_TO_DISC at /home/martins_32048/mephisto-data/data/data/runs/NO_PROJECT/64/onboarding/onboarding_57/agent_data.json
[2024-02-29 19:03:02,736][mephisto.operations.worker_pool][INFO] - MockWorker(60) is starting onboarding thread with onboarding OnboardingAgent(57, none).
[2024-02-29 19:03:02,740][mephisto.operations.client_io_handler][WARNING] - [31;1m[Version Mismatch!!][0m: Package `mephisto-task` version mismatch. Expected version 2.0.4 but frontend is currently using 2.0.3. This may cause unexpected errors, be sure to update your `mephisto-task` dependency with `npm install mephisto-task@2.0.4 --save`. If this warning still persists or the version isn't found, please open an issue at https://github.com/facebookresearch/Mephisto/issues
[2024-02-29 19:03:03,559][mephisto.abstractions.blueprints.abstract.static_task.static_agent_state][INFO] - SAVED_DATA_TO_DISC at /home/martins_32048/mephisto-data/data/data/runs/NO_PROJECT/64/onboarding/onboarding_57/agent_data.json
[2024-02-29 19:03:03,564][mephisto.operations.worker_pool][INFO] - Onboarding agent onboarding_57 registered out from onboarding
[2024-02-29 19:03:03,569][mephisto.abstractions.blueprints.abstract.static_task.static_agent_state][INFO] - SAVED_DATA_TO_DISC at /home/martins_32048/mephisto-data/data/data/runs/NO_PROJECT/64/902/239/agent_data.json
[2024-02-29 19:03:14,673][mephisto.abstractions.blueprints.abstract.static_task.static_agent_state][INFO] - SAVED_DATA_TO_DISC at /home/martins_32048/mephisto-data/data/data/runs/NO_PROJECT/64/902/239/agent_data.json
[2024-02-29 19:03:30,610][mephisto.operations.operator][INFO] - Operator running task ID = 64
[2024-02-29 19:03:37,637][mephisto.operations.client_io_handler][WARNING] - [31;1m[Version Mismatch!!][0m: Package `mephisto-task` version mismatch. Expected version 2.0.4 but frontend is currently using 2.0.3. This may cause unexpected errors, be sure to update your `mephisto-task` dependency with `npm install mephisto-task@2.0.4 --save`. If this warning still persists or the version isn't found, please open an issue at https://github.com/facebookresearch/Mephisto/issues
[2024-02-29 19:03:39,138][mephisto.abstractions.blueprints.abstract.static_task.static_agent_state][INFO] - SAVED_DATA_TO_DISC at /home/martins_32048/mephisto-data/data/data/runs/NO_PROJECT/64/902/239/agent_data.json
[2024-02-29 19:03:58,146][mephisto.operations.client_io_handler][WARNING] - [31;1m[Version Mismatch!!][0m: Package `mephisto-task` version mismatch. Expected version 2.0.4 but frontend is currently using 2.0.3. This may cause unexpected errors, be sure to update your `mephisto-task` dependency with `npm install mephisto-task@2.0.4 --save`. If this warning still persists or the version isn't found, please open an issue at https://github.com/facebookresearch/Mephisto/issues
[2024-02-29 19:04:00,616][mephisto.operations.operator][INFO] - Operator running task ID = 64
[2024-02-29 19:04:14,136][mephisto.operations.operator][ERROR] - Cleaning up after keyboard interrupt, please [31;1mwait to Ctrl-C again[0m until instructed to.
[2024-02-29 19:04:14,136][mephisto.operations.operator][INFO] - operator shutting down
[2024-02-29 19:04:14,136][mephisto.operations.operator][INFO] - Expiring units for task run 64.
[2024-02-29 19:04:14,257][mephisto.operations.operator][INFO] - Waiting on 1 task runs with assignments in-flight. [31;1mCtrl-C ONCE[0m to kill running tasks and FORCE QUIT.
[2024-02-29 19:04:14,471][sh.command][INFO] - <Command '/usr/bin/rm -rf /home/martins_32048/Projects/Mephisto/tmp/local_server_64/server', pid 1927708>: process started
