[2024-02-28 11:04:05,334][root][WARNING] - Mephisto supports rich run-time metrics visualization through Prometheus and Grafana. If you'd like to use this feature, use `mephisto metrics install` to install.(Current install dir is '/home/martins_32048/Projects/Mephisto/mephisto/scripts/metrics')'
[2024-02-28 11:04:05,366][mephisto.operations.operator][INFO] - Creating a task run under task name: react-static-task-example
[2024-02-28 11:04:06,708][sh.command][INFO] - <Command '/usr/bin/rm -rf /home/martins_32048/mephisto-data/data/data/runs/NO_PROJECT/38/build/router', pid 1809262>: process started
[2024-02-28 11:04:08,036][sh.command][INFO] - <Command '/usr/bin/rm -rf /home/martins_32048/mephisto-data/data/data/runs/NO_PROJECT/38/build/router', pid 1809274>: process started
[2024-02-28 11:04:08,044][mephisto.operations.client_io_handler][INFO] - Sending alive
[2024-02-28 11:04:08,045][mephisto.operations.client_io_handler][INFO] - Sending alive
[2024-02-28 11:04:08,068][mephisto.operations.client_io_handler][INFO] - Sending alive
[2024-02-28 11:04:08,068][mephisto.abstractions.architects.channels.websocket_channel][INFO] - channel open
[2024-02-28 11:04:08,368][mephisto.operations.operator][INFO] - Operator running task ID = 38
[2024-02-28 11:04:08,370][mephisto.abstractions.providers.mock.mock_unit][INFO] - Mock task launched: http://localhost:3000 for preview, http://localhost:3000/?worker_id=x&assignment_id=113 for assignment 71
[2024-02-28 11:04:08,372][mephisto.abstractions.providers.mock.mock_unit][INFO] - Mock task launched: http://localhost:3000 for preview, http://localhost:3000/?worker_id=x&assignment_id=114 for assignment 71
[2024-02-28 11:04:08,374][mephisto.abstractions.providers.mock.mock_unit][INFO] - Mock task launched: http://localhost:3000 for preview, http://localhost:3000/?worker_id=x&assignment_id=115 for assignment 71
[2024-02-28 11:04:08,375][mephisto.abstractions.providers.mock.mock_unit][INFO] - Mock task launched: http://localhost:3000 for preview, http://localhost:3000/?worker_id=x&assignment_id=116 for assignment 72
[2024-02-28 11:04:08,377][mephisto.abstractions.providers.mock.mock_unit][INFO] - Mock task launched: http://localhost:3000 for preview, http://localhost:3000/?worker_id=x&assignment_id=117 for assignment 72
[2024-02-28 11:04:08,378][mephisto.abstractions.providers.mock.mock_unit][INFO] - Mock task launched: http://localhost:3000 for preview, http://localhost:3000/?worker_id=x&assignment_id=118 for assignment 72
[2024-02-28 11:04:10,680][mephisto.operations.client_io_handler][WARNING] - [31;1m[Version Mismatch!!][0m: Package `mephisto-task` version mismatch. Expected version 2.0.4 but frontend is currently using 2.0.3. This may cause unexpected errors, be sure to update your `mephisto-task` dependency with `npm install mephisto-task@2.0.4 --save`. If this warning still persists or the version isn't found, please open an issue at https://github.com/facebookresearch/Mephisto/issues
[2024-02-28 11:04:10,689][mephisto.abstractions.blueprints.abstract.static_task.static_agent_state][INFO] - SAVED_DATA_TO_DISC at /home/martins_32048/mephisto-data/data/data/runs/NO_PROJECT/38/71/45/agent_data.json
[2024-02-28 11:04:12,619][mephisto.abstractions.blueprints.abstract.static_task.static_agent_state][INFO] - SAVED_DATA_TO_DISC at /home/martins_32048/mephisto-data/data/data/runs/NO_PROJECT/38/71/45/agent_data.json
[2024-02-28 11:04:38,379][mephisto.operations.operator][INFO] - Operator running task ID = 38
[2024-02-28 11:05:08,390][mephisto.operations.operator][INFO] - Operator running task ID = 38
[2024-02-28 11:05:38,400][mephisto.operations.operator][INFO] - Operator running task ID = 38
[2024-02-28 11:06:08,410][mephisto.operations.operator][INFO] - Operator running task ID = 38
[2024-02-28 11:06:14,603][mephisto.operations.client_io_handler][WARNING] - [31;1m[Version Mismatch!!][0m: Package `mephisto-task` version mismatch. Expected version 2.0.4 but frontend is currently using 2.0.3. This may cause unexpected errors, be sure to update your `mephisto-task` dependency with `npm install mephisto-task@2.0.4 --save`. If this warning still persists or the version isn't found, please open an issue at https://github.com/facebookresearch/Mephisto/issues
[2024-02-28 11:06:15,571][mephisto.abstractions.blueprints.abstract.static_task.static_agent_state][INFO] - SAVED_DATA_TO_DISC at /home/martins_32048/mephisto-data/data/data/runs/NO_PROJECT/38/71/45/agent_data.json
[2024-02-28 11:06:17,458][mephisto.abstractions.blueprints.abstract.static_task.static_agent_state][INFO] - SAVED_DATA_TO_DISC at /home/martins_32048/mephisto-data/data/data/runs/NO_PROJECT/38/71/45/agent_data.json
[2024-02-28 11:06:19,450][mephisto.abstractions.blueprints.abstract.static_task.static_agent_state][INFO] - SAVED_DATA_TO_DISC at /home/martins_32048/mephisto-data/data/data/runs/NO_PROJECT/38/71/45/agent_data.json
[2024-02-28 11:06:21,433][mephisto.operations.client_io_handler][WARNING] - [31;1m[Version Mismatch!!][0m: Package `mephisto-task` version mismatch. Expected version 2.0.4 but frontend is currently using 2.0.3. This may cause unexpected errors, be sure to update your `mephisto-task` dependency with `npm install mephisto-task@2.0.4 --save`. If this warning still persists or the version isn't found, please open an issue at https://github.com/facebookresearch/Mephisto/issues
[2024-02-28 11:06:22,259][mephisto.abstractions.blueprints.abstract.static_task.static_agent_state][INFO] - SAVED_DATA_TO_DISC at /home/martins_32048/mephisto-data/data/data/runs/NO_PROJECT/38/71/45/agent_data.json
[2024-02-28 11:06:38,422][mephisto.operations.operator][INFO] - Operator running task ID = 38
[2024-02-28 11:06:43,579][mephisto.abstractions.blueprints.abstract.static_task.static_agent_state][INFO] - SAVED_DATA_TO_DISC at /home/martins_32048/mephisto-data/data/data/runs/NO_PROJECT/38/71/45/agent_data.json
[2024-02-28 11:06:47,004][mephisto.operations.client_io_handler][WARNING] - [31;1m[Version Mismatch!!][0m: Package `mephisto-task` version mismatch. Expected version 2.0.4 but frontend is currently using 2.0.3. This may cause unexpected errors, be sure to update your `mephisto-task` dependency with `npm install mephisto-task@2.0.4 --save`. If this warning still persists or the version isn't found, please open an issue at https://github.com/facebookresearch/Mephisto/issues
[2024-02-28 11:06:48,681][mephisto.abstractions.blueprints.abstract.static_task.static_agent_state][INFO] - SAVED_DATA_TO_DISC at /home/martins_32048/mephisto-data/data/data/runs/NO_PROJECT/38/71/45/agent_data.json
[2024-02-28 11:07:08,434][mephisto.operations.operator][INFO] - Operator running task ID = 38
[2024-02-28 11:07:15,281][mephisto.operations.client_io_handler][WARNING] - [31;1m[Version Mismatch!!][0m: Package `mephisto-task` version mismatch. Expected version 2.0.4 but frontend is currently using 2.0.3. This may cause unexpected errors, be sure to update your `mephisto-task` dependency with `npm install mephisto-task@2.0.4 --save`. If this warning still persists or the version isn't found, please open an issue at https://github.com/facebookresearch/Mephisto/issues
[2024-02-28 11:07:16,500][mephisto.abstractions.blueprints.abstract.static_task.static_agent_state][INFO] - SAVED_DATA_TO_DISC at /home/martins_32048/mephisto-data/data/data/runs/NO_PROJECT/38/71/45/agent_data.json
[2024-02-28 11:07:29,000][mephisto.operations.client_io_handler][WARNING] - [31;1m[Version Mismatch!!][0m: Package `mephisto-task` version mismatch. Expected version 2.0.4 but frontend is currently using 2.0.3. This may cause unexpected errors, be sure to update your `mephisto-task` dependency with `npm install mephisto-task@2.0.4 --save`. If this warning still persists or the version isn't found, please open an issue at https://github.com/facebookresearch/Mephisto/issues
[2024-02-28 11:07:29,971][mephisto.abstractions.blueprints.abstract.static_task.static_agent_state][INFO] - SAVED_DATA_TO_DISC at /home/martins_32048/mephisto-data/data/data/runs/NO_PROJECT/38/71/45/agent_data.json
[2024-02-28 11:07:35,728][mephisto.operations.operator][ERROR] - Cleaning up after keyboard interrupt, please [31;1mwait to Ctrl-C again[0m until instructed to.
[2024-02-28 11:07:35,728][mephisto.operations.operator][INFO] - operator shutting down
[2024-02-28 11:07:35,728][mephisto.operations.operator][INFO] - Expiring units for task run 38.
[2024-02-28 11:07:35,773][mephisto.operations.operator][INFO] - Waiting on 1 task runs with assignments in-flight. [31;1mCtrl-C ONCE[0m to kill running tasks and FORCE QUIT.
[2024-02-28 11:07:35,996][sh.command][INFO] - <Command '/usr/bin/rm -rf /home/martins_32048/Projects/Mephisto/tmp/local_server_38/server', pid 1809662>: process started
