[2023-09-29 11:27:42,560][root][WARNING] - Mephisto supports rich run-time metrics visualization through Prometheus and Grafana. If you'd like to use this feature, use `mephisto metrics install` to install.(Current install dir is '/home/martins_32048/Projects/Mephisto/mephisto/scripts/metrics')'
[2023-09-29 11:27:42,663][mephisto.abstractions.blueprints.static_react_task.static_react_blueprint][INFO] - If you want your server to update on reload whenever you make changes to your webapp, then make sure to set 

link_task_source: [blue]true[/blue]

in your task's hydra configuration and run 

[purple]cd[/purple] webapp [red]&&[/red] [green]npm[/green] run dev:watch

in a separate terminal window. For more information check out:
https://mephisto.ai/docs/guides/tutorials/custom_react/#12-launching-the-task

[2023-09-29 11:27:42,663][mephisto.operations.operator][INFO] - Creating a task run under task name: react-static-task-example
[2023-09-29 11:27:43,565][sh.command][INFO] - <Command '/usr/bin/rm -rf /home/martins_32048/mephisto-data/data/data/runs/NO_PROJECT/5/build/router', pid 2403436>: process started
[2023-09-29 11:27:45,033][sh.command][INFO] - <Command '/usr/bin/rm -rf /home/martins_32048/mephisto-data/data/data/runs/NO_PROJECT/5/build/router', pid 2403448>: process started
[2023-09-29 11:27:45,090][mephisto.operations.client_io_handler][INFO] - Sending alive
[2023-09-29 11:27:45,090][mephisto.operations.client_io_handler][INFO] - Sending alive
[2023-09-29 11:27:45,104][mephisto.operations.client_io_handler][INFO] - Sending alive
[2023-09-29 11:27:45,104][mephisto.abstractions.architects.channels.websocket_channel][INFO] - channel open
[2023-09-29 11:27:45,449][mephisto.operations.operator][INFO] - Operator running task ID = 5
[2023-09-29 11:27:45,452][mephisto.abstractions.providers.mock.mock_unit][INFO] - Mock task launched: http://localhost:3000 for preview, http://localhost:3000/?worker_id=x&assignment_id=7 for assignment 5
[2023-09-29 11:27:45,455][mephisto.abstractions.providers.mock.mock_unit][INFO] - Mock task launched: http://localhost:3000 for preview, http://localhost:3000/?worker_id=x&assignment_id=8 for assignment 6
[2023-09-29 11:27:47,674][mephisto.operations.client_io_handler][WARNING] - [31;1m[Version Mismatch!!][0m: Package `mephisto-task` version mismatch. Expected version 2.0.4 but frontend is currently using 2.0.3. This may cause unexpected errors, be sure to update your `mephisto-task` dependency with `npm install mephisto-task@2.0.4 --save`. If this warning still persists or the version isn't found, please open an issue at https://github.com/facebookresearch/Mephisto/issues
[2023-09-29 11:27:47,724][mephisto.abstractions.blueprints.abstract.static_task.static_agent_state][INFO] - SAVED_DATA_TO_DISC at /home/martins_32048/mephisto-data/data/data/runs/NO_PROJECT/5/5/2/agent_data.json
[2023-09-29 11:27:50,248][mephisto.abstractions.blueprints.abstract.static_task.static_agent_state][INFO] - SAVED_DATA_TO_DISC at /home/martins_32048/mephisto-data/data/data/runs/NO_PROJECT/5/5/2/agent_data.json
[2023-09-29 11:27:53,838][mephisto.abstractions.blueprints.abstract.static_task.static_agent_state][INFO] - SAVED_DATA_TO_DISC at /home/martins_32048/mephisto-data/data/data/runs/NO_PROJECT/5/6/3/agent_data.json
[2023-09-29 11:27:53,858][mephisto.operations.client_io_handler][WARNING] - [31;1m[Version Mismatch!!][0m: Package `mephisto-task` version mismatch. Expected version 2.0.4 but frontend is currently using 2.0.3. This may cause unexpected errors, be sure to update your `mephisto-task` dependency with `npm install mephisto-task@2.0.4 --save`. If this warning still persists or the version isn't found, please open an issue at https://github.com/facebookresearch/Mephisto/issues
[2023-09-29 11:27:55,641][mephisto.abstractions.blueprints.abstract.static_task.static_agent_state][INFO] - SAVED_DATA_TO_DISC at /home/martins_32048/mephisto-data/data/data/runs/NO_PROJECT/5/6/3/agent_data.json
[2023-09-29 11:28:05,760][sh.command][INFO] - <Command '/usr/bin/rm -rf /home/martins_32048/Projects/Mephisto/tmp/local_server_5/server', pid 2403667>: process started
[2023-09-29 11:28:15,467][mephisto.operations.operator][INFO] - operator shutting down
[2023-09-29 11:28:15,818][mephisto.operations.operator][INFO] - Already shut down, ignoring repeated call
