[2024-03-04 12:42:57,881][root][WARNING] - Mephisto supports rich run-time metrics visualization through Prometheus and Grafana. If you'd like to use this feature, use `mephisto metrics install` to install.(Current install dir is '/home/martins_32048/Projects/Mephisto/mephisto/scripts/metrics')'
[2024-03-04 12:42:57,931][mephisto.operations.operator][INFO] - Creating a task run under task name: react-word-sentiment
[2024-03-04 12:42:58,761][sh.command][INFO] - <Command '/usr/bin/rm -rf /home/martins_32048/mephisto-data/data/data/runs/NO_PROJECT/76/build/router', pid 2231299>: process started
[2024-03-04 12:43:00,101][sh.command][INFO] - <Command '/usr/bin/rm -rf /home/martins_32048/mephisto-data/data/data/runs/NO_PROJECT/76/build/router', pid 2231312>: process started
[2024-03-04 12:43:00,114][mephisto.operations.client_io_handler][INFO] - Sending alive
[2024-03-04 12:43:00,114][mephisto.operations.client_io_handler][INFO] - Sending alive
[2024-03-04 12:43:00,128][mephisto.operations.client_io_handler][INFO] - Sending alive
[2024-03-04 12:43:00,128][mephisto.abstractions.architects.channels.websocket_channel][INFO] - channel open
[2024-03-04 12:43:00,417][mephisto.operations.operator][INFO] - Operator running task ID = 76
[2024-03-04 12:43:06,760][mephisto.operations.client_io_handler][WARNING] - [31;1m[Version Mismatch!!][0m: Package `mephisto-task` version mismatch. Expected version 2.0.4 but frontend is currently using 2.0.3. This may cause unexpected errors, be sure to update your `mephisto-task` dependency with `npm install mephisto-task@2.0.4 --save`. If this warning still persists or the version isn't found, please open an issue at https://github.com/facebookresearch/Mephisto/issues
[2024-03-04 12:43:10,439][mephisto.abstractions.providers.mock.mock_unit][INFO] - Mock task launched: http://localhost:3000 for preview, http://localhost:3000/?worker_id=x&assignment_id=1953 for assignment 977
[2024-03-04 12:43:10,442][mephisto.abstractions.providers.mock.mock_unit][INFO] - Mock task launched: http://localhost:3000 for preview, http://localhost:3000/?worker_id=x&assignment_id=1954 for assignment 978
[2024-03-04 12:43:10,444][mephisto.abstractions.providers.mock.mock_unit][INFO] - Mock task launched: http://localhost:3000 for preview, http://localhost:3000/?worker_id=x&assignment_id=1955 for assignment 979
[2024-03-04 12:43:10,446][mephisto.abstractions.providers.mock.mock_unit][INFO] - Mock task launched: http://localhost:3000 for preview, http://localhost:3000/?worker_id=x&assignment_id=1956 for assignment 980
[2024-03-04 12:43:10,447][mephisto.abstractions.providers.mock.mock_unit][INFO] - Mock task launched: http://localhost:3000 for preview, http://localhost:3000/?worker_id=x&assignment_id=1957 for assignment 981
[2024-03-04 12:43:10,449][mephisto.abstractions.providers.mock.mock_unit][INFO] - Mock task launched: http://localhost:3000 for preview, http://localhost:3000/?worker_id=x&assignment_id=1958 for assignment 982
[2024-03-04 12:43:30,427][mephisto.operations.operator][INFO] - Operator running task ID = 76
[2024-03-04 12:44:00,434][mephisto.operations.operator][INFO] - Operator running task ID = 76
[2024-03-04 12:44:30,440][mephisto.operations.operator][INFO] - Operator running task ID = 76
[2024-03-04 12:45:00,449][mephisto.operations.operator][INFO] - Operator running task ID = 76
[2024-03-04 12:45:27,753][mephisto.operations.client_io_handler][WARNING] - [31;1m[Version Mismatch!!][0m: Package `mephisto-task` version mismatch. Expected version 2.0.4 but frontend is currently using 2.0.3. This may cause unexpected errors, be sure to update your `mephisto-task` dependency with `npm install mephisto-task@2.0.4 --save`. If this warning still persists or the version isn't found, please open an issue at https://github.com/facebookresearch/Mephisto/issues
[2024-03-04 12:45:28,757][mephisto.operations.client_io_handler][WARNING] - [31;1m[Version Mismatch!!][0m: Package `mephisto-task` version mismatch. Expected version 2.0.4 but frontend is currently using 2.0.3. This may cause unexpected errors, be sure to update your `mephisto-task` dependency with `npm install mephisto-task@2.0.4 --save`. If this warning still persists or the version isn't found, please open an issue at https://github.com/facebookresearch/Mephisto/issues
[2024-03-04 12:45:28,771][mephisto.abstractions.blueprints.abstract.static_task.static_agent_state][INFO] - SAVED_DATA_TO_DISC at /home/martins_32048/mephisto-data/data/data/runs/NO_PROJECT/76/onboarding/onboarding_79/agent_data.json
[2024-03-04 12:45:28,772][mephisto.operations.worker_pool][INFO] - MockWorker(89) is starting onboarding thread with onboarding OnboardingAgent(79, none).
[2024-03-04 12:45:30,456][mephisto.operations.operator][INFO] - Operator running task ID = 76
[2024-03-04 12:45:45,216][mephisto.abstractions.blueprints.abstract.static_task.static_agent_state][INFO] - SAVED_DATA_TO_DISC at /home/martins_32048/mephisto-data/data/data/runs/NO_PROJECT/76/onboarding/onboarding_79/agent_data.json
[2024-03-04 12:45:45,222][mephisto.operations.worker_pool][INFO] - Onboarding agent onboarding_79 registered out from onboarding
[2024-03-04 12:45:45,226][mephisto.abstractions.blueprints.abstract.static_task.static_agent_state][INFO] - SAVED_DATA_TO_DISC at /home/martins_32048/mephisto-data/data/data/runs/NO_PROJECT/76/977/265/agent_data.json
[2024-03-04 12:45:57,938][mephisto.abstractions.blueprints.abstract.static_task.static_agent_state][INFO] - SAVED_DATA_TO_DISC at /home/martins_32048/mephisto-data/data/data/runs/NO_PROJECT/76/977/265/agent_data.json
[2024-03-04 12:46:00,466][mephisto.operations.operator][INFO] - Operator running task ID = 76
[2024-03-04 12:46:30,472][mephisto.operations.operator][INFO] - Operator running task ID = 76
[2024-03-04 12:47:00,477][mephisto.operations.operator][INFO] - Operator running task ID = 76
[2024-03-04 12:47:30,482][mephisto.operations.operator][INFO] - Operator running task ID = 76
[2024-03-04 12:48:00,489][mephisto.operations.operator][INFO] - Operator running task ID = 76
[2024-03-04 12:48:30,497][mephisto.operations.operator][INFO] - Operator running task ID = 76
[2024-03-04 12:49:00,509][mephisto.operations.operator][INFO] - Operator running task ID = 76
[2024-03-04 12:49:30,517][mephisto.operations.operator][INFO] - Operator running task ID = 76
[2024-03-04 12:50:00,525][mephisto.operations.operator][INFO] - Operator running task ID = 76
[2024-03-04 12:50:30,532][mephisto.operations.operator][INFO] - Operator running task ID = 76
[2024-03-04 12:51:00,541][mephisto.operations.operator][INFO] - Operator running task ID = 76
[2024-03-04 12:51:30,549][mephisto.operations.operator][INFO] - Operator running task ID = 76
[2024-03-04 12:52:00,557][mephisto.operations.operator][INFO] - Operator running task ID = 76
[2024-03-04 12:52:30,564][mephisto.operations.operator][INFO] - Operator running task ID = 76
[2024-03-04 12:53:00,570][mephisto.operations.operator][INFO] - Operator running task ID = 76
[2024-03-04 12:53:30,576][mephisto.operations.operator][INFO] - Operator running task ID = 76
[2024-03-04 12:54:00,585][mephisto.operations.operator][INFO] - Operator running task ID = 76
[2024-03-04 12:54:30,592][mephisto.operations.operator][INFO] - Operator running task ID = 76
[2024-03-04 12:55:00,598][mephisto.operations.operator][INFO] - Operator running task ID = 76
[2024-03-04 12:55:30,606][mephisto.operations.operator][INFO] - Operator running task ID = 76
[2024-03-04 12:56:00,617][mephisto.operations.operator][INFO] - Operator running task ID = 76
[2024-03-04 12:56:30,626][mephisto.operations.operator][INFO] - Operator running task ID = 76
[2024-03-04 12:57:00,633][mephisto.operations.operator][INFO] - Operator running task ID = 76
[2024-03-04 12:57:30,645][mephisto.operations.operator][INFO] - Operator running task ID = 76
[2024-03-04 12:58:00,654][mephisto.operations.operator][INFO] - Operator running task ID = 76
[2024-03-04 12:58:30,660][mephisto.operations.operator][INFO] - Operator running task ID = 76
[2024-03-04 12:59:00,667][mephisto.operations.operator][INFO] - Operator running task ID = 76
[2024-03-04 12:59:30,672][mephisto.operations.operator][INFO] - Operator running task ID = 76
[2024-03-04 13:00:00,682][mephisto.operations.operator][INFO] - Operator running task ID = 76
[2024-03-04 13:00:30,687][mephisto.operations.operator][INFO] - Operator running task ID = 76
[2024-03-04 13:01:00,693][mephisto.operations.operator][INFO] - Operator running task ID = 76
[2024-03-04 13:01:30,700][mephisto.operations.operator][INFO] - Operator running task ID = 76
[2024-03-04 13:02:00,705][mephisto.operations.operator][INFO] - Operator running task ID = 76
[2024-03-04 13:02:30,713][mephisto.operations.operator][INFO] - Operator running task ID = 76
[2024-03-04 13:03:00,721][mephisto.operations.operator][INFO] - Operator running task ID = 76
[2024-03-04 13:03:30,731][mephisto.operations.operator][INFO] - Operator running task ID = 76
[2024-03-04 13:04:00,740][mephisto.operations.operator][INFO] - Operator running task ID = 76
[2024-03-04 13:04:30,748][mephisto.operations.operator][INFO] - Operator running task ID = 76
[2024-03-04 13:05:00,753][mephisto.operations.operator][INFO] - Operator running task ID = 76
[2024-03-04 13:05:30,762][mephisto.operations.operator][INFO] - Operator running task ID = 76
[2024-03-04 13:06:00,772][mephisto.operations.operator][INFO] - Operator running task ID = 76
[2024-03-04 13:06:30,782][mephisto.operations.operator][INFO] - Operator running task ID = 76
[2024-03-04 13:07:00,792][mephisto.operations.operator][INFO] - Operator running task ID = 76
[2024-03-04 13:07:30,800][mephisto.operations.operator][INFO] - Operator running task ID = 76
[2024-03-04 13:08:00,810][mephisto.operations.operator][INFO] - Operator running task ID = 76
[2024-03-04 13:08:30,816][mephisto.operations.operator][INFO] - Operator running task ID = 76
[2024-03-04 13:09:00,823][mephisto.operations.operator][INFO] - Operator running task ID = 76
[2024-03-04 13:09:30,831][mephisto.operations.operator][INFO] - Operator running task ID = 76
[2024-03-04 13:10:00,837][mephisto.operations.operator][INFO] - Operator running task ID = 76
[2024-03-04 13:10:30,847][mephisto.operations.operator][INFO] - Operator running task ID = 76
[2024-03-04 13:11:00,853][mephisto.operations.operator][INFO] - Operator running task ID = 76
[2024-03-04 13:11:30,860][mephisto.operations.operator][INFO] - Operator running task ID = 76
[2024-03-04 13:12:00,871][mephisto.operations.operator][INFO] - Operator running task ID = 76
[2024-03-04 13:12:30,880][mephisto.operations.operator][INFO] - Operator running task ID = 76
[2024-03-04 13:13:00,889][mephisto.operations.operator][INFO] - Operator running task ID = 76
[2024-03-04 13:13:30,895][mephisto.operations.operator][INFO] - Operator running task ID = 76
[2024-03-04 13:14:00,902][mephisto.operations.operator][INFO] - Operator running task ID = 76
[2024-03-04 13:14:30,907][mephisto.operations.operator][INFO] - Operator running task ID = 76
[2024-03-04 13:15:00,914][mephisto.operations.operator][INFO] - Operator running task ID = 76
[2024-03-04 13:15:30,920][mephisto.operations.operator][INFO] - Operator running task ID = 76
[2024-03-04 13:16:00,925][mephisto.operations.operator][INFO] - Operator running task ID = 76
[2024-03-04 13:16:30,934][mephisto.operations.operator][INFO] - Operator running task ID = 76
[2024-03-04 13:17:00,942][mephisto.operations.operator][INFO] - Operator running task ID = 76
[2024-03-04 13:17:30,947][mephisto.operations.operator][INFO] - Operator running task ID = 76
[2024-03-04 13:18:00,953][mephisto.operations.operator][INFO] - Operator running task ID = 76
[2024-03-04 13:18:30,959][mephisto.operations.operator][INFO] - Operator running task ID = 76
[2024-03-04 13:19:00,965][mephisto.operations.operator][INFO] - Operator running task ID = 76
[2024-03-04 13:19:30,972][mephisto.operations.operator][INFO] - Operator running task ID = 76
[2024-03-04 13:20:00,979][mephisto.operations.operator][INFO] - Operator running task ID = 76
[2024-03-04 13:20:30,985][mephisto.operations.operator][INFO] - Operator running task ID = 76
[2024-03-04 13:21:00,995][mephisto.operations.operator][INFO] - Operator running task ID = 76
[2024-03-04 13:21:31,003][mephisto.operations.operator][INFO] - Operator running task ID = 76
[2024-03-04 13:22:01,013][mephisto.operations.operator][INFO] - Operator running task ID = 76
[2024-03-04 13:22:31,020][mephisto.operations.operator][INFO] - Operator running task ID = 76
[2024-03-04 13:23:01,027][mephisto.operations.operator][INFO] - Operator running task ID = 76
[2024-03-04 13:23:31,031][mephisto.operations.operator][INFO] - Operator running task ID = 76
[2024-03-04 13:24:01,037][mephisto.operations.operator][INFO] - Operator running task ID = 76
[2024-03-04 13:24:31,043][mephisto.operations.operator][INFO] - Operator running task ID = 76
[2024-03-04 13:25:01,049][mephisto.operations.operator][INFO] - Operator running task ID = 76
[2024-03-04 13:25:31,058][mephisto.operations.operator][INFO] - Operator running task ID = 76
[2024-03-04 13:26:01,066][mephisto.operations.operator][INFO] - Operator running task ID = 76
[2024-03-04 13:26:31,075][mephisto.operations.operator][INFO] - Operator running task ID = 76
[2024-03-04 13:27:01,083][mephisto.operations.operator][INFO] - Operator running task ID = 76
[2024-03-04 13:27:31,091][mephisto.operations.operator][INFO] - Operator running task ID = 76
[2024-03-04 13:28:01,099][mephisto.operations.operator][INFO] - Operator running task ID = 76
[2024-03-04 13:28:31,105][mephisto.operations.operator][INFO] - Operator running task ID = 76
[2024-03-04 13:29:01,115][mephisto.operations.operator][INFO] - Operator running task ID = 76
[2024-03-04 13:29:31,121][mephisto.operations.operator][INFO] - Operator running task ID = 76
[2024-03-04 13:30:01,127][mephisto.operations.operator][INFO] - Operator running task ID = 76
[2024-03-04 13:30:31,132][mephisto.operations.operator][INFO] - Operator running task ID = 76
[2024-03-04 13:31:01,137][mephisto.operations.operator][INFO] - Operator running task ID = 76
[2024-03-04 13:31:31,142][mephisto.operations.operator][INFO] - Operator running task ID = 76
[2024-03-04 13:32:01,149][mephisto.operations.operator][INFO] - Operator running task ID = 76
[2024-03-04 13:32:31,155][mephisto.operations.operator][INFO] - Operator running task ID = 76
[2024-03-04 13:33:01,161][mephisto.operations.operator][INFO] - Operator running task ID = 76
[2024-03-04 13:33:31,166][mephisto.operations.operator][INFO] - Operator running task ID = 76
[2024-03-04 13:34:01,173][mephisto.operations.operator][INFO] - Operator running task ID = 76
[2024-03-04 13:34:31,179][mephisto.operations.operator][INFO] - Operator running task ID = 76
[2024-03-04 13:35:01,185][mephisto.operations.operator][INFO] - Operator running task ID = 76
[2024-03-04 13:35:31,191][mephisto.operations.operator][INFO] - Operator running task ID = 76
[2024-03-04 13:36:01,199][mephisto.operations.operator][INFO] - Operator running task ID = 76
[2024-03-04 13:36:31,206][mephisto.operations.operator][INFO] - Operator running task ID = 76
[2024-03-04 13:37:01,214][mephisto.operations.operator][INFO] - Operator running task ID = 76
[2024-03-04 13:37:31,219][mephisto.operations.operator][INFO] - Operator running task ID = 76
[2024-03-04 13:38:01,226][mephisto.operations.operator][INFO] - Operator running task ID = 76
[2024-03-04 13:38:31,233][mephisto.operations.operator][INFO] - Operator running task ID = 76
[2024-03-04 13:39:01,239][mephisto.operations.operator][INFO] - Operator running task ID = 76
[2024-03-04 13:39:31,243][mephisto.operations.operator][INFO] - Operator running task ID = 76
[2024-03-04 13:40:01,250][mephisto.operations.operator][INFO] - Operator running task ID = 76
[2024-03-04 13:40:31,255][mephisto.operations.operator][INFO] - Operator running task ID = 76
[2024-03-04 13:41:01,262][mephisto.operations.operator][INFO] - Operator running task ID = 76
[2024-03-04 13:41:31,268][mephisto.operations.operator][INFO] - Operator running task ID = 76
[2024-03-04 13:42:01,274][mephisto.operations.operator][INFO] - Operator running task ID = 76
[2024-03-04 13:42:31,280][mephisto.operations.operator][INFO] - Operator running task ID = 76
[2024-03-04 13:43:01,286][mephisto.operations.operator][INFO] - Operator running task ID = 76
[2024-03-04 13:43:31,291][mephisto.operations.operator][INFO] - Operator running task ID = 76
[2024-03-04 13:44:01,298][mephisto.operations.operator][INFO] - Operator running task ID = 76
[2024-03-04 13:44:31,304][mephisto.operations.operator][INFO] - Operator running task ID = 76
[2024-03-04 13:45:01,309][mephisto.operations.operator][INFO] - Operator running task ID = 76
[2024-03-04 13:45:31,314][mephisto.operations.operator][INFO] - Operator running task ID = 76
[2024-03-04 13:46:01,322][mephisto.operations.operator][INFO] - Operator running task ID = 76
[2024-03-04 13:46:31,326][mephisto.operations.operator][INFO] - Operator running task ID = 76
[2024-03-04 13:47:01,333][mephisto.operations.operator][INFO] - Operator running task ID = 76
[2024-03-04 13:47:31,339][mephisto.operations.operator][INFO] - Operator running task ID = 76
[2024-03-04 13:48:01,346][mephisto.operations.operator][INFO] - Operator running task ID = 76
[2024-03-04 13:48:31,352][mephisto.operations.operator][INFO] - Operator running task ID = 76
[2024-03-04 13:49:01,356][mephisto.operations.operator][INFO] - Operator running task ID = 76
[2024-03-04 13:49:31,361][mephisto.operations.operator][INFO] - Operator running task ID = 76
[2024-03-04 13:50:01,368][mephisto.operations.operator][INFO] - Operator running task ID = 76
[2024-03-04 13:50:31,374][mephisto.operations.operator][INFO] - Operator running task ID = 76
[2024-03-04 13:51:01,381][mephisto.operations.operator][INFO] - Operator running task ID = 76
[2024-03-04 13:51:31,386][mephisto.operations.operator][INFO] - Operator running task ID = 76
[2024-03-04 13:52:01,393][mephisto.operations.operator][INFO] - Operator running task ID = 76
[2024-03-04 13:52:16,886][mephisto.operations.client_io_handler][WARNING] - [31;1m[Version Mismatch!!][0m: Package `mephisto-task` version mismatch. Expected version 2.0.4 but frontend is currently using 2.0.3. This may cause unexpected errors, be sure to update your `mephisto-task` dependency with `npm install mephisto-task@2.0.4 --save`. If this warning still persists or the version isn't found, please open an issue at https://github.com/facebookresearch/Mephisto/issues
[2024-03-04 13:52:31,398][mephisto.operations.operator][INFO] - Operator running task ID = 76
[2024-03-04 13:52:48,000][mephisto.operations.client_io_handler][WARNING] - [31;1m[Version Mismatch!!][0m: Package `mephisto-task` version mismatch. Expected version 2.0.4 but frontend is currently using 2.0.3. This may cause unexpected errors, be sure to update your `mephisto-task` dependency with `npm install mephisto-task@2.0.4 --save`. If this warning still persists or the version isn't found, please open an issue at https://github.com/facebookresearch/Mephisto/issues
[2024-03-04 13:52:48,005][mephisto.abstractions.blueprints.abstract.static_task.static_agent_state][INFO] - SAVED_DATA_TO_DISC at /home/martins_32048/mephisto-data/data/data/runs/NO_PROJECT/76/onboarding/onboarding_80/agent_data.json
[2024-03-04 13:52:48,006][mephisto.operations.worker_pool][INFO] - MockWorker(90) is starting onboarding thread with onboarding OnboardingAgent(80, none).
[2024-03-04 13:53:01,403][mephisto.operations.operator][INFO] - Operator running task ID = 76
[2024-03-04 13:53:31,406][mephisto.operations.operator][INFO] - Operator running task ID = 76
[2024-03-04 13:53:51,251][mephisto.operations.client_io_handler][WARNING] - [31;1m[Version Mismatch!!][0m: Package `mephisto-task` version mismatch. Expected version 2.0.4 but frontend is currently using 2.0.3. This may cause unexpected errors, be sure to update your `mephisto-task` dependency with `npm install mephisto-task@2.0.4 --save`. If this warning still persists or the version isn't found, please open an issue at https://github.com/facebookresearch/Mephisto/issues
[2024-03-04 13:54:01,413][mephisto.operations.operator][INFO] - Operator running task ID = 76
[2024-03-04 13:54:31,419][mephisto.operations.operator][INFO] - Operator running task ID = 76
[2024-03-04 13:54:47,225][mephisto.abstractions.blueprints.abstract.static_task.static_agent_state][INFO] - SAVED_DATA_TO_DISC at /home/martins_32048/mephisto-data/data/data/runs/NO_PROJECT/76/onboarding/onboarding_80/agent_data.json
[2024-03-04 13:54:47,232][mephisto.operations.worker_pool][INFO] - Onboarding agent onboarding_80 registered out from onboarding
[2024-03-04 13:54:47,237][mephisto.abstractions.blueprints.abstract.static_task.static_agent_state][INFO] - SAVED_DATA_TO_DISC at /home/martins_32048/mephisto-data/data/data/runs/NO_PROJECT/76/978/266/agent_data.json
[2024-03-04 13:55:01,425][mephisto.operations.operator][INFO] - Operator running task ID = 76
[2024-03-04 13:55:31,431][mephisto.operations.operator][INFO] - Operator running task ID = 76
[2024-03-04 13:55:42,558][mephisto.abstractions.blueprints.abstract.static_task.static_agent_state][INFO] - SAVED_DATA_TO_DISC at /home/martins_32048/mephisto-data/data/data/runs/NO_PROJECT/76/978/266/agent_data.json
[2024-03-04 13:56:01,437][mephisto.operations.operator][INFO] - Operator running task ID = 76
[2024-03-04 13:56:11,989][mephisto.abstractions.blueprints.abstract.static_task.static_agent_state][INFO] - SAVED_DATA_TO_DISC at /home/martins_32048/mephisto-data/data/data/runs/NO_PROJECT/76/onboarding/onboarding_81/agent_data.json
[2024-03-04 13:56:11,990][mephisto.operations.worker_pool][INFO] - MockWorker(91) is starting onboarding thread with onboarding OnboardingAgent(81, none).
[2024-03-04 13:56:12,008][mephisto.operations.client_io_handler][WARNING] - [31;1m[Version Mismatch!!][0m: Package `mephisto-task` version mismatch. Expected version 2.0.4 but frontend is currently using 2.0.3. This may cause unexpected errors, be sure to update your `mephisto-task` dependency with `npm install mephisto-task@2.0.4 --save`. If this warning still persists or the version isn't found, please open an issue at https://github.com/facebookresearch/Mephisto/issues
[2024-03-04 13:56:13,504][mephisto.abstractions.blueprints.abstract.static_task.static_agent_state][INFO] - SAVED_DATA_TO_DISC at /home/martins_32048/mephisto-data/data/data/runs/NO_PROJECT/76/onboarding/onboarding_81/agent_data.json
[2024-03-04 13:56:13,510][mephisto.operations.worker_pool][INFO] - Onboarding agent onboarding_81 registered out from onboarding
[2024-03-04 13:56:13,515][mephisto.abstractions.blueprints.abstract.static_task.static_agent_state][INFO] - SAVED_DATA_TO_DISC at /home/martins_32048/mephisto-data/data/data/runs/NO_PROJECT/76/979/267/agent_data.json
[2024-03-04 13:56:31,441][mephisto.operations.operator][INFO] - Operator running task ID = 76
[2024-03-04 13:57:01,452][mephisto.operations.operator][INFO] - Operator running task ID = 76
[2024-03-04 13:57:31,465][mephisto.operations.operator][INFO] - Operator running task ID = 76
[2024-03-04 13:58:01,473][mephisto.operations.operator][INFO] - Operator running task ID = 76
[2024-03-04 13:58:15,299][mephisto.abstractions.blueprints.abstract.static_task.static_agent_state][INFO] - SAVED_DATA_TO_DISC at /home/martins_32048/mephisto-data/data/data/runs/NO_PROJECT/76/979/267/agent_data.json
[2024-03-04 13:58:31,483][mephisto.operations.operator][INFO] - Operator running task ID = 76
[2024-03-04 13:59:01,492][mephisto.operations.operator][INFO] - Operator running task ID = 76
[2024-03-04 13:59:31,501][mephisto.operations.operator][INFO] - Operator running task ID = 76
[2024-03-04 14:00:01,512][mephisto.operations.operator][INFO] - Operator running task ID = 76
[2024-03-04 14:00:31,520][mephisto.operations.operator][INFO] - Operator running task ID = 76
[2024-03-04 14:01:01,528][mephisto.operations.operator][INFO] - Operator running task ID = 76
[2024-03-04 14:01:31,535][mephisto.operations.operator][INFO] - Operator running task ID = 76
[2024-03-04 14:02:01,544][mephisto.operations.operator][INFO] - Operator running task ID = 76
[2024-03-04 14:02:31,551][mephisto.operations.operator][INFO] - Operator running task ID = 76
[2024-03-04 14:03:01,560][mephisto.operations.operator][INFO] - Operator running task ID = 76
[2024-03-04 14:03:31,565][mephisto.operations.operator][INFO] - Operator running task ID = 76
[2024-03-04 14:04:01,571][mephisto.operations.operator][INFO] - Operator running task ID = 76
[2024-03-04 14:04:31,581][mephisto.operations.operator][INFO] - Operator running task ID = 76
[2024-03-04 14:05:01,589][mephisto.operations.operator][INFO] - Operator running task ID = 76
[2024-03-04 14:05:31,598][mephisto.operations.operator][INFO] - Operator running task ID = 76
[2024-03-04 14:06:01,609][mephisto.operations.operator][INFO] - Operator running task ID = 76
[2024-03-04 14:06:31,617][mephisto.operations.operator][INFO] - Operator running task ID = 76
[2024-03-04 14:07:01,624][mephisto.operations.operator][INFO] - Operator running task ID = 76
[2024-03-04 14:07:31,634][mephisto.operations.operator][INFO] - Operator running task ID = 76
[2024-03-04 14:08:01,644][mephisto.operations.operator][INFO] - Operator running task ID = 76
[2024-03-04 14:08:31,650][mephisto.operations.operator][INFO] - Operator running task ID = 76
[2024-03-04 14:09:01,657][mephisto.operations.operator][INFO] - Operator running task ID = 76
[2024-03-04 14:09:31,666][mephisto.operations.operator][INFO] - Operator running task ID = 76
[2024-03-04 14:10:01,672][mephisto.operations.operator][INFO] - Operator running task ID = 76
[2024-03-04 14:10:31,678][mephisto.operations.operator][INFO] - Operator running task ID = 76
[2024-03-04 14:11:01,684][mephisto.operations.operator][INFO] - Operator running task ID = 76
[2024-03-04 14:11:31,693][mephisto.operations.operator][INFO] - Operator running task ID = 76
[2024-03-04 14:12:01,704][mephisto.operations.operator][INFO] - Operator running task ID = 76
[2024-03-04 14:12:31,716][mephisto.operations.operator][INFO] - Operator running task ID = 76
[2024-03-04 14:13:01,728][mephisto.operations.operator][INFO] - Operator running task ID = 76
[2024-03-04 14:13:31,738][mephisto.operations.operator][INFO] - Operator running task ID = 76
[2024-03-04 14:14:01,743][mephisto.operations.operator][INFO] - Operator running task ID = 76
[2024-03-04 14:14:31,752][mephisto.operations.operator][INFO] - Operator running task ID = 76
[2024-03-04 14:15:01,761][mephisto.operations.operator][INFO] - Operator running task ID = 76
[2024-03-04 14:15:31,769][mephisto.operations.operator][INFO] - Operator running task ID = 76
[2024-03-04 14:16:01,776][mephisto.operations.operator][INFO] - Operator running task ID = 76
[2024-03-04 14:16:31,789][mephisto.operations.operator][INFO] - Operator running task ID = 76
[2024-03-04 14:17:01,795][mephisto.operations.operator][INFO] - Operator running task ID = 76
[2024-03-04 14:17:31,802][mephisto.operations.operator][INFO] - Operator running task ID = 76
[2024-03-04 14:18:01,811][mephisto.operations.operator][INFO] - Operator running task ID = 76
[2024-03-04 14:18:31,818][mephisto.operations.operator][INFO] - Operator running task ID = 76
[2024-03-04 14:19:01,824][mephisto.operations.operator][INFO] - Operator running task ID = 76
[2024-03-04 14:19:31,830][mephisto.operations.operator][INFO] - Operator running task ID = 76
[2024-03-04 14:20:01,838][mephisto.operations.operator][INFO] - Operator running task ID = 76
[2024-03-04 14:20:31,846][mephisto.operations.operator][INFO] - Operator running task ID = 76
[2024-03-04 14:21:01,853][mephisto.operations.operator][INFO] - Operator running task ID = 76
[2024-03-04 14:21:31,862][mephisto.operations.operator][INFO] - Operator running task ID = 76
[2024-03-04 14:22:01,869][mephisto.operations.operator][INFO] - Operator running task ID = 76
[2024-03-04 14:22:31,874][mephisto.operations.operator][INFO] - Operator running task ID = 76
[2024-03-04 14:23:01,880][mephisto.operations.operator][INFO] - Operator running task ID = 76
[2024-03-04 14:23:31,888][mephisto.operations.operator][INFO] - Operator running task ID = 76
[2024-03-04 14:24:01,894][mephisto.operations.operator][INFO] - Operator running task ID = 76
[2024-03-04 14:24:31,904][mephisto.operations.operator][INFO] - Operator running task ID = 76
[2024-03-04 14:25:01,912][mephisto.operations.operator][INFO] - Operator running task ID = 76
[2024-03-04 14:25:31,921][mephisto.operations.operator][INFO] - Operator running task ID = 76
[2024-03-04 14:26:01,931][mephisto.operations.operator][INFO] - Operator running task ID = 76
[2024-03-04 14:26:31,938][mephisto.operations.operator][INFO] - Operator running task ID = 76
[2024-03-04 14:27:01,944][mephisto.operations.operator][INFO] - Operator running task ID = 76
[2024-03-04 14:27:31,953][mephisto.operations.operator][INFO] - Operator running task ID = 76
[2024-03-04 14:28:01,964][mephisto.operations.operator][INFO] - Operator running task ID = 76
[2024-03-04 14:28:31,970][mephisto.operations.operator][INFO] - Operator running task ID = 76
[2024-03-04 14:29:01,977][mephisto.operations.operator][INFO] - Operator running task ID = 76
[2024-03-04 14:29:31,985][mephisto.operations.operator][INFO] - Operator running task ID = 76
[2024-03-04 14:30:01,992][mephisto.operations.operator][INFO] - Operator running task ID = 76
[2024-03-04 14:30:31,999][mephisto.operations.operator][INFO] - Operator running task ID = 76
[2024-03-04 14:31:02,008][mephisto.operations.operator][INFO] - Operator running task ID = 76
[2024-03-04 14:31:32,017][mephisto.operations.operator][INFO] - Operator running task ID = 76
[2024-03-04 14:32:02,026][mephisto.operations.operator][INFO] - Operator running task ID = 76
[2024-03-04 14:32:32,034][mephisto.operations.operator][INFO] - Operator running task ID = 76
[2024-03-04 14:33:02,042][mephisto.operations.operator][INFO] - Operator running task ID = 76
[2024-03-04 14:33:32,050][mephisto.operations.operator][INFO] - Operator running task ID = 76
[2024-03-04 14:34:02,057][mephisto.operations.operator][INFO] - Operator running task ID = 76
[2024-03-04 14:34:32,065][mephisto.operations.operator][INFO] - Operator running task ID = 76
[2024-03-04 14:35:02,072][mephisto.operations.operator][INFO] - Operator running task ID = 76
[2024-03-04 14:35:32,077][mephisto.operations.operator][INFO] - Operator running task ID = 76
[2024-03-04 14:36:02,083][mephisto.operations.operator][INFO] - Operator running task ID = 76
[2024-03-04 14:36:32,094][mephisto.operations.operator][INFO] - Operator running task ID = 76
[2024-03-04 14:37:02,101][mephisto.operations.operator][INFO] - Operator running task ID = 76
[2024-03-04 14:37:32,112][mephisto.operations.operator][INFO] - Operator running task ID = 76
[2024-03-04 14:38:02,117][mephisto.operations.operator][INFO] - Operator running task ID = 76
[2024-03-04 14:38:32,125][mephisto.operations.operator][INFO] - Operator running task ID = 76
[2024-03-04 14:39:02,131][mephisto.operations.operator][INFO] - Operator running task ID = 76
[2024-03-04 14:39:32,138][mephisto.operations.operator][INFO] - Operator running task ID = 76
[2024-03-04 14:40:02,146][mephisto.operations.operator][INFO] - Operator running task ID = 76
[2024-03-04 14:40:32,153][mephisto.operations.operator][INFO] - Operator running task ID = 76
[2024-03-04 14:41:02,161][mephisto.operations.operator][INFO] - Operator running task ID = 76
[2024-03-04 14:41:32,169][mephisto.operations.operator][INFO] - Operator running task ID = 76
[2024-03-04 14:42:02,175][mephisto.operations.operator][INFO] - Operator running task ID = 76
[2024-03-04 14:42:32,182][mephisto.operations.operator][INFO] - Operator running task ID = 76
[2024-03-04 14:43:02,187][mephisto.operations.operator][INFO] - Operator running task ID = 76
[2024-03-04 14:43:32,195][mephisto.operations.operator][INFO] - Operator running task ID = 76
[2024-03-04 14:44:02,202][mephisto.operations.operator][INFO] - Operator running task ID = 76
[2024-03-04 14:44:32,209][mephisto.operations.operator][INFO] - Operator running task ID = 76
[2024-03-04 14:45:02,215][mephisto.operations.operator][INFO] - Operator running task ID = 76
[2024-03-04 14:45:32,222][mephisto.operations.operator][INFO] - Operator running task ID = 76
[2024-03-04 14:46:02,227][mephisto.operations.operator][INFO] - Operator running task ID = 76
[2024-03-04 14:46:32,235][mephisto.operations.operator][INFO] - Operator running task ID = 76
[2024-03-04 14:47:02,241][mephisto.operations.operator][INFO] - Operator running task ID = 76
[2024-03-04 14:47:32,248][mephisto.operations.operator][INFO] - Operator running task ID = 76
[2024-03-04 14:48:02,253][mephisto.operations.operator][INFO] - Operator running task ID = 76
[2024-03-04 14:48:32,260][mephisto.operations.operator][INFO] - Operator running task ID = 76
[2024-03-04 14:49:02,267][mephisto.operations.operator][INFO] - Operator running task ID = 76
[2024-03-04 14:49:32,274][mephisto.operations.operator][INFO] - Operator running task ID = 76
[2024-03-04 14:50:02,279][mephisto.operations.operator][INFO] - Operator running task ID = 76
[2024-03-04 14:50:32,285][mephisto.operations.operator][INFO] - Operator running task ID = 76
[2024-03-04 14:51:02,290][mephisto.operations.operator][INFO] - Operator running task ID = 76
[2024-03-04 14:51:32,297][mephisto.operations.operator][INFO] - Operator running task ID = 76
[2024-03-04 14:52:02,302][mephisto.operations.operator][INFO] - Operator running task ID = 76
[2024-03-04 14:52:32,307][mephisto.operations.operator][INFO] - Operator running task ID = 76
[2024-03-04 14:53:02,311][mephisto.operations.operator][INFO] - Operator running task ID = 76
[2024-03-04 14:53:32,318][mephisto.operations.operator][INFO] - Operator running task ID = 76
[2024-03-04 14:54:02,323][mephisto.operations.operator][INFO] - Operator running task ID = 76
[2024-03-04 14:54:32,329][mephisto.operations.operator][INFO] - Operator running task ID = 76
[2024-03-04 14:55:02,334][mephisto.operations.operator][INFO] - Operator running task ID = 76
[2024-03-04 14:55:32,340][mephisto.operations.operator][INFO] - Operator running task ID = 76
[2024-03-04 14:56:02,345][mephisto.operations.operator][INFO] - Operator running task ID = 76
[2024-03-04 14:56:32,350][mephisto.operations.operator][INFO] - Operator running task ID = 76
[2024-03-04 14:57:02,355][mephisto.operations.operator][INFO] - Operator running task ID = 76
[2024-03-04 14:57:32,361][mephisto.operations.operator][INFO] - Operator running task ID = 76
[2024-03-04 14:58:02,367][mephisto.operations.operator][INFO] - Operator running task ID = 76
[2024-03-04 14:58:32,372][mephisto.operations.operator][INFO] - Operator running task ID = 76
[2024-03-04 14:59:02,380][mephisto.operations.operator][INFO] - Operator running task ID = 76
[2024-03-04 14:59:32,385][mephisto.operations.operator][INFO] - Operator running task ID = 76
[2024-03-04 15:00:02,390][mephisto.operations.operator][INFO] - Operator running task ID = 76
[2024-03-04 15:00:32,395][mephisto.operations.operator][INFO] - Operator running task ID = 76
[2024-03-04 15:01:02,401][mephisto.operations.operator][INFO] - Operator running task ID = 76
[2024-03-04 15:01:32,407][mephisto.operations.operator][INFO] - Operator running task ID = 76
[2024-03-04 15:02:02,411][mephisto.operations.operator][INFO] - Operator running task ID = 76
[2024-03-04 15:02:32,415][mephisto.operations.operator][INFO] - Operator running task ID = 76
[2024-03-04 15:03:02,419][mephisto.operations.operator][INFO] - Operator running task ID = 76
[2024-03-04 15:03:32,425][mephisto.operations.operator][INFO] - Operator running task ID = 76
[2024-03-04 15:04:02,430][mephisto.operations.operator][INFO] - Operator running task ID = 76
[2024-03-04 15:04:32,435][mephisto.operations.operator][INFO] - Operator running task ID = 76
[2024-03-04 15:05:02,438][mephisto.operations.operator][INFO] - Operator running task ID = 76
[2024-03-04 15:05:32,443][mephisto.operations.operator][INFO] - Operator running task ID = 76
[2024-03-04 15:06:02,447][mephisto.operations.operator][INFO] - Operator running task ID = 76
[2024-03-04 15:06:32,451][mephisto.operations.operator][INFO] - Operator running task ID = 76
[2024-03-04 15:07:02,455][mephisto.operations.operator][INFO] - Operator running task ID = 76
[2024-03-04 15:07:32,459][mephisto.operations.operator][INFO] - Operator running task ID = 76
[2024-03-04 15:08:02,462][mephisto.operations.operator][INFO] - Operator running task ID = 76
[2024-03-04 15:08:32,465][mephisto.operations.operator][INFO] - Operator running task ID = 76
[2024-03-04 15:09:02,468][mephisto.operations.operator][INFO] - Operator running task ID = 76
[2024-03-04 15:09:32,471][mephisto.operations.operator][INFO] - Operator running task ID = 76
[2024-03-04 15:10:02,474][mephisto.operations.operator][INFO] - Operator running task ID = 76
[2024-03-04 15:10:32,477][mephisto.operations.operator][INFO] - Operator running task ID = 76
[2024-03-04 15:11:02,480][mephisto.operations.operator][INFO] - Operator running task ID = 76
[2024-03-04 15:11:32,485][mephisto.operations.operator][INFO] - Operator running task ID = 76
[2024-03-04 15:12:02,489][mephisto.operations.operator][INFO] - Operator running task ID = 76
[2024-03-04 15:12:32,491][mephisto.operations.operator][INFO] - Operator running task ID = 76
[2024-03-04 15:13:02,495][mephisto.operations.operator][INFO] - Operator running task ID = 76
[2024-03-04 15:13:32,497][mephisto.operations.operator][INFO] - Operator running task ID = 76
[2024-03-04 15:14:02,501][mephisto.operations.operator][INFO] - Operator running task ID = 76
[2024-03-04 15:14:32,503][mephisto.operations.operator][INFO] - Operator running task ID = 76
[2024-03-04 15:15:02,506][mephisto.operations.operator][INFO] - Operator running task ID = 76
[2024-03-04 15:15:32,510][mephisto.operations.operator][INFO] - Operator running task ID = 76
[2024-03-04 15:16:02,514][mephisto.operations.operator][INFO] - Operator running task ID = 76
[2024-03-04 15:16:32,520][mephisto.operations.operator][INFO] - Operator running task ID = 76
[2024-03-04 15:17:02,525][mephisto.operations.operator][INFO] - Operator running task ID = 76
[2024-03-04 15:17:32,532][mephisto.operations.operator][INFO] - Operator running task ID = 76
[2024-03-04 15:18:02,541][mephisto.operations.operator][INFO] - Operator running task ID = 76
[2024-03-04 15:18:32,548][mephisto.operations.operator][INFO] - Operator running task ID = 76
[2024-03-04 15:19:02,558][mephisto.operations.operator][INFO] - Operator running task ID = 76
[2024-03-04 15:19:32,568][mephisto.operations.operator][INFO] - Operator running task ID = 76
[2024-03-04 15:20:02,574][mephisto.operations.operator][INFO] - Operator running task ID = 76
[2024-03-04 15:20:32,584][mephisto.operations.operator][INFO] - Operator running task ID = 76
[2024-03-04 15:21:02,592][mephisto.operations.operator][INFO] - Operator running task ID = 76
[2024-03-04 15:21:32,600][mephisto.operations.operator][INFO] - Operator running task ID = 76
[2024-03-04 15:22:02,609][mephisto.operations.operator][INFO] - Operator running task ID = 76
[2024-03-04 15:22:32,616][mephisto.operations.operator][INFO] - Operator running task ID = 76
[2024-03-04 15:23:02,625][mephisto.operations.operator][INFO] - Operator running task ID = 76
[2024-03-04 15:23:32,636][mephisto.operations.operator][INFO] - Operator running task ID = 76
[2024-03-04 15:24:02,645][mephisto.operations.operator][INFO] - Operator running task ID = 76
[2024-03-04 15:24:32,652][mephisto.operations.operator][INFO] - Operator running task ID = 76
[2024-03-04 15:25:02,660][mephisto.operations.operator][INFO] - Operator running task ID = 76
[2024-03-04 15:25:32,667][mephisto.operations.operator][INFO] - Operator running task ID = 76
[2024-03-04 15:26:02,675][mephisto.operations.operator][INFO] - Operator running task ID = 76
[2024-03-04 15:26:32,685][mephisto.operations.operator][INFO] - Operator running task ID = 76
[2024-03-04 15:27:02,694][mephisto.operations.operator][INFO] - Operator running task ID = 76
[2024-03-04 15:27:32,702][mephisto.operations.operator][INFO] - Operator running task ID = 76
[2024-03-04 15:28:02,710][mephisto.operations.operator][INFO] - Operator running task ID = 76
[2024-03-04 15:28:32,717][mephisto.operations.operator][INFO] - Operator running task ID = 76
[2024-03-04 15:29:02,725][mephisto.operations.operator][INFO] - Operator running task ID = 76
[2024-03-04 15:29:32,732][mephisto.operations.operator][INFO] - Operator running task ID = 76
[2024-03-04 15:30:02,739][mephisto.operations.operator][INFO] - Operator running task ID = 76
[2024-03-04 15:30:32,747][mephisto.operations.operator][INFO] - Operator running task ID = 76
[2024-03-04 15:31:02,754][mephisto.operations.operator][INFO] - Operator running task ID = 76
[2024-03-04 15:31:32,763][mephisto.operations.operator][INFO] - Operator running task ID = 76
[2024-03-04 15:32:02,773][mephisto.operations.operator][INFO] - Operator running task ID = 76
[2024-03-04 15:32:32,779][mephisto.operations.operator][INFO] - Operator running task ID = 76
[2024-03-04 15:33:02,786][mephisto.operations.operator][INFO] - Operator running task ID = 76
[2024-03-04 15:33:32,792][mephisto.operations.operator][INFO] - Operator running task ID = 76
[2024-03-04 15:34:02,806][mephisto.operations.operator][INFO] - Operator running task ID = 76
[2024-03-04 15:34:32,812][mephisto.operations.operator][INFO] - Operator running task ID = 76
[2024-03-04 15:35:02,822][mephisto.operations.operator][INFO] - Operator running task ID = 76
[2024-03-04 15:35:32,828][mephisto.operations.operator][INFO] - Operator running task ID = 76
[2024-03-04 15:36:02,833][mephisto.operations.operator][INFO] - Operator running task ID = 76
[2024-03-04 15:36:32,843][mephisto.operations.operator][INFO] - Operator running task ID = 76
[2024-03-04 15:37:02,853][mephisto.operations.operator][INFO] - Operator running task ID = 76
[2024-03-04 15:37:32,860][mephisto.operations.operator][INFO] - Operator running task ID = 76
[2024-03-04 15:38:02,866][mephisto.operations.operator][INFO] - Operator running task ID = 76
[2024-03-04 15:38:32,876][mephisto.operations.operator][INFO] - Operator running task ID = 76
[2024-03-04 15:39:02,886][mephisto.operations.operator][INFO] - Operator running task ID = 76
[2024-03-04 15:39:32,891][mephisto.operations.operator][INFO] - Operator running task ID = 76
[2024-03-04 15:40:02,900][mephisto.operations.operator][INFO] - Operator running task ID = 76
[2024-03-04 15:40:32,909][mephisto.operations.operator][INFO] - Operator running task ID = 76
[2024-03-04 15:41:02,918][mephisto.operations.operator][INFO] - Operator running task ID = 76
[2024-03-04 15:41:32,924][mephisto.operations.operator][INFO] - Operator running task ID = 76
[2024-03-04 15:42:19,081][mephisto.operations.operator][INFO] - Operator running task ID = 76
[2024-03-04 16:18:23,223][mephisto.operations.operator][INFO] - Operator running task ID = 76
[2024-03-04 16:18:53,231][mephisto.operations.operator][INFO] - Operator running task ID = 76
[2024-03-04 16:19:23,238][mephisto.operations.operator][INFO] - Operator running task ID = 76
[2024-03-04 16:19:53,249][mephisto.operations.operator][INFO] - Operator running task ID = 76
[2024-03-04 16:20:23,256][mephisto.operations.operator][INFO] - Operator running task ID = 76
[2024-03-04 16:20:53,262][mephisto.operations.operator][INFO] - Operator running task ID = 76
[2024-03-04 16:21:23,273][mephisto.operations.operator][INFO] - Operator running task ID = 76
[2024-03-04 16:21:53,278][mephisto.operations.operator][INFO] - Operator running task ID = 76
[2024-03-04 16:22:23,288][mephisto.operations.operator][INFO] - Operator running task ID = 76
[2024-03-04 16:22:53,294][mephisto.operations.operator][INFO] - Operator running task ID = 76
[2024-03-04 16:23:23,300][mephisto.operations.operator][INFO] - Operator running task ID = 76
[2024-03-04 16:23:53,306][mephisto.operations.operator][INFO] - Operator running task ID = 76
[2024-03-04 16:24:23,313][mephisto.operations.operator][INFO] - Operator running task ID = 76
[2024-03-04 16:24:53,318][mephisto.operations.operator][INFO] - Operator running task ID = 76
[2024-03-04 16:25:23,324][mephisto.operations.operator][INFO] - Operator running task ID = 76
[2024-03-04 16:25:53,334][mephisto.operations.operator][INFO] - Operator running task ID = 76
[2024-03-04 16:26:23,339][mephisto.operations.operator][INFO] - Operator running task ID = 76
[2024-03-04 16:26:53,346][mephisto.operations.operator][INFO] - Operator running task ID = 76
[2024-03-04 16:27:23,352][mephisto.operations.operator][INFO] - Operator running task ID = 76
[2024-03-04 16:27:53,358][mephisto.operations.operator][INFO] - Operator running task ID = 76
[2024-03-04 16:28:23,366][mephisto.operations.operator][INFO] - Operator running task ID = 76
[2024-03-04 16:28:53,374][mephisto.operations.operator][INFO] - Operator running task ID = 76
[2024-03-04 16:29:23,381][mephisto.operations.operator][INFO] - Operator running task ID = 76
[2024-03-04 16:29:53,390][mephisto.operations.operator][INFO] - Operator running task ID = 76
[2024-03-04 16:30:23,396][mephisto.operations.operator][INFO] - Operator running task ID = 76
[2024-03-04 16:30:53,406][mephisto.operations.operator][INFO] - Operator running task ID = 76
[2024-03-04 16:31:23,412][mephisto.operations.operator][INFO] - Operator running task ID = 76
[2024-03-04 16:31:53,421][mephisto.operations.operator][INFO] - Operator running task ID = 76
[2024-03-04 16:32:23,427][mephisto.operations.operator][INFO] - Operator running task ID = 76
[2024-03-04 16:32:53,434][mephisto.operations.operator][INFO] - Operator running task ID = 76
[2024-03-04 16:33:23,441][mephisto.operations.operator][INFO] - Operator running task ID = 76
[2024-03-04 16:33:53,450][mephisto.operations.operator][INFO] - Operator running task ID = 76
[2024-03-04 16:34:23,457][mephisto.operations.operator][INFO] - Operator running task ID = 76
[2024-03-04 16:34:53,466][mephisto.operations.operator][INFO] - Operator running task ID = 76
[2024-03-04 16:35:23,471][mephisto.operations.operator][INFO] - Operator running task ID = 76
[2024-03-04 16:35:53,478][mephisto.operations.operator][INFO] - Operator running task ID = 76
[2024-03-04 16:36:23,485][mephisto.operations.operator][INFO] - Operator running task ID = 76
[2024-03-04 16:36:53,490][mephisto.operations.operator][INFO] - Operator running task ID = 76
[2024-03-04 16:37:23,495][mephisto.operations.operator][INFO] - Operator running task ID = 76
[2024-03-04 16:37:53,502][mephisto.operations.operator][INFO] - Operator running task ID = 76
[2024-03-04 16:38:23,507][mephisto.operations.operator][INFO] - Operator running task ID = 76
[2024-03-04 16:38:53,514][mephisto.operations.operator][INFO] - Operator running task ID = 76
[2024-03-04 16:39:23,521][mephisto.operations.operator][INFO] - Operator running task ID = 76
[2024-03-04 16:39:53,526][mephisto.operations.operator][INFO] - Operator running task ID = 76
[2024-03-04 16:40:23,532][mephisto.operations.operator][INFO] - Operator running task ID = 76
[2024-03-04 16:40:53,539][mephisto.operations.operator][INFO] - Operator running task ID = 76
[2024-03-04 16:41:23,543][mephisto.operations.operator][INFO] - Operator running task ID = 76
[2024-03-04 16:41:53,550][mephisto.operations.operator][INFO] - Operator running task ID = 76
[2024-03-04 16:42:23,555][mephisto.operations.operator][INFO] - Operator running task ID = 76
[2024-03-04 16:42:53,563][mephisto.operations.operator][INFO] - Operator running task ID = 76
[2024-03-04 16:43:23,569][mephisto.operations.operator][INFO] - Operator running task ID = 76
[2024-03-04 16:43:53,578][mephisto.operations.operator][INFO] - Operator running task ID = 76
[2024-03-04 16:44:23,585][mephisto.operations.operator][INFO] - Operator running task ID = 76
[2024-03-04 16:44:53,593][mephisto.operations.operator][INFO] - Operator running task ID = 76
[2024-03-04 16:45:23,598][mephisto.operations.operator][INFO] - Operator running task ID = 76
[2024-03-04 16:45:53,607][mephisto.operations.operator][INFO] - Operator running task ID = 76
[2024-03-04 16:46:23,612][mephisto.operations.operator][INFO] - Operator running task ID = 76
[2024-03-04 16:46:53,621][mephisto.operations.operator][INFO] - Operator running task ID = 76
[2024-03-04 16:47:23,626][mephisto.operations.operator][INFO] - Operator running task ID = 76
[2024-03-04 16:47:53,633][mephisto.operations.operator][INFO] - Operator running task ID = 76
[2024-03-04 16:48:23,639][mephisto.operations.operator][INFO] - Operator running task ID = 76
[2024-03-04 16:48:53,646][mephisto.operations.operator][INFO] - Operator running task ID = 76
[2024-03-04 16:49:23,651][mephisto.operations.operator][INFO] - Operator running task ID = 76
[2024-03-04 16:49:53,658][mephisto.operations.operator][INFO] - Operator running task ID = 76
[2024-03-04 16:50:23,663][mephisto.operations.operator][INFO] - Operator running task ID = 76
[2024-03-04 16:50:53,670][mephisto.operations.operator][INFO] - Operator running task ID = 76
[2024-03-04 16:51:23,674][mephisto.operations.operator][INFO] - Operator running task ID = 76
[2024-03-04 16:51:53,682][mephisto.operations.operator][INFO] - Operator running task ID = 76
[2024-03-04 16:52:23,687][mephisto.operations.operator][INFO] - Operator running task ID = 76
[2024-03-04 16:52:53,694][mephisto.operations.operator][INFO] - Operator running task ID = 76
[2024-03-04 16:53:23,699][mephisto.operations.operator][INFO] - Operator running task ID = 76
[2024-03-04 16:53:53,706][mephisto.operations.operator][INFO] - Operator running task ID = 76
[2024-03-04 16:54:23,711][mephisto.operations.operator][INFO] - Operator running task ID = 76
[2024-03-04 16:54:53,717][mephisto.operations.operator][INFO] - Operator running task ID = 76
[2024-03-04 16:55:23,721][mephisto.operations.operator][INFO] - Operator running task ID = 76
[2024-03-04 16:55:53,729][mephisto.operations.operator][INFO] - Operator running task ID = 76
[2024-03-04 16:56:23,731][mephisto.operations.operator][INFO] - Operator running task ID = 76
[2024-03-04 16:56:53,738][mephisto.operations.operator][INFO] - Operator running task ID = 76
[2024-03-04 16:57:23,743][mephisto.operations.operator][INFO] - Operator running task ID = 76
[2024-03-04 16:57:53,748][mephisto.operations.operator][INFO] - Operator running task ID = 76
[2024-03-04 16:58:23,751][mephisto.operations.operator][INFO] - Operator running task ID = 76
[2024-03-04 16:58:53,758][mephisto.operations.operator][INFO] - Operator running task ID = 76
[2024-03-04 16:59:23,763][mephisto.operations.operator][INFO] - Operator running task ID = 76
[2024-03-04 16:59:53,770][mephisto.operations.operator][INFO] - Operator running task ID = 76
[2024-03-04 17:00:23,776][mephisto.operations.operator][INFO] - Operator running task ID = 76
[2024-03-04 17:00:53,782][mephisto.operations.operator][INFO] - Operator running task ID = 76
[2024-03-04 17:01:23,786][mephisto.operations.operator][INFO] - Operator running task ID = 76
[2024-03-04 17:01:53,795][mephisto.operations.operator][INFO] - Operator running task ID = 76
[2024-03-04 17:02:23,800][mephisto.operations.operator][INFO] - Operator running task ID = 76
[2024-03-04 17:02:53,807][mephisto.operations.operator][INFO] - Operator running task ID = 76
[2024-03-04 17:03:23,818][mephisto.operations.operator][INFO] - Operator running task ID = 76
[2024-03-04 17:03:53,830][mephisto.operations.operator][INFO] - Operator running task ID = 76
[2024-03-04 17:04:23,842][mephisto.operations.operator][INFO] - Operator running task ID = 76
[2024-03-04 17:04:53,849][mephisto.operations.operator][INFO] - Operator running task ID = 76
[2024-03-04 17:05:23,862][mephisto.operations.operator][INFO] - Operator running task ID = 76
[2024-03-04 17:05:53,870][mephisto.operations.operator][INFO] - Operator running task ID = 76
[2024-03-04 17:06:23,884][mephisto.operations.operator][INFO] - Operator running task ID = 76
[2024-03-04 17:06:53,894][mephisto.operations.operator][INFO] - Operator running task ID = 76
[2024-03-04 17:07:23,906][mephisto.operations.operator][INFO] - Operator running task ID = 76
[2024-03-04 17:07:53,917][mephisto.operations.operator][INFO] - Operator running task ID = 76
[2024-03-04 17:08:23,926][mephisto.operations.operator][INFO] - Operator running task ID = 76
[2024-03-04 17:08:53,937][mephisto.operations.operator][INFO] - Operator running task ID = 76
[2024-03-04 17:09:23,945][mephisto.operations.operator][INFO] - Operator running task ID = 76
[2024-03-04 17:09:53,953][mephisto.operations.operator][INFO] - Operator running task ID = 76
[2024-03-04 17:10:23,962][mephisto.operations.operator][INFO] - Operator running task ID = 76
[2024-03-04 17:10:53,968][mephisto.operations.operator][INFO] - Operator running task ID = 76
[2024-03-04 17:11:23,978][mephisto.operations.operator][INFO] - Operator running task ID = 76
[2024-03-04 17:11:53,984][mephisto.operations.operator][INFO] - Operator running task ID = 76
[2024-03-04 17:12:23,990][mephisto.operations.operator][INFO] - Operator running task ID = 76
[2024-03-04 17:12:54,001][mephisto.operations.operator][INFO] - Operator running task ID = 76
[2024-03-04 17:13:24,009][mephisto.operations.operator][INFO] - Operator running task ID = 76
[2024-03-04 17:13:44,257][mephisto.operations.client_io_handler][WARNING] - [31;1m[Version Mismatch!!][0m: Package `mephisto-task` version mismatch. Expected version 2.0.4 but frontend is currently using 2.0.3. This may cause unexpected errors, be sure to update your `mephisto-task` dependency with `npm install mephisto-task@2.0.4 --save`. If this warning still persists or the version isn't found, please open an issue at https://github.com/facebookresearch/Mephisto/issues
[2024-03-04 17:13:54,018][mephisto.operations.operator][INFO] - Operator running task ID = 76
[2024-03-04 17:13:54,095][mephisto.abstractions.blueprints.abstract.static_task.static_agent_state][INFO] - SAVED_DATA_TO_DISC at /home/martins_32048/mephisto-data/data/data/runs/NO_PROJECT/76/onboarding/onboarding_82/agent_data.json
[2024-03-04 17:13:54,096][mephisto.operations.worker_pool][INFO] - MockWorker(92) is starting onboarding thread with onboarding OnboardingAgent(82, none).
[2024-03-04 17:13:54,105][mephisto.operations.client_io_handler][WARNING] - [31;1m[Version Mismatch!!][0m: Package `mephisto-task` version mismatch. Expected version 2.0.4 but frontend is currently using 2.0.3. This may cause unexpected errors, be sure to update your `mephisto-task` dependency with `npm install mephisto-task@2.0.4 --save`. If this warning still persists or the version isn't found, please open an issue at https://github.com/facebookresearch/Mephisto/issues
[2024-03-04 17:14:24,029][mephisto.operations.operator][INFO] - Operator running task ID = 76
[2024-03-04 17:14:54,038][mephisto.operations.operator][INFO] - Operator running task ID = 76
[2024-03-04 17:15:10,415][mephisto.abstractions.blueprints.abstract.static_task.static_agent_state][INFO] - SAVED_DATA_TO_DISC at /home/martins_32048/mephisto-data/data/data/runs/NO_PROJECT/76/onboarding/onboarding_82/agent_data.json
[2024-03-04 17:15:10,423][mephisto.operations.worker_pool][INFO] - Onboarding agent onboarding_82 registered out from onboarding
[2024-03-04 17:15:10,429][mephisto.abstractions.blueprints.abstract.static_task.static_agent_state][INFO] - SAVED_DATA_TO_DISC at /home/martins_32048/mephisto-data/data/data/runs/NO_PROJECT/76/980/268/agent_data.json
[2024-03-04 17:15:24,050][mephisto.operations.operator][INFO] - Operator running task ID = 76
[2024-03-04 17:15:54,060][mephisto.operations.operator][INFO] - Operator running task ID = 76
[2024-03-04 17:16:24,070][mephisto.operations.operator][INFO] - Operator running task ID = 76
[2024-03-04 17:16:54,081][mephisto.operations.operator][INFO] - Operator running task ID = 76
[2024-03-04 17:17:24,090][mephisto.operations.operator][INFO] - Operator running task ID = 76
[2024-03-04 17:17:54,101][mephisto.operations.operator][INFO] - Operator running task ID = 76
[2024-03-04 17:18:24,109][mephisto.operations.operator][INFO] - Operator running task ID = 76
[2024-03-04 17:18:54,117][mephisto.operations.operator][INFO] - Operator running task ID = 76
[2024-03-04 17:19:24,128][mephisto.operations.operator][INFO] - Operator running task ID = 76
[2024-03-04 17:19:54,138][mephisto.operations.operator][INFO] - Operator running task ID = 76
[2024-03-04 17:19:54,226][mephisto.abstractions.blueprints.abstract.static_task.static_agent_state][INFO] - SAVED_DATA_TO_DISC at /home/martins_32048/mephisto-data/data/data/runs/NO_PROJECT/76/980/268/agent_data.json
[2024-03-04 17:20:24,149][mephisto.operations.operator][INFO] - Operator running task ID = 76
[2024-03-04 17:20:54,155][mephisto.operations.operator][INFO] - Operator running task ID = 76
[2024-03-04 17:21:24,165][mephisto.operations.operator][INFO] - Operator running task ID = 76
[2024-03-04 17:21:54,172][mephisto.operations.operator][INFO] - Operator running task ID = 76
[2024-03-04 17:22:24,182][mephisto.operations.operator][INFO] - Operator running task ID = 76
[2024-03-04 17:22:54,189][mephisto.operations.operator][INFO] - Operator running task ID = 76
[2024-03-04 17:23:24,200][mephisto.operations.operator][INFO] - Operator running task ID = 76
[2024-03-04 17:23:54,208][mephisto.operations.operator][INFO] - Operator running task ID = 76
[2024-03-04 17:24:24,218][mephisto.operations.operator][INFO] - Operator running task ID = 76
[2024-03-04 17:24:54,227][mephisto.operations.operator][INFO] - Operator running task ID = 76
[2024-03-04 17:25:24,238][mephisto.operations.operator][INFO] - Operator running task ID = 76
[2024-03-04 17:25:54,247][mephisto.operations.operator][INFO] - Operator running task ID = 76
[2024-03-04 17:26:24,257][mephisto.operations.operator][INFO] - Operator running task ID = 76
[2024-03-04 17:26:54,266][mephisto.operations.operator][INFO] - Operator running task ID = 76
[2024-03-04 17:27:24,274][mephisto.operations.operator][INFO] - Operator running task ID = 76
[2024-03-04 17:27:54,282][mephisto.operations.operator][INFO] - Operator running task ID = 76
[2024-03-04 17:28:24,294][mephisto.operations.operator][INFO] - Operator running task ID = 76
[2024-03-04 17:28:54,305][mephisto.operations.operator][INFO] - Operator running task ID = 76
[2024-03-04 17:29:24,314][mephisto.operations.operator][INFO] - Operator running task ID = 76
[2024-03-04 17:29:54,323][mephisto.operations.operator][INFO] - Operator running task ID = 76
[2024-03-04 17:30:24,335][mephisto.operations.operator][INFO] - Operator running task ID = 76
[2024-03-04 17:30:54,344][mephisto.operations.operator][INFO] - Operator running task ID = 76
[2024-03-04 17:31:24,354][mephisto.operations.operator][INFO] - Operator running task ID = 76
[2024-03-04 17:31:54,362][mephisto.operations.operator][INFO] - Operator running task ID = 76
[2024-03-04 17:32:24,372][mephisto.operations.operator][INFO] - Operator running task ID = 76
[2024-03-04 17:32:54,383][mephisto.operations.operator][INFO] - Operator running task ID = 76
[2024-03-04 17:33:24,390][mephisto.operations.operator][INFO] - Operator running task ID = 76
[2024-03-04 17:33:54,400][mephisto.operations.operator][INFO] - Operator running task ID = 76
[2024-03-04 17:34:24,410][mephisto.operations.operator][INFO] - Operator running task ID = 76
[2024-03-04 17:34:54,417][mephisto.operations.operator][INFO] - Operator running task ID = 76
[2024-03-04 17:35:24,426][mephisto.operations.operator][INFO] - Operator running task ID = 76
[2024-03-04 17:35:54,433][mephisto.operations.operator][INFO] - Operator running task ID = 76
[2024-03-04 17:36:24,445][mephisto.operations.operator][INFO] - Operator running task ID = 76
[2024-03-04 17:36:54,450][mephisto.operations.operator][INFO] - Operator running task ID = 76
[2024-03-04 17:37:24,458][mephisto.operations.operator][INFO] - Operator running task ID = 76
[2024-03-04 17:37:54,465][mephisto.operations.operator][INFO] - Operator running task ID = 76
[2024-03-04 17:38:24,475][mephisto.operations.operator][INFO] - Operator running task ID = 76
[2024-03-04 17:38:54,481][mephisto.operations.operator][INFO] - Operator running task ID = 76
[2024-03-04 17:39:24,490][mephisto.operations.operator][INFO] - Operator running task ID = 76
[2024-03-04 17:39:54,497][mephisto.operations.operator][INFO] - Operator running task ID = 76
[2024-03-04 17:40:24,506][mephisto.operations.operator][INFO] - Operator running task ID = 76
[2024-03-04 17:40:54,515][mephisto.operations.operator][INFO] - Operator running task ID = 76
[2024-03-04 17:41:24,524][mephisto.operations.operator][INFO] - Operator running task ID = 76
[2024-03-04 17:41:54,532][mephisto.operations.operator][INFO] - Operator running task ID = 76
[2024-03-04 17:42:24,538][mephisto.operations.operator][INFO] - Operator running task ID = 76
[2024-03-04 17:42:54,548][mephisto.operations.operator][INFO] - Operator running task ID = 76
[2024-03-04 17:43:24,553][mephisto.operations.operator][INFO] - Operator running task ID = 76
[2024-03-04 17:43:54,560][mephisto.operations.operator][INFO] - Operator running task ID = 76
[2024-03-04 17:44:24,569][mephisto.operations.operator][INFO] - Operator running task ID = 76
[2024-03-04 17:44:54,577][mephisto.operations.operator][INFO] - Operator running task ID = 76
[2024-03-04 17:45:24,582][mephisto.operations.operator][INFO] - Operator running task ID = 76
[2024-03-04 17:45:54,588][mephisto.operations.operator][INFO] - Operator running task ID = 76
[2024-03-04 17:46:24,597][mephisto.operations.operator][INFO] - Operator running task ID = 76
[2024-03-04 17:46:54,604][mephisto.operations.operator][INFO] - Operator running task ID = 76
[2024-03-04 17:47:24,614][mephisto.operations.operator][INFO] - Operator running task ID = 76
[2024-03-04 17:47:54,622][mephisto.operations.operator][INFO] - Operator running task ID = 76
[2024-03-04 17:48:24,631][mephisto.operations.operator][INFO] - Operator running task ID = 76
[2024-03-04 17:48:54,638][mephisto.operations.operator][INFO] - Operator running task ID = 76
[2024-03-04 17:49:24,646][mephisto.operations.operator][INFO] - Operator running task ID = 76
[2024-03-04 17:49:54,651][mephisto.operations.operator][INFO] - Operator running task ID = 76
[2024-03-04 17:50:24,658][mephisto.operations.operator][INFO] - Operator running task ID = 76
[2024-03-04 17:50:54,666][mephisto.operations.operator][INFO] - Operator running task ID = 76
[2024-03-04 17:51:24,675][mephisto.operations.operator][INFO] - Operator running task ID = 76
[2024-03-04 17:51:30,647][mephisto.operations.operator][ERROR] - Cleaning up after keyboard interrupt, please [31;1mwait to Ctrl-C again[0m until instructed to.
[2024-03-04 17:51:30,647][mephisto.operations.operator][INFO] - operator shutting down
[2024-03-04 17:51:30,647][mephisto.operations.operator][INFO] - Expiring units for task run 76.
[2024-03-04 17:51:30,685][mephisto.operations.operator][INFO] - Waiting on 1 task runs with assignments in-flight. [31;1mCtrl-C ONCE[0m to kill running tasks and FORCE QUIT.
[2024-03-04 17:51:30,908][sh.command][INFO] - <Command '/usr/bin/rm -rf /home/martins_32048/Projects/Mephisto/tmp/local_server_76/server', pid 2249021>: process started
