[2024-03-01 16:20:30,951][root][WARNING] - Mephisto supports rich run-time metrics visualization through Prometheus and Grafana. If you'd like to use this feature, use `mephisto metrics install` to install.(Current install dir is '/home/martins_32048/Projects/Mephisto/mephisto/scripts/metrics')'
[2024-03-01 16:20:30,972][mephisto.operations.operator][INFO] - Creating a task run under task name: react-word-sentiment
[2024-03-01 16:20:31,835][sh.command][INFO] - <Command '/usr/bin/rm -rf /home/martins_32048/mephisto-data/data/data/runs/NO_PROJECT/70/build/router', pid 1982594>: process started
[2024-03-01 16:20:33,128][sh.command][INFO] - <Command '/usr/bin/rm -rf /home/martins_32048/mephisto-data/data/data/runs/NO_PROJECT/70/build/router', pid 1982606>: process started
[2024-03-01 16:20:33,145][mephisto.operations.client_io_handler][INFO] - Sending alive
[2024-03-01 16:20:33,145][mephisto.operations.client_io_handler][INFO] - Sending alive
[2024-03-01 16:20:33,160][mephisto.operations.client_io_handler][INFO] - Sending alive
[2024-03-01 16:20:33,160][mephisto.abstractions.architects.channels.websocket_channel][INFO] - channel open
[2024-03-01 16:20:33,448][mephisto.operations.operator][INFO] - Operator running task ID = 70
[2024-03-01 16:20:42,427][mephisto.operations.client_io_handler][WARNING] - [31;1m[Version Mismatch!!][0m: Package `mephisto-task` version mismatch. Expected version 2.0.4 but frontend is currently using 2.0.3. This may cause unexpected errors, be sure to update your `mephisto-task` dependency with `npm install mephisto-task@2.0.4 --save`. If this warning still persists or the version isn't found, please open an issue at https://github.com/facebookresearch/Mephisto/issues
[2024-03-01 16:20:43,567][mephisto.abstractions.providers.mock.mock_unit][INFO] - Mock task launched: http://localhost:3000 for preview, http://localhost:3000/?worker_id=x&assignment_id=1917 for assignment 941
[2024-03-01 16:20:43,569][mephisto.abstractions.providers.mock.mock_unit][INFO] - Mock task launched: http://localhost:3000 for preview, http://localhost:3000/?worker_id=x&assignment_id=1918 for assignment 942
[2024-03-01 16:20:43,570][mephisto.abstractions.providers.mock.mock_unit][INFO] - Mock task launched: http://localhost:3000 for preview, http://localhost:3000/?worker_id=x&assignment_id=1919 for assignment 943
[2024-03-01 16:20:43,572][mephisto.abstractions.providers.mock.mock_unit][INFO] - Mock task launched: http://localhost:3000 for preview, http://localhost:3000/?worker_id=x&assignment_id=1920 for assignment 944
[2024-03-01 16:20:43,573][mephisto.abstractions.providers.mock.mock_unit][INFO] - Mock task launched: http://localhost:3000 for preview, http://localhost:3000/?worker_id=x&assignment_id=1921 for assignment 945
[2024-03-01 16:20:43,575][mephisto.abstractions.providers.mock.mock_unit][INFO] - Mock task launched: http://localhost:3000 for preview, http://localhost:3000/?worker_id=x&assignment_id=1922 for assignment 946
[2024-03-01 16:20:46,030][mephisto.abstractions.blueprints.abstract.static_task.static_agent_state][INFO] - SAVED_DATA_TO_DISC at /home/martins_32048/mephisto-data/data/data/runs/NO_PROJECT/70/941/250/agent_data.json
[2024-03-01 16:20:46,043][mephisto.operations.client_io_handler][WARNING] - [31;1m[Version Mismatch!!][0m: Package `mephisto-task` version mismatch. Expected version 2.0.4 but frontend is currently using 2.0.3. This may cause unexpected errors, be sure to update your `mephisto-task` dependency with `npm install mephisto-task@2.0.4 --save`. If this warning still persists or the version isn't found, please open an issue at https://github.com/facebookresearch/Mephisto/issues
[2024-03-01 16:21:03,456][mephisto.operations.operator][INFO] - Operator running task ID = 70
[2024-03-01 16:21:23,918][mephisto.abstractions.blueprints.abstract.static_task.static_agent_state][INFO] - SAVED_DATA_TO_DISC at /home/martins_32048/mephisto-data/data/data/runs/NO_PROJECT/70/941/250/agent_data.json
[2024-03-01 16:21:33,466][mephisto.operations.operator][INFO] - Operator running task ID = 70
[2024-03-01 16:22:03,473][mephisto.operations.operator][INFO] - Operator running task ID = 70
[2024-03-01 16:22:07,715][mephisto.operations.operator][ERROR] - Cleaning up after keyboard interrupt, please [31;1mwait to Ctrl-C again[0m until instructed to.
[2024-03-01 16:22:07,715][mephisto.operations.operator][INFO] - operator shutting down
[2024-03-01 16:22:07,715][mephisto.operations.operator][INFO] - Expiring units for task run 70.
[2024-03-01 16:22:07,759][mephisto.operations.operator][INFO] - Waiting on 1 task runs with assignments in-flight. [31;1mCtrl-C ONCE[0m to kill running tasks and FORCE QUIT.
[2024-03-01 16:22:37,789][mephisto.operations.operator][INFO] - Waiting on 1 task runs with assignments in-flight. [31;1mCtrl-C ONCE[0m to kill running tasks and FORCE QUIT.
[2024-03-01 16:23:07,820][mephisto.operations.operator][INFO] - Waiting on 1 task runs with assignments in-flight. [31;1mCtrl-C ONCE[0m to kill running tasks and FORCE QUIT.
[2024-03-01 16:23:37,846][mephisto.operations.operator][INFO] - Waiting on 1 task runs with assignments in-flight. [31;1mCtrl-C ONCE[0m to kill running tasks and FORCE QUIT.
[2024-03-01 16:24:07,871][mephisto.operations.operator][INFO] - Waiting on 1 task runs with assignments in-flight. [31;1mCtrl-C ONCE[0m to kill running tasks and FORCE QUIT.
[2024-03-01 16:24:12,322][mephisto.operations.operator][WARNING] - Skipping waiting for outstanding task completions, shutting down servers now!Follow cleanup instructions [31;1mclosely[0m for proper cleanup.
[2024-03-01 16:24:12,322][mephisto.operations.operator][WARNING] - Cleaning up run 70. [31;1mCtrl-C once per step[0m to skip that step.
[2024-03-01 16:24:12,323][mephisto.operations.operator][WARNING] - Shutting down active Units in-flight.
[2024-03-01 16:24:12,323][mephisto.operations.operator][WARNING] - Cleaning up remaining workers.
[2024-03-01 16:24:12,323][mephisto.operations.operator][WARNING] - Closing client communications.
[2024-03-01 16:24:12,527][mephisto.operations.operator][WARNING] - Shutting down servers
[2024-03-01 16:24:12,546][sh.command][INFO] - <Command '/usr/bin/rm -rf /home/martins_32048/Projects/Mephisto/tmp/local_server_70/server', pid 1982840>: process started
