[2023-09-29 13:48:42,553][root][WARNING] - Mephisto supports rich run-time metrics visualization through Prometheus and Grafana. If you'd like to use this feature, use `mephisto metrics install` to install.(Current install dir is '/home/martins_32048/Projects/Mephisto/mephisto/scripts/metrics')'
[2023-09-29 13:48:42,645][mephisto.operations.operator][INFO] - Creating a task run under task name: custom-react-tutorial-iterating
[2023-09-29 13:48:43,494][sh.command][INFO] - <Command '/usr/bin/rm -rf /home/martins_32048/mephisto-data/data/data/runs/NO_PROJECT/13/build/router', pid 2410508>: process started
[2023-09-29 13:48:44,939][sh.command][INFO] - <Command '/usr/bin/rm -rf /home/martins_32048/mephisto-data/data/data/runs/NO_PROJECT/13/build/router', pid 2410520>: process started
[2023-09-29 13:48:44,990][mephisto.operations.client_io_handler][INFO] - Sending alive
[2023-09-29 13:48:44,990][mephisto.operations.client_io_handler][INFO] - Sending alive
[2023-09-29 13:48:45,003][mephisto.operations.client_io_handler][INFO] - Sending alive
[2023-09-29 13:48:45,003][mephisto.abstractions.architects.channels.websocket_channel][INFO] - channel open
[2023-09-29 13:48:45,348][mephisto.operations.operator][INFO] - Operator running task ID = 13
[2023-09-29 13:48:45,351][mephisto.abstractions.providers.mock.mock_unit][INFO] - Mock task launched: http://localhost:3000 for preview, http://localhost:3000/?worker_id=x&assignment_id=23 for assignment 21
[2023-09-29 13:48:45,353][mephisto.abstractions.providers.mock.mock_unit][INFO] - Mock task launched: http://localhost:3000 for preview, http://localhost:3000/?worker_id=x&assignment_id=24 for assignment 22
[2023-09-29 13:48:47,922][mephisto.operations.client_io_handler][WARNING] - [31;1m[Version Mismatch!!][0m: Package `mephisto-task` version mismatch. Expected version 2.0.4 but frontend is currently using 2.0.3. This may cause unexpected errors, be sure to update your `mephisto-task` dependency with `npm install mephisto-task@2.0.4 --save`. If this warning still persists or the version isn't found, please open an issue at https://github.com/facebookresearch/Mephisto/issues
[2023-09-29 13:48:47,968][mephisto.abstractions.blueprints.abstract.static_task.static_agent_state][INFO] - SAVED_DATA_TO_DISC at /home/martins_32048/mephisto-data/data/data/runs/NO_PROJECT/13/21/11/agent_data.json
[2023-09-29 13:49:15,356][mephisto.operations.operator][INFO] - Operator running task ID = 13
[2023-09-29 13:49:45,368][mephisto.operations.operator][INFO] - Operator running task ID = 13
[2023-09-29 13:50:15,376][mephisto.operations.operator][INFO] - Operator running task ID = 13
[2023-09-29 13:50:45,388][mephisto.operations.operator][INFO] - Operator running task ID = 13
[2023-09-29 13:51:15,399][mephisto.operations.operator][INFO] - Operator running task ID = 13
[2023-09-29 13:51:45,411][mephisto.operations.operator][INFO] - Operator running task ID = 13
[2023-09-29 13:52:15,423][mephisto.operations.operator][INFO] - Operator running task ID = 13
[2023-09-29 13:52:45,436][mephisto.operations.operator][INFO] - Operator running task ID = 13
[2023-09-29 13:53:15,443][mephisto.operations.operator][INFO] - Operator running task ID = 13
[2023-09-29 13:53:45,456][mephisto.operations.operator][INFO] - Operator running task ID = 13
[2023-09-29 13:54:15,461][mephisto.operations.operator][INFO] - Operator running task ID = 13
[2023-09-29 13:54:45,472][mephisto.operations.operator][INFO] - Operator running task ID = 13
[2023-09-29 13:55:15,482][mephisto.operations.operator][INFO] - Operator running task ID = 13
[2023-09-29 13:55:45,495][mephisto.operations.operator][INFO] - Operator running task ID = 13
[2023-09-29 13:56:15,503][mephisto.operations.operator][INFO] - Operator running task ID = 13
[2023-09-29 13:56:45,515][mephisto.operations.operator][INFO] - Operator running task ID = 13
[2023-09-29 13:57:15,523][mephisto.operations.operator][INFO] - Operator running task ID = 13
[2023-09-29 13:57:45,533][mephisto.operations.operator][INFO] - Operator running task ID = 13
[2023-09-29 13:58:15,543][mephisto.operations.operator][INFO] - Operator running task ID = 13
[2023-09-29 13:58:45,553][mephisto.operations.operator][INFO] - Operator running task ID = 13
[2023-09-29 13:59:15,562][mephisto.operations.operator][INFO] - Operator running task ID = 13
[2023-09-29 13:59:45,575][mephisto.operations.operator][INFO] - Operator running task ID = 13
[2023-09-29 14:00:15,585][mephisto.operations.operator][INFO] - Operator running task ID = 13
[2023-09-29 14:00:45,597][mephisto.operations.operator][INFO] - Operator running task ID = 13
[2023-09-29 14:01:15,606][mephisto.operations.operator][INFO] - Operator running task ID = 13
[2023-09-29 14:01:45,615][mephisto.operations.operator][INFO] - Operator running task ID = 13
[2023-09-29 14:02:15,622][mephisto.operations.operator][INFO] - Operator running task ID = 13
[2023-09-29 14:02:45,631][mephisto.operations.operator][INFO] - Operator running task ID = 13
[2023-09-29 14:03:15,638][mephisto.operations.operator][INFO] - Operator running task ID = 13
[2023-09-29 14:03:45,650][mephisto.operations.operator][INFO] - Operator running task ID = 13
[2023-09-29 14:04:15,659][mephisto.operations.operator][INFO] - Operator running task ID = 13
[2023-09-29 14:04:45,672][mephisto.operations.operator][INFO] - Operator running task ID = 13
[2023-09-29 14:05:15,680][mephisto.operations.operator][INFO] - Operator running task ID = 13
[2023-09-29 14:05:45,688][mephisto.operations.operator][INFO] - Operator running task ID = 13
[2023-09-29 14:06:15,697][mephisto.operations.operator][INFO] - Operator running task ID = 13
[2023-09-29 14:06:45,707][mephisto.operations.operator][INFO] - Operator running task ID = 13
[2023-09-29 14:07:15,716][mephisto.operations.operator][INFO] - Operator running task ID = 13
[2023-09-29 14:07:45,728][mephisto.operations.operator][INFO] - Operator running task ID = 13
[2023-09-29 14:08:15,736][mephisto.operations.operator][INFO] - Operator running task ID = 13
[2023-09-29 14:08:45,746][mephisto.operations.operator][INFO] - Operator running task ID = 13
[2023-09-29 14:09:15,755][mephisto.operations.operator][INFO] - Operator running task ID = 13
[2023-09-29 14:09:45,764][mephisto.operations.operator][INFO] - Operator running task ID = 13
[2023-09-29 14:10:15,770][mephisto.operations.operator][INFO] - Operator running task ID = 13
[2023-09-29 14:10:45,780][mephisto.operations.operator][INFO] - Operator running task ID = 13
[2023-09-29 14:11:15,788][mephisto.operations.operator][INFO] - Operator running task ID = 13
[2023-09-29 14:11:45,798][mephisto.operations.operator][INFO] - Operator running task ID = 13
[2023-09-29 14:12:15,805][mephisto.operations.operator][INFO] - Operator running task ID = 13
[2023-09-29 14:12:45,816][mephisto.operations.operator][INFO] - Operator running task ID = 13
[2023-09-29 14:13:15,822][mephisto.operations.operator][INFO] - Operator running task ID = 13
[2023-09-29 14:13:45,828][mephisto.operations.operator][INFO] - Operator running task ID = 13
[2023-09-29 14:14:15,835][mephisto.operations.operator][INFO] - Operator running task ID = 13
[2023-09-29 14:14:45,840][mephisto.operations.operator][INFO] - Operator running task ID = 13
[2023-09-29 14:15:15,849][mephisto.operations.operator][INFO] - Operator running task ID = 13
[2023-09-29 14:15:45,856][mephisto.operations.operator][INFO] - Operator running task ID = 13
[2023-09-29 14:16:15,863][mephisto.operations.operator][INFO] - Operator running task ID = 13
[2023-09-29 14:16:45,872][mephisto.operations.operator][INFO] - Operator running task ID = 13
[2023-09-29 14:17:15,877][mephisto.operations.operator][INFO] - Operator running task ID = 13
[2023-09-29 14:17:45,887][mephisto.operations.operator][INFO] - Operator running task ID = 13
[2023-09-29 14:18:15,894][mephisto.operations.operator][INFO] - Operator running task ID = 13
[2023-09-29 14:18:45,900][mephisto.operations.operator][INFO] - Operator running task ID = 13
[2023-09-29 14:18:47,972][mephisto.abstractions._subcomponents.task_runner][ERROR] - Handled exception in unit MockUnit(23, assigned)
Traceback (most recent call last):
  File "/home/martins_32048/Projects/Mephisto/mephisto/abstractions/_subcomponents/task_runner.py", line 266, in _launch_and_run_unit
    self.run_unit(unit, agent)
  File "/home/martins_32048/Projects/Mephisto/mephisto/abstractions/blueprints/abstract/static_task/static_task_runner.py", line 69, in run_unit
    agent.await_submit(self.assignment_duration_in_seconds)
  File "/home/martins_32048/Projects/Mephisto/mephisto/abstractions/providers/mock/mock_agent.py", line 109, in await_submit
    return super().await_submit(timeout)
  File "/home/martins_32048/Projects/Mephisto/mephisto/data_model/agent.py", line 256, in await_submit
    raise AgentTimeoutError(timeout, self.db_id)
mephisto.data_model.exceptions.AgentTimeoutError: (1800, '11')
[2023-09-29 14:19:15,905][mephisto.operations.operator][INFO] - Operator running task ID = 13
[2023-09-29 14:19:45,912][mephisto.operations.operator][INFO] - Operator running task ID = 13
[2023-09-29 14:20:15,917][mephisto.operations.operator][INFO] - Operator running task ID = 13
[2023-09-29 14:20:45,926][mephisto.operations.operator][INFO] - Operator running task ID = 13
[2023-09-29 14:21:15,933][mephisto.operations.operator][INFO] - Operator running task ID = 13
[2023-09-29 14:21:45,942][mephisto.operations.operator][INFO] - Operator running task ID = 13
[2023-09-29 14:22:15,948][mephisto.operations.operator][INFO] - Operator running task ID = 13
[2023-09-29 14:22:45,956][mephisto.operations.operator][INFO] - Operator running task ID = 13
[2023-09-29 14:23:15,963][mephisto.operations.operator][INFO] - Operator running task ID = 13
[2023-09-29 14:23:45,971][mephisto.operations.operator][INFO] - Operator running task ID = 13
[2023-09-29 14:24:15,977][mephisto.operations.operator][INFO] - Operator running task ID = 13
[2023-09-29 14:24:30,967][mephisto.operations.client_io_handler][WARNING] - [31;1m[Version Mismatch!!][0m: Package `mephisto-task` version mismatch. Expected version 2.0.4 but frontend is currently using 2.0.3. This may cause unexpected errors, be sure to update your `mephisto-task` dependency with `npm install mephisto-task@2.0.4 --save`. If this warning still persists or the version isn't found, please open an issue at https://github.com/facebookresearch/Mephisto/issues
[2023-09-29 14:24:33,777][mephisto.operations.client_io_handler][WARNING] - [31;1m[Version Mismatch!!][0m: Package `mephisto-task` version mismatch. Expected version 2.0.4 but frontend is currently using 2.0.3. This may cause unexpected errors, be sure to update your `mephisto-task` dependency with `npm install mephisto-task@2.0.4 --save`. If this warning still persists or the version isn't found, please open an issue at https://github.com/facebookresearch/Mephisto/issues
[2023-09-29 14:24:37,640][mephisto.operations.operator][ERROR] - Cleaning up after keyboard interrupt, please [31;1mwait to Ctrl-C again[0m until instructed to.
[2023-09-29 14:24:37,640][mephisto.operations.operator][INFO] - operator shutting down
[2023-09-29 14:24:37,640][mephisto.operations.operator][INFO] - Expiring units for task run 13.
[2023-09-29 14:24:37,671][mephisto.operations.operator][INFO] - Waiting on 1 task runs with assignments in-flight. [31;1mCtrl-C ONCE[0m to kill running tasks and FORCE QUIT.
[2023-09-29 14:24:37,892][sh.command][INFO] - <Command '/usr/bin/rm -rf /home/martins_32048/Projects/Mephisto/tmp/local_server_13/server', pid 2412039>: process started
