[2024-04-03 11:33:04,105][root][WARNING] - Mephisto supports rich run-time metrics visualization through Prometheus and Grafana. If you'd like to use this feature, use `mephisto metrics install` to install.(Current install dir is '/home/martins_32048/Projects/semantics/venv/lib/python3.10/site-packages/mephisto/scripts/metrics')'
[2024-04-03 11:33:04,183][mephisto.operations.operator][INFO] - Creating a task run under task name: word-sentiment
[2024-04-03 11:33:05,148][sh.command][INFO] - <Command '/usr/bin/rm -rf /home/martins_32048/mephisto-data/data/data/runs/NO_PROJECT/89/build/router', pid 131526>: process started
[2024-04-03 11:33:06,594][sh.command][INFO] - <Command '/usr/bin/rm -rf /home/martins_32048/mephisto-data/data/data/runs/NO_PROJECT/89/build/router', pid 131538>: process started
[2024-04-03 11:33:06,642][mephisto.operations.client_io_handler][INFO] - Sending alive
[2024-04-03 11:33:06,643][mephisto.operations.client_io_handler][INFO] - Sending alive
[2024-04-03 11:33:06,658][mephisto.operations.client_io_handler][INFO] - Sending alive
[2024-04-03 11:33:06,659][mephisto.abstractions.architects.channels.websocket_channel][INFO] - channel open
[2024-04-03 11:33:06,945][mephisto.operations.operator][INFO] - Operator running task ID = 89
[2024-04-03 11:33:16,996][mephisto.abstractions.providers.mock.mock_unit][INFO] - Mock task launched: http://localhost:3000 for preview, http://localhost:3000/?worker_id=x&assignment_id=3277 for assignment 1261
[2024-04-03 11:33:17,003][mephisto.abstractions.providers.mock.mock_unit][INFO] - Mock task launched: http://localhost:3000 for preview, http://localhost:3000/?worker_id=x&assignment_id=3278 for assignment 1261
[2024-04-03 11:33:17,009][mephisto.abstractions.providers.mock.mock_unit][INFO] - Mock task launched: http://localhost:3000 for preview, http://localhost:3000/?worker_id=x&assignment_id=3279 for assignment 1261
[2024-04-03 11:33:17,015][mephisto.abstractions.providers.mock.mock_unit][INFO] - Mock task launched: http://localhost:3000 for preview, http://localhost:3000/?worker_id=x&assignment_id=3280 for assignment 1261
[2024-04-03 11:33:17,020][mephisto.abstractions.providers.mock.mock_unit][INFO] - Mock task launched: http://localhost:3000 for preview, http://localhost:3000/?worker_id=x&assignment_id=3281 for assignment 1261
[2024-04-03 11:33:17,025][mephisto.abstractions.providers.mock.mock_unit][INFO] - Mock task launched: http://localhost:3000 for preview, http://localhost:3000/?worker_id=x&assignment_id=3282 for assignment 1262
[2024-04-03 11:33:17,029][mephisto.abstractions.providers.mock.mock_unit][INFO] - Mock task launched: http://localhost:3000 for preview, http://localhost:3000/?worker_id=x&assignment_id=3283 for assignment 1262
[2024-04-03 11:33:17,034][mephisto.abstractions.providers.mock.mock_unit][INFO] - Mock task launched: http://localhost:3000 for preview, http://localhost:3000/?worker_id=x&assignment_id=3284 for assignment 1262
[2024-04-03 11:33:17,037][mephisto.abstractions.providers.mock.mock_unit][INFO] - Mock task launched: http://localhost:3000 for preview, http://localhost:3000/?worker_id=x&assignment_id=3285 for assignment 1262
[2024-04-03 11:33:17,040][mephisto.abstractions.providers.mock.mock_unit][INFO] - Mock task launched: http://localhost:3000 for preview, http://localhost:3000/?worker_id=x&assignment_id=3286 for assignment 1262
[2024-04-03 11:33:17,043][mephisto.abstractions.providers.mock.mock_unit][INFO] - Mock task launched: http://localhost:3000 for preview, http://localhost:3000/?worker_id=x&assignment_id=3287 for assignment 1263
[2024-04-03 11:33:17,045][mephisto.abstractions.providers.mock.mock_unit][INFO] - Mock task launched: http://localhost:3000 for preview, http://localhost:3000/?worker_id=x&assignment_id=3288 for assignment 1263
[2024-04-03 11:33:17,047][mephisto.abstractions.providers.mock.mock_unit][INFO] - Mock task launched: http://localhost:3000 for preview, http://localhost:3000/?worker_id=x&assignment_id=3289 for assignment 1263
[2024-04-03 11:33:17,050][mephisto.abstractions.providers.mock.mock_unit][INFO] - Mock task launched: http://localhost:3000 for preview, http://localhost:3000/?worker_id=x&assignment_id=3290 for assignment 1263
[2024-04-03 11:33:17,052][mephisto.abstractions.providers.mock.mock_unit][INFO] - Mock task launched: http://localhost:3000 for preview, http://localhost:3000/?worker_id=x&assignment_id=3291 for assignment 1263
[2024-04-03 11:33:17,055][mephisto.abstractions.providers.mock.mock_unit][INFO] - Mock task launched: http://localhost:3000 for preview, http://localhost:3000/?worker_id=x&assignment_id=3292 for assignment 1264
[2024-04-03 11:33:17,057][mephisto.abstractions.providers.mock.mock_unit][INFO] - Mock task launched: http://localhost:3000 for preview, http://localhost:3000/?worker_id=x&assignment_id=3293 for assignment 1264
[2024-04-03 11:33:17,060][mephisto.abstractions.providers.mock.mock_unit][INFO] - Mock task launched: http://localhost:3000 for preview, http://localhost:3000/?worker_id=x&assignment_id=3294 for assignment 1264
[2024-04-03 11:33:17,063][mephisto.abstractions.providers.mock.mock_unit][INFO] - Mock task launched: http://localhost:3000 for preview, http://localhost:3000/?worker_id=x&assignment_id=3295 for assignment 1264
[2024-04-03 11:33:17,065][mephisto.abstractions.providers.mock.mock_unit][INFO] - Mock task launched: http://localhost:3000 for preview, http://localhost:3000/?worker_id=x&assignment_id=3296 for assignment 1264
[2024-04-03 11:33:17,068][mephisto.abstractions.providers.mock.mock_unit][INFO] - Mock task launched: http://localhost:3000 for preview, http://localhost:3000/?worker_id=x&assignment_id=3297 for assignment 1265
[2024-04-03 11:33:17,070][mephisto.abstractions.providers.mock.mock_unit][INFO] - Mock task launched: http://localhost:3000 for preview, http://localhost:3000/?worker_id=x&assignment_id=3298 for assignment 1265
[2024-04-03 11:33:17,073][mephisto.abstractions.providers.mock.mock_unit][INFO] - Mock task launched: http://localhost:3000 for preview, http://localhost:3000/?worker_id=x&assignment_id=3299 for assignment 1265
[2024-04-03 11:33:17,076][mephisto.abstractions.providers.mock.mock_unit][INFO] - Mock task launched: http://localhost:3000 for preview, http://localhost:3000/?worker_id=x&assignment_id=3300 for assignment 1265
[2024-04-03 11:33:17,078][mephisto.abstractions.providers.mock.mock_unit][INFO] - Mock task launched: http://localhost:3000 for preview, http://localhost:3000/?worker_id=x&assignment_id=3301 for assignment 1265
[2024-04-03 11:33:17,080][mephisto.abstractions.providers.mock.mock_unit][INFO] - Mock task launched: http://localhost:3000 for preview, http://localhost:3000/?worker_id=x&assignment_id=3302 for assignment 1266
[2024-04-03 11:33:17,083][mephisto.abstractions.providers.mock.mock_unit][INFO] - Mock task launched: http://localhost:3000 for preview, http://localhost:3000/?worker_id=x&assignment_id=3303 for assignment 1266
[2024-04-03 11:33:17,085][mephisto.abstractions.providers.mock.mock_unit][INFO] - Mock task launched: http://localhost:3000 for preview, http://localhost:3000/?worker_id=x&assignment_id=3304 for assignment 1266
[2024-04-03 11:33:17,088][mephisto.abstractions.providers.mock.mock_unit][INFO] - Mock task launched: http://localhost:3000 for preview, http://localhost:3000/?worker_id=x&assignment_id=3305 for assignment 1266
[2024-04-03 11:33:17,090][mephisto.abstractions.providers.mock.mock_unit][INFO] - Mock task launched: http://localhost:3000 for preview, http://localhost:3000/?worker_id=x&assignment_id=3306 for assignment 1266
[2024-04-03 11:33:17,094][mephisto.abstractions.providers.mock.mock_unit][INFO] - Mock task launched: http://localhost:3000 for preview, http://localhost:3000/?worker_id=x&assignment_id=3307 for assignment 1267
[2024-04-03 11:33:17,096][mephisto.abstractions.providers.mock.mock_unit][INFO] - Mock task launched: http://localhost:3000 for preview, http://localhost:3000/?worker_id=x&assignment_id=3308 for assignment 1267
[2024-04-03 11:33:17,099][mephisto.abstractions.providers.mock.mock_unit][INFO] - Mock task launched: http://localhost:3000 for preview, http://localhost:3000/?worker_id=x&assignment_id=3309 for assignment 1267
[2024-04-03 11:33:17,101][mephisto.abstractions.providers.mock.mock_unit][INFO] - Mock task launched: http://localhost:3000 for preview, http://localhost:3000/?worker_id=x&assignment_id=3310 for assignment 1267
[2024-04-03 11:33:17,104][mephisto.abstractions.providers.mock.mock_unit][INFO] - Mock task launched: http://localhost:3000 for preview, http://localhost:3000/?worker_id=x&assignment_id=3311 for assignment 1267
[2024-04-03 11:33:17,106][mephisto.abstractions.providers.mock.mock_unit][INFO] - Mock task launched: http://localhost:3000 for preview, http://localhost:3000/?worker_id=x&assignment_id=3312 for assignment 1268
[2024-04-03 11:33:17,109][mephisto.abstractions.providers.mock.mock_unit][INFO] - Mock task launched: http://localhost:3000 for preview, http://localhost:3000/?worker_id=x&assignment_id=3313 for assignment 1268
[2024-04-03 11:33:17,111][mephisto.abstractions.providers.mock.mock_unit][INFO] - Mock task launched: http://localhost:3000 for preview, http://localhost:3000/?worker_id=x&assignment_id=3314 for assignment 1268
[2024-04-03 11:33:17,114][mephisto.abstractions.providers.mock.mock_unit][INFO] - Mock task launched: http://localhost:3000 for preview, http://localhost:3000/?worker_id=x&assignment_id=3315 for assignment 1268
[2024-04-03 11:33:17,116][mephisto.abstractions.providers.mock.mock_unit][INFO] - Mock task launched: http://localhost:3000 for preview, http://localhost:3000/?worker_id=x&assignment_id=3316 for assignment 1268
[2024-04-03 11:33:17,118][mephisto.abstractions.providers.mock.mock_unit][INFO] - Mock task launched: http://localhost:3000 for preview, http://localhost:3000/?worker_id=x&assignment_id=3317 for assignment 1269
[2024-04-03 11:33:17,121][mephisto.abstractions.providers.mock.mock_unit][INFO] - Mock task launched: http://localhost:3000 for preview, http://localhost:3000/?worker_id=x&assignment_id=3318 for assignment 1269
[2024-04-03 11:33:17,123][mephisto.abstractions.providers.mock.mock_unit][INFO] - Mock task launched: http://localhost:3000 for preview, http://localhost:3000/?worker_id=x&assignment_id=3319 for assignment 1269
[2024-04-03 11:33:17,126][mephisto.abstractions.providers.mock.mock_unit][INFO] - Mock task launched: http://localhost:3000 for preview, http://localhost:3000/?worker_id=x&assignment_id=3320 for assignment 1269
[2024-04-03 11:33:17,129][mephisto.abstractions.providers.mock.mock_unit][INFO] - Mock task launched: http://localhost:3000 for preview, http://localhost:3000/?worker_id=x&assignment_id=3321 for assignment 1269
[2024-04-03 11:33:18,801][mephisto.abstractions.blueprints.abstract.static_task.static_agent_state][INFO] - SAVED_DATA_TO_DISC at /home/martins_32048/mephisto-data/data/data/runs/NO_PROJECT/89/1261/284/agent_data.json
[2024-04-03 11:33:23,058][mephisto.abstractions.blueprints.abstract.static_task.static_agent_state][INFO] - SAVED_DATA_TO_DISC at /home/martins_32048/mephisto-data/data/data/runs/NO_PROJECT/89/1261/284/agent_data.json
[2024-04-03 11:33:36,955][mephisto.operations.operator][INFO] - Operator running task ID = 89
[2024-04-03 11:33:41,217][mephisto.operations.operator][ERROR] - Cleaning up after keyboard interrupt, please [31;1mwait to Ctrl-C again[0m until instructed to.
[2024-04-03 11:33:41,221][mephisto.operations.operator][INFO] - operator shutting down
[2024-04-03 11:33:41,222][mephisto.operations.operator][INFO] - Expiring units for task run 89.
[2024-04-03 11:33:41,440][mephisto.operations.operator][INFO] - Waiting on 1 task runs with assignments in-flight. [31;1mCtrl-C ONCE[0m to kill running tasks and FORCE QUIT.
[2024-04-03 11:33:41,675][sh.command][INFO] - <Command '/usr/bin/rm -rf /home/martins_32048/Projects/semantics/venv/lib/python3.10/site-packages/tmp/local_server_89/server', pid 131571>: process started
