[2024-02-27 14:58:10,382][root][WARNING] - Mephisto supports rich run-time metrics visualization through Prometheus and Grafana. If you'd like to use this feature, use `mephisto metrics install` to install.(Current install dir is '/home/martins_32048/Projects/Mephisto/mephisto/scripts/metrics')'
[2024-02-27 14:58:13,630][mephisto.operations.operator][INFO] - Creating a task run under task name: react-static-task-example
[2024-02-27 14:58:14,689][sh.command][INFO] - <Command '/usr/bin/rm -rf /home/martins_32048/mephisto-data/data/data/runs/NO_PROJECT/36/build/router', pid 1754609>: process started
[2024-02-27 14:58:15,981][sh.command][INFO] - <Command '/usr/bin/rm -rf /home/martins_32048/mephisto-data/data/data/runs/NO_PROJECT/36/build/router', pid 1754621>: process started
[2024-02-27 14:58:15,992][mephisto.operations.client_io_handler][INFO] - Sending alive
[2024-02-27 14:58:15,993][mephisto.operations.client_io_handler][INFO] - Sending alive
[2024-02-27 14:58:16,006][mephisto.operations.client_io_handler][INFO] - Sending alive
[2024-02-27 14:58:16,006][mephisto.abstractions.architects.channels.websocket_channel][INFO] - channel open
[2024-02-27 14:58:16,327][mephisto.operations.operator][INFO] - Operator running task ID = 36
[2024-02-27 14:58:16,328][mephisto.abstractions.providers.mock.mock_unit][INFO] - Mock task launched: http://localhost:3000 for preview, http://localhost:3000/?worker_id=x&assignment_id=101 for assignment 67
[2024-02-27 14:58:16,330][mephisto.abstractions.providers.mock.mock_unit][INFO] - Mock task launched: http://localhost:3000 for preview, http://localhost:3000/?worker_id=x&assignment_id=102 for assignment 67
[2024-02-27 14:58:16,331][mephisto.abstractions.providers.mock.mock_unit][INFO] - Mock task launched: http://localhost:3000 for preview, http://localhost:3000/?worker_id=x&assignment_id=103 for assignment 67
[2024-02-27 14:58:16,333][mephisto.abstractions.providers.mock.mock_unit][INFO] - Mock task launched: http://localhost:3000 for preview, http://localhost:3000/?worker_id=x&assignment_id=104 for assignment 68
[2024-02-27 14:58:16,334][mephisto.abstractions.providers.mock.mock_unit][INFO] - Mock task launched: http://localhost:3000 for preview, http://localhost:3000/?worker_id=x&assignment_id=105 for assignment 68
[2024-02-27 14:58:16,336][mephisto.abstractions.providers.mock.mock_unit][INFO] - Mock task launched: http://localhost:3000 for preview, http://localhost:3000/?worker_id=x&assignment_id=106 for assignment 68
[2024-02-27 14:58:18,377][mephisto.operations.client_io_handler][WARNING] - [31;1m[Version Mismatch!!][0m: Package `mephisto-task` version mismatch. Expected version 2.0.4 but frontend is currently using 2.0.3. This may cause unexpected errors, be sure to update your `mephisto-task` dependency with `npm install mephisto-task@2.0.4 --save`. If this warning still persists or the version isn't found, please open an issue at https://github.com/facebookresearch/Mephisto/issues
[2024-02-27 14:58:18,395][mephisto.abstractions.blueprints.abstract.static_task.static_agent_state][INFO] - SAVED_DATA_TO_DISC at /home/martins_32048/mephisto-data/data/data/runs/NO_PROJECT/36/67/43/agent_data.json
[2024-02-27 14:58:19,863][mephisto.abstractions.blueprints.abstract.static_task.static_agent_state][INFO] - SAVED_DATA_TO_DISC at /home/martins_32048/mephisto-data/data/data/runs/NO_PROJECT/36/67/43/agent_data.json
[2024-02-27 14:58:46,337][mephisto.operations.operator][INFO] - Operator running task ID = 36
[2024-02-27 14:59:16,342][mephisto.operations.operator][INFO] - Operator running task ID = 36
[2024-02-27 14:59:46,349][mephisto.operations.operator][INFO] - Operator running task ID = 36
[2024-02-27 15:00:16,358][mephisto.operations.operator][INFO] - Operator running task ID = 36
[2024-02-27 15:00:46,365][mephisto.operations.operator][INFO] - Operator running task ID = 36
[2024-02-27 15:01:16,374][mephisto.operations.operator][INFO] - Operator running task ID = 36
[2024-02-27 15:01:46,382][mephisto.operations.operator][INFO] - Operator running task ID = 36
[2024-02-27 15:02:16,394][mephisto.operations.operator][INFO] - Operator running task ID = 36
[2024-02-27 15:02:46,401][mephisto.operations.operator][INFO] - Operator running task ID = 36
[2024-02-27 15:03:16,409][mephisto.operations.operator][INFO] - Operator running task ID = 36
[2024-02-27 15:03:46,416][mephisto.operations.operator][INFO] - Operator running task ID = 36
[2024-02-27 15:04:16,424][mephisto.operations.operator][INFO] - Operator running task ID = 36
[2024-02-27 15:04:46,433][mephisto.operations.operator][INFO] - Operator running task ID = 36
[2024-02-27 15:05:16,445][mephisto.operations.operator][INFO] - Operator running task ID = 36
[2024-02-27 15:05:46,456][mephisto.operations.operator][INFO] - Operator running task ID = 36
[2024-02-27 15:06:16,466][mephisto.operations.operator][INFO] - Operator running task ID = 36
[2024-02-27 15:06:46,476][mephisto.operations.operator][INFO] - Operator running task ID = 36
[2024-02-27 15:06:49,081][mephisto.operations.operator][ERROR] - Cleaning up after keyboard interrupt, please [31;1mwait to Ctrl-C again[0m until instructed to.
[2024-02-27 15:06:49,081][mephisto.operations.operator][INFO] - operator shutting down
[2024-02-27 15:06:49,081][mephisto.operations.operator][INFO] - Expiring units for task run 36.
[2024-02-27 15:06:49,124][mephisto.operations.operator][INFO] - Waiting on 1 task runs with assignments in-flight. [31;1mCtrl-C ONCE[0m to kill running tasks and FORCE QUIT.
[2024-02-27 15:06:49,346][sh.command][INFO] - <Command '/usr/bin/rm -rf /home/martins_32048/Projects/Mephisto/tmp/local_server_36/server', pid 1755102>: process started
