[2023-09-29 13:02:58,771][root][WARNING] - Mephisto supports rich run-time metrics visualization through Prometheus and Grafana. If you'd like to use this feature, use `mephisto metrics install` to install.(Current install dir is '/home/martins_32048/Projects/Mephisto/mephisto/scripts/metrics')'
[2023-09-29 13:02:58,837][mephisto.abstractions.blueprints.static_react_task.static_react_blueprint][INFO] - If you want your server to update on reload whenever you make changes to your webapp, then make sure to set 

link_task_source: [blue]true[/blue]

in your task's hydra configuration and run 

[purple]cd[/purple] webapp [red]&&[/red] [green]npm[/green] run dev:watch

in a separate terminal window. For more information check out:
https://mephisto.ai/docs/guides/tutorials/custom_react/#12-launching-the-task

[2023-09-29 13:02:58,838][mephisto.operations.operator][INFO] - Creating a task run under task name: react-static-task-example
[2023-09-29 13:02:59,645][sh.command][INFO] - <Command '/usr/bin/rm -rf /home/martins_32048/mephisto-data/data/data/runs/NO_PROJECT/10/build/router', pid 2407841>: process started
[2023-09-29 13:03:01,136][sh.command][INFO] - <Command '/usr/bin/rm -rf /home/martins_32048/mephisto-data/data/data/runs/NO_PROJECT/10/build/router', pid 2407853>: process started
[2023-09-29 13:03:01,185][mephisto.operations.client_io_handler][INFO] - Sending alive
[2023-09-29 13:03:01,185][mephisto.operations.client_io_handler][INFO] - Sending alive
[2023-09-29 13:03:01,199][mephisto.operations.client_io_handler][INFO] - Sending alive
[2023-09-29 13:03:01,199][mephisto.abstractions.architects.channels.websocket_channel][INFO] - channel open
[2023-09-29 13:03:01,514][mephisto.operations.operator][INFO] - Operator running task ID = 10
[2023-09-29 13:03:01,517][mephisto.abstractions.providers.mock.mock_unit][INFO] - Mock task launched: http://localhost:3000 for preview, http://localhost:3000/?worker_id=x&assignment_id=17 for assignment 15
[2023-09-29 13:03:01,518][mephisto.abstractions.providers.mock.mock_unit][INFO] - Mock task launched: http://localhost:3000 for preview, http://localhost:3000/?worker_id=x&assignment_id=18 for assignment 16
[2023-09-29 13:03:02,962][mephisto.operations.client_io_handler][WARNING] - [31;1m[Version Mismatch!!][0m: Package `mephisto-task` version mismatch. Expected version 2.0.4 but frontend is currently using 2.0.3. This may cause unexpected errors, be sure to update your `mephisto-task` dependency with `npm install mephisto-task@2.0.4 --save`. If this warning still persists or the version isn't found, please open an issue at https://github.com/facebookresearch/Mephisto/issues
[2023-09-29 13:03:03,020][mephisto.abstractions.blueprints.abstract.static_task.static_agent_state][INFO] - SAVED_DATA_TO_DISC at /home/martins_32048/mephisto-data/data/data/runs/NO_PROJECT/10/15/8/agent_data.json
[2023-09-29 13:03:31,523][mephisto.operations.operator][INFO] - Operator running task ID = 10
[2023-09-29 13:03:44,975][mephisto.operations.client_io_handler][WARNING] - [31;1m[Version Mismatch!!][0m: Package `mephisto-task` version mismatch. Expected version 2.0.4 but frontend is currently using 2.0.3. This may cause unexpected errors, be sure to update your `mephisto-task` dependency with `npm install mephisto-task@2.0.4 --save`. If this warning still persists or the version isn't found, please open an issue at https://github.com/facebookresearch/Mephisto/issues
[2023-09-29 13:04:01,535][mephisto.operations.operator][INFO] - Operator running task ID = 10
[2023-09-29 13:04:31,542][mephisto.operations.operator][INFO] - Operator running task ID = 10
[2023-09-29 13:05:01,556][mephisto.operations.operator][INFO] - Operator running task ID = 10
[2023-09-29 13:05:31,566][mephisto.operations.operator][INFO] - Operator running task ID = 10
[2023-09-29 13:06:01,576][mephisto.operations.operator][INFO] - Operator running task ID = 10
[2023-09-29 13:06:31,587][mephisto.operations.operator][INFO] - Operator running task ID = 10
[2023-09-29 13:07:01,596][mephisto.operations.operator][INFO] - Operator running task ID = 10
[2023-09-29 13:07:31,606][mephisto.operations.operator][INFO] - Operator running task ID = 10
[2023-09-29 13:08:01,616][mephisto.operations.operator][INFO] - Operator running task ID = 10
[2023-09-29 13:08:18,591][mephisto.operations.operator][ERROR] - Cleaning up after keyboard interrupt, please [31;1mwait to Ctrl-C again[0m until instructed to.
[2023-09-29 13:08:18,591][mephisto.operations.operator][INFO] - operator shutting down
[2023-09-29 13:08:18,592][mephisto.operations.operator][INFO] - Expiring units for task run 10.
[2023-09-29 13:08:18,654][mephisto.operations.operator][INFO] - Waiting on 1 task runs with assignments in-flight. [31;1mCtrl-C ONCE[0m to kill running tasks and FORCE QUIT.
[2023-09-29 13:08:18,879][sh.command][INFO] - <Command '/usr/bin/rm -rf /home/martins_32048/Projects/Mephisto/tmp/local_server_10/server', pid 2408069>: process started
