[2024-02-26 10:17:17,909][root][WARNING] - Mephisto supports rich run-time metrics visualization through Prometheus and Grafana. If you'd like to use this feature, use `mephisto metrics install` to install.(Current install dir is '/home/martins_32048/Projects/Mephisto/mephisto/scripts/metrics')'
[2024-02-26 10:17:22,724][mephisto.operations.operator][INFO] - Creating a task run under task name: react-static-task-example
[2024-02-26 10:17:24,358][sh.command][INFO] - <Command '/usr/bin/rm -rf /home/martins_32048/mephisto-data/data/data/runs/NO_PROJECT/24/build/router', pid 1691437>: process started
[2024-02-26 10:17:25,951][sh.command][INFO] - <Command '/usr/bin/rm -rf /home/martins_32048/mephisto-data/data/data/runs/NO_PROJECT/24/build/router', pid 1691449>: process started
[2024-02-26 10:17:26,014][mephisto.operations.client_io_handler][INFO] - Sending alive
[2024-02-26 10:17:26,014][mephisto.operations.client_io_handler][INFO] - Sending alive
[2024-02-26 10:17:26,045][mephisto.operations.client_io_handler][INFO] - Sending alive
[2024-02-26 10:17:26,045][mephisto.abstractions.architects.channels.websocket_channel][INFO] - channel open
[2024-02-26 10:17:26,339][mephisto.operations.operator][INFO] - Operator running task ID = 24
[2024-02-26 10:17:26,341][mephisto.abstractions.providers.mock.mock_unit][INFO] - Mock task launched: http://localhost:3000 for preview, http://localhost:3000/?worker_id=x&assignment_id=45 for assignment 43
[2024-02-26 10:17:26,342][mephisto.abstractions.providers.mock.mock_unit][INFO] - Mock task launched: http://localhost:3000 for preview, http://localhost:3000/?worker_id=x&assignment_id=46 for assignment 44
[2024-02-26 10:17:28,915][mephisto.operations.client_io_handler][WARNING] - [31;1m[Version Mismatch!!][0m: Package `mephisto-task` version mismatch. Expected version 2.0.4 but frontend is currently using 2.0.3. This may cause unexpected errors, be sure to update your `mephisto-task` dependency with `npm install mephisto-task@2.0.4 --save`. If this warning still persists or the version isn't found, please open an issue at https://github.com/facebookresearch/Mephisto/issues
[2024-02-26 10:17:38,823][mephisto.operations.client_io_handler][WARNING] - [31;1m[Version Mismatch!!][0m: Package `mephisto-task` version mismatch. Expected version 2.0.4 but frontend is currently using 2.0.3. This may cause unexpected errors, be sure to update your `mephisto-task` dependency with `npm install mephisto-task@2.0.4 --save`. If this warning still persists or the version isn't found, please open an issue at https://github.com/facebookresearch/Mephisto/issues
[2024-02-26 10:17:38,830][mephisto.abstractions.blueprints.abstract.static_task.static_agent_state][INFO] - SAVED_DATA_TO_DISC at /home/martins_32048/mephisto-data/data/data/runs/NO_PROJECT/24/43/26/agent_data.json
[2024-02-26 10:17:56,345][mephisto.operations.operator][INFO] - Operator running task ID = 24
[2024-02-26 10:18:26,356][mephisto.operations.operator][INFO] - Operator running task ID = 24
[2024-02-26 10:18:56,366][mephisto.operations.operator][INFO] - Operator running task ID = 24
[2024-02-26 10:19:26,376][mephisto.operations.operator][INFO] - Operator running task ID = 24
[2024-02-26 10:19:56,387][mephisto.operations.operator][INFO] - Operator running task ID = 24
[2024-02-26 10:20:26,396][mephisto.operations.operator][INFO] - Operator running task ID = 24
[2024-02-26 10:20:56,403][mephisto.operations.operator][INFO] - Operator running task ID = 24
[2024-02-26 10:21:26,412][mephisto.operations.operator][INFO] - Operator running task ID = 24
[2024-02-26 10:21:56,420][mephisto.operations.operator][INFO] - Operator running task ID = 24
[2024-02-26 10:22:26,432][mephisto.operations.operator][INFO] - Operator running task ID = 24
[2024-02-26 10:22:56,439][mephisto.operations.operator][INFO] - Operator running task ID = 24
[2024-02-26 10:23:26,444][mephisto.operations.operator][INFO] - Operator running task ID = 24
[2024-02-26 10:23:56,450][mephisto.operations.operator][INFO] - Operator running task ID = 24
[2024-02-26 10:24:26,460][mephisto.operations.operator][INFO] - Operator running task ID = 24
[2024-02-26 10:24:56,470][mephisto.operations.operator][INFO] - Operator running task ID = 24
[2024-02-26 10:25:26,476][mephisto.operations.operator][INFO] - Operator running task ID = 24
[2024-02-26 10:25:56,482][mephisto.operations.operator][INFO] - Operator running task ID = 24
[2024-02-26 10:26:26,492][mephisto.operations.operator][INFO] - Operator running task ID = 24
[2024-02-26 10:26:56,499][mephisto.operations.operator][INFO] - Operator running task ID = 24
[2024-02-26 10:27:26,508][mephisto.operations.operator][INFO] - Operator running task ID = 24
[2024-02-26 10:27:56,516][mephisto.operations.operator][INFO] - Operator running task ID = 24
[2024-02-26 10:28:26,524][mephisto.operations.operator][INFO] - Operator running task ID = 24
[2024-02-26 10:28:56,532][mephisto.operations.operator][INFO] - Operator running task ID = 24
[2024-02-26 10:29:26,545][mephisto.operations.operator][INFO] - Operator running task ID = 24
[2024-02-26 10:29:56,554][mephisto.operations.operator][INFO] - Operator running task ID = 24
[2024-02-26 10:30:01,494][mephisto.operations.operator][ERROR] - Cleaning up after keyboard interrupt, please [31;1mwait to Ctrl-C again[0m until instructed to.
[2024-02-26 10:30:01,494][mephisto.operations.operator][INFO] - operator shutting down
[2024-02-26 10:30:01,494][mephisto.operations.operator][INFO] - Expiring units for task run 24.
[2024-02-26 10:30:01,526][mephisto.operations.operator][INFO] - Waiting on 1 task runs with assignments in-flight. [31;1mCtrl-C ONCE[0m to kill running tasks and FORCE QUIT.
[2024-02-26 10:30:01,759][sh.command][INFO] - <Command '/usr/bin/rm -rf /home/martins_32048/Projects/Mephisto/tmp/local_server_24/server', pid 1692352>: process started
