[2024-05-10 14:56:46,219][mephisto.utils.metrics][WARNING] - Prometheus PID existed, but server doesn't appear to be up.
[2024-05-10 14:56:46,222][mephisto.utils.metrics][WARNING] - Clearing prometheus pid as the server isn't running. Use `shutdown_prometheus_server` in the future for proper cleanup.
[2024-05-10 14:56:46,224][mephisto.utils.metrics][INFO] - Prometheus server launched at process 1653133
[2024-05-10 14:56:46,309][mephisto.operations.operator][INFO] - Creating a task run under task name: word-sentiment
[2024-05-10 14:56:47,345][sh.command][INFO] - <Command '/usr/bin/rm -rf /home/martins_32048/mephisto-data/data/data/runs/NO_PROJECT/94/build/router', pid 1653172>: process started
[2024-05-10 14:56:48,779][sh.command][INFO] - <Command '/usr/bin/rm -rf /home/martins_32048/mephisto-data/data/data/runs/NO_PROJECT/94/build/router', pid 1653188>: process started
[2024-05-10 14:56:48,827][mephisto.operations.client_io_handler][INFO] - Sending alive
[2024-05-10 14:56:48,828][mephisto.operations.client_io_handler][INFO] - Sending alive
[2024-05-10 14:56:48,843][mephisto.operations.client_io_handler][INFO] - Sending alive
[2024-05-10 14:56:48,844][mephisto.abstractions.architects.channels.websocket_channel][INFO] - channel open
[2024-05-10 14:56:49,132][mephisto.operations.operator][INFO] - Operator running task ID = 94
[2024-05-10 14:56:59,162][mephisto.abstractions.providers.mock.mock_unit][INFO] - Mock task launched: http://localhost:3000 for preview, http://localhost:3000/?worker_id=x&assignment_id=3502 for assignment 1306
[2024-05-10 14:56:59,169][mephisto.abstractions.providers.mock.mock_unit][INFO] - Mock task launched: http://localhost:3000 for preview, http://localhost:3000/?worker_id=x&assignment_id=3503 for assignment 1307
[2024-05-10 14:56:59,172][mephisto.abstractions.providers.mock.mock_unit][INFO] - Mock task launched: http://localhost:3000 for preview, http://localhost:3000/?worker_id=x&assignment_id=3504 for assignment 1308
[2024-05-10 14:56:59,176][mephisto.abstractions.providers.mock.mock_unit][INFO] - Mock task launched: http://localhost:3000 for preview, http://localhost:3000/?worker_id=x&assignment_id=3505 for assignment 1309
[2024-05-10 14:56:59,180][mephisto.abstractions.providers.mock.mock_unit][INFO] - Mock task launched: http://localhost:3000 for preview, http://localhost:3000/?worker_id=x&assignment_id=3506 for assignment 1310
[2024-05-10 14:56:59,185][mephisto.abstractions.providers.mock.mock_unit][INFO] - Mock task launched: http://localhost:3000 for preview, http://localhost:3000/?worker_id=x&assignment_id=3507 for assignment 1311
[2024-05-10 14:56:59,188][mephisto.abstractions.providers.mock.mock_unit][INFO] - Mock task launched: http://localhost:3000 for preview, http://localhost:3000/?worker_id=x&assignment_id=3508 for assignment 1312
[2024-05-10 14:56:59,191][mephisto.abstractions.providers.mock.mock_unit][INFO] - Mock task launched: http://localhost:3000 for preview, http://localhost:3000/?worker_id=x&assignment_id=3509 for assignment 1313
[2024-05-10 14:56:59,194][mephisto.abstractions.providers.mock.mock_unit][INFO] - Mock task launched: http://localhost:3000 for preview, http://localhost:3000/?worker_id=x&assignment_id=3510 for assignment 1314
[2024-05-10 14:57:01,255][mephisto.abstractions.blueprints.abstract.static_task.static_agent_state][INFO] - SAVED_DATA_TO_DISC at /home/martins_32048/mephisto-data/data/data/runs/NO_PROJECT/94/onboarding/onboarding_94/agent_data.json
[2024-05-10 14:57:01,256][mephisto.operations.worker_pool][INFO] - MockWorker(103) is starting onboarding thread with onboarding OnboardingAgent(94, none).
[2024-05-10 14:57:03,177][mephisto.abstractions.blueprints.abstract.static_task.static_agent_state][INFO] - SAVED_DATA_TO_DISC at /home/martins_32048/mephisto-data/data/data/runs/NO_PROJECT/94/onboarding/onboarding_94/agent_data.json
[2024-05-10 14:57:03,189][mephisto.operations.worker_pool][INFO] - Onboarding agent onboarding_94 registered out from onboarding
[2024-05-10 14:57:03,197][mephisto.abstractions.blueprints.abstract.static_task.static_agent_state][INFO] - SAVED_DATA_TO_DISC at /home/martins_32048/mephisto-data/data/data/runs/NO_PROJECT/94/1306/290/agent_data.json
[2024-05-10 14:57:08,604][mephisto.abstractions.blueprints.abstract.static_task.static_agent_state][INFO] - SAVED_DATA_TO_DISC at /home/martins_32048/mephisto-data/data/data/runs/NO_PROJECT/94/1306/290/agent_data.json
[2024-05-10 14:57:13,455][mephisto.abstractions.blueprints.abstract.static_task.static_agent_state][INFO] - SAVED_DATA_TO_DISC at /home/martins_32048/mephisto-data/data/data/runs/NO_PROJECT/94/onboarding/onboarding_95/agent_data.json
[2024-05-10 14:57:13,457][mephisto.operations.worker_pool][INFO] - MockWorker(104) is starting onboarding thread with onboarding OnboardingAgent(95, none).
[2024-05-10 14:57:15,628][mephisto.abstractions.blueprints.abstract.static_task.static_agent_state][INFO] - SAVED_DATA_TO_DISC at /home/martins_32048/mephisto-data/data/data/runs/NO_PROJECT/94/onboarding/onboarding_95/agent_data.json
[2024-05-10 14:57:15,639][mephisto.operations.worker_pool][INFO] - Onboarding agent onboarding_95 registered out from onboarding
[2024-05-10 14:57:15,652][mephisto.abstractions.blueprints.abstract.static_task.static_agent_state][INFO] - SAVED_DATA_TO_DISC at /home/martins_32048/mephisto-data/data/data/runs/NO_PROJECT/94/1307/291/agent_data.json
[2024-05-10 14:57:19,142][mephisto.operations.operator][INFO] - Operator running task ID = 94
[2024-05-10 14:57:21,085][mephisto.abstractions.blueprints.abstract.static_task.static_agent_state][INFO] - SAVED_DATA_TO_DISC at /home/martins_32048/mephisto-data/data/data/runs/NO_PROJECT/94/1307/291/agent_data.json
[2024-05-10 14:57:25,017][mephisto.abstractions.blueprints.abstract.static_task.static_agent_state][INFO] - SAVED_DATA_TO_DISC at /home/martins_32048/mephisto-data/data/data/runs/NO_PROJECT/94/onboarding/onboarding_96/agent_data.json
[2024-05-10 14:57:25,019][mephisto.operations.worker_pool][INFO] - MockWorker(105) is starting onboarding thread with onboarding OnboardingAgent(96, none).
[2024-05-10 14:57:26,887][mephisto.abstractions.blueprints.abstract.static_task.static_agent_state][INFO] - SAVED_DATA_TO_DISC at /home/martins_32048/mephisto-data/data/data/runs/NO_PROJECT/94/onboarding/onboarding_96/agent_data.json
[2024-05-10 14:57:26,898][mephisto.operations.worker_pool][INFO] - Onboarding agent onboarding_96 registered out from onboarding
[2024-05-10 14:57:26,905][mephisto.abstractions.blueprints.abstract.static_task.static_agent_state][INFO] - SAVED_DATA_TO_DISC at /home/martins_32048/mephisto-data/data/data/runs/NO_PROJECT/94/1308/292/agent_data.json
[2024-05-10 14:57:31,995][mephisto.abstractions.blueprints.abstract.static_task.static_agent_state][INFO] - SAVED_DATA_TO_DISC at /home/martins_32048/mephisto-data/data/data/runs/NO_PROJECT/94/1308/292/agent_data.json
[2024-05-10 14:57:40,229][mephisto.abstractions.blueprints.abstract.static_task.static_agent_state][INFO] - SAVED_DATA_TO_DISC at /home/martins_32048/mephisto-data/data/data/runs/NO_PROJECT/94/1309/293/agent_data.json
[2024-05-10 14:57:48,626][mephisto.abstractions.blueprints.abstract.static_task.static_agent_state][INFO] - SAVED_DATA_TO_DISC at /home/martins_32048/mephisto-data/data/data/runs/NO_PROJECT/94/1309/293/agent_data.json
[2024-05-10 14:57:49,150][mephisto.operations.operator][INFO] - Operator running task ID = 94
[2024-05-10 14:57:59,194][mephisto.abstractions.blueprints.abstract.static_task.static_agent_state][INFO] - SAVED_DATA_TO_DISC at /home/martins_32048/mephisto-data/data/data/runs/NO_PROJECT/94/1309/293/agent_data.json
[2024-05-10 14:58:19,162][mephisto.operations.operator][INFO] - Operator running task ID = 94
[2024-05-10 14:58:49,174][mephisto.operations.operator][INFO] - Operator running task ID = 94
[2024-05-10 14:59:19,186][mephisto.operations.operator][INFO] - Operator running task ID = 94
[2024-05-10 14:59:31,577][mephisto.operations.operator][ERROR] - Cleaning up after keyboard interrupt, please [31;1mwait to Ctrl-C again[0m until instructed to.
[2024-05-10 14:59:31,578][mephisto.operations.operator][INFO] - operator shutting down
[2024-05-10 14:59:31,579][mephisto.operations.operator][INFO] - Expiring units for task run 94.
[2024-05-10 14:59:31,627][mephisto.operations.operator][INFO] - Waiting on 1 task runs with assignments in-flight. [31;1mCtrl-C ONCE[0m to kill running tasks and FORCE QUIT.
[2024-05-10 14:59:31,858][sh.command][INFO] - <Command '/usr/bin/rm -rf /home/martins_32048/Projects/semantics/venv/lib/python3.10/site-packages/tmp/local_server_94/server', pid 1653837>: process started
