[2024-02-27 13:11:01,865][root][WARNING] - Mephisto supports rich run-time metrics visualization through Prometheus and Grafana. If you'd like to use this feature, use `mephisto metrics install` to install.(Current install dir is '/home/martins_32048/Projects/Mephisto/mephisto/scripts/metrics')'
[2024-02-27 13:11:04,611][mephisto.operations.operator][INFO] - Creating a task run under task name: react-static-task-example
[2024-02-27 13:11:05,550][sh.command][INFO] - <Command '/usr/bin/rm -rf /home/martins_32048/mephisto-data/data/data/runs/NO_PROJECT/32/build/router', pid 1747790>: process started
[2024-02-27 13:11:06,851][sh.command][INFO] - <Command '/usr/bin/rm -rf /home/martins_32048/mephisto-data/data/data/runs/NO_PROJECT/32/build/router', pid 1747808>: process started
[2024-02-27 13:11:06,868][mephisto.operations.client_io_handler][INFO] - Sending alive
[2024-02-27 13:11:06,868][mephisto.operations.client_io_handler][INFO] - Sending alive
[2024-02-27 13:11:06,886][mephisto.operations.client_io_handler][INFO] - Sending alive
[2024-02-27 13:11:06,887][mephisto.abstractions.architects.channels.websocket_channel][INFO] - channel open
[2024-02-27 13:11:07,200][mephisto.operations.operator][INFO] - Operator running task ID = 32
[2024-02-27 13:11:07,202][mephisto.abstractions.providers.mock.mock_unit][INFO] - Mock task launched: http://localhost:3000 for preview, http://localhost:3000/?worker_id=x&assignment_id=77 for assignment 59
[2024-02-27 13:11:07,203][mephisto.abstractions.providers.mock.mock_unit][INFO] - Mock task launched: http://localhost:3000 for preview, http://localhost:3000/?worker_id=x&assignment_id=78 for assignment 59
[2024-02-27 13:11:07,204][mephisto.abstractions.providers.mock.mock_unit][INFO] - Mock task launched: http://localhost:3000 for preview, http://localhost:3000/?worker_id=x&assignment_id=79 for assignment 59
[2024-02-27 13:11:07,206][mephisto.abstractions.providers.mock.mock_unit][INFO] - Mock task launched: http://localhost:3000 for preview, http://localhost:3000/?worker_id=x&assignment_id=80 for assignment 60
[2024-02-27 13:11:07,207][mephisto.abstractions.providers.mock.mock_unit][INFO] - Mock task launched: http://localhost:3000 for preview, http://localhost:3000/?worker_id=x&assignment_id=81 for assignment 60
[2024-02-27 13:11:07,209][mephisto.abstractions.providers.mock.mock_unit][INFO] - Mock task launched: http://localhost:3000 for preview, http://localhost:3000/?worker_id=x&assignment_id=82 for assignment 60
[2024-02-27 13:11:10,264][mephisto.operations.client_io_handler][WARNING] - [31;1m[Version Mismatch!!][0m: Package `mephisto-task` version mismatch. Expected version 2.0.4 but frontend is currently using 2.0.3. This may cause unexpected errors, be sure to update your `mephisto-task` dependency with `npm install mephisto-task@2.0.4 --save`. If this warning still persists or the version isn't found, please open an issue at https://github.com/facebookresearch/Mephisto/issues
[2024-02-27 13:11:10,297][mephisto.abstractions.blueprints.abstract.static_task.static_agent_state][INFO] - SAVED_DATA_TO_DISC at /home/martins_32048/mephisto-data/data/data/runs/NO_PROJECT/32/59/40/agent_data.json
[2024-02-27 13:11:13,224][mephisto.operations.client_io_handler][WARNING] - [31;1m[Version Mismatch!!][0m: Package `mephisto-task` version mismatch. Expected version 2.0.4 but frontend is currently using 2.0.3. This may cause unexpected errors, be sure to update your `mephisto-task` dependency with `npm install mephisto-task@2.0.4 --save`. If this warning still persists or the version isn't found, please open an issue at https://github.com/facebookresearch/Mephisto/issues
[2024-02-27 13:11:37,209][mephisto.operations.operator][INFO] - Operator running task ID = 32
[2024-02-27 13:12:07,214][mephisto.operations.operator][INFO] - Operator running task ID = 32
[2024-02-27 13:12:37,222][mephisto.operations.operator][INFO] - Operator running task ID = 32
[2024-02-27 13:13:07,230][mephisto.operations.operator][INFO] - Operator running task ID = 32
[2024-02-27 13:13:37,241][mephisto.operations.operator][INFO] - Operator running task ID = 32
[2024-02-27 13:14:07,248][mephisto.operations.operator][INFO] - Operator running task ID = 32
[2024-02-27 13:14:37,258][mephisto.operations.operator][INFO] - Operator running task ID = 32
[2024-02-27 13:15:07,270][mephisto.operations.operator][INFO] - Operator running task ID = 32
[2024-02-27 13:15:37,280][mephisto.operations.operator][INFO] - Operator running task ID = 32
[2024-02-27 13:16:07,290][mephisto.operations.operator][INFO] - Operator running task ID = 32
[2024-02-27 13:16:37,300][mephisto.operations.operator][INFO] - Operator running task ID = 32
[2024-02-27 13:17:07,312][mephisto.operations.operator][INFO] - Operator running task ID = 32
[2024-02-27 13:17:37,320][mephisto.operations.operator][INFO] - Operator running task ID = 32
[2024-02-27 13:18:07,330][mephisto.operations.operator][INFO] - Operator running task ID = 32
[2024-02-27 13:18:37,340][mephisto.operations.operator][INFO] - Operator running task ID = 32
[2024-02-27 13:19:07,352][mephisto.operations.operator][INFO] - Operator running task ID = 32
[2024-02-27 13:19:28,852][mephisto.operations.operator][ERROR] - Cleaning up after keyboard interrupt, please [31;1mwait to Ctrl-C again[0m until instructed to.
[2024-02-27 13:19:28,852][mephisto.operations.operator][INFO] - operator shutting down
[2024-02-27 13:19:28,852][mephisto.operations.operator][INFO] - Expiring units for task run 32.
[2024-02-27 13:19:28,898][mephisto.operations.operator][INFO] - Waiting on 1 task runs with assignments in-flight. [31;1mCtrl-C ONCE[0m to kill running tasks and FORCE QUIT.
[2024-02-27 13:19:29,121][sh.command][INFO] - <Command '/usr/bin/rm -rf /home/martins_32048/Projects/Mephisto/tmp/local_server_32/server', pid 1748674>: process started
