[2024-02-27 14:17:40,059][root][WARNING] - Mephisto supports rich run-time metrics visualization through Prometheus and Grafana. If you'd like to use this feature, use `mephisto metrics install` to install.(Current install dir is '/home/martins_32048/Projects/Mephisto/mephisto/scripts/metrics')'
[2024-02-27 14:17:43,313][mephisto.operations.operator][INFO] - Creating a task run under task name: react-static-task-example
[2024-02-27 14:17:44,151][sh.command][INFO] - <Command '/usr/bin/rm -rf /home/martins_32048/mephisto-data/data/data/runs/NO_PROJECT/35/build/router', pid 1752512>: process started
[2024-02-27 14:17:45,434][sh.command][INFO] - <Command '/usr/bin/rm -rf /home/martins_32048/mephisto-data/data/data/runs/NO_PROJECT/35/build/router', pid 1752524>: process started
[2024-02-27 14:17:45,445][mephisto.operations.client_io_handler][INFO] - Sending alive
[2024-02-27 14:17:45,445][mephisto.operations.client_io_handler][INFO] - Sending alive
[2024-02-27 14:17:45,467][mephisto.operations.client_io_handler][INFO] - Sending alive
[2024-02-27 14:17:45,468][mephisto.abstractions.architects.channels.websocket_channel][INFO] - channel open
[2024-02-27 14:17:45,779][mephisto.operations.operator][INFO] - Operator running task ID = 35
[2024-02-27 14:17:45,781][mephisto.abstractions.providers.mock.mock_unit][INFO] - Mock task launched: http://localhost:3000 for preview, http://localhost:3000/?worker_id=x&assignment_id=95 for assignment 65
[2024-02-27 14:17:45,783][mephisto.abstractions.providers.mock.mock_unit][INFO] - Mock task launched: http://localhost:3000 for preview, http://localhost:3000/?worker_id=x&assignment_id=96 for assignment 65
[2024-02-27 14:17:45,784][mephisto.abstractions.providers.mock.mock_unit][INFO] - Mock task launched: http://localhost:3000 for preview, http://localhost:3000/?worker_id=x&assignment_id=97 for assignment 65
[2024-02-27 14:17:45,786][mephisto.abstractions.providers.mock.mock_unit][INFO] - Mock task launched: http://localhost:3000 for preview, http://localhost:3000/?worker_id=x&assignment_id=98 for assignment 66
[2024-02-27 14:17:45,787][mephisto.abstractions.providers.mock.mock_unit][INFO] - Mock task launched: http://localhost:3000 for preview, http://localhost:3000/?worker_id=x&assignment_id=99 for assignment 66
[2024-02-27 14:17:45,789][mephisto.abstractions.providers.mock.mock_unit][INFO] - Mock task launched: http://localhost:3000 for preview, http://localhost:3000/?worker_id=x&assignment_id=100 for assignment 66
[2024-02-27 14:18:15,788][mephisto.operations.operator][INFO] - Operator running task ID = 35
[2024-02-27 14:18:45,797][mephisto.operations.operator][INFO] - Operator running task ID = 35
[2024-02-27 14:19:15,805][mephisto.operations.operator][INFO] - Operator running task ID = 35
[2024-02-27 14:19:45,817][mephisto.operations.operator][INFO] - Operator running task ID = 35
[2024-02-27 14:20:15,825][mephisto.operations.operator][INFO] - Operator running task ID = 35
[2024-02-27 14:20:45,833][mephisto.operations.operator][INFO] - Operator running task ID = 35
[2024-02-27 14:21:15,842][mephisto.operations.operator][INFO] - Operator running task ID = 35
[2024-02-27 14:21:45,850][mephisto.operations.operator][INFO] - Operator running task ID = 35
[2024-02-27 14:22:15,862][mephisto.operations.operator][INFO] - Operator running task ID = 35
[2024-02-27 14:22:45,874][mephisto.operations.operator][INFO] - Operator running task ID = 35
[2024-02-27 14:23:15,884][mephisto.operations.operator][INFO] - Operator running task ID = 35
[2024-02-27 14:23:45,894][mephisto.operations.operator][INFO] - Operator running task ID = 35
[2024-02-27 14:24:15,905][mephisto.operations.operator][INFO] - Operator running task ID = 35
[2024-02-27 14:24:45,914][mephisto.operations.operator][INFO] - Operator running task ID = 35
[2024-02-27 14:25:15,922][mephisto.operations.operator][INFO] - Operator running task ID = 35
[2024-02-27 14:25:45,932][mephisto.operations.operator][INFO] - Operator running task ID = 35
[2024-02-27 14:26:15,942][mephisto.operations.operator][INFO] - Operator running task ID = 35
[2024-02-27 14:26:45,954][mephisto.operations.operator][INFO] - Operator running task ID = 35
[2024-02-27 14:27:15,960][mephisto.operations.operator][INFO] - Operator running task ID = 35
[2024-02-27 14:27:45,970][mephisto.operations.operator][INFO] - Operator running task ID = 35
[2024-02-27 14:28:15,976][mephisto.operations.operator][INFO] - Operator running task ID = 35
[2024-02-27 14:28:45,984][mephisto.operations.operator][INFO] - Operator running task ID = 35
[2024-02-27 14:29:15,992][mephisto.operations.operator][INFO] - Operator running task ID = 35
[2024-02-27 14:29:46,002][mephisto.operations.operator][INFO] - Operator running task ID = 35
[2024-02-27 14:30:16,008][mephisto.operations.operator][INFO] - Operator running task ID = 35
[2024-02-27 14:30:46,021][mephisto.operations.operator][INFO] - Operator running task ID = 35
[2024-02-27 14:31:16,029][mephisto.operations.operator][INFO] - Operator running task ID = 35
[2024-02-27 14:31:46,037][mephisto.operations.operator][INFO] - Operator running task ID = 35
[2024-02-27 14:32:16,045][mephisto.operations.operator][INFO] - Operator running task ID = 35
[2024-02-27 14:32:46,053][mephisto.operations.operator][INFO] - Operator running task ID = 35
[2024-02-27 14:33:16,060][mephisto.operations.operator][INFO] - Operator running task ID = 35
[2024-02-27 14:33:46,067][mephisto.operations.operator][INFO] - Operator running task ID = 35
[2024-02-27 14:34:16,073][mephisto.operations.operator][INFO] - Operator running task ID = 35
[2024-02-27 14:34:46,082][mephisto.operations.operator][INFO] - Operator running task ID = 35
[2024-02-27 14:35:16,092][mephisto.operations.operator][INFO] - Operator running task ID = 35
[2024-02-27 14:35:46,102][mephisto.operations.operator][INFO] - Operator running task ID = 35
[2024-02-27 14:36:16,112][mephisto.operations.operator][INFO] - Operator running task ID = 35
[2024-02-27 14:36:46,122][mephisto.operations.operator][INFO] - Operator running task ID = 35
[2024-02-27 14:37:16,128][mephisto.operations.operator][INFO] - Operator running task ID = 35
[2024-02-27 14:37:46,139][mephisto.operations.operator][INFO] - Operator running task ID = 35
[2024-02-27 14:38:16,148][mephisto.operations.operator][INFO] - Operator running task ID = 35
[2024-02-27 14:38:46,159][mephisto.operations.operator][INFO] - Operator running task ID = 35
[2024-02-27 14:39:16,168][mephisto.operations.operator][INFO] - Operator running task ID = 35
[2024-02-27 14:39:46,178][mephisto.operations.operator][INFO] - Operator running task ID = 35
[2024-02-27 14:40:16,188][mephisto.operations.operator][INFO] - Operator running task ID = 35
[2024-02-27 14:40:46,198][mephisto.operations.operator][INFO] - Operator running task ID = 35
[2024-02-27 14:41:16,204][mephisto.operations.operator][INFO] - Operator running task ID = 35
[2024-02-27 14:41:46,211][mephisto.operations.operator][INFO] - Operator running task ID = 35
[2024-02-27 14:42:16,219][mephisto.operations.operator][INFO] - Operator running task ID = 35
[2024-02-27 14:42:46,226][mephisto.operations.operator][INFO] - Operator running task ID = 35
[2024-02-27 14:43:16,232][mephisto.operations.operator][INFO] - Operator running task ID = 35
[2024-02-27 14:43:46,238][mephisto.operations.operator][INFO] - Operator running task ID = 35
[2024-02-27 14:44:16,245][mephisto.operations.operator][INFO] - Operator running task ID = 35
[2024-02-27 14:44:46,254][mephisto.operations.operator][INFO] - Operator running task ID = 35
[2024-02-27 14:45:16,261][mephisto.operations.operator][INFO] - Operator running task ID = 35
[2024-02-27 14:45:46,272][mephisto.operations.operator][INFO] - Operator running task ID = 35
[2024-02-27 14:46:16,280][mephisto.operations.operator][INFO] - Operator running task ID = 35
[2024-02-27 14:46:46,288][mephisto.operations.operator][INFO] - Operator running task ID = 35
[2024-02-27 14:47:16,296][mephisto.operations.operator][INFO] - Operator running task ID = 35
[2024-02-27 14:47:46,306][mephisto.operations.operator][INFO] - Operator running task ID = 35
[2024-02-27 14:48:16,311][mephisto.operations.operator][INFO] - Operator running task ID = 35
[2024-02-27 14:48:46,321][mephisto.operations.operator][INFO] - Operator running task ID = 35
[2024-02-27 14:49:16,327][mephisto.operations.operator][INFO] - Operator running task ID = 35
[2024-02-27 14:49:46,334][mephisto.operations.operator][INFO] - Operator running task ID = 35
[2024-02-27 14:50:16,342][mephisto.operations.operator][INFO] - Operator running task ID = 35
[2024-02-27 14:50:46,351][mephisto.operations.operator][INFO] - Operator running task ID = 35
[2024-02-27 14:51:16,356][mephisto.operations.operator][INFO] - Operator running task ID = 35
[2024-02-27 14:51:46,366][mephisto.operations.operator][INFO] - Operator running task ID = 35
[2024-02-27 14:52:16,375][mephisto.operations.operator][INFO] - Operator running task ID = 35
[2024-02-27 14:52:46,385][mephisto.operations.operator][INFO] - Operator running task ID = 35
[2024-02-27 14:53:16,393][mephisto.operations.operator][INFO] - Operator running task ID = 35
[2024-02-27 14:53:46,402][mephisto.operations.operator][INFO] - Operator running task ID = 35
[2024-02-27 14:54:16,408][mephisto.operations.operator][INFO] - Operator running task ID = 35
[2024-02-27 14:54:46,414][mephisto.operations.operator][INFO] - Operator running task ID = 35
[2024-02-27 14:55:16,422][mephisto.operations.operator][INFO] - Operator running task ID = 35
[2024-02-27 14:55:46,430][mephisto.operations.operator][INFO] - Operator running task ID = 35
[2024-02-27 14:56:16,439][mephisto.operations.operator][INFO] - Operator running task ID = 35
[2024-02-27 14:56:46,446][mephisto.operations.operator][INFO] - Operator running task ID = 35
[2024-02-27 14:57:16,454][mephisto.operations.operator][INFO] - Operator running task ID = 35
[2024-02-27 14:57:46,462][mephisto.operations.operator][INFO] - Operator running task ID = 35
[2024-02-27 14:58:05,492][mephisto.operations.operator][ERROR] - Cleaning up after keyboard interrupt, please [31;1mwait to Ctrl-C again[0m until instructed to.
[2024-02-27 14:58:05,492][mephisto.operations.operator][INFO] - operator shutting down
[2024-02-27 14:58:05,492][mephisto.operations.operator][INFO] - Expiring units for task run 35.
[2024-02-27 14:58:05,536][mephisto.operations.operator][INFO] - Waiting on 1 task runs with assignments in-flight. [31;1mCtrl-C ONCE[0m to kill running tasks and FORCE QUIT.
[2024-02-27 14:58:05,760][sh.command][INFO] - <Command '/usr/bin/rm -rf /home/martins_32048/Projects/Mephisto/tmp/local_server_35/server', pid 1754522>: process started
