[2024-04-03 13:14:35,794][root][WARNING] - Mephisto supports rich run-time metrics visualization through Prometheus and Grafana. If you'd like to use this feature, use `mephisto metrics install` to install.(Current install dir is '/home/martins_32048/Projects/semantics/venv/lib/python3.10/site-packages/mephisto/scripts/metrics')'
[2024-04-03 13:14:35,902][mephisto.operations.operator][INFO] - Creating a task run under task name: word-sentiment
[2024-04-03 13:14:36,967][sh.command][INFO] - <Command '/usr/bin/rm -rf /home/martins_32048/mephisto-data/data/data/runs/NO_PROJECT/90/build/router', pid 139577>: process started
[2024-04-03 13:14:38,435][sh.command][INFO] - <Command '/usr/bin/rm -rf /home/martins_32048/mephisto-data/data/data/runs/NO_PROJECT/90/build/router', pid 139593>: process started
[2024-04-03 13:14:38,483][mephisto.operations.client_io_handler][INFO] - Sending alive
[2024-04-03 13:14:38,485][mephisto.operations.client_io_handler][INFO] - Sending alive
[2024-04-03 13:14:38,498][mephisto.operations.client_io_handler][INFO] - Sending alive
[2024-04-03 13:14:38,499][mephisto.abstractions.architects.channels.websocket_channel][INFO] - channel open
[2024-04-03 13:14:38,788][mephisto.operations.operator][INFO] - Operator running task ID = 90
[2024-04-03 13:14:48,813][mephisto.abstractions.providers.mock.mock_unit][INFO] - Mock task launched: http://localhost:3000 for preview, http://localhost:3000/?worker_id=x&assignment_id=3322 for assignment 1270
[2024-04-03 13:14:48,820][mephisto.abstractions.providers.mock.mock_unit][INFO] - Mock task launched: http://localhost:3000 for preview, http://localhost:3000/?worker_id=x&assignment_id=3323 for assignment 1270
[2024-04-03 13:14:48,826][mephisto.abstractions.providers.mock.mock_unit][INFO] - Mock task launched: http://localhost:3000 for preview, http://localhost:3000/?worker_id=x&assignment_id=3324 for assignment 1270
[2024-04-03 13:14:48,832][mephisto.abstractions.providers.mock.mock_unit][INFO] - Mock task launched: http://localhost:3000 for preview, http://localhost:3000/?worker_id=x&assignment_id=3325 for assignment 1270
[2024-04-03 13:14:48,837][mephisto.abstractions.providers.mock.mock_unit][INFO] - Mock task launched: http://localhost:3000 for preview, http://localhost:3000/?worker_id=x&assignment_id=3326 for assignment 1270
[2024-04-03 13:14:48,841][mephisto.abstractions.providers.mock.mock_unit][INFO] - Mock task launched: http://localhost:3000 for preview, http://localhost:3000/?worker_id=x&assignment_id=3327 for assignment 1271
[2024-04-03 13:14:48,845][mephisto.abstractions.providers.mock.mock_unit][INFO] - Mock task launched: http://localhost:3000 for preview, http://localhost:3000/?worker_id=x&assignment_id=3328 for assignment 1271
[2024-04-03 13:14:48,849][mephisto.abstractions.providers.mock.mock_unit][INFO] - Mock task launched: http://localhost:3000 for preview, http://localhost:3000/?worker_id=x&assignment_id=3329 for assignment 1271
[2024-04-03 13:14:48,852][mephisto.abstractions.providers.mock.mock_unit][INFO] - Mock task launched: http://localhost:3000 for preview, http://localhost:3000/?worker_id=x&assignment_id=3330 for assignment 1271
[2024-04-03 13:14:48,855][mephisto.abstractions.providers.mock.mock_unit][INFO] - Mock task launched: http://localhost:3000 for preview, http://localhost:3000/?worker_id=x&assignment_id=3331 for assignment 1271
[2024-04-03 13:14:48,858][mephisto.abstractions.providers.mock.mock_unit][INFO] - Mock task launched: http://localhost:3000 for preview, http://localhost:3000/?worker_id=x&assignment_id=3332 for assignment 1272
[2024-04-03 13:14:48,860][mephisto.abstractions.providers.mock.mock_unit][INFO] - Mock task launched: http://localhost:3000 for preview, http://localhost:3000/?worker_id=x&assignment_id=3333 for assignment 1272
[2024-04-03 13:14:48,863][mephisto.abstractions.providers.mock.mock_unit][INFO] - Mock task launched: http://localhost:3000 for preview, http://localhost:3000/?worker_id=x&assignment_id=3334 for assignment 1272
[2024-04-03 13:14:48,865][mephisto.abstractions.providers.mock.mock_unit][INFO] - Mock task launched: http://localhost:3000 for preview, http://localhost:3000/?worker_id=x&assignment_id=3335 for assignment 1272
[2024-04-03 13:14:48,868][mephisto.abstractions.providers.mock.mock_unit][INFO] - Mock task launched: http://localhost:3000 for preview, http://localhost:3000/?worker_id=x&assignment_id=3336 for assignment 1272
[2024-04-03 13:14:48,871][mephisto.abstractions.providers.mock.mock_unit][INFO] - Mock task launched: http://localhost:3000 for preview, http://localhost:3000/?worker_id=x&assignment_id=3337 for assignment 1273
[2024-04-03 13:14:48,874][mephisto.abstractions.providers.mock.mock_unit][INFO] - Mock task launched: http://localhost:3000 for preview, http://localhost:3000/?worker_id=x&assignment_id=3338 for assignment 1273
[2024-04-03 13:14:48,876][mephisto.abstractions.providers.mock.mock_unit][INFO] - Mock task launched: http://localhost:3000 for preview, http://localhost:3000/?worker_id=x&assignment_id=3339 for assignment 1273
[2024-04-03 13:14:48,879][mephisto.abstractions.providers.mock.mock_unit][INFO] - Mock task launched: http://localhost:3000 for preview, http://localhost:3000/?worker_id=x&assignment_id=3340 for assignment 1273
[2024-04-03 13:14:48,882][mephisto.abstractions.providers.mock.mock_unit][INFO] - Mock task launched: http://localhost:3000 for preview, http://localhost:3000/?worker_id=x&assignment_id=3341 for assignment 1273
[2024-04-03 13:14:48,884][mephisto.abstractions.providers.mock.mock_unit][INFO] - Mock task launched: http://localhost:3000 for preview, http://localhost:3000/?worker_id=x&assignment_id=3342 for assignment 1274
[2024-04-03 13:14:48,887][mephisto.abstractions.providers.mock.mock_unit][INFO] - Mock task launched: http://localhost:3000 for preview, http://localhost:3000/?worker_id=x&assignment_id=3343 for assignment 1274
[2024-04-03 13:14:48,889][mephisto.abstractions.providers.mock.mock_unit][INFO] - Mock task launched: http://localhost:3000 for preview, http://localhost:3000/?worker_id=x&assignment_id=3344 for assignment 1274
[2024-04-03 13:14:48,891][mephisto.abstractions.providers.mock.mock_unit][INFO] - Mock task launched: http://localhost:3000 for preview, http://localhost:3000/?worker_id=x&assignment_id=3345 for assignment 1274
[2024-04-03 13:14:48,894][mephisto.abstractions.providers.mock.mock_unit][INFO] - Mock task launched: http://localhost:3000 for preview, http://localhost:3000/?worker_id=x&assignment_id=3346 for assignment 1274
[2024-04-03 13:14:48,896][mephisto.abstractions.providers.mock.mock_unit][INFO] - Mock task launched: http://localhost:3000 for preview, http://localhost:3000/?worker_id=x&assignment_id=3347 for assignment 1275
[2024-04-03 13:14:48,898][mephisto.abstractions.providers.mock.mock_unit][INFO] - Mock task launched: http://localhost:3000 for preview, http://localhost:3000/?worker_id=x&assignment_id=3348 for assignment 1275
[2024-04-03 13:14:48,901][mephisto.abstractions.providers.mock.mock_unit][INFO] - Mock task launched: http://localhost:3000 for preview, http://localhost:3000/?worker_id=x&assignment_id=3349 for assignment 1275
[2024-04-03 13:14:48,903][mephisto.abstractions.providers.mock.mock_unit][INFO] - Mock task launched: http://localhost:3000 for preview, http://localhost:3000/?worker_id=x&assignment_id=3350 for assignment 1275
[2024-04-03 13:14:48,905][mephisto.abstractions.providers.mock.mock_unit][INFO] - Mock task launched: http://localhost:3000 for preview, http://localhost:3000/?worker_id=x&assignment_id=3351 for assignment 1275
[2024-04-03 13:14:48,908][mephisto.abstractions.providers.mock.mock_unit][INFO] - Mock task launched: http://localhost:3000 for preview, http://localhost:3000/?worker_id=x&assignment_id=3352 for assignment 1276
[2024-04-03 13:14:48,911][mephisto.abstractions.providers.mock.mock_unit][INFO] - Mock task launched: http://localhost:3000 for preview, http://localhost:3000/?worker_id=x&assignment_id=3353 for assignment 1276
[2024-04-03 13:14:48,913][mephisto.abstractions.providers.mock.mock_unit][INFO] - Mock task launched: http://localhost:3000 for preview, http://localhost:3000/?worker_id=x&assignment_id=3354 for assignment 1276
[2024-04-03 13:14:48,916][mephisto.abstractions.providers.mock.mock_unit][INFO] - Mock task launched: http://localhost:3000 for preview, http://localhost:3000/?worker_id=x&assignment_id=3355 for assignment 1276
[2024-04-03 13:14:48,919][mephisto.abstractions.providers.mock.mock_unit][INFO] - Mock task launched: http://localhost:3000 for preview, http://localhost:3000/?worker_id=x&assignment_id=3356 for assignment 1276
[2024-04-03 13:14:48,921][mephisto.abstractions.providers.mock.mock_unit][INFO] - Mock task launched: http://localhost:3000 for preview, http://localhost:3000/?worker_id=x&assignment_id=3357 for assignment 1277
[2024-04-03 13:14:48,923][mephisto.abstractions.providers.mock.mock_unit][INFO] - Mock task launched: http://localhost:3000 for preview, http://localhost:3000/?worker_id=x&assignment_id=3358 for assignment 1277
[2024-04-03 13:14:48,926][mephisto.abstractions.providers.mock.mock_unit][INFO] - Mock task launched: http://localhost:3000 for preview, http://localhost:3000/?worker_id=x&assignment_id=3359 for assignment 1277
[2024-04-03 13:14:48,928][mephisto.abstractions.providers.mock.mock_unit][INFO] - Mock task launched: http://localhost:3000 for preview, http://localhost:3000/?worker_id=x&assignment_id=3360 for assignment 1277
[2024-04-03 13:14:48,930][mephisto.abstractions.providers.mock.mock_unit][INFO] - Mock task launched: http://localhost:3000 for preview, http://localhost:3000/?worker_id=x&assignment_id=3361 for assignment 1277
[2024-04-03 13:14:48,933][mephisto.abstractions.providers.mock.mock_unit][INFO] - Mock task launched: http://localhost:3000 for preview, http://localhost:3000/?worker_id=x&assignment_id=3362 for assignment 1278
[2024-04-03 13:14:48,935][mephisto.abstractions.providers.mock.mock_unit][INFO] - Mock task launched: http://localhost:3000 for preview, http://localhost:3000/?worker_id=x&assignment_id=3363 for assignment 1278
[2024-04-03 13:14:48,937][mephisto.abstractions.providers.mock.mock_unit][INFO] - Mock task launched: http://localhost:3000 for preview, http://localhost:3000/?worker_id=x&assignment_id=3364 for assignment 1278
[2024-04-03 13:14:48,940][mephisto.abstractions.providers.mock.mock_unit][INFO] - Mock task launched: http://localhost:3000 for preview, http://localhost:3000/?worker_id=x&assignment_id=3365 for assignment 1278
[2024-04-03 13:14:48,943][mephisto.abstractions.providers.mock.mock_unit][INFO] - Mock task launched: http://localhost:3000 for preview, http://localhost:3000/?worker_id=x&assignment_id=3366 for assignment 1278
[2024-04-03 13:14:51,193][mephisto.abstractions.blueprints.abstract.static_task.static_agent_state][INFO] - SAVED_DATA_TO_DISC at /home/martins_32048/mephisto-data/data/data/runs/NO_PROJECT/90/onboarding/onboarding_90/agent_data.json
[2024-04-03 13:14:51,195][mephisto.operations.worker_pool][INFO] - MockWorker(100) is starting onboarding thread with onboarding OnboardingAgent(90, none).
[2024-04-03 13:15:08,801][mephisto.operations.operator][INFO] - Operator running task ID = 90
[2024-04-03 13:15:38,817][mephisto.operations.operator][INFO] - Operator running task ID = 90
[2024-04-03 13:16:08,829][mephisto.operations.operator][INFO] - Operator running task ID = 90
[2024-04-03 13:16:38,845][mephisto.operations.operator][INFO] - Operator running task ID = 90
[2024-04-03 13:17:08,857][mephisto.operations.operator][INFO] - Operator running task ID = 90
[2024-04-03 13:17:38,869][mephisto.operations.operator][INFO] - Operator running task ID = 90
[2024-04-03 13:18:08,883][mephisto.operations.operator][INFO] - Operator running task ID = 90
[2024-04-03 13:18:38,895][mephisto.operations.operator][INFO] - Operator running task ID = 90
[2024-04-03 13:19:08,908][mephisto.operations.operator][INFO] - Operator running task ID = 90
[2024-04-03 13:19:38,920][mephisto.operations.operator][INFO] - Operator running task ID = 90
[2024-04-03 13:20:08,931][mephisto.operations.operator][INFO] - Operator running task ID = 90
[2024-04-03 13:20:38,940][mephisto.operations.operator][INFO] - Operator running task ID = 90
[2024-04-03 13:21:08,951][mephisto.operations.operator][INFO] - Operator running task ID = 90
[2024-04-03 13:21:38,964][mephisto.operations.operator][INFO] - Operator running task ID = 90
[2024-04-03 13:22:08,973][mephisto.operations.operator][INFO] - Operator running task ID = 90
[2024-04-03 13:22:38,987][mephisto.operations.operator][INFO] - Operator running task ID = 90
[2024-04-03 13:23:09,000][mephisto.operations.operator][INFO] - Operator running task ID = 90
[2024-04-03 13:23:39,009][mephisto.operations.operator][INFO] - Operator running task ID = 90
[2024-04-03 13:24:09,020][mephisto.operations.operator][INFO] - Operator running task ID = 90
[2024-04-03 13:24:39,032][mephisto.operations.operator][INFO] - Operator running task ID = 90
[2024-04-03 13:25:09,044][mephisto.operations.operator][INFO] - Operator running task ID = 90
[2024-04-03 13:25:39,055][mephisto.operations.operator][INFO] - Operator running task ID = 90
[2024-04-03 13:26:09,067][mephisto.operations.operator][INFO] - Operator running task ID = 90
[2024-04-03 13:26:39,077][mephisto.operations.operator][INFO] - Operator running task ID = 90
[2024-04-03 13:27:09,087][mephisto.operations.operator][INFO] - Operator running task ID = 90
[2024-04-03 13:27:39,101][mephisto.operations.operator][INFO] - Operator running task ID = 90
[2024-04-03 13:28:09,112][mephisto.operations.operator][INFO] - Operator running task ID = 90
[2024-04-03 13:28:39,124][mephisto.operations.operator][INFO] - Operator running task ID = 90
[2024-04-03 13:29:09,135][mephisto.operations.operator][INFO] - Operator running task ID = 90
[2024-04-03 13:29:39,145][mephisto.operations.operator][INFO] - Operator running task ID = 90
[2024-04-03 13:30:09,156][mephisto.operations.operator][INFO] - Operator running task ID = 90
[2024-04-03 13:30:39,165][mephisto.operations.operator][INFO] - Operator running task ID = 90
[2024-04-03 13:31:09,175][mephisto.operations.operator][INFO] - Operator running task ID = 90
[2024-04-03 13:31:39,185][mephisto.operations.operator][INFO] - Operator running task ID = 90
[2024-04-03 13:32:09,196][mephisto.operations.operator][INFO] - Operator running task ID = 90
[2024-04-03 13:32:39,209][mephisto.operations.operator][INFO] - Operator running task ID = 90
[2024-04-03 13:33:09,218][mephisto.operations.operator][INFO] - Operator running task ID = 90
[2024-04-03 13:33:39,233][mephisto.operations.operator][INFO] - Operator running task ID = 90
[2024-04-03 13:34:09,243][mephisto.operations.operator][INFO] - Operator running task ID = 90
[2024-04-03 13:34:39,257][mephisto.operations.operator][INFO] - Operator running task ID = 90
[2024-04-03 13:35:09,267][mephisto.operations.operator][INFO] - Operator running task ID = 90
[2024-04-03 13:35:39,277][mephisto.operations.operator][INFO] - Operator running task ID = 90
[2024-04-03 13:36:09,287][mephisto.operations.operator][INFO] - Operator running task ID = 90
[2024-04-03 13:36:39,301][mephisto.operations.operator][INFO] - Operator running task ID = 90
[2024-04-03 13:37:09,311][mephisto.operations.operator][INFO] - Operator running task ID = 90
[2024-04-03 13:37:39,325][mephisto.operations.operator][INFO] - Operator running task ID = 90
[2024-04-03 13:38:09,335][mephisto.operations.operator][INFO] - Operator running task ID = 90
[2024-04-03 13:38:39,345][mephisto.operations.operator][INFO] - Operator running task ID = 90
[2024-04-03 13:39:09,355][mephisto.operations.operator][INFO] - Operator running task ID = 90
[2024-04-03 13:39:39,365][mephisto.operations.operator][INFO] - Operator running task ID = 90
[2024-04-03 13:40:09,374][mephisto.operations.operator][INFO] - Operator running task ID = 90
[2024-04-03 13:40:39,385][mephisto.operations.operator][INFO] - Operator running task ID = 90
[2024-04-03 13:41:09,393][mephisto.operations.operator][INFO] - Operator running task ID = 90
[2024-04-03 13:41:39,405][mephisto.operations.operator][INFO] - Operator running task ID = 90
[2024-04-03 13:42:09,416][mephisto.operations.operator][INFO] - Operator running task ID = 90
[2024-04-03 13:42:39,427][mephisto.operations.operator][INFO] - Operator running task ID = 90
[2024-04-03 13:43:09,438][mephisto.operations.operator][INFO] - Operator running task ID = 90
[2024-04-03 13:43:39,452][mephisto.operations.operator][INFO] - Operator running task ID = 90
[2024-04-03 13:44:09,463][mephisto.operations.operator][INFO] - Operator running task ID = 90
[2024-04-03 13:44:39,477][mephisto.operations.operator][INFO] - Operator running task ID = 90
[2024-04-03 13:44:51,214][mephisto.abstractions._subcomponents.task_runner][INFO] - Onboarding agent onboarding_90 disconnected or errored, final status disconnect.
[2024-04-03 13:45:09,490][mephisto.operations.operator][INFO] - Operator running task ID = 90
[2024-04-03 13:45:39,501][mephisto.operations.operator][INFO] - Operator running task ID = 90
[2024-04-03 13:46:09,511][mephisto.operations.operator][INFO] - Operator running task ID = 90
[2024-04-03 13:46:39,521][mephisto.operations.operator][INFO] - Operator running task ID = 90
[2024-04-03 13:47:09,529][mephisto.operations.operator][INFO] - Operator running task ID = 90
[2024-04-03 13:47:39,541][mephisto.operations.operator][INFO] - Operator running task ID = 90
[2024-04-03 13:48:09,547][mephisto.operations.operator][INFO] - Operator running task ID = 90
[2024-04-03 13:48:39,557][mephisto.operations.operator][INFO] - Operator running task ID = 90
[2024-04-03 13:49:09,567][mephisto.operations.operator][INFO] - Operator running task ID = 90
[2024-04-03 13:49:39,580][mephisto.operations.operator][INFO] - Operator running task ID = 90
[2024-04-03 13:50:09,591][mephisto.operations.operator][INFO] - Operator running task ID = 90
[2024-04-03 13:50:39,601][mephisto.operations.operator][INFO] - Operator running task ID = 90
[2024-04-03 13:51:09,610][mephisto.operations.operator][INFO] - Operator running task ID = 90
[2024-04-03 13:51:39,621][mephisto.operations.operator][INFO] - Operator running task ID = 90
[2024-04-03 13:52:09,632][mephisto.operations.operator][INFO] - Operator running task ID = 90
[2024-04-03 13:52:39,646][mephisto.operations.operator][INFO] - Operator running task ID = 90
[2024-04-03 13:53:09,655][mephisto.operations.operator][INFO] - Operator running task ID = 90
[2024-04-03 13:53:39,667][mephisto.operations.operator][INFO] - Operator running task ID = 90
[2024-04-03 13:54:09,679][mephisto.operations.operator][INFO] - Operator running task ID = 90
[2024-04-03 13:54:39,691][mephisto.operations.operator][INFO] - Operator running task ID = 90
[2024-04-03 13:55:09,703][mephisto.operations.operator][INFO] - Operator running task ID = 90
[2024-04-03 13:55:39,716][mephisto.operations.operator][INFO] - Operator running task ID = 90
[2024-04-03 13:56:09,726][mephisto.operations.operator][INFO] - Operator running task ID = 90
[2024-04-03 13:56:39,739][mephisto.operations.operator][INFO] - Operator running task ID = 90
[2024-04-03 13:57:09,747][mephisto.operations.operator][INFO] - Operator running task ID = 90
[2024-04-03 13:57:39,757][mephisto.operations.operator][INFO] - Operator running task ID = 90
[2024-04-03 13:57:54,485][mephisto.operations.operator][ERROR] - Cleaning up after keyboard interrupt, please [31;1mwait to Ctrl-C again[0m until instructed to.
[2024-04-03 13:57:54,488][mephisto.operations.operator][INFO] - operator shutting down
[2024-04-03 13:57:54,490][mephisto.operations.operator][INFO] - Expiring units for task run 90.
[2024-04-03 13:57:54,712][mephisto.operations.operator][INFO] - Waiting on 1 task runs with assignments in-flight. [31;1mCtrl-C ONCE[0m to kill running tasks and FORCE QUIT.
[2024-04-03 13:57:54,947][sh.command][INFO] - <Command '/usr/bin/rm -rf /home/martins_32048/Projects/semantics/venv/lib/python3.10/site-packages/tmp/local_server_90/server', pid 141902>: process started
