[2024-03-04 11:30:19,796][root][WARNING] - Mephisto supports rich run-time metrics visualization through Prometheus and Grafana. If you'd like to use this feature, use `mephisto metrics install` to install.(Current install dir is '/home/martins_32048/Projects/Mephisto/mephisto/scripts/metrics')'
[2024-03-04 11:30:19,980][mephisto.operations.operator][INFO] - Creating a task run under task name: react-word-sentiment
[2024-03-04 11:30:20,878][sh.command][INFO] - <Command '/usr/bin/rm -rf /home/martins_32048/mephisto-data/data/data/runs/NO_PROJECT/73/build/router', pid 2227818>: process started
[2024-03-04 11:30:22,201][sh.command][INFO] - <Command '/usr/bin/rm -rf /home/martins_32048/mephisto-data/data/data/runs/NO_PROJECT/73/build/router', pid 2227830>: process started
[2024-03-04 11:30:22,219][mephisto.operations.client_io_handler][INFO] - Sending alive
[2024-03-04 11:30:22,219][mephisto.operations.client_io_handler][INFO] - Sending alive
[2024-03-04 11:30:22,232][mephisto.operations.client_io_handler][INFO] - Sending alive
[2024-03-04 11:30:22,232][mephisto.abstractions.architects.channels.websocket_channel][INFO] - channel open
[2024-03-04 11:30:22,522][mephisto.operations.operator][INFO] - Operator running task ID = 73
[2024-03-04 11:30:27,210][mephisto.operations.client_io_handler][WARNING] - [31;1m[Version Mismatch!!][0m: Package `mephisto-task` version mismatch. Expected version 2.0.4 but frontend is currently using 2.0.3. This may cause unexpected errors, be sure to update your `mephisto-task` dependency with `npm install mephisto-task@2.0.4 --save`. If this warning still persists or the version isn't found, please open an issue at https://github.com/facebookresearch/Mephisto/issues
[2024-03-04 11:30:28,566][mephisto.operations.client_io_handler][WARNING] - [31;1m[Version Mismatch!!][0m: Package `mephisto-task` version mismatch. Expected version 2.0.4 but frontend is currently using 2.0.3. This may cause unexpected errors, be sure to update your `mephisto-task` dependency with `npm install mephisto-task@2.0.4 --save`. If this warning still persists or the version isn't found, please open an issue at https://github.com/facebookresearch/Mephisto/issues
[2024-03-04 11:30:32,546][mephisto.abstractions.providers.mock.mock_unit][INFO] - Mock task launched: http://localhost:3000 for preview, http://localhost:3000/?worker_id=x&assignment_id=1935 for assignment 959
[2024-03-04 11:30:32,549][mephisto.abstractions.providers.mock.mock_unit][INFO] - Mock task launched: http://localhost:3000 for preview, http://localhost:3000/?worker_id=x&assignment_id=1936 for assignment 960
[2024-03-04 11:30:32,553][mephisto.abstractions.providers.mock.mock_unit][INFO] - Mock task launched: http://localhost:3000 for preview, http://localhost:3000/?worker_id=x&assignment_id=1937 for assignment 961
[2024-03-04 11:30:32,554][mephisto.abstractions.providers.mock.mock_unit][INFO] - Mock task launched: http://localhost:3000 for preview, http://localhost:3000/?worker_id=x&assignment_id=1938 for assignment 962
[2024-03-04 11:30:32,556][mephisto.abstractions.providers.mock.mock_unit][INFO] - Mock task launched: http://localhost:3000 for preview, http://localhost:3000/?worker_id=x&assignment_id=1939 for assignment 963
[2024-03-04 11:30:32,557][mephisto.abstractions.providers.mock.mock_unit][INFO] - Mock task launched: http://localhost:3000 for preview, http://localhost:3000/?worker_id=x&assignment_id=1940 for assignment 964
[2024-03-04 11:30:52,528][mephisto.operations.operator][INFO] - Operator running task ID = 73
[2024-03-04 11:31:22,538][mephisto.operations.operator][INFO] - Operator running task ID = 73
[2024-03-04 11:31:40,055][mephisto.operations.client_io_handler][WARNING] - [31;1m[Version Mismatch!!][0m: Package `mephisto-task` version mismatch. Expected version 2.0.4 but frontend is currently using 2.0.3. This may cause unexpected errors, be sure to update your `mephisto-task` dependency with `npm install mephisto-task@2.0.4 --save`. If this warning still persists or the version isn't found, please open an issue at https://github.com/facebookresearch/Mephisto/issues
[2024-03-04 11:31:41,133][mephisto.abstractions.blueprints.abstract.static_task.static_agent_state][INFO] - SAVED_DATA_TO_DISC at /home/martins_32048/mephisto-data/data/data/runs/NO_PROJECT/73/onboarding/onboarding_71/agent_data.json
[2024-03-04 11:31:41,134][mephisto.operations.worker_pool][INFO] - MockWorker(76) is starting onboarding thread with onboarding OnboardingAgent(71, none).
[2024-03-04 11:31:41,159][mephisto.operations.client_io_handler][WARNING] - [31;1m[Version Mismatch!!][0m: Package `mephisto-task` version mismatch. Expected version 2.0.4 but frontend is currently using 2.0.3. This may cause unexpected errors, be sure to update your `mephisto-task` dependency with `npm install mephisto-task@2.0.4 --save`. If this warning still persists or the version isn't found, please open an issue at https://github.com/facebookresearch/Mephisto/issues
[2024-03-04 11:31:42,050][mephisto.abstractions.blueprints.abstract.static_task.static_agent_state][INFO] - SAVED_DATA_TO_DISC at /home/martins_32048/mephisto-data/data/data/runs/NO_PROJECT/73/onboarding/onboarding_71/agent_data.json
[2024-03-04 11:31:42,056][mephisto.operations.worker_pool][INFO] - Onboarding agent onboarding_71 registered out from onboarding
[2024-03-04 11:31:42,060][mephisto.abstractions.blueprints.abstract.static_task.static_agent_state][INFO] - SAVED_DATA_TO_DISC at /home/martins_32048/mephisto-data/data/data/runs/NO_PROJECT/73/959/257/agent_data.json
[2024-03-04 11:31:42,070][mephisto.operations.client_io_handler][WARNING] - [FRONT_END_ERROR]: {'error': 'data.map is not a function', 'errorInfo': {'componentStack': '\n    at SimpleFrontend (webpack://mephisto-task-compiler/./src/components/core_components.jsx?:138:24)\n    at p (webpack://mephisto-task-compiler/./node_modules/mephisto-task/build/bundle.js?:1:51620)\n    at div\n    at MainApp (webpack://mephisto-task-compiler/./src/app.jsx?:24:88)'}}
[2024-03-04 11:31:52,545][mephisto.operations.operator][INFO] - Operator running task ID = 73
[2024-03-04 11:31:54,521][mephisto.operations.client_io_handler][WARNING] - [31;1m[Version Mismatch!!][0m: Package `mephisto-task` version mismatch. Expected version 2.0.4 but frontend is currently using 2.0.3. This may cause unexpected errors, be sure to update your `mephisto-task` dependency with `npm install mephisto-task@2.0.4 --save`. If this warning still persists or the version isn't found, please open an issue at https://github.com/facebookresearch/Mephisto/issues
[2024-03-04 11:32:22,553][mephisto.operations.operator][INFO] - Operator running task ID = 73
[2024-03-04 11:32:41,325][mephisto.operations.client_io_handler][WARNING] - [31;1m[Version Mismatch!!][0m: Package `mephisto-task` version mismatch. Expected version 2.0.4 but frontend is currently using 2.0.3. This may cause unexpected errors, be sure to update your `mephisto-task` dependency with `npm install mephisto-task@2.0.4 --save`. If this warning still persists or the version isn't found, please open an issue at https://github.com/facebookresearch/Mephisto/issues
[2024-03-04 11:32:42,720][mephisto.abstractions.blueprints.abstract.static_task.static_agent_state][INFO] - SAVED_DATA_TO_DISC at /home/martins_32048/mephisto-data/data/data/runs/NO_PROJECT/73/onboarding/onboarding_72/agent_data.json
[2024-03-04 11:32:42,721][mephisto.operations.worker_pool][INFO] - MockWorker(77) is starting onboarding thread with onboarding OnboardingAgent(72, none).
[2024-03-04 11:32:42,732][mephisto.operations.client_io_handler][WARNING] - [31;1m[Version Mismatch!!][0m: Package `mephisto-task` version mismatch. Expected version 2.0.4 but frontend is currently using 2.0.3. This may cause unexpected errors, be sure to update your `mephisto-task` dependency with `npm install mephisto-task@2.0.4 --save`. If this warning still persists or the version isn't found, please open an issue at https://github.com/facebookresearch/Mephisto/issues
[2024-03-04 11:32:49,489][mephisto.abstractions.blueprints.abstract.static_task.static_agent_state][INFO] - SAVED_DATA_TO_DISC at /home/martins_32048/mephisto-data/data/data/runs/NO_PROJECT/73/onboarding/onboarding_72/agent_data.json
[2024-03-04 11:32:49,495][mephisto.operations.worker_pool][INFO] - Onboarding agent onboarding_72 registered out from onboarding
[2024-03-04 11:32:49,502][mephisto.abstractions.blueprints.abstract.static_task.static_agent_state][INFO] - SAVED_DATA_TO_DISC at /home/martins_32048/mephisto-data/data/data/runs/NO_PROJECT/73/960/258/agent_data.json
[2024-03-04 11:32:49,515][mephisto.operations.client_io_handler][WARNING] - [FRONT_END_ERROR]: {'error': 'data.map is not a function', 'errorInfo': {'componentStack': '\n    at SimpleFrontend (webpack://mephisto-task-compiler/./src/components/core_components.jsx?:138:24)\n    at p (webpack://mephisto-task-compiler/./node_modules/mephisto-task/build/bundle.js?:1:51620)\n    at div\n    at MainApp (webpack://mephisto-task-compiler/./src/app.jsx?:24:88)'}}
[2024-03-04 11:32:52,560][mephisto.operations.operator][INFO] - Operator running task ID = 73
[2024-03-04 11:33:22,569][mephisto.operations.operator][INFO] - Operator running task ID = 73
[2024-03-04 11:33:52,577][mephisto.operations.operator][INFO] - Operator running task ID = 73
[2024-03-04 11:34:22,588][mephisto.operations.operator][INFO] - Operator running task ID = 73
[2024-03-04 11:34:52,597][mephisto.operations.operator][INFO] - Operator running task ID = 73
[2024-03-04 11:35:22,605][mephisto.operations.operator][INFO] - Operator running task ID = 73
[2024-03-04 11:35:33,843][mephisto.operations.client_io_handler][WARNING] - [31;1m[Version Mismatch!!][0m: Package `mephisto-task` version mismatch. Expected version 2.0.4 but frontend is currently using 2.0.3. This may cause unexpected errors, be sure to update your `mephisto-task` dependency with `npm install mephisto-task@2.0.4 --save`. If this warning still persists or the version isn't found, please open an issue at https://github.com/facebookresearch/Mephisto/issues
[2024-03-04 11:35:45,429][mephisto.operations.client_io_handler][WARNING] - [31;1m[Version Mismatch!!][0m: Package `mephisto-task` version mismatch. Expected version 2.0.4 but frontend is currently using 2.0.3. This may cause unexpected errors, be sure to update your `mephisto-task` dependency with `npm install mephisto-task@2.0.4 --save`. If this warning still persists or the version isn't found, please open an issue at https://github.com/facebookresearch/Mephisto/issues
[2024-03-04 11:35:47,031][mephisto.abstractions.blueprints.abstract.static_task.static_agent_state][INFO] - SAVED_DATA_TO_DISC at /home/martins_32048/mephisto-data/data/data/runs/NO_PROJECT/73/onboarding/onboarding_73/agent_data.json
[2024-03-04 11:35:47,031][mephisto.operations.worker_pool][INFO] - MockWorker(78) is starting onboarding thread with onboarding OnboardingAgent(73, none).
[2024-03-04 11:35:47,035][mephisto.operations.client_io_handler][WARNING] - [31;1m[Version Mismatch!!][0m: Package `mephisto-task` version mismatch. Expected version 2.0.4 but frontend is currently using 2.0.3. This may cause unexpected errors, be sure to update your `mephisto-task` dependency with `npm install mephisto-task@2.0.4 --save`. If this warning still persists or the version isn't found, please open an issue at https://github.com/facebookresearch/Mephisto/issues
[2024-03-04 11:35:48,215][mephisto.abstractions.blueprints.abstract.static_task.static_agent_state][INFO] - SAVED_DATA_TO_DISC at /home/martins_32048/mephisto-data/data/data/runs/NO_PROJECT/73/onboarding/onboarding_73/agent_data.json
[2024-03-04 11:35:48,221][mephisto.operations.worker_pool][INFO] - Onboarding agent onboarding_73 registered out from onboarding
[2024-03-04 11:35:48,227][mephisto.abstractions.blueprints.abstract.static_task.static_agent_state][INFO] - SAVED_DATA_TO_DISC at /home/martins_32048/mephisto-data/data/data/runs/NO_PROJECT/73/961/259/agent_data.json
[2024-03-04 11:35:48,248][mephisto.operations.client_io_handler][WARNING] - [FRONT_END_ERROR]: {'error': 'data.map is not a function', 'errorInfo': {'componentStack': '\n    at SimpleFrontend (webpack://mephisto-task-compiler/./src/components/core_components.jsx?:138:24)\n    at p (webpack://mephisto-task-compiler/./node_modules/mephisto-task/build/bundle.js?:1:51620)\n    at div\n    at MainApp (webpack://mephisto-task-compiler/./src/app.jsx?:24:88)'}}
[2024-03-04 11:35:51,851][mephisto.operations.client_io_handler][WARNING] - [31;1m[Version Mismatch!!][0m: Package `mephisto-task` version mismatch. Expected version 2.0.4 but frontend is currently using 2.0.3. This may cause unexpected errors, be sure to update your `mephisto-task` dependency with `npm install mephisto-task@2.0.4 --save`. If this warning still persists or the version isn't found, please open an issue at https://github.com/facebookresearch/Mephisto/issues
[2024-03-04 11:35:52,611][mephisto.operations.operator][INFO] - Operator running task ID = 73
[2024-03-04 11:35:59,286][mephisto.operations.client_io_handler][WARNING] - [31;1m[Version Mismatch!!][0m: Package `mephisto-task` version mismatch. Expected version 2.0.4 but frontend is currently using 2.0.3. This may cause unexpected errors, be sure to update your `mephisto-task` dependency with `npm install mephisto-task@2.0.4 --save`. If this warning still persists or the version isn't found, please open an issue at https://github.com/facebookresearch/Mephisto/issues
[2024-03-04 11:35:59,310][mephisto.abstractions.blueprints.abstract.static_task.static_agent_state][INFO] - SAVED_DATA_TO_DISC at /home/martins_32048/mephisto-data/data/data/runs/NO_PROJECT/73/onboarding/onboarding_74/agent_data.json
[2024-03-04 11:35:59,311][mephisto.operations.worker_pool][INFO] - MockWorker(79) is starting onboarding thread with onboarding OnboardingAgent(74, none).
[2024-03-04 11:36:01,239][mephisto.abstractions.blueprints.abstract.static_task.static_agent_state][INFO] - SAVED_DATA_TO_DISC at /home/martins_32048/mephisto-data/data/data/runs/NO_PROJECT/73/onboarding/onboarding_74/agent_data.json
[2024-03-04 11:36:01,246][mephisto.operations.worker_pool][INFO] - Onboarding agent onboarding_74 registered out from onboarding
[2024-03-04 11:36:01,250][mephisto.abstractions.blueprints.abstract.static_task.static_agent_state][INFO] - SAVED_DATA_TO_DISC at /home/martins_32048/mephisto-data/data/data/runs/NO_PROJECT/73/962/260/agent_data.json
[2024-03-04 11:36:01,275][mephisto.operations.client_io_handler][WARNING] - [FRONT_END_ERROR]: {'error': "undefined is not a function (near '...data.map...')", 'errorInfo': {'componentStack': '\nSimpleFrontend\ns@\ndiv\nMainApp'}}
[2024-03-04 11:36:19,865][mephisto.operations.client_io_handler][WARNING] - [31;1m[Version Mismatch!!][0m: Package `mephisto-task` version mismatch. Expected version 2.0.4 but frontend is currently using 2.0.3. This may cause unexpected errors, be sure to update your `mephisto-task` dependency with `npm install mephisto-task@2.0.4 --save`. If this warning still persists or the version isn't found, please open an issue at https://github.com/facebookresearch/Mephisto/issues
[2024-03-04 11:36:19,909][mephisto.abstractions.blueprints.abstract.static_task.static_agent_state][INFO] - SAVED_DATA_TO_DISC at /home/martins_32048/mephisto-data/data/data/runs/NO_PROJECT/73/onboarding/onboarding_75/agent_data.json
[2024-03-04 11:36:19,910][mephisto.operations.worker_pool][INFO] - MockWorker(80) is starting onboarding thread with onboarding OnboardingAgent(75, none).
[2024-03-04 11:36:22,617][mephisto.operations.operator][INFO] - Operator running task ID = 73
[2024-03-04 11:36:52,624][mephisto.operations.operator][INFO] - Operator running task ID = 73
[2024-03-04 11:37:22,638][mephisto.operations.operator][INFO] - Operator running task ID = 73
[2024-03-04 11:37:52,145][mephisto.operations.client_io_handler][WARNING] - [31;1m[Version Mismatch!!][0m: Package `mephisto-task` version mismatch. Expected version 2.0.4 but frontend is currently using 2.0.3. This may cause unexpected errors, be sure to update your `mephisto-task` dependency with `npm install mephisto-task@2.0.4 --save`. If this warning still persists or the version isn't found, please open an issue at https://github.com/facebookresearch/Mephisto/issues
[2024-03-04 11:37:52,647][mephisto.operations.operator][INFO] - Operator running task ID = 73
[2024-03-04 11:37:56,860][mephisto.operations.client_io_handler][WARNING] - [31;1m[Version Mismatch!!][0m: Package `mephisto-task` version mismatch. Expected version 2.0.4 but frontend is currently using 2.0.3. This may cause unexpected errors, be sure to update your `mephisto-task` dependency with `npm install mephisto-task@2.0.4 --save`. If this warning still persists or the version isn't found, please open an issue at https://github.com/facebookresearch/Mephisto/issues
[2024-03-04 11:37:56,905][mephisto.abstractions.blueprints.abstract.static_task.static_agent_state][INFO] - SAVED_DATA_TO_DISC at /home/martins_32048/mephisto-data/data/data/runs/NO_PROJECT/73/onboarding/onboarding_76/agent_data.json
[2024-03-04 11:37:56,905][mephisto.operations.worker_pool][INFO] - MockWorker(81) is starting onboarding thread with onboarding OnboardingAgent(76, none).
[2024-03-04 11:37:58,393][mephisto.abstractions.blueprints.abstract.static_task.static_agent_state][INFO] - SAVED_DATA_TO_DISC at /home/martins_32048/mephisto-data/data/data/runs/NO_PROJECT/73/onboarding/onboarding_76/agent_data.json
[2024-03-04 11:37:58,399][mephisto.operations.worker_pool][INFO] - Onboarding agent onboarding_76 registered out from onboarding
[2024-03-04 11:37:58,403][mephisto.abstractions.blueprints.abstract.static_task.static_agent_state][INFO] - SAVED_DATA_TO_DISC at /home/martins_32048/mephisto-data/data/data/runs/NO_PROJECT/73/963/261/agent_data.json
[2024-03-04 11:38:11,411][mephisto.operations.client_io_handler][WARNING] - [31;1m[Version Mismatch!!][0m: Package `mephisto-task` version mismatch. Expected version 2.0.4 but frontend is currently using 2.0.3. This may cause unexpected errors, be sure to update your `mephisto-task` dependency with `npm install mephisto-task@2.0.4 --save`. If this warning still persists or the version isn't found, please open an issue at https://github.com/facebookresearch/Mephisto/issues
[2024-03-04 11:38:13,065][mephisto.operations.client_io_handler][WARNING] - [31;1m[Version Mismatch!!][0m: Package `mephisto-task` version mismatch. Expected version 2.0.4 but frontend is currently using 2.0.3. This may cause unexpected errors, be sure to update your `mephisto-task` dependency with `npm install mephisto-task@2.0.4 --save`. If this warning still persists or the version isn't found, please open an issue at https://github.com/facebookresearch/Mephisto/issues
[2024-03-04 11:38:13,106][mephisto.abstractions.blueprints.abstract.static_task.static_agent_state][INFO] - SAVED_DATA_TO_DISC at /home/martins_32048/mephisto-data/data/data/runs/NO_PROJECT/73/onboarding/onboarding_77/agent_data.json
[2024-03-04 11:38:13,106][mephisto.operations.worker_pool][INFO] - MockWorker(82) is starting onboarding thread with onboarding OnboardingAgent(77, none).
[2024-03-04 11:38:14,151][mephisto.abstractions.blueprints.abstract.static_task.static_agent_state][INFO] - SAVED_DATA_TO_DISC at /home/martins_32048/mephisto-data/data/data/runs/NO_PROJECT/73/onboarding/onboarding_77/agent_data.json
[2024-03-04 11:38:14,155][mephisto.operations.worker_pool][INFO] - Onboarding agent onboarding_77 registered out from onboarding
[2024-03-04 11:38:14,160][mephisto.abstractions.blueprints.abstract.static_task.static_agent_state][INFO] - SAVED_DATA_TO_DISC at /home/martins_32048/mephisto-data/data/data/runs/NO_PROJECT/73/964/262/agent_data.json
[2024-03-04 11:38:16,428][mephisto.operations.client_io_handler][WARNING] - [31;1m[Version Mismatch!!][0m: Package `mephisto-task` version mismatch. Expected version 2.0.4 but frontend is currently using 2.0.3. This may cause unexpected errors, be sure to update your `mephisto-task` dependency with `npm install mephisto-task@2.0.4 --save`. If this warning still persists or the version isn't found, please open an issue at https://github.com/facebookresearch/Mephisto/issues
[2024-03-04 11:38:17,582][mephisto.operations.client_io_handler][WARNING] - [31;1m[Version Mismatch!!][0m: Package `mephisto-task` version mismatch. Expected version 2.0.4 but frontend is currently using 2.0.3. This may cause unexpected errors, be sure to update your `mephisto-task` dependency with `npm install mephisto-task@2.0.4 --save`. If this warning still persists or the version isn't found, please open an issue at https://github.com/facebookresearch/Mephisto/issues
[2024-03-04 11:38:22,653][mephisto.operations.operator][INFO] - Operator running task ID = 73
[2024-03-04 11:38:30,342][mephisto.abstractions.blueprints.abstract.static_task.static_agent_state][INFO] - SAVED_DATA_TO_DISC at /home/martins_32048/mephisto-data/data/data/runs/NO_PROJECT/73/964/262/agent_data.json
[2024-03-04 11:38:32,383][mephisto.operations.client_io_handler][WARNING] - [31;1m[Version Mismatch!!][0m: Package `mephisto-task` version mismatch. Expected version 2.0.4 but frontend is currently using 2.0.3. This may cause unexpected errors, be sure to update your `mephisto-task` dependency with `npm install mephisto-task@2.0.4 --save`. If this warning still persists or the version isn't found, please open an issue at https://github.com/facebookresearch/Mephisto/issues
[2024-03-04 11:38:35,741][mephisto.operations.client_io_handler][WARNING] - [31;1m[Version Mismatch!!][0m: Package `mephisto-task` version mismatch. Expected version 2.0.4 but frontend is currently using 2.0.3. This may cause unexpected errors, be sure to update your `mephisto-task` dependency with `npm install mephisto-task@2.0.4 --save`. If this warning still persists or the version isn't found, please open an issue at https://github.com/facebookresearch/Mephisto/issues
[2024-03-04 11:38:36,746][mephisto.operations.client_io_handler][WARNING] - [31;1m[Version Mismatch!!][0m: Package `mephisto-task` version mismatch. Expected version 2.0.4 but frontend is currently using 2.0.3. This may cause unexpected errors, be sure to update your `mephisto-task` dependency with `npm install mephisto-task@2.0.4 --save`. If this warning still persists or the version isn't found, please open an issue at https://github.com/facebookresearch/Mephisto/issues
[2024-03-04 11:38:43,070][mephisto.operations.client_io_handler][WARNING] - [31;1m[Version Mismatch!!][0m: Package `mephisto-task` version mismatch. Expected version 2.0.4 but frontend is currently using 2.0.3. This may cause unexpected errors, be sure to update your `mephisto-task` dependency with `npm install mephisto-task@2.0.4 --save`. If this warning still persists or the version isn't found, please open an issue at https://github.com/facebookresearch/Mephisto/issues
[2024-03-04 11:38:44,675][mephisto.operations.client_io_handler][WARNING] - [31;1m[Version Mismatch!!][0m: Package `mephisto-task` version mismatch. Expected version 2.0.4 but frontend is currently using 2.0.3. This may cause unexpected errors, be sure to update your `mephisto-task` dependency with `npm install mephisto-task@2.0.4 --save`. If this warning still persists or the version isn't found, please open an issue at https://github.com/facebookresearch/Mephisto/issues
[2024-03-04 11:38:46,378][mephisto.operations.client_io_handler][WARNING] - [31;1m[Version Mismatch!!][0m: Package `mephisto-task` version mismatch. Expected version 2.0.4 but frontend is currently using 2.0.3. This may cause unexpected errors, be sure to update your `mephisto-task` dependency with `npm install mephisto-task@2.0.4 --save`. If this warning still persists or the version isn't found, please open an issue at https://github.com/facebookresearch/Mephisto/issues
[2024-03-04 11:38:52,661][mephisto.operations.operator][INFO] - Operator running task ID = 73
[2024-03-04 11:39:01,137][mephisto.operations.client_io_handler][WARNING] - [31;1m[Version Mismatch!!][0m: Package `mephisto-task` version mismatch. Expected version 2.0.4 but frontend is currently using 2.0.3. This may cause unexpected errors, be sure to update your `mephisto-task` dependency with `npm install mephisto-task@2.0.4 --save`. If this warning still persists or the version isn't found, please open an issue at https://github.com/facebookresearch/Mephisto/issues
[2024-03-04 11:39:12,938][mephisto.operations.client_io_handler][WARNING] - [31;1m[Version Mismatch!!][0m: Package `mephisto-task` version mismatch. Expected version 2.0.4 but frontend is currently using 2.0.3. This may cause unexpected errors, be sure to update your `mephisto-task` dependency with `npm install mephisto-task@2.0.4 --save`. If this warning still persists or the version isn't found, please open an issue at https://github.com/facebookresearch/Mephisto/issues
[2024-03-04 11:39:22,667][mephisto.operations.operator][INFO] - Operator running task ID = 73
[2024-03-04 11:39:33,380][mephisto.operations.client_io_handler][WARNING] - [31;1m[Version Mismatch!!][0m: Package `mephisto-task` version mismatch. Expected version 2.0.4 but frontend is currently using 2.0.3. This may cause unexpected errors, be sure to update your `mephisto-task` dependency with `npm install mephisto-task@2.0.4 --save`. If this warning still persists or the version isn't found, please open an issue at https://github.com/facebookresearch/Mephisto/issues
[2024-03-04 11:39:34,786][mephisto.operations.client_io_handler][WARNING] - [31;1m[Version Mismatch!!][0m: Package `mephisto-task` version mismatch. Expected version 2.0.4 but frontend is currently using 2.0.3. This may cause unexpected errors, be sure to update your `mephisto-task` dependency with `npm install mephisto-task@2.0.4 --save`. If this warning still persists or the version isn't found, please open an issue at https://github.com/facebookresearch/Mephisto/issues
[2024-03-04 11:39:52,677][mephisto.operations.operator][INFO] - Operator running task ID = 73
[2024-03-04 11:40:22,685][mephisto.operations.operator][INFO] - Operator running task ID = 73
[2024-03-04 11:40:52,693][mephisto.operations.operator][INFO] - Operator running task ID = 73
[2024-03-04 11:41:01,147][mephisto.abstractions.blueprints.abstract.static_task.static_agent_state][INFO] - SAVED_DATA_TO_DISC at /home/martins_32048/mephisto-data/data/data/runs/NO_PROJECT/73/onboarding/onboarding_75/agent_data.json
[2024-03-04 11:41:01,154][mephisto.operations.worker_pool][INFO] - Onboarding agent onboarding_75 registered out from onboarding
[2024-03-04 11:41:01,177][mephisto.operations.client_io_handler][WARNING] - [FRONT_END_ERROR]: {'error': 'data.map is not a function', 'errorInfo': {'componentStack': '\n    at SimpleFrontend (webpack://mephisto-task-compiler/./src/components/core_components.jsx?:138:24)\n    at p (webpack://mephisto-task-compiler/./node_modules/mephisto-task/build/bundle.js?:1:51620)\n    at div\n    at MainApp (webpack://mephisto-task-compiler/./src/app.jsx?:24:88)'}}
[2024-03-04 11:41:18,444][mephisto.operations.client_io_handler][WARNING] - [31;1m[Version Mismatch!!][0m: Package `mephisto-task` version mismatch. Expected version 2.0.4 but frontend is currently using 2.0.3. This may cause unexpected errors, be sure to update your `mephisto-task` dependency with `npm install mephisto-task@2.0.4 --save`. If this warning still persists or the version isn't found, please open an issue at https://github.com/facebookresearch/Mephisto/issues
[2024-03-04 11:41:22,702][mephisto.operations.operator][INFO] - Operator running task ID = 73
[2024-03-04 11:41:24,652][mephisto.operations.operator][ERROR] - Cleaning up after keyboard interrupt, please [31;1mwait to Ctrl-C again[0m until instructed to.
[2024-03-04 11:41:24,653][mephisto.operations.operator][INFO] - operator shutting down
[2024-03-04 11:41:24,653][mephisto.operations.operator][INFO] - Expiring units for task run 73.
[2024-03-04 11:41:24,695][mephisto.operations.operator][INFO] - Waiting on 1 task runs with assignments in-flight. [31;1mCtrl-C ONCE[0m to kill running tasks and FORCE QUIT.
[2024-03-04 11:41:24,921][sh.command][INFO] - <Command '/usr/bin/rm -rf /home/martins_32048/Projects/Mephisto/tmp/local_server_73/server', pid 2228553>: process started
