[2023-10-05 11:05:17,047][root][WARNING] - Mephisto supports rich run-time metrics visualization through Prometheus and Grafana. If you'd like to use this feature, use `mephisto metrics install` to install.(Current install dir is '/home/martins_32048/Projects/Mephisto/mephisto/scripts/metrics')'
[2023-10-05 11:05:17,152][mephisto.operations.operator][INFO] - Creating a task run under task name: onboarding_example
[2023-10-05 11:05:18,020][sh.command][INFO] - <Command '/usr/bin/rm -rf /home/martins_32048/mephisto-data/data/data/runs/NO_PROJECT/22/build/router', pid 2755004>: process started
[2023-10-05 11:05:19,497][sh.command][INFO] - <Command '/usr/bin/rm -rf /home/martins_32048/mephisto-data/data/data/runs/NO_PROJECT/22/build/router', pid 2755016>: process started
[2023-10-05 11:05:19,556][mephisto.operations.client_io_handler][INFO] - Sending alive
[2023-10-05 11:05:19,556][mephisto.operations.client_io_handler][INFO] - Sending alive
[2023-10-05 11:05:19,569][mephisto.operations.client_io_handler][INFO] - Sending alive
[2023-10-05 11:05:19,569][mephisto.abstractions.architects.channels.websocket_channel][INFO] - channel open
[2023-10-05 11:05:19,906][mephisto.operations.operator][INFO] - Operator running task ID = 22
[2023-10-05 11:05:19,908][mephisto.abstractions.providers.mock.mock_unit][INFO] - Mock task launched: http://localhost:3000 for preview, http://localhost:3000/?worker_id=x&assignment_id=41 for assignment 39
[2023-10-05 11:05:19,909][mephisto.abstractions.providers.mock.mock_unit][INFO] - Mock task launched: http://localhost:3000 for preview, http://localhost:3000/?worker_id=x&assignment_id=42 for assignment 40
[2023-10-05 11:05:21,581][mephisto.operations.client_io_handler][WARNING] - [31;1m[Version Mismatch!!][0m: Package `mephisto-task` version mismatch. Expected version 2.0.4 but frontend is currently using 2.0.3. This may cause unexpected errors, be sure to update your `mephisto-task` dependency with `npm install mephisto-task@2.0.4 --save`. If this warning still persists or the version isn't found, please open an issue at https://github.com/facebookresearch/Mephisto/issues
[2023-10-05 11:05:21,636][mephisto.abstractions.blueprints.abstract.static_task.static_agent_state][INFO] - SAVED_DATA_TO_DISC at /home/martins_32048/mephisto-data/data/data/runs/NO_PROJECT/22/39/21/agent_data.json
[2023-10-05 11:05:28,111][mephisto.operations.client_io_handler][WARNING] - [31;1m[Version Mismatch!!][0m: Package `mephisto-task` version mismatch. Expected version 2.0.4 but frontend is currently using 2.0.3. This may cause unexpected errors, be sure to update your `mephisto-task` dependency with `npm install mephisto-task@2.0.4 --save`. If this warning still persists or the version isn't found, please open an issue at https://github.com/facebookresearch/Mephisto/issues
[2023-10-05 11:05:31,475][mephisto.operations.client_io_handler][WARNING] - [31;1m[Version Mismatch!!][0m: Package `mephisto-task` version mismatch. Expected version 2.0.4 but frontend is currently using 2.0.3. This may cause unexpected errors, be sure to update your `mephisto-task` dependency with `npm install mephisto-task@2.0.4 --save`. If this warning still persists or the version isn't found, please open an issue at https://github.com/facebookresearch/Mephisto/issues
[2023-10-05 11:05:39,911][mephisto.operations.client_io_handler][WARNING] - [31;1m[Version Mismatch!!][0m: Package `mephisto-task` version mismatch. Expected version 2.0.4 but frontend is currently using 2.0.3. This may cause unexpected errors, be sure to update your `mephisto-task` dependency with `npm install mephisto-task@2.0.4 --save`. If this warning still persists or the version isn't found, please open an issue at https://github.com/facebookresearch/Mephisto/issues
[2023-10-05 11:05:44,378][mephisto.operations.client_io_handler][WARNING] - [31;1m[Version Mismatch!!][0m: Package `mephisto-task` version mismatch. Expected version 2.0.4 but frontend is currently using 2.0.3. This may cause unexpected errors, be sure to update your `mephisto-task` dependency with `npm install mephisto-task@2.0.4 --save`. If this warning still persists or the version isn't found, please open an issue at https://github.com/facebookresearch/Mephisto/issues
[2023-10-05 11:05:44,386][mephisto.abstractions.blueprints.abstract.static_task.static_agent_state][INFO] - SAVED_DATA_TO_DISC at /home/martins_32048/mephisto-data/data/data/runs/NO_PROJECT/22/onboarding/onboarding_3/agent_data.json
[2023-10-05 11:05:44,387][mephisto.operations.worker_pool][INFO] - MockWorker(2) is starting onboarding thread with onboarding OnboardingAgent(3, none).
[2023-10-05 11:05:49,914][mephisto.operations.operator][INFO] - Operator running task ID = 22
[2023-10-05 11:06:19,923][mephisto.operations.operator][INFO] - Operator running task ID = 22
[2023-10-05 11:06:49,933][mephisto.operations.operator][INFO] - Operator running task ID = 22
[2023-10-05 11:07:19,943][mephisto.operations.operator][INFO] - Operator running task ID = 22
[2023-10-05 11:07:49,952][mephisto.operations.operator][INFO] - Operator running task ID = 22
[2023-10-05 11:08:19,959][mephisto.operations.operator][INFO] - Operator running task ID = 22
[2023-10-05 11:08:49,966][mephisto.operations.operator][INFO] - Operator running task ID = 22
[2023-10-05 11:09:19,971][mephisto.operations.operator][INFO] - Operator running task ID = 22
[2023-10-05 11:09:49,978][mephisto.operations.operator][INFO] - Operator running task ID = 22
[2023-10-05 11:10:19,987][mephisto.operations.operator][INFO] - Operator running task ID = 22
[2023-10-05 11:10:49,995][mephisto.operations.operator][INFO] - Operator running task ID = 22
[2023-10-05 11:11:20,007][mephisto.operations.operator][INFO] - Operator running task ID = 22
[2023-10-05 11:11:50,014][mephisto.operations.operator][INFO] - Operator running task ID = 22
[2023-10-05 11:12:20,019][mephisto.operations.operator][INFO] - Operator running task ID = 22
[2023-10-05 11:12:50,025][mephisto.operations.operator][INFO] - Operator running task ID = 22
[2023-10-05 11:13:20,037][mephisto.operations.operator][INFO] - Operator running task ID = 22
[2023-10-05 11:13:50,045][mephisto.operations.operator][INFO] - Operator running task ID = 22
[2023-10-05 11:14:20,051][mephisto.operations.operator][INFO] - Operator running task ID = 22
[2023-10-05 11:14:50,062][mephisto.operations.operator][INFO] - Operator running task ID = 22
[2023-10-05 11:15:20,072][mephisto.operations.operator][INFO] - Operator running task ID = 22
[2023-10-05 11:15:50,079][mephisto.operations.operator][INFO] - Operator running task ID = 22
[2023-10-05 11:16:20,091][mephisto.operations.operator][INFO] - Operator running task ID = 22
[2023-10-05 11:16:50,099][mephisto.operations.operator][INFO] - Operator running task ID = 22
[2023-10-05 11:17:20,109][mephisto.operations.operator][INFO] - Operator running task ID = 22
[2023-10-05 11:17:50,117][mephisto.operations.operator][INFO] - Operator running task ID = 22
[2023-10-05 11:18:20,127][mephisto.operations.operator][INFO] - Operator running task ID = 22
[2023-10-05 11:18:50,138][mephisto.operations.operator][INFO] - Operator running task ID = 22
[2023-10-05 11:19:10,183][mephisto.operations.client_io_handler][WARNING] - [31;1m[Version Mismatch!!][0m: Package `mephisto-task` version mismatch. Expected version 2.0.4 but frontend is currently using 2.0.3. This may cause unexpected errors, be sure to update your `mephisto-task` dependency with `npm install mephisto-task@2.0.4 --save`. If this warning still persists or the version isn't found, please open an issue at https://github.com/facebookresearch/Mephisto/issues
[2023-10-05 11:19:20,147][mephisto.operations.operator][INFO] - Operator running task ID = 22
[2023-10-05 11:19:50,155][mephisto.operations.operator][INFO] - Operator running task ID = 22
[2023-10-05 11:20:20,168][mephisto.operations.operator][INFO] - Operator running task ID = 22
[2023-10-05 11:20:36,187][mephisto.operations.client_io_handler][WARNING] - [31;1m[Version Mismatch!!][0m: Package `mephisto-task` version mismatch. Expected version 2.0.4 but frontend is currently using 2.0.3. This may cause unexpected errors, be sure to update your `mephisto-task` dependency with `npm install mephisto-task@2.0.4 --save`. If this warning still persists or the version isn't found, please open an issue at https://github.com/facebookresearch/Mephisto/issues
[2023-10-05 11:20:50,178][mephisto.operations.operator][INFO] - Operator running task ID = 22
[2023-10-05 11:20:53,540][mephisto.operations.client_io_handler][WARNING] - [31;1m[Version Mismatch!!][0m: Package `mephisto-task` version mismatch. Expected version 2.0.4 but frontend is currently using 2.0.3. This may cause unexpected errors, be sure to update your `mephisto-task` dependency with `npm install mephisto-task@2.0.4 --save`. If this warning still persists or the version isn't found, please open an issue at https://github.com/facebookresearch/Mephisto/issues
[2023-10-05 11:21:20,187][mephisto.operations.operator][INFO] - Operator running task ID = 22
[2023-10-05 11:21:22,444][mephisto.operations.client_io_handler][WARNING] - [31;1m[Version Mismatch!!][0m: Package `mephisto-task` version mismatch. Expected version 2.0.4 but frontend is currently using 2.0.3. This may cause unexpected errors, be sure to update your `mephisto-task` dependency with `npm install mephisto-task@2.0.4 --save`. If this warning still persists or the version isn't found, please open an issue at https://github.com/facebookresearch/Mephisto/issues
[2023-10-05 11:21:40,455][mephisto.operations.client_io_handler][WARNING] - [31;1m[Version Mismatch!!][0m: Package `mephisto-task` version mismatch. Expected version 2.0.4 but frontend is currently using 2.0.3. This may cause unexpected errors, be sure to update your `mephisto-task` dependency with `npm install mephisto-task@2.0.4 --save`. If this warning still persists or the version isn't found, please open an issue at https://github.com/facebookresearch/Mephisto/issues
[2023-10-05 11:21:50,194][mephisto.operations.operator][INFO] - Operator running task ID = 22
[2023-10-05 11:22:09,958][mephisto.operations.client_io_handler][WARNING] - [31;1m[Version Mismatch!!][0m: Package `mephisto-task` version mismatch. Expected version 2.0.4 but frontend is currently using 2.0.3. This may cause unexpected errors, be sure to update your `mephisto-task` dependency with `npm install mephisto-task@2.0.4 --save`. If this warning still persists or the version isn't found, please open an issue at https://github.com/facebookresearch/Mephisto/issues
[2023-10-05 11:22:20,199][mephisto.operations.operator][INFO] - Operator running task ID = 22
[2023-10-05 11:22:50,205][mephisto.operations.operator][INFO] - Operator running task ID = 22
[2023-10-05 11:23:20,215][mephisto.operations.operator][INFO] - Operator running task ID = 22
[2023-10-05 11:23:50,224][mephisto.operations.operator][INFO] - Operator running task ID = 22
[2023-10-05 11:24:20,231][mephisto.operations.operator][INFO] - Operator running task ID = 22
[2023-10-05 11:24:46,016][mephisto.operations.client_io_handler][WARNING] - [31;1m[Version Mismatch!!][0m: Package `mephisto-task` version mismatch. Expected version 2.0.4 but frontend is currently using 2.0.3. This may cause unexpected errors, be sure to update your `mephisto-task` dependency with `npm install mephisto-task@2.0.4 --save`. If this warning still persists or the version isn't found, please open an issue at https://github.com/facebookresearch/Mephisto/issues
[2023-10-05 11:24:50,239][mephisto.operations.operator][INFO] - Operator running task ID = 22
[2023-10-05 11:24:53,032][mephisto.abstractions.blueprints.abstract.static_task.static_agent_state][INFO] - SAVED_DATA_TO_DISC at /home/martins_32048/mephisto-data/data/data/runs/NO_PROJECT/22/onboarding/onboarding_4/agent_data.json
[2023-10-05 11:24:53,032][mephisto.operations.worker_pool][INFO] - MockWorker(3) is starting onboarding thread with onboarding OnboardingAgent(4, none).
[2023-10-05 11:24:53,040][mephisto.operations.client_io_handler][WARNING] - [31;1m[Version Mismatch!!][0m: Package `mephisto-task` version mismatch. Expected version 2.0.4 but frontend is currently using 2.0.3. This may cause unexpected errors, be sure to update your `mephisto-task` dependency with `npm install mephisto-task@2.0.4 --save`. If this warning still persists or the version isn't found, please open an issue at https://github.com/facebookresearch/Mephisto/issues
[2023-10-05 11:25:20,247][mephisto.operations.operator][INFO] - Operator running task ID = 22
[2023-10-05 11:25:50,255][mephisto.operations.operator][INFO] - Operator running task ID = 22
[2023-10-05 11:26:20,263][mephisto.operations.operator][INFO] - Operator running task ID = 22
[2023-10-05 11:26:28,162][mephisto.operations.client_io_handler][WARNING] - [31;1m[Version Mismatch!!][0m: Package `mephisto-task` version mismatch. Expected version 2.0.4 but frontend is currently using 2.0.3. This may cause unexpected errors, be sure to update your `mephisto-task` dependency with `npm install mephisto-task@2.0.4 --save`. If this warning still persists or the version isn't found, please open an issue at https://github.com/facebookresearch/Mephisto/issues
[2023-10-05 11:26:28,201][mephisto.abstractions.blueprints.abstract.static_task.static_agent_state][INFO] - SAVED_DATA_TO_DISC at /home/martins_32048/mephisto-data/data/data/runs/NO_PROJECT/22/onboarding/onboarding_5/agent_data.json
[2023-10-05 11:26:28,202][mephisto.operations.worker_pool][INFO] - MockWorker(4) is starting onboarding thread with onboarding OnboardingAgent(5, none).
[2023-10-05 11:26:50,272][mephisto.operations.operator][INFO] - Operator running task ID = 22
[2023-10-05 11:27:20,279][mephisto.operations.operator][INFO] - Operator running task ID = 22
[2023-10-05 11:27:50,287][mephisto.operations.operator][INFO] - Operator running task ID = 22
[2023-10-05 11:28:20,296][mephisto.operations.operator][INFO] - Operator running task ID = 22
[2023-10-05 11:28:50,301][mephisto.operations.operator][INFO] - Operator running task ID = 22
[2023-10-05 11:29:20,312][mephisto.operations.operator][INFO] - Operator running task ID = 22
[2023-10-05 11:29:50,321][mephisto.operations.operator][INFO] - Operator running task ID = 22
[2023-10-05 11:30:20,331][mephisto.operations.operator][INFO] - Operator running task ID = 22
[2023-10-05 11:30:50,337][mephisto.operations.operator][INFO] - Operator running task ID = 22
[2023-10-05 11:31:20,343][mephisto.operations.operator][INFO] - Operator running task ID = 22
[2023-10-05 11:31:50,349][mephisto.operations.operator][INFO] - Operator running task ID = 22
[2023-10-05 11:32:20,357][mephisto.operations.operator][INFO] - Operator running task ID = 22
[2023-10-05 11:32:50,365][mephisto.operations.operator][INFO] - Operator running task ID = 22
[2023-10-05 11:33:20,373][mephisto.operations.operator][INFO] - Operator running task ID = 22
[2023-10-05 11:33:50,379][mephisto.operations.operator][INFO] - Operator running task ID = 22
[2023-10-05 11:34:20,386][mephisto.operations.operator][INFO] - Operator running task ID = 22
[2023-10-05 11:34:50,391][mephisto.operations.operator][INFO] - Operator running task ID = 22
[2023-10-05 11:35:20,403][mephisto.operations.operator][INFO] - Operator running task ID = 22
[2023-10-05 11:35:21,640][mephisto.abstractions._subcomponents.task_runner][ERROR] - Handled exception in unit MockUnit(41, assigned)
Traceback (most recent call last):
  File "/home/martins_32048/Projects/Mephisto/mephisto/abstractions/_subcomponents/task_runner.py", line 266, in _launch_and_run_unit
    self.run_unit(unit, agent)
  File "/home/martins_32048/Projects/Mephisto/mephisto/abstractions/blueprints/abstract/static_task/static_task_runner.py", line 69, in run_unit
    agent.await_submit(self.assignment_duration_in_seconds)
  File "/home/martins_32048/Projects/Mephisto/mephisto/abstractions/providers/mock/mock_agent.py", line 109, in await_submit
    return super().await_submit(timeout)
  File "/home/martins_32048/Projects/Mephisto/mephisto/data_model/agent.py", line 256, in await_submit
    raise AgentTimeoutError(timeout, self.db_id)
mephisto.data_model.exceptions.AgentTimeoutError: (1800, '21')
[2023-10-05 11:35:44,392][mephisto.abstractions._subcomponents.task_runner][INFO] - Onboarding agent onboarding_3 disconnected or errored, final status disconnect.
[2023-10-05 11:35:50,407][mephisto.operations.operator][INFO] - Operator running task ID = 22
[2023-10-05 11:36:20,415][mephisto.operations.operator][INFO] - Operator running task ID = 22
[2023-10-05 11:36:50,421][mephisto.operations.operator][INFO] - Operator running task ID = 22
[2023-10-05 11:37:20,427][mephisto.operations.operator][INFO] - Operator running task ID = 22
[2023-10-05 11:37:50,433][mephisto.operations.operator][INFO] - Operator running task ID = 22
[2023-10-05 11:38:14,832][mephisto.abstractions.blueprints.abstract.static_task.static_agent_state][INFO] - SAVED_DATA_TO_DISC at /home/martins_32048/mephisto-data/data/data/runs/NO_PROJECT/22/onboarding/onboarding_5/agent_data.json
[2023-10-05 11:38:14,839][mephisto.operations.worker_pool][INFO] - Onboarding agent onboarding_5 failed onboarding
[2023-10-05 11:38:14,860][mephisto.operations.client_io_handler][WARNING] - [FRONT_END_ERROR]: {'error': "Cannot read properties of undefined (reading 'split')", 'errorInfo': {'componentStack': '\n    at SimpleFrontend (webpack://mephisto-task-compiler/./src/components/core_components.jsx?:69:24)\n    at p (webpack://mephisto-task-compiler/./node_modules/mephisto-task/build/bundle.js?:1:51620)\n    at div\n    at MainApp (webpack://mephisto-task-compiler/./src/app.jsx?:24:88)'}}
[2023-10-05 11:38:19,419][mephisto.abstractions.blueprints.abstract.static_task.static_agent_state][INFO] - SAVED_DATA_TO_DISC at /home/martins_32048/mephisto-data/data/data/runs/NO_PROJECT/22/onboarding/onboarding_4/agent_data.json
[2023-10-05 11:38:19,427][mephisto.operations.worker_pool][INFO] - Onboarding agent onboarding_4 registered out from onboarding
[2023-10-05 11:38:19,432][mephisto.abstractions.blueprints.abstract.static_task.static_agent_state][INFO] - SAVED_DATA_TO_DISC at /home/martins_32048/mephisto-data/data/data/runs/NO_PROJECT/22/39/22/agent_data.json
[2023-10-05 11:38:19,444][mephisto.operations.client_io_handler][WARNING] - [FRONT_END_ERROR]: {'error': "Cannot read properties of undefined (reading 'split')", 'errorInfo': {'componentStack': '\n    at SimpleFrontend (webpack://mephisto-task-compiler/./src/components/core_components.jsx?:69:24)\n    at p (webpack://mephisto-task-compiler/./node_modules/mephisto-task/build/bundle.js?:1:51620)\n    at div\n    at MainApp (webpack://mephisto-task-compiler/./src/app.jsx?:24:88)'}}
[2023-10-05 11:38:20,442][mephisto.operations.operator][INFO] - Operator running task ID = 22
[2023-10-05 11:38:21,439][mephisto.operations.client_io_handler][WARNING] - [31;1m[Version Mismatch!!][0m: Package `mephisto-task` version mismatch. Expected version 2.0.4 but frontend is currently using 2.0.3. This may cause unexpected errors, be sure to update your `mephisto-task` dependency with `npm install mephisto-task@2.0.4 --save`. If this warning still persists or the version isn't found, please open an issue at https://github.com/facebookresearch/Mephisto/issues
[2023-10-05 11:38:28,312][mephisto.abstractions.blueprints.abstract.static_task.static_agent_state][INFO] - SAVED_DATA_TO_DISC at /home/martins_32048/mephisto-data/data/data/runs/NO_PROJECT/22/onboarding/onboarding_6/agent_data.json
[2023-10-05 11:38:28,312][mephisto.operations.worker_pool][INFO] - MockWorker(5) is starting onboarding thread with onboarding OnboardingAgent(6, none).
[2023-10-05 11:38:28,317][mephisto.operations.client_io_handler][WARNING] - [31;1m[Version Mismatch!!][0m: Package `mephisto-task` version mismatch. Expected version 2.0.4 but frontend is currently using 2.0.3. This may cause unexpected errors, be sure to update your `mephisto-task` dependency with `npm install mephisto-task@2.0.4 --save`. If this warning still persists or the version isn't found, please open an issue at https://github.com/facebookresearch/Mephisto/issues
[2023-10-05 11:38:30,390][mephisto.abstractions.blueprints.abstract.static_task.static_agent_state][INFO] - SAVED_DATA_TO_DISC at /home/martins_32048/mephisto-data/data/data/runs/NO_PROJECT/22/onboarding/onboarding_6/agent_data.json
[2023-10-05 11:38:30,396][mephisto.operations.worker_pool][INFO] - Onboarding agent onboarding_6 registered out from onboarding
[2023-10-05 11:38:30,402][mephisto.abstractions.blueprints.abstract.static_task.static_agent_state][INFO] - SAVED_DATA_TO_DISC at /home/martins_32048/mephisto-data/data/data/runs/NO_PROJECT/22/40/23/agent_data.json
[2023-10-05 11:38:30,416][mephisto.operations.client_io_handler][WARNING] - [FRONT_END_ERROR]: {'error': "Cannot read properties of undefined (reading 'split')", 'errorInfo': {'componentStack': '\n    at SimpleFrontend (webpack://mephisto-task-compiler/./src/components/core_components.jsx?:69:24)\n    at p (webpack://mephisto-task-compiler/./node_modules/mephisto-task/build/bundle.js?:1:51620)\n    at div\n    at MainApp (webpack://mephisto-task-compiler/./src/app.jsx?:24:88)'}}
[2023-10-05 11:38:50,449][mephisto.operations.operator][INFO] - Operator running task ID = 22
[2023-10-05 11:39:20,457][mephisto.operations.operator][INFO] - Operator running task ID = 22
[2023-10-05 11:39:50,464][mephisto.operations.operator][INFO] - Operator running task ID = 22
[2023-10-05 11:40:20,471][mephisto.operations.operator][INFO] - Operator running task ID = 22
[2023-10-05 11:40:50,479][mephisto.operations.operator][INFO] - Operator running task ID = 22
[2023-10-05 11:41:20,487][mephisto.operations.operator][INFO] - Operator running task ID = 22
[2023-10-05 11:41:44,165][mephisto.operations.client_io_handler][WARNING] - [31;1m[Version Mismatch!!][0m: Package `mephisto-task` version mismatch. Expected version 2.0.4 but frontend is currently using 2.0.3. This may cause unexpected errors, be sure to update your `mephisto-task` dependency with `npm install mephisto-task@2.0.4 --save`. If this warning still persists or the version isn't found, please open an issue at https://github.com/facebookresearch/Mephisto/issues
[2023-10-05 11:41:49,232][mephisto.operations.client_io_handler][WARNING] - [31;1m[Version Mismatch!!][0m: Package `mephisto-task` version mismatch. Expected version 2.0.4 but frontend is currently using 2.0.3. This may cause unexpected errors, be sure to update your `mephisto-task` dependency with `npm install mephisto-task@2.0.4 --save`. If this warning still persists or the version isn't found, please open an issue at https://github.com/facebookresearch/Mephisto/issues
[2023-10-05 11:41:50,495][mephisto.operations.operator][INFO] - Operator running task ID = 22
[2023-10-05 11:42:08,312][mephisto.operations.client_io_handler][WARNING] - [31;1m[Version Mismatch!!][0m: Package `mephisto-task` version mismatch. Expected version 2.0.4 but frontend is currently using 2.0.3. This may cause unexpected errors, be sure to update your `mephisto-task` dependency with `npm install mephisto-task@2.0.4 --save`. If this warning still persists or the version isn't found, please open an issue at https://github.com/facebookresearch/Mephisto/issues
[2023-10-05 11:42:11,613][mephisto.operations.operator][ERROR] - Cleaning up after keyboard interrupt, please [31;1mwait to Ctrl-C again[0m until instructed to.
[2023-10-05 11:42:11,613][mephisto.operations.operator][INFO] - operator shutting down
[2023-10-05 11:42:11,614][mephisto.operations.operator][INFO] - Expiring units for task run 22.
[2023-10-05 11:42:11,640][mephisto.operations.operator][INFO] - Waiting on 1 task runs with assignments in-flight. [31;1mCtrl-C ONCE[0m to kill running tasks and FORCE QUIT.
[2023-10-05 11:42:11,861][sh.command][INFO] - <Command '/usr/bin/rm -rf /home/martins_32048/Projects/Mephisto/tmp/local_server_22/server', pid 2757607>: process started
