[2024-04-03 10:33:37,743][root][WARNING] - Mephisto supports rich run-time metrics visualization through Prometheus and Grafana. If you'd like to use this feature, use `mephisto metrics install` to install.(Current install dir is '/home/martins_32048/Projects/semantics/venv/lib/python3.10/site-packages/mephisto/scripts/metrics')'
[2024-04-03 10:33:37,824][mephisto.operations.operator][INFO] - Creating a task run under task name: react-word-sentiment
[2024-04-03 10:33:38,793][sh.command][INFO] - <Command '/usr/bin/rm -rf /home/martins_32048/mephisto-data/data/data/runs/NO_PROJECT/79/build/router', pid 124674>: process started
[2024-04-03 10:33:40,284][sh.command][INFO] - <Command '/usr/bin/rm -rf /home/martins_32048/mephisto-data/data/data/runs/NO_PROJECT/79/build/router', pid 124686>: process started
[2024-04-03 10:33:40,337][mephisto.operations.client_io_handler][INFO] - Sending alive
[2024-04-03 10:33:40,338][mephisto.operations.client_io_handler][INFO] - Sending alive
[2024-04-03 10:33:40,360][mephisto.operations.client_io_handler][INFO] - Sending alive
[2024-04-03 10:33:40,361][mephisto.abstractions.architects.channels.websocket_channel][INFO] - channel open
[2024-04-03 10:33:40,641][mephisto.operations.operator][INFO] - Operator running task ID = 79
[2024-04-03 10:33:50,664][mephisto.abstractions.providers.mock.mock_unit][INFO] - Mock task launched: http://localhost:3000 for preview, http://localhost:3000/?worker_id=x&assignment_id=1977 for assignment 1001
[2024-04-03 10:33:50,670][mephisto.abstractions.providers.mock.mock_unit][INFO] - Mock task launched: http://localhost:3000 for preview, http://localhost:3000/?worker_id=x&assignment_id=1978 for assignment 1001
[2024-04-03 10:33:50,678][mephisto.abstractions.providers.mock.mock_unit][INFO] - Mock task launched: http://localhost:3000 for preview, http://localhost:3000/?worker_id=x&assignment_id=1979 for assignment 1001
[2024-04-03 10:33:50,684][mephisto.abstractions.providers.mock.mock_unit][INFO] - Mock task launched: http://localhost:3000 for preview, http://localhost:3000/?worker_id=x&assignment_id=1980 for assignment 1001
[2024-04-03 10:33:50,689][mephisto.abstractions.providers.mock.mock_unit][INFO] - Mock task launched: http://localhost:3000 for preview, http://localhost:3000/?worker_id=x&assignment_id=1981 for assignment 1001
[2024-04-03 10:33:50,695][mephisto.abstractions.providers.mock.mock_unit][INFO] - Mock task launched: http://localhost:3000 for preview, http://localhost:3000/?worker_id=x&assignment_id=1982 for assignment 1002
[2024-04-03 10:33:50,700][mephisto.abstractions.providers.mock.mock_unit][INFO] - Mock task launched: http://localhost:3000 for preview, http://localhost:3000/?worker_id=x&assignment_id=1983 for assignment 1002
[2024-04-03 10:33:50,703][mephisto.abstractions.providers.mock.mock_unit][INFO] - Mock task launched: http://localhost:3000 for preview, http://localhost:3000/?worker_id=x&assignment_id=1984 for assignment 1002
[2024-04-03 10:33:50,706][mephisto.abstractions.providers.mock.mock_unit][INFO] - Mock task launched: http://localhost:3000 for preview, http://localhost:3000/?worker_id=x&assignment_id=1985 for assignment 1002
[2024-04-03 10:33:50,709][mephisto.abstractions.providers.mock.mock_unit][INFO] - Mock task launched: http://localhost:3000 for preview, http://localhost:3000/?worker_id=x&assignment_id=1986 for assignment 1002
[2024-04-03 10:33:50,711][mephisto.abstractions.providers.mock.mock_unit][INFO] - Mock task launched: http://localhost:3000 for preview, http://localhost:3000/?worker_id=x&assignment_id=1987 for assignment 1003
[2024-04-03 10:33:50,714][mephisto.abstractions.providers.mock.mock_unit][INFO] - Mock task launched: http://localhost:3000 for preview, http://localhost:3000/?worker_id=x&assignment_id=1988 for assignment 1003
[2024-04-03 10:33:50,717][mephisto.abstractions.providers.mock.mock_unit][INFO] - Mock task launched: http://localhost:3000 for preview, http://localhost:3000/?worker_id=x&assignment_id=1989 for assignment 1003
[2024-04-03 10:33:50,720][mephisto.abstractions.providers.mock.mock_unit][INFO] - Mock task launched: http://localhost:3000 for preview, http://localhost:3000/?worker_id=x&assignment_id=1990 for assignment 1003
[2024-04-03 10:33:50,722][mephisto.abstractions.providers.mock.mock_unit][INFO] - Mock task launched: http://localhost:3000 for preview, http://localhost:3000/?worker_id=x&assignment_id=1991 for assignment 1003
[2024-04-03 10:33:50,725][mephisto.abstractions.providers.mock.mock_unit][INFO] - Mock task launched: http://localhost:3000 for preview, http://localhost:3000/?worker_id=x&assignment_id=1992 for assignment 1004
[2024-04-03 10:33:50,728][mephisto.abstractions.providers.mock.mock_unit][INFO] - Mock task launched: http://localhost:3000 for preview, http://localhost:3000/?worker_id=x&assignment_id=1993 for assignment 1004
[2024-04-03 10:33:50,731][mephisto.abstractions.providers.mock.mock_unit][INFO] - Mock task launched: http://localhost:3000 for preview, http://localhost:3000/?worker_id=x&assignment_id=1994 for assignment 1004
[2024-04-03 10:33:50,734][mephisto.abstractions.providers.mock.mock_unit][INFO] - Mock task launched: http://localhost:3000 for preview, http://localhost:3000/?worker_id=x&assignment_id=1995 for assignment 1004
[2024-04-03 10:33:50,736][mephisto.abstractions.providers.mock.mock_unit][INFO] - Mock task launched: http://localhost:3000 for preview, http://localhost:3000/?worker_id=x&assignment_id=1996 for assignment 1004
[2024-04-03 10:33:50,739][mephisto.abstractions.providers.mock.mock_unit][INFO] - Mock task launched: http://localhost:3000 for preview, http://localhost:3000/?worker_id=x&assignment_id=1997 for assignment 1005
[2024-04-03 10:33:50,741][mephisto.abstractions.providers.mock.mock_unit][INFO] - Mock task launched: http://localhost:3000 for preview, http://localhost:3000/?worker_id=x&assignment_id=1998 for assignment 1005
[2024-04-03 10:33:50,744][mephisto.abstractions.providers.mock.mock_unit][INFO] - Mock task launched: http://localhost:3000 for preview, http://localhost:3000/?worker_id=x&assignment_id=1999 for assignment 1005
[2024-04-03 10:33:50,746][mephisto.abstractions.providers.mock.mock_unit][INFO] - Mock task launched: http://localhost:3000 for preview, http://localhost:3000/?worker_id=x&assignment_id=2000 for assignment 1005
[2024-04-03 10:33:50,749][mephisto.abstractions.providers.mock.mock_unit][INFO] - Mock task launched: http://localhost:3000 for preview, http://localhost:3000/?worker_id=x&assignment_id=2001 for assignment 1005
[2024-04-03 10:33:50,751][mephisto.abstractions.providers.mock.mock_unit][INFO] - Mock task launched: http://localhost:3000 for preview, http://localhost:3000/?worker_id=x&assignment_id=2002 for assignment 1006
[2024-04-03 10:33:50,754][mephisto.abstractions.providers.mock.mock_unit][INFO] - Mock task launched: http://localhost:3000 for preview, http://localhost:3000/?worker_id=x&assignment_id=2003 for assignment 1006
[2024-04-03 10:33:50,756][mephisto.abstractions.providers.mock.mock_unit][INFO] - Mock task launched: http://localhost:3000 for preview, http://localhost:3000/?worker_id=x&assignment_id=2004 for assignment 1006
[2024-04-03 10:33:50,758][mephisto.abstractions.providers.mock.mock_unit][INFO] - Mock task launched: http://localhost:3000 for preview, http://localhost:3000/?worker_id=x&assignment_id=2005 for assignment 1006
[2024-04-03 10:33:50,762][mephisto.abstractions.providers.mock.mock_unit][INFO] - Mock task launched: http://localhost:3000 for preview, http://localhost:3000/?worker_id=x&assignment_id=2006 for assignment 1006
[2024-04-03 10:33:50,765][mephisto.abstractions.providers.mock.mock_unit][INFO] - Mock task launched: http://localhost:3000 for preview, http://localhost:3000/?worker_id=x&assignment_id=2007 for assignment 1007
[2024-04-03 10:33:50,768][mephisto.abstractions.providers.mock.mock_unit][INFO] - Mock task launched: http://localhost:3000 for preview, http://localhost:3000/?worker_id=x&assignment_id=2008 for assignment 1007
[2024-04-03 10:33:50,771][mephisto.abstractions.providers.mock.mock_unit][INFO] - Mock task launched: http://localhost:3000 for preview, http://localhost:3000/?worker_id=x&assignment_id=2009 for assignment 1007
[2024-04-03 10:33:50,773][mephisto.abstractions.providers.mock.mock_unit][INFO] - Mock task launched: http://localhost:3000 for preview, http://localhost:3000/?worker_id=x&assignment_id=2010 for assignment 1007
[2024-04-03 10:33:50,776][mephisto.abstractions.providers.mock.mock_unit][INFO] - Mock task launched: http://localhost:3000 for preview, http://localhost:3000/?worker_id=x&assignment_id=2011 for assignment 1007
[2024-04-03 10:33:50,778][mephisto.abstractions.providers.mock.mock_unit][INFO] - Mock task launched: http://localhost:3000 for preview, http://localhost:3000/?worker_id=x&assignment_id=2012 for assignment 1008
[2024-04-03 10:33:50,781][mephisto.abstractions.providers.mock.mock_unit][INFO] - Mock task launched: http://localhost:3000 for preview, http://localhost:3000/?worker_id=x&assignment_id=2013 for assignment 1008
[2024-04-03 10:33:50,783][mephisto.abstractions.providers.mock.mock_unit][INFO] - Mock task launched: http://localhost:3000 for preview, http://localhost:3000/?worker_id=x&assignment_id=2014 for assignment 1008
[2024-04-03 10:33:50,785][mephisto.abstractions.providers.mock.mock_unit][INFO] - Mock task launched: http://localhost:3000 for preview, http://localhost:3000/?worker_id=x&assignment_id=2015 for assignment 1008
[2024-04-03 10:33:50,788][mephisto.abstractions.providers.mock.mock_unit][INFO] - Mock task launched: http://localhost:3000 for preview, http://localhost:3000/?worker_id=x&assignment_id=2016 for assignment 1008
[2024-04-03 10:33:50,790][mephisto.abstractions.providers.mock.mock_unit][INFO] - Mock task launched: http://localhost:3000 for preview, http://localhost:3000/?worker_id=x&assignment_id=2017 for assignment 1009
[2024-04-03 10:33:50,792][mephisto.abstractions.providers.mock.mock_unit][INFO] - Mock task launched: http://localhost:3000 for preview, http://localhost:3000/?worker_id=x&assignment_id=2018 for assignment 1009
[2024-04-03 10:33:50,795][mephisto.abstractions.providers.mock.mock_unit][INFO] - Mock task launched: http://localhost:3000 for preview, http://localhost:3000/?worker_id=x&assignment_id=2019 for assignment 1009
[2024-04-03 10:33:50,798][mephisto.abstractions.providers.mock.mock_unit][INFO] - Mock task launched: http://localhost:3000 for preview, http://localhost:3000/?worker_id=x&assignment_id=2020 for assignment 1009
[2024-04-03 10:33:50,800][mephisto.abstractions.providers.mock.mock_unit][INFO] - Mock task launched: http://localhost:3000 for preview, http://localhost:3000/?worker_id=x&assignment_id=2021 for assignment 1009
[2024-04-03 10:34:00,015][mephisto.abstractions.blueprints.abstract.static_task.static_agent_state][INFO] - SAVED_DATA_TO_DISC at /home/martins_32048/mephisto-data/data/data/runs/NO_PROJECT/79/1001/273/agent_data.json
[2024-04-03 10:34:10,649][mephisto.operations.operator][INFO] - Operator running task ID = 79
[2024-04-03 10:34:33,018][mephisto.abstractions.blueprints.abstract.static_task.static_agent_state][INFO] - SAVED_DATA_TO_DISC at /home/martins_32048/mephisto-data/data/data/runs/NO_PROJECT/79/1001/273/agent_data.json
[2024-04-03 10:34:40,661][mephisto.operations.operator][INFO] - Operator running task ID = 79
[2024-04-03 10:35:10,671][mephisto.operations.operator][INFO] - Operator running task ID = 79
[2024-04-03 10:35:40,681][mephisto.operations.operator][INFO] - Operator running task ID = 79
[2024-04-03 10:36:10,693][mephisto.operations.operator][INFO] - Operator running task ID = 79
[2024-04-03 10:36:40,701][mephisto.operations.operator][INFO] - Operator running task ID = 79
[2024-04-03 10:36:45,021][mephisto.operations.operator][ERROR] - Cleaning up after keyboard interrupt, please [31;1mwait to Ctrl-C again[0m until instructed to.
[2024-04-03 10:36:45,025][mephisto.operations.operator][INFO] - operator shutting down
[2024-04-03 10:36:45,027][mephisto.operations.operator][INFO] - Expiring units for task run 79.
[2024-04-03 10:36:45,275][mephisto.operations.operator][INFO] - Waiting on 1 task runs with assignments in-flight. [31;1mCtrl-C ONCE[0m to kill running tasks and FORCE QUIT.
[2024-04-03 10:36:45,511][sh.command][INFO] - <Command '/usr/bin/rm -rf /home/martins_32048/Projects/semantics/venv/lib/python3.10/site-packages/tmp/local_server_79/server', pid 124917>: process started
