[2024-02-29 13:27:40,600][root][WARNING] - Mephisto supports rich run-time metrics visualization through Prometheus and Grafana. If you'd like to use this feature, use `mephisto metrics install` to install.(Current install dir is '/home/martins_32048/Projects/Mephisto/mephisto/scripts/metrics')'
[2024-02-29 13:27:40,649][mephisto.operations.operator][INFO] - Creating a task run under task name: react-static-task-example
[2024-02-29 13:27:41,972][sh.command][INFO] - <Command '/usr/bin/rm -rf /home/martins_32048/mephisto-data/data/data/runs/NO_PROJECT/55/build/router', pid 1905833>: process started
[2024-02-29 13:27:43,294][sh.command][INFO] - <Command '/usr/bin/rm -rf /home/martins_32048/mephisto-data/data/data/runs/NO_PROJECT/55/build/router', pid 1905846>: process started
[2024-02-29 13:27:43,301][mephisto.operations.client_io_handler][INFO] - Sending alive
[2024-02-29 13:27:43,301][mephisto.operations.client_io_handler][INFO] - Sending alive
[2024-02-29 13:27:43,321][mephisto.operations.client_io_handler][INFO] - Sending alive
[2024-02-29 13:27:43,321][mephisto.abstractions.architects.channels.websocket_channel][INFO] - channel open
[2024-02-29 13:27:43,746][mephisto.operations.operator][INFO] - Operator running task ID = 55
[2024-02-29 13:27:43,748][mephisto.abstractions.providers.mock.mock_unit][INFO] - Mock task launched: http://localhost:3000 for preview, http://localhost:3000/?worker_id=x&assignment_id=1629 for assignment 719
[2024-02-29 13:27:43,749][mephisto.abstractions.providers.mock.mock_unit][INFO] - Mock task launched: http://localhost:3000 for preview, http://localhost:3000/?worker_id=x&assignment_id=1630 for assignment 720
[2024-02-29 13:27:43,751][mephisto.abstractions.providers.mock.mock_unit][INFO] - Mock task launched: http://localhost:3000 for preview, http://localhost:3000/?worker_id=x&assignment_id=1631 for assignment 721
[2024-02-29 13:27:43,752][mephisto.abstractions.providers.mock.mock_unit][INFO] - Mock task launched: http://localhost:3000 for preview, http://localhost:3000/?worker_id=x&assignment_id=1632 for assignment 722
[2024-02-29 13:27:43,753][mephisto.abstractions.providers.mock.mock_unit][INFO] - Mock task launched: http://localhost:3000 for preview, http://localhost:3000/?worker_id=x&assignment_id=1633 for assignment 723
[2024-02-29 13:27:43,755][mephisto.abstractions.providers.mock.mock_unit][INFO] - Mock task launched: http://localhost:3000 for preview, http://localhost:3000/?worker_id=x&assignment_id=1634 for assignment 724
[2024-02-29 13:27:43,756][mephisto.abstractions.providers.mock.mock_unit][INFO] - Mock task launched: http://localhost:3000 for preview, http://localhost:3000/?worker_id=x&assignment_id=1635 for assignment 725
[2024-02-29 13:27:43,758][mephisto.abstractions.providers.mock.mock_unit][INFO] - Mock task launched: http://localhost:3000 for preview, http://localhost:3000/?worker_id=x&assignment_id=1636 for assignment 726
[2024-02-29 13:27:43,759][mephisto.abstractions.providers.mock.mock_unit][INFO] - Mock task launched: http://localhost:3000 for preview, http://localhost:3000/?worker_id=x&assignment_id=1637 for assignment 727
[2024-02-29 13:27:43,761][mephisto.abstractions.providers.mock.mock_unit][INFO] - Mock task launched: http://localhost:3000 for preview, http://localhost:3000/?worker_id=x&assignment_id=1638 for assignment 728
[2024-02-29 13:27:43,762][mephisto.abstractions.providers.mock.mock_unit][INFO] - Mock task launched: http://localhost:3000 for preview, http://localhost:3000/?worker_id=x&assignment_id=1639 for assignment 729
[2024-02-29 13:27:43,764][mephisto.abstractions.providers.mock.mock_unit][INFO] - Mock task launched: http://localhost:3000 for preview, http://localhost:3000/?worker_id=x&assignment_id=1640 for assignment 730
[2024-02-29 13:27:43,765][mephisto.abstractions.providers.mock.mock_unit][INFO] - Mock task launched: http://localhost:3000 for preview, http://localhost:3000/?worker_id=x&assignment_id=1641 for assignment 731
[2024-02-29 13:27:43,766][mephisto.abstractions.providers.mock.mock_unit][INFO] - Mock task launched: http://localhost:3000 for preview, http://localhost:3000/?worker_id=x&assignment_id=1642 for assignment 732
[2024-02-29 13:27:43,768][mephisto.abstractions.providers.mock.mock_unit][INFO] - Mock task launched: http://localhost:3000 for preview, http://localhost:3000/?worker_id=x&assignment_id=1643 for assignment 733
[2024-02-29 13:27:43,769][mephisto.abstractions.providers.mock.mock_unit][INFO] - Mock task launched: http://localhost:3000 for preview, http://localhost:3000/?worker_id=x&assignment_id=1644 for assignment 734
[2024-02-29 13:27:43,770][mephisto.abstractions.providers.mock.mock_unit][INFO] - Mock task launched: http://localhost:3000 for preview, http://localhost:3000/?worker_id=x&assignment_id=1645 for assignment 735
[2024-02-29 13:27:43,772][mephisto.abstractions.providers.mock.mock_unit][INFO] - Mock task launched: http://localhost:3000 for preview, http://localhost:3000/?worker_id=x&assignment_id=1646 for assignment 736
[2024-02-29 13:27:43,773][mephisto.abstractions.providers.mock.mock_unit][INFO] - Mock task launched: http://localhost:3000 for preview, http://localhost:3000/?worker_id=x&assignment_id=1647 for assignment 737
[2024-02-29 13:27:43,775][mephisto.abstractions.providers.mock.mock_unit][INFO] - Mock task launched: http://localhost:3000 for preview, http://localhost:3000/?worker_id=x&assignment_id=1648 for assignment 738
[2024-02-29 13:27:43,776][mephisto.abstractions.providers.mock.mock_unit][INFO] - Mock task launched: http://localhost:3000 for preview, http://localhost:3000/?worker_id=x&assignment_id=1649 for assignment 739
[2024-02-29 13:27:43,778][mephisto.abstractions.providers.mock.mock_unit][INFO] - Mock task launched: http://localhost:3000 for preview, http://localhost:3000/?worker_id=x&assignment_id=1650 for assignment 740
[2024-02-29 13:27:43,780][mephisto.abstractions.providers.mock.mock_unit][INFO] - Mock task launched: http://localhost:3000 for preview, http://localhost:3000/?worker_id=x&assignment_id=1651 for assignment 741
[2024-02-29 13:27:43,781][mephisto.abstractions.providers.mock.mock_unit][INFO] - Mock task launched: http://localhost:3000 for preview, http://localhost:3000/?worker_id=x&assignment_id=1652 for assignment 742
[2024-02-29 13:27:43,783][mephisto.abstractions.providers.mock.mock_unit][INFO] - Mock task launched: http://localhost:3000 for preview, http://localhost:3000/?worker_id=x&assignment_id=1653 for assignment 743
[2024-02-29 13:27:43,784][mephisto.abstractions.providers.mock.mock_unit][INFO] - Mock task launched: http://localhost:3000 for preview, http://localhost:3000/?worker_id=x&assignment_id=1654 for assignment 744
[2024-02-29 13:27:43,786][mephisto.abstractions.providers.mock.mock_unit][INFO] - Mock task launched: http://localhost:3000 for preview, http://localhost:3000/?worker_id=x&assignment_id=1655 for assignment 745
[2024-02-29 13:27:43,787][mephisto.abstractions.providers.mock.mock_unit][INFO] - Mock task launched: http://localhost:3000 for preview, http://localhost:3000/?worker_id=x&assignment_id=1656 for assignment 746
[2024-02-29 13:27:43,789][mephisto.abstractions.providers.mock.mock_unit][INFO] - Mock task launched: http://localhost:3000 for preview, http://localhost:3000/?worker_id=x&assignment_id=1657 for assignment 747
[2024-02-29 13:27:43,790][mephisto.abstractions.providers.mock.mock_unit][INFO] - Mock task launched: http://localhost:3000 for preview, http://localhost:3000/?worker_id=x&assignment_id=1658 for assignment 748
[2024-02-29 13:27:43,792][mephisto.abstractions.providers.mock.mock_unit][INFO] - Mock task launched: http://localhost:3000 for preview, http://localhost:3000/?worker_id=x&assignment_id=1659 for assignment 749
[2024-02-29 13:27:43,793][mephisto.abstractions.providers.mock.mock_unit][INFO] - Mock task launched: http://localhost:3000 for preview, http://localhost:3000/?worker_id=x&assignment_id=1660 for assignment 750
[2024-02-29 13:27:43,795][mephisto.abstractions.providers.mock.mock_unit][INFO] - Mock task launched: http://localhost:3000 for preview, http://localhost:3000/?worker_id=x&assignment_id=1661 for assignment 751
[2024-02-29 13:27:43,796][mephisto.abstractions.providers.mock.mock_unit][INFO] - Mock task launched: http://localhost:3000 for preview, http://localhost:3000/?worker_id=x&assignment_id=1662 for assignment 752
[2024-02-29 13:27:43,798][mephisto.abstractions.providers.mock.mock_unit][INFO] - Mock task launched: http://localhost:3000 for preview, http://localhost:3000/?worker_id=x&assignment_id=1663 for assignment 753
[2024-02-29 13:27:43,799][mephisto.abstractions.providers.mock.mock_unit][INFO] - Mock task launched: http://localhost:3000 for preview, http://localhost:3000/?worker_id=x&assignment_id=1664 for assignment 754
[2024-02-29 13:27:43,801][mephisto.abstractions.providers.mock.mock_unit][INFO] - Mock task launched: http://localhost:3000 for preview, http://localhost:3000/?worker_id=x&assignment_id=1665 for assignment 755
[2024-02-29 13:27:43,802][mephisto.abstractions.providers.mock.mock_unit][INFO] - Mock task launched: http://localhost:3000 for preview, http://localhost:3000/?worker_id=x&assignment_id=1666 for assignment 756
[2024-02-29 13:27:43,803][mephisto.abstractions.providers.mock.mock_unit][INFO] - Mock task launched: http://localhost:3000 for preview, http://localhost:3000/?worker_id=x&assignment_id=1667 for assignment 757
[2024-02-29 13:27:43,805][mephisto.abstractions.providers.mock.mock_unit][INFO] - Mock task launched: http://localhost:3000 for preview, http://localhost:3000/?worker_id=x&assignment_id=1668 for assignment 758
[2024-02-29 13:27:43,807][mephisto.abstractions.providers.mock.mock_unit][INFO] - Mock task launched: http://localhost:3000 for preview, http://localhost:3000/?worker_id=x&assignment_id=1669 for assignment 759
[2024-02-29 13:27:43,808][mephisto.abstractions.providers.mock.mock_unit][INFO] - Mock task launched: http://localhost:3000 for preview, http://localhost:3000/?worker_id=x&assignment_id=1670 for assignment 760
[2024-02-29 13:27:43,810][mephisto.abstractions.providers.mock.mock_unit][INFO] - Mock task launched: http://localhost:3000 for preview, http://localhost:3000/?worker_id=x&assignment_id=1671 for assignment 761
[2024-02-29 13:27:45,690][mephisto.operations.client_io_handler][WARNING] - [31;1m[Version Mismatch!!][0m: Package `mephisto-task` version mismatch. Expected version 2.0.4 but frontend is currently using 2.0.3. This may cause unexpected errors, be sure to update your `mephisto-task` dependency with `npm install mephisto-task@2.0.4 --save`. If this warning still persists or the version isn't found, please open an issue at https://github.com/facebookresearch/Mephisto/issues
[2024-02-29 13:27:45,739][mephisto.abstractions.blueprints.abstract.static_task.static_agent_state][INFO] - SAVED_DATA_TO_DISC at /home/martins_32048/mephisto-data/data/data/runs/NO_PROJECT/55/719/202/agent_data.json
[2024-02-29 13:27:45,758][mephisto.operations.client_io_handler][WARNING] - [FRONT_END_ERROR]: {'error': "Cannot read properties of undefined (reading 'word')", 'errorInfo': {'componentStack': '\n    at SimpleFrontend (webpack://mephisto-task-compiler/./src/components/core_components.jsx?:98:24)\n    at p (webpack://mephisto-task-compiler/./node_modules/mephisto-task/build/bundle.js?:1:51620)\n    at div\n    at MainApp (webpack://mephisto-task-compiler/./src/app.jsx?:24:88)'}}
[2024-02-29 13:28:13,752][mephisto.operations.operator][INFO] - Operator running task ID = 55
[2024-02-29 13:28:43,764][mephisto.operations.operator][INFO] - Operator running task ID = 55
[2024-02-29 13:29:13,775][mephisto.operations.operator][INFO] - Operator running task ID = 55
[2024-02-29 13:29:43,788][mephisto.operations.operator][INFO] - Operator running task ID = 55
[2024-02-29 13:30:13,800][mephisto.operations.operator][INFO] - Operator running task ID = 55
[2024-02-29 13:30:15,589][mephisto.operations.operator][ERROR] - Cleaning up after keyboard interrupt, please [31;1mwait to Ctrl-C again[0m until instructed to.
[2024-02-29 13:30:15,589][mephisto.operations.operator][INFO] - operator shutting down
[2024-02-29 13:30:15,590][mephisto.operations.operator][INFO] - Expiring units for task run 55.
[2024-02-29 13:30:15,794][mephisto.operations.operator][INFO] - Waiting on 1 task runs with assignments in-flight. [31;1mCtrl-C ONCE[0m to kill running tasks and FORCE QUIT.
[2024-02-29 13:30:16,015][sh.command][INFO] - <Command '/usr/bin/rm -rf /home/martins_32048/Projects/Mephisto/tmp/local_server_55/server', pid 1906033>: process started
