[2024-05-10 14:54:38,180][mephisto.utils.metrics][WARNING] - Prometheus PID existed, but server doesn't appear to be up.
[2024-05-10 14:54:38,183][mephisto.utils.metrics][WARNING] - Clearing prometheus pid as the server isn't running. Use `shutdown_prometheus_server` in the future for proper cleanup.
[2024-05-10 14:54:38,185][mephisto.utils.metrics][INFO] - Prometheus server launched at process 1652319
[2024-05-10 14:54:38,395][mephisto.operations.operator][INFO] - Creating a task run under task name: word-sentiment
[2024-05-10 14:54:39,561][sh.command][INFO] - <Command '/usr/bin/rm -rf /home/martins_32048/mephisto-data/data/data/runs/NO_PROJECT/93/build/router', pid 1652353>: process started
[2024-05-10 14:54:41,043][sh.command][INFO] - <Command '/usr/bin/rm -rf /home/martins_32048/mephisto-data/data/data/runs/NO_PROJECT/93/build/router', pid 1652371>: process started
[2024-05-10 14:54:41,097][mephisto.operations.client_io_handler][INFO] - Sending alive
[2024-05-10 14:54:41,098][mephisto.operations.client_io_handler][INFO] - Sending alive
[2024-05-10 14:54:41,124][mephisto.operations.client_io_handler][INFO] - Sending alive
[2024-05-10 14:54:41,125][mephisto.abstractions.architects.channels.websocket_channel][INFO] - channel open
[2024-05-10 14:54:41,401][mephisto.operations.operator][INFO] - Operator running task ID = 93
[2024-05-10 14:54:51,428][mephisto.abstractions.providers.mock.mock_unit][INFO] - Mock task launched: http://localhost:3000 for preview, http://localhost:3000/?worker_id=x&assignment_id=3457 for assignment 1297
[2024-05-10 14:54:51,437][mephisto.abstractions.providers.mock.mock_unit][INFO] - Mock task launched: http://localhost:3000 for preview, http://localhost:3000/?worker_id=x&assignment_id=3458 for assignment 1297
[2024-05-10 14:54:51,445][mephisto.abstractions.providers.mock.mock_unit][INFO] - Mock task launched: http://localhost:3000 for preview, http://localhost:3000/?worker_id=x&assignment_id=3459 for assignment 1297
[2024-05-10 14:54:51,452][mephisto.abstractions.providers.mock.mock_unit][INFO] - Mock task launched: http://localhost:3000 for preview, http://localhost:3000/?worker_id=x&assignment_id=3460 for assignment 1297
[2024-05-10 14:54:51,458][mephisto.abstractions.providers.mock.mock_unit][INFO] - Mock task launched: http://localhost:3000 for preview, http://localhost:3000/?worker_id=x&assignment_id=3461 for assignment 1297
[2024-05-10 14:54:51,461][mephisto.abstractions.providers.mock.mock_unit][INFO] - Mock task launched: http://localhost:3000 for preview, http://localhost:3000/?worker_id=x&assignment_id=3462 for assignment 1298
[2024-05-10 14:54:51,467][mephisto.abstractions.providers.mock.mock_unit][INFO] - Mock task launched: http://localhost:3000 for preview, http://localhost:3000/?worker_id=x&assignment_id=3463 for assignment 1298
[2024-05-10 14:54:51,470][mephisto.abstractions.providers.mock.mock_unit][INFO] - Mock task launched: http://localhost:3000 for preview, http://localhost:3000/?worker_id=x&assignment_id=3464 for assignment 1298
[2024-05-10 14:54:51,473][mephisto.abstractions.providers.mock.mock_unit][INFO] - Mock task launched: http://localhost:3000 for preview, http://localhost:3000/?worker_id=x&assignment_id=3465 for assignment 1298
[2024-05-10 14:54:51,475][mephisto.abstractions.providers.mock.mock_unit][INFO] - Mock task launched: http://localhost:3000 for preview, http://localhost:3000/?worker_id=x&assignment_id=3466 for assignment 1298
[2024-05-10 14:54:51,478][mephisto.abstractions.providers.mock.mock_unit][INFO] - Mock task launched: http://localhost:3000 for preview, http://localhost:3000/?worker_id=x&assignment_id=3467 for assignment 1299
[2024-05-10 14:54:51,481][mephisto.abstractions.providers.mock.mock_unit][INFO] - Mock task launched: http://localhost:3000 for preview, http://localhost:3000/?worker_id=x&assignment_id=3468 for assignment 1299
[2024-05-10 14:54:51,483][mephisto.abstractions.providers.mock.mock_unit][INFO] - Mock task launched: http://localhost:3000 for preview, http://localhost:3000/?worker_id=x&assignment_id=3469 for assignment 1299
[2024-05-10 14:54:51,485][mephisto.abstractions.providers.mock.mock_unit][INFO] - Mock task launched: http://localhost:3000 for preview, http://localhost:3000/?worker_id=x&assignment_id=3470 for assignment 1299
[2024-05-10 14:54:51,488][mephisto.abstractions.providers.mock.mock_unit][INFO] - Mock task launched: http://localhost:3000 for preview, http://localhost:3000/?worker_id=x&assignment_id=3471 for assignment 1299
[2024-05-10 14:54:51,490][mephisto.abstractions.providers.mock.mock_unit][INFO] - Mock task launched: http://localhost:3000 for preview, http://localhost:3000/?worker_id=x&assignment_id=3472 for assignment 1300
[2024-05-10 14:54:51,493][mephisto.abstractions.providers.mock.mock_unit][INFO] - Mock task launched: http://localhost:3000 for preview, http://localhost:3000/?worker_id=x&assignment_id=3473 for assignment 1300
[2024-05-10 14:54:51,496][mephisto.abstractions.providers.mock.mock_unit][INFO] - Mock task launched: http://localhost:3000 for preview, http://localhost:3000/?worker_id=x&assignment_id=3474 for assignment 1300
[2024-05-10 14:54:51,499][mephisto.abstractions.providers.mock.mock_unit][INFO] - Mock task launched: http://localhost:3000 for preview, http://localhost:3000/?worker_id=x&assignment_id=3475 for assignment 1300
[2024-05-10 14:54:51,502][mephisto.abstractions.providers.mock.mock_unit][INFO] - Mock task launched: http://localhost:3000 for preview, http://localhost:3000/?worker_id=x&assignment_id=3476 for assignment 1300
[2024-05-10 14:54:51,504][mephisto.abstractions.providers.mock.mock_unit][INFO] - Mock task launched: http://localhost:3000 for preview, http://localhost:3000/?worker_id=x&assignment_id=3477 for assignment 1301
[2024-05-10 14:54:51,507][mephisto.abstractions.providers.mock.mock_unit][INFO] - Mock task launched: http://localhost:3000 for preview, http://localhost:3000/?worker_id=x&assignment_id=3478 for assignment 1301
[2024-05-10 14:54:51,509][mephisto.abstractions.providers.mock.mock_unit][INFO] - Mock task launched: http://localhost:3000 for preview, http://localhost:3000/?worker_id=x&assignment_id=3479 for assignment 1301
[2024-05-10 14:54:51,512][mephisto.abstractions.providers.mock.mock_unit][INFO] - Mock task launched: http://localhost:3000 for preview, http://localhost:3000/?worker_id=x&assignment_id=3480 for assignment 1301
[2024-05-10 14:54:51,514][mephisto.abstractions.providers.mock.mock_unit][INFO] - Mock task launched: http://localhost:3000 for preview, http://localhost:3000/?worker_id=x&assignment_id=3481 for assignment 1301
[2024-05-10 14:54:51,517][mephisto.abstractions.providers.mock.mock_unit][INFO] - Mock task launched: http://localhost:3000 for preview, http://localhost:3000/?worker_id=x&assignment_id=3482 for assignment 1302
[2024-05-10 14:54:51,519][mephisto.abstractions.providers.mock.mock_unit][INFO] - Mock task launched: http://localhost:3000 for preview, http://localhost:3000/?worker_id=x&assignment_id=3483 for assignment 1302
[2024-05-10 14:54:51,521][mephisto.abstractions.providers.mock.mock_unit][INFO] - Mock task launched: http://localhost:3000 for preview, http://localhost:3000/?worker_id=x&assignment_id=3484 for assignment 1302
[2024-05-10 14:54:51,524][mephisto.abstractions.providers.mock.mock_unit][INFO] - Mock task launched: http://localhost:3000 for preview, http://localhost:3000/?worker_id=x&assignment_id=3485 for assignment 1302
[2024-05-10 14:54:51,526][mephisto.abstractions.providers.mock.mock_unit][INFO] - Mock task launched: http://localhost:3000 for preview, http://localhost:3000/?worker_id=x&assignment_id=3486 for assignment 1302
[2024-05-10 14:54:51,529][mephisto.abstractions.providers.mock.mock_unit][INFO] - Mock task launched: http://localhost:3000 for preview, http://localhost:3000/?worker_id=x&assignment_id=3487 for assignment 1303
[2024-05-10 14:54:51,532][mephisto.abstractions.providers.mock.mock_unit][INFO] - Mock task launched: http://localhost:3000 for preview, http://localhost:3000/?worker_id=x&assignment_id=3488 for assignment 1303
[2024-05-10 14:54:51,534][mephisto.abstractions.providers.mock.mock_unit][INFO] - Mock task launched: http://localhost:3000 for preview, http://localhost:3000/?worker_id=x&assignment_id=3489 for assignment 1303
[2024-05-10 14:54:51,536][mephisto.abstractions.providers.mock.mock_unit][INFO] - Mock task launched: http://localhost:3000 for preview, http://localhost:3000/?worker_id=x&assignment_id=3490 for assignment 1303
[2024-05-10 14:54:51,539][mephisto.abstractions.providers.mock.mock_unit][INFO] - Mock task launched: http://localhost:3000 for preview, http://localhost:3000/?worker_id=x&assignment_id=3491 for assignment 1303
[2024-05-10 14:54:51,541][mephisto.abstractions.providers.mock.mock_unit][INFO] - Mock task launched: http://localhost:3000 for preview, http://localhost:3000/?worker_id=x&assignment_id=3492 for assignment 1304
[2024-05-10 14:54:51,543][mephisto.abstractions.providers.mock.mock_unit][INFO] - Mock task launched: http://localhost:3000 for preview, http://localhost:3000/?worker_id=x&assignment_id=3493 for assignment 1304
[2024-05-10 14:54:51,546][mephisto.abstractions.providers.mock.mock_unit][INFO] - Mock task launched: http://localhost:3000 for preview, http://localhost:3000/?worker_id=x&assignment_id=3494 for assignment 1304
[2024-05-10 14:54:51,548][mephisto.abstractions.providers.mock.mock_unit][INFO] - Mock task launched: http://localhost:3000 for preview, http://localhost:3000/?worker_id=x&assignment_id=3495 for assignment 1304
[2024-05-10 14:54:51,550][mephisto.abstractions.providers.mock.mock_unit][INFO] - Mock task launched: http://localhost:3000 for preview, http://localhost:3000/?worker_id=x&assignment_id=3496 for assignment 1304
[2024-05-10 14:54:51,553][mephisto.abstractions.providers.mock.mock_unit][INFO] - Mock task launched: http://localhost:3000 for preview, http://localhost:3000/?worker_id=x&assignment_id=3497 for assignment 1305
[2024-05-10 14:54:51,556][mephisto.abstractions.providers.mock.mock_unit][INFO] - Mock task launched: http://localhost:3000 for preview, http://localhost:3000/?worker_id=x&assignment_id=3498 for assignment 1305
[2024-05-10 14:54:51,558][mephisto.abstractions.providers.mock.mock_unit][INFO] - Mock task launched: http://localhost:3000 for preview, http://localhost:3000/?worker_id=x&assignment_id=3499 for assignment 1305
[2024-05-10 14:54:51,561][mephisto.abstractions.providers.mock.mock_unit][INFO] - Mock task launched: http://localhost:3000 for preview, http://localhost:3000/?worker_id=x&assignment_id=3500 for assignment 1305
[2024-05-10 14:54:51,564][mephisto.abstractions.providers.mock.mock_unit][INFO] - Mock task launched: http://localhost:3000 for preview, http://localhost:3000/?worker_id=x&assignment_id=3501 for assignment 1305
[2024-05-10 14:54:54,690][mephisto.abstractions.blueprints.abstract.static_task.static_agent_state][INFO] - SAVED_DATA_TO_DISC at /home/martins_32048/mephisto-data/data/data/runs/NO_PROJECT/93/1297/287/agent_data.json
[2024-05-10 14:55:02,002][mephisto.abstractions.blueprints.abstract.static_task.static_agent_state][INFO] - SAVED_DATA_TO_DISC at /home/martins_32048/mephisto-data/data/data/runs/NO_PROJECT/93/onboarding/onboarding_92/agent_data.json
[2024-05-10 14:55:02,004][mephisto.operations.worker_pool][INFO] - MockWorker(101) is starting onboarding thread with onboarding OnboardingAgent(92, none).
[2024-05-10 14:55:03,493][mephisto.abstractions.blueprints.abstract.static_task.static_agent_state][INFO] - SAVED_DATA_TO_DISC at /home/martins_32048/mephisto-data/data/data/runs/NO_PROJECT/93/onboarding/onboarding_92/agent_data.json
[2024-05-10 14:55:03,505][mephisto.operations.worker_pool][INFO] - Onboarding agent onboarding_92 registered out from onboarding
[2024-05-10 14:55:03,516][mephisto.abstractions.blueprints.abstract.static_task.static_agent_state][INFO] - SAVED_DATA_TO_DISC at /home/martins_32048/mephisto-data/data/data/runs/NO_PROJECT/93/1297/288/agent_data.json
[2024-05-10 14:55:09,888][mephisto.abstractions.blueprints.abstract.static_task.static_agent_state][INFO] - SAVED_DATA_TO_DISC at /home/martins_32048/mephisto-data/data/data/runs/NO_PROJECT/93/1297/288/agent_data.json
[2024-05-10 14:55:11,411][mephisto.operations.operator][INFO] - Operator running task ID = 93
[2024-05-10 14:55:23,178][mephisto.abstractions.blueprints.abstract.static_task.static_agent_state][INFO] - SAVED_DATA_TO_DISC at /home/martins_32048/mephisto-data/data/data/runs/NO_PROJECT/93/1297/287/agent_data.json
[2024-05-10 14:55:41,422][mephisto.operations.operator][INFO] - Operator running task ID = 93
[2024-05-10 14:55:46,712][mephisto.abstractions.blueprints.abstract.static_task.static_agent_state][INFO] - SAVED_DATA_TO_DISC at /home/martins_32048/mephisto-data/data/data/runs/NO_PROJECT/93/onboarding/onboarding_93/agent_data.json
[2024-05-10 14:55:46,714][mephisto.operations.worker_pool][INFO] - MockWorker(102) is starting onboarding thread with onboarding OnboardingAgent(93, none).
[2024-05-10 14:55:48,796][mephisto.abstractions.blueprints.abstract.static_task.static_agent_state][INFO] - SAVED_DATA_TO_DISC at /home/martins_32048/mephisto-data/data/data/runs/NO_PROJECT/93/onboarding/onboarding_93/agent_data.json
[2024-05-10 14:55:48,807][mephisto.operations.worker_pool][INFO] - Onboarding agent onboarding_93 registered out from onboarding
[2024-05-10 14:55:48,814][mephisto.abstractions.blueprints.abstract.static_task.static_agent_state][INFO] - SAVED_DATA_TO_DISC at /home/martins_32048/mephisto-data/data/data/runs/NO_PROJECT/93/1297/289/agent_data.json
[2024-05-10 14:56:11,434][mephisto.operations.operator][INFO] - Operator running task ID = 93
[2024-05-10 14:56:38,164][mephisto.operations.operator][ERROR] - Cleaning up after keyboard interrupt, please [31;1mwait to Ctrl-C again[0m until instructed to.
[2024-05-10 14:56:38,165][mephisto.operations.operator][INFO] - operator shutting down
[2024-05-10 14:56:38,166][mephisto.operations.operator][INFO] - Expiring units for task run 93.
[2024-05-10 14:56:38,399][mephisto.operations.operator][INFO] - Waiting on 1 task runs with assignments in-flight. [31;1mCtrl-C ONCE[0m to kill running tasks and FORCE QUIT.
[2024-05-10 14:56:38,637][sh.command][INFO] - <Command '/usr/bin/rm -rf /home/martins_32048/Projects/semantics/venv/lib/python3.10/site-packages/tmp/local_server_93/server', pid 1653068>: process started
[2024-05-10 14:56:38,696][asyncio][ERROR] - Task exception was never retrieved
future: <Task finished name='Task-118' coro=<WorkerPool.push_status_update() done, defined at /home/martins_32048/Projects/semantics/venv/lib/python3.10/site-packages/mephisto/operations/worker_pool.py:637> exception=KeyError('local_channel_93_0')>
Traceback (most recent call last):
  File "/home/martins_32048/Projects/semantics/venv/lib/python3.10/site-packages/mephisto/operations/worker_pool.py", line 653, in push_status_update
    live_run.client_io.send_status_update(agent.get_agent_id(), status)
  File "/home/martins_32048/Projects/semantics/venv/lib/python3.10/site-packages/mephisto/operations/client_io_handler.py", line 450, in send_status_update
    self._get_channel_for_agent(agent_id).enqueue_send(status_packet)
  File "/home/martins_32048/Projects/semantics/venv/lib/python3.10/site-packages/mephisto/operations/client_io_handler.py", line 491, in _get_channel_for_agent
    return self.channels[channel_id]
KeyError: 'local_channel_93_0'
