[2024-02-28 11:07:40,105][root][WARNING] - Mephisto supports rich run-time metrics visualization through Prometheus and Grafana. If you'd like to use this feature, use `mephisto metrics install` to install.(Current install dir is '/home/martins_32048/Projects/Mephisto/mephisto/scripts/metrics')'
[2024-02-28 11:07:40,154][mephisto.operations.operator][INFO] - Creating a task run under task name: react-static-task-example
[2024-02-28 11:07:41,038][sh.command][INFO] - <Command '/usr/bin/rm -rf /home/martins_32048/mephisto-data/data/data/runs/NO_PROJECT/39/build/router', pid 1809697>: process started
[2024-02-28 11:07:42,317][sh.command][INFO] - <Command '/usr/bin/rm -rf /home/martins_32048/mephisto-data/data/data/runs/NO_PROJECT/39/build/router', pid 1809709>: process started
[2024-02-28 11:07:42,328][mephisto.operations.client_io_handler][INFO] - Sending alive
[2024-02-28 11:07:42,328][mephisto.operations.client_io_handler][INFO] - Sending alive
[2024-02-28 11:07:42,347][mephisto.operations.client_io_handler][INFO] - Sending alive
[2024-02-28 11:07:42,347][mephisto.abstractions.architects.channels.websocket_channel][INFO] - channel open
[2024-02-28 11:07:42,651][mephisto.operations.operator][INFO] - Operator running task ID = 39
[2024-02-28 11:07:42,653][mephisto.abstractions.providers.mock.mock_unit][INFO] - Mock task launched: http://localhost:3000 for preview, http://localhost:3000/?worker_id=x&assignment_id=119 for assignment 73
[2024-02-28 11:07:42,655][mephisto.abstractions.providers.mock.mock_unit][INFO] - Mock task launched: http://localhost:3000 for preview, http://localhost:3000/?worker_id=x&assignment_id=120 for assignment 73
[2024-02-28 11:07:42,656][mephisto.abstractions.providers.mock.mock_unit][INFO] - Mock task launched: http://localhost:3000 for preview, http://localhost:3000/?worker_id=x&assignment_id=121 for assignment 73
[2024-02-28 11:07:42,657][mephisto.abstractions.providers.mock.mock_unit][INFO] - Mock task launched: http://localhost:3000 for preview, http://localhost:3000/?worker_id=x&assignment_id=122 for assignment 74
[2024-02-28 11:07:42,659][mephisto.abstractions.providers.mock.mock_unit][INFO] - Mock task launched: http://localhost:3000 for preview, http://localhost:3000/?worker_id=x&assignment_id=123 for assignment 74
[2024-02-28 11:07:42,660][mephisto.abstractions.providers.mock.mock_unit][INFO] - Mock task launched: http://localhost:3000 for preview, http://localhost:3000/?worker_id=x&assignment_id=124 for assignment 74
[2024-02-28 11:07:44,815][mephisto.operations.client_io_handler][WARNING] - [31;1m[Version Mismatch!!][0m: Package `mephisto-task` version mismatch. Expected version 2.0.4 but frontend is currently using 2.0.3. This may cause unexpected errors, be sure to update your `mephisto-task` dependency with `npm install mephisto-task@2.0.4 --save`. If this warning still persists or the version isn't found, please open an issue at https://github.com/facebookresearch/Mephisto/issues
[2024-02-28 11:07:44,847][mephisto.abstractions.blueprints.abstract.static_task.static_agent_state][INFO] - SAVED_DATA_TO_DISC at /home/martins_32048/mephisto-data/data/data/runs/NO_PROJECT/39/73/46/agent_data.json
[2024-02-28 11:07:45,709][mephisto.abstractions.blueprints.abstract.static_task.static_agent_state][INFO] - SAVED_DATA_TO_DISC at /home/martins_32048/mephisto-data/data/data/runs/NO_PROJECT/39/73/46/agent_data.json
[2024-02-28 11:07:47,580][mephisto.abstractions.blueprints.abstract.static_task.static_agent_state][INFO] - SAVED_DATA_TO_DISC at /home/martins_32048/mephisto-data/data/data/runs/NO_PROJECT/39/73/46/agent_data.json
[2024-02-28 11:07:56,702][mephisto.abstractions.blueprints.abstract.static_task.static_agent_state][INFO] - SAVED_DATA_TO_DISC at /home/martins_32048/mephisto-data/data/data/runs/NO_PROJECT/39/73/46/agent_data.json
[2024-02-28 11:08:12,659][mephisto.operations.operator][INFO] - Operator running task ID = 39
[2024-02-28 11:08:39,717][mephisto.operations.client_io_handler][WARNING] - [31;1m[Version Mismatch!!][0m: Package `mephisto-task` version mismatch. Expected version 2.0.4 but frontend is currently using 2.0.3. This may cause unexpected errors, be sure to update your `mephisto-task` dependency with `npm install mephisto-task@2.0.4 --save`. If this warning still persists or the version isn't found, please open an issue at https://github.com/facebookresearch/Mephisto/issues
[2024-02-28 11:08:40,492][mephisto.abstractions.blueprints.abstract.static_task.static_agent_state][INFO] - SAVED_DATA_TO_DISC at /home/martins_32048/mephisto-data/data/data/runs/NO_PROJECT/39/73/46/agent_data.json
[2024-02-28 11:08:42,668][mephisto.operations.operator][INFO] - Operator running task ID = 39
[2024-02-28 11:08:42,746][mephisto.abstractions.blueprints.abstract.static_task.static_agent_state][INFO] - SAVED_DATA_TO_DISC at /home/martins_32048/mephisto-data/data/data/runs/NO_PROJECT/39/73/46/agent_data.json
[2024-02-28 11:09:12,678][mephisto.operations.operator][INFO] - Operator running task ID = 39
[2024-02-28 11:09:28,876][mephisto.operations.client_io_handler][WARNING] - [31;1m[Version Mismatch!!][0m: Package `mephisto-task` version mismatch. Expected version 2.0.4 but frontend is currently using 2.0.3. This may cause unexpected errors, be sure to update your `mephisto-task` dependency with `npm install mephisto-task@2.0.4 --save`. If this warning still persists or the version isn't found, please open an issue at https://github.com/facebookresearch/Mephisto/issues
[2024-02-28 11:09:29,772][mephisto.abstractions.blueprints.abstract.static_task.static_agent_state][INFO] - SAVED_DATA_TO_DISC at /home/martins_32048/mephisto-data/data/data/runs/NO_PROJECT/39/73/46/agent_data.json
[2024-02-28 11:09:42,690][mephisto.operations.operator][INFO] - Operator running task ID = 39
[2024-02-28 11:09:46,371][mephisto.operations.client_io_handler][WARNING] - [31;1m[Version Mismatch!!][0m: Package `mephisto-task` version mismatch. Expected version 2.0.4 but frontend is currently using 2.0.3. This may cause unexpected errors, be sure to update your `mephisto-task` dependency with `npm install mephisto-task@2.0.4 --save`. If this warning still persists or the version isn't found, please open an issue at https://github.com/facebookresearch/Mephisto/issues
[2024-02-28 11:09:47,215][mephisto.abstractions.blueprints.abstract.static_task.static_agent_state][INFO] - SAVED_DATA_TO_DISC at /home/martins_32048/mephisto-data/data/data/runs/NO_PROJECT/39/73/46/agent_data.json
[2024-02-28 11:09:54,150][mephisto.abstractions.blueprints.abstract.static_task.static_agent_state][INFO] - SAVED_DATA_TO_DISC at /home/martins_32048/mephisto-data/data/data/runs/NO_PROJECT/39/73/46/agent_data.json
[2024-02-28 11:10:12,700][mephisto.operations.operator][INFO] - Operator running task ID = 39
[2024-02-28 11:10:42,709][mephisto.operations.operator][INFO] - Operator running task ID = 39
[2024-02-28 11:11:12,719][mephisto.operations.operator][INFO] - Operator running task ID = 39
[2024-02-28 11:11:42,728][mephisto.operations.operator][INFO] - Operator running task ID = 39
[2024-02-28 11:12:12,738][mephisto.operations.operator][INFO] - Operator running task ID = 39
[2024-02-28 11:12:42,746][mephisto.operations.operator][INFO] - Operator running task ID = 39
[2024-02-28 11:13:12,756][mephisto.operations.operator][INFO] - Operator running task ID = 39
[2024-02-28 11:13:42,768][mephisto.operations.operator][INFO] - Operator running task ID = 39
[2024-02-28 11:14:12,778][mephisto.operations.operator][INFO] - Operator running task ID = 39
[2024-02-28 11:14:42,790][mephisto.operations.operator][INFO] - Operator running task ID = 39
[2024-02-28 11:15:12,800][mephisto.operations.operator][INFO] - Operator running task ID = 39
[2024-02-28 11:15:31,119][mephisto.operations.client_io_handler][WARNING] - [31;1m[Version Mismatch!!][0m: Package `mephisto-task` version mismatch. Expected version 2.0.4 but frontend is currently using 2.0.3. This may cause unexpected errors, be sure to update your `mephisto-task` dependency with `npm install mephisto-task@2.0.4 --save`. If this warning still persists or the version isn't found, please open an issue at https://github.com/facebookresearch/Mephisto/issues
[2024-02-28 11:15:42,810][mephisto.operations.operator][INFO] - Operator running task ID = 39
[2024-02-28 11:15:55,121][mephisto.operations.client_io_handler][WARNING] - [31;1m[Version Mismatch!!][0m: Package `mephisto-task` version mismatch. Expected version 2.0.4 but frontend is currently using 2.0.3. This may cause unexpected errors, be sure to update your `mephisto-task` dependency with `npm install mephisto-task@2.0.4 --save`. If this warning still persists or the version isn't found, please open an issue at https://github.com/facebookresearch/Mephisto/issues
[2024-02-28 11:15:55,813][mephisto.abstractions.blueprints.abstract.static_task.static_agent_state][INFO] - SAVED_DATA_TO_DISC at /home/martins_32048/mephisto-data/data/data/runs/NO_PROJECT/39/73/46/agent_data.json
[2024-02-28 11:16:05,968][mephisto.operations.client_io_handler][WARNING] - [31;1m[Version Mismatch!!][0m: Package `mephisto-task` version mismatch. Expected version 2.0.4 but frontend is currently using 2.0.3. This may cause unexpected errors, be sure to update your `mephisto-task` dependency with `npm install mephisto-task@2.0.4 --save`. If this warning still persists or the version isn't found, please open an issue at https://github.com/facebookresearch/Mephisto/issues
[2024-02-28 11:16:06,797][mephisto.abstractions.blueprints.abstract.static_task.static_agent_state][INFO] - SAVED_DATA_TO_DISC at /home/martins_32048/mephisto-data/data/data/runs/NO_PROJECT/39/73/46/agent_data.json
[2024-02-28 11:16:12,816][mephisto.operations.operator][INFO] - Operator running task ID = 39
[2024-02-28 11:16:42,823][mephisto.operations.operator][INFO] - Operator running task ID = 39
[2024-02-28 11:17:12,834][mephisto.operations.operator][INFO] - Operator running task ID = 39
[2024-02-28 11:17:42,844][mephisto.operations.operator][INFO] - Operator running task ID = 39
[2024-02-28 11:17:47,494][mephisto.abstractions.blueprints.abstract.static_task.static_agent_state][INFO] - SAVED_DATA_TO_DISC at /home/martins_32048/mephisto-data/data/data/runs/NO_PROJECT/39/73/46/agent_data.json
[2024-02-28 11:17:56,373][mephisto.operations.client_io_handler][WARNING] - [31;1m[Version Mismatch!!][0m: Package `mephisto-task` version mismatch. Expected version 2.0.4 but frontend is currently using 2.0.3. This may cause unexpected errors, be sure to update your `mephisto-task` dependency with `npm install mephisto-task@2.0.4 --save`. If this warning still persists or the version isn't found, please open an issue at https://github.com/facebookresearch/Mephisto/issues
[2024-02-28 11:18:12,854][mephisto.operations.operator][INFO] - Operator running task ID = 39
[2024-02-28 11:18:42,601][mephisto.operations.client_io_handler][WARNING] - [31;1m[Version Mismatch!!][0m: Package `mephisto-task` version mismatch. Expected version 2.0.4 but frontend is currently using 2.0.3. This may cause unexpected errors, be sure to update your `mephisto-task` dependency with `npm install mephisto-task@2.0.4 --save`. If this warning still persists or the version isn't found, please open an issue at https://github.com/facebookresearch/Mephisto/issues
[2024-02-28 11:18:42,863][mephisto.operations.operator][INFO] - Operator running task ID = 39
[2024-02-28 11:18:43,590][mephisto.abstractions.blueprints.abstract.static_task.static_agent_state][INFO] - SAVED_DATA_TO_DISC at /home/martins_32048/mephisto-data/data/data/runs/NO_PROJECT/39/73/46/agent_data.json
[2024-02-28 11:19:12,871][mephisto.operations.operator][INFO] - Operator running task ID = 39
[2024-02-28 11:19:35,644][mephisto.operations.client_io_handler][WARNING] - [31;1m[Version Mismatch!!][0m: Package `mephisto-task` version mismatch. Expected version 2.0.4 but frontend is currently using 2.0.3. This may cause unexpected errors, be sure to update your `mephisto-task` dependency with `npm install mephisto-task@2.0.4 --save`. If this warning still persists or the version isn't found, please open an issue at https://github.com/facebookresearch/Mephisto/issues
[2024-02-28 11:19:36,373][mephisto.abstractions.blueprints.abstract.static_task.static_agent_state][INFO] - SAVED_DATA_TO_DISC at /home/martins_32048/mephisto-data/data/data/runs/NO_PROJECT/39/73/46/agent_data.json
[2024-02-28 11:19:42,878][mephisto.operations.operator][INFO] - Operator running task ID = 39
[2024-02-28 11:20:00,758][mephisto.operations.client_io_handler][WARNING] - [31;1m[Version Mismatch!!][0m: Package `mephisto-task` version mismatch. Expected version 2.0.4 but frontend is currently using 2.0.3. This may cause unexpected errors, be sure to update your `mephisto-task` dependency with `npm install mephisto-task@2.0.4 --save`. If this warning still persists or the version isn't found, please open an issue at https://github.com/facebookresearch/Mephisto/issues
[2024-02-28 11:20:01,615][mephisto.abstractions.blueprints.abstract.static_task.static_agent_state][INFO] - SAVED_DATA_TO_DISC at /home/martins_32048/mephisto-data/data/data/runs/NO_PROJECT/39/73/46/agent_data.json
[2024-02-28 11:20:12,886][mephisto.operations.operator][INFO] - Operator running task ID = 39
[2024-02-28 11:20:42,898][mephisto.operations.operator][INFO] - Operator running task ID = 39
[2024-02-28 11:21:12,907][mephisto.operations.operator][INFO] - Operator running task ID = 39
[2024-02-28 11:21:42,914][mephisto.operations.operator][INFO] - Operator running task ID = 39
[2024-02-28 11:22:12,921][mephisto.operations.operator][INFO] - Operator running task ID = 39
[2024-02-28 11:22:42,931][mephisto.operations.operator][INFO] - Operator running task ID = 39
[2024-02-28 11:23:12,938][mephisto.operations.operator][INFO] - Operator running task ID = 39
[2024-02-28 11:23:23,971][mephisto.operations.client_io_handler][WARNING] - [31;1m[Version Mismatch!!][0m: Package `mephisto-task` version mismatch. Expected version 2.0.4 but frontend is currently using 2.0.3. This may cause unexpected errors, be sure to update your `mephisto-task` dependency with `npm install mephisto-task@2.0.4 --save`. If this warning still persists or the version isn't found, please open an issue at https://github.com/facebookresearch/Mephisto/issues
[2024-02-28 11:23:39,135][mephisto.operations.client_io_handler][WARNING] - [31;1m[Version Mismatch!!][0m: Package `mephisto-task` version mismatch. Expected version 2.0.4 but frontend is currently using 2.0.3. This may cause unexpected errors, be sure to update your `mephisto-task` dependency with `npm install mephisto-task@2.0.4 --save`. If this warning still persists or the version isn't found, please open an issue at https://github.com/facebookresearch/Mephisto/issues
[2024-02-28 11:23:42,946][mephisto.operations.operator][INFO] - Operator running task ID = 39
[2024-02-28 11:24:12,955][mephisto.operations.operator][INFO] - Operator running task ID = 39
[2024-02-28 11:24:42,965][mephisto.operations.operator][INFO] - Operator running task ID = 39
[2024-02-28 11:25:12,974][mephisto.operations.operator][INFO] - Operator running task ID = 39
[2024-02-28 11:25:42,983][mephisto.operations.operator][INFO] - Operator running task ID = 39
[2024-02-28 11:26:12,992][mephisto.operations.operator][INFO] - Operator running task ID = 39
[2024-02-28 11:26:19,996][mephisto.operations.client_io_handler][WARNING] - [31;1m[Version Mismatch!!][0m: Package `mephisto-task` version mismatch. Expected version 2.0.4 but frontend is currently using 2.0.3. This may cause unexpected errors, be sure to update your `mephisto-task` dependency with `npm install mephisto-task@2.0.4 --save`. If this warning still persists or the version isn't found, please open an issue at https://github.com/facebookresearch/Mephisto/issues
[2024-02-28 11:26:21,353][mephisto.abstractions.blueprints.abstract.static_task.static_agent_state][INFO] - SAVED_DATA_TO_DISC at /home/martins_32048/mephisto-data/data/data/runs/NO_PROJECT/39/73/46/agent_data.json
[2024-02-28 11:26:22,857][mephisto.operations.client_io_handler][WARNING] - [31;1m[Version Mismatch!!][0m: Package `mephisto-task` version mismatch. Expected version 2.0.4 but frontend is currently using 2.0.3. This may cause unexpected errors, be sure to update your `mephisto-task` dependency with `npm install mephisto-task@2.0.4 --save`. If this warning still persists or the version isn't found, please open an issue at https://github.com/facebookresearch/Mephisto/issues
[2024-02-28 11:26:22,862][mephisto.abstractions.blueprints.abstract.static_task.static_agent_state][INFO] - SAVED_DATA_TO_DISC at /home/martins_32048/mephisto-data/data/data/runs/NO_PROJECT/39/74/47/agent_data.json
[2024-02-28 11:26:42,998][mephisto.operations.operator][INFO] - Operator running task ID = 39
[2024-02-28 11:27:13,007][mephisto.operations.operator][INFO] - Operator running task ID = 39
[2024-02-28 11:27:43,018][mephisto.operations.operator][INFO] - Operator running task ID = 39
[2024-02-28 11:28:07,099][mephisto.operations.client_io_handler][WARNING] - [31;1m[Version Mismatch!!][0m: Package `mephisto-task` version mismatch. Expected version 2.0.4 but frontend is currently using 2.0.3. This may cause unexpected errors, be sure to update your `mephisto-task` dependency with `npm install mephisto-task@2.0.4 --save`. If this warning still persists or the version isn't found, please open an issue at https://github.com/facebookresearch/Mephisto/issues
[2024-02-28 11:28:13,028][mephisto.operations.operator][INFO] - Operator running task ID = 39
[2024-02-28 11:28:39,260][mephisto.operations.client_io_handler][WARNING] - [31;1m[Version Mismatch!!][0m: Package `mephisto-task` version mismatch. Expected version 2.0.4 but frontend is currently using 2.0.3. This may cause unexpected errors, be sure to update your `mephisto-task` dependency with `npm install mephisto-task@2.0.4 --save`. If this warning still persists or the version isn't found, please open an issue at https://github.com/facebookresearch/Mephisto/issues
[2024-02-28 11:28:40,098][mephisto.abstractions.blueprints.abstract.static_task.static_agent_state][INFO] - SAVED_DATA_TO_DISC at /home/martins_32048/mephisto-data/data/data/runs/NO_PROJECT/39/74/47/agent_data.json
[2024-02-28 11:28:41,572][mephisto.operations.client_io_handler][WARNING] - [31;1m[Version Mismatch!!][0m: Package `mephisto-task` version mismatch. Expected version 2.0.4 but frontend is currently using 2.0.3. This may cause unexpected errors, be sure to update your `mephisto-task` dependency with `npm install mephisto-task@2.0.4 --save`. If this warning still persists or the version isn't found, please open an issue at https://github.com/facebookresearch/Mephisto/issues
[2024-02-28 11:28:43,037][mephisto.operations.operator][INFO] - Operator running task ID = 39
[2024-02-28 11:29:13,044][mephisto.operations.operator][INFO] - Operator running task ID = 39
[2024-02-28 11:29:28,496][mephisto.operations.client_io_handler][WARNING] - [31;1m[Version Mismatch!!][0m: Package `mephisto-task` version mismatch. Expected version 2.0.4 but frontend is currently using 2.0.3. This may cause unexpected errors, be sure to update your `mephisto-task` dependency with `npm install mephisto-task@2.0.4 --save`. If this warning still persists or the version isn't found, please open an issue at https://github.com/facebookresearch/Mephisto/issues
[2024-02-28 11:29:32,768][mephisto.operations.client_io_handler][WARNING] - [31;1m[Version Mismatch!!][0m: Package `mephisto-task` version mismatch. Expected version 2.0.4 but frontend is currently using 2.0.3. This may cause unexpected errors, be sure to update your `mephisto-task` dependency with `npm install mephisto-task@2.0.4 --save`. If this warning still persists or the version isn't found, please open an issue at https://github.com/facebookresearch/Mephisto/issues
[2024-02-28 11:29:40,905][mephisto.operations.client_io_handler][WARNING] - [31;1m[Version Mismatch!!][0m: Package `mephisto-task` version mismatch. Expected version 2.0.4 but frontend is currently using 2.0.3. This may cause unexpected errors, be sure to update your `mephisto-task` dependency with `npm install mephisto-task@2.0.4 --save`. If this warning still persists or the version isn't found, please open an issue at https://github.com/facebookresearch/Mephisto/issues
[2024-02-28 11:29:40,924][mephisto.abstractions.blueprints.abstract.static_task.static_agent_state][INFO] - SAVED_DATA_TO_DISC at /home/martins_32048/mephisto-data/data/data/runs/NO_PROJECT/39/73/48/agent_data.json
[2024-02-28 11:29:43,053][mephisto.operations.operator][INFO] - Operator running task ID = 39
[2024-02-28 11:30:13,060][mephisto.operations.operator][INFO] - Operator running task ID = 39
[2024-02-28 11:30:43,070][mephisto.operations.operator][INFO] - Operator running task ID = 39
[2024-02-28 11:31:13,078][mephisto.operations.operator][INFO] - Operator running task ID = 39
[2024-02-28 11:31:31,933][mephisto.abstractions.blueprints.abstract.static_task.static_agent_state][INFO] - SAVED_DATA_TO_DISC at /home/martins_32048/mephisto-data/data/data/runs/NO_PROJECT/39/73/48/agent_data.json
[2024-02-28 11:31:33,316][mephisto.operations.client_io_handler][WARNING] - [31;1m[Version Mismatch!!][0m: Package `mephisto-task` version mismatch. Expected version 2.0.4 but frontend is currently using 2.0.3. This may cause unexpected errors, be sure to update your `mephisto-task` dependency with `npm install mephisto-task@2.0.4 --save`. If this warning still persists or the version isn't found, please open an issue at https://github.com/facebookresearch/Mephisto/issues
[2024-02-28 11:31:33,357][mephisto.abstractions.blueprints.abstract.static_task.static_agent_state][INFO] - SAVED_DATA_TO_DISC at /home/martins_32048/mephisto-data/data/data/runs/NO_PROJECT/39/74/49/agent_data.json
[2024-02-28 11:31:43,089][mephisto.operations.operator][INFO] - Operator running task ID = 39
[2024-02-28 11:32:13,096][mephisto.operations.operator][INFO] - Operator running task ID = 39
[2024-02-28 11:32:43,106][mephisto.operations.operator][INFO] - Operator running task ID = 39
[2024-02-28 11:33:13,114][mephisto.operations.operator][INFO] - Operator running task ID = 39
[2024-02-28 11:33:43,124][mephisto.operations.operator][INFO] - Operator running task ID = 39
[2024-02-28 11:34:13,132][mephisto.operations.operator][INFO] - Operator running task ID = 39
[2024-02-28 11:34:43,138][mephisto.operations.operator][INFO] - Operator running task ID = 39
[2024-02-28 11:35:13,146][mephisto.operations.operator][INFO] - Operator running task ID = 39
[2024-02-28 11:35:43,156][mephisto.operations.operator][INFO] - Operator running task ID = 39
[2024-02-28 11:36:13,164][mephisto.operations.operator][INFO] - Operator running task ID = 39
[2024-02-28 11:36:43,173][mephisto.operations.operator][INFO] - Operator running task ID = 39
[2024-02-28 11:37:13,181][mephisto.operations.operator][INFO] - Operator running task ID = 39
[2024-02-28 11:37:43,191][mephisto.operations.operator][INFO] - Operator running task ID = 39
[2024-02-28 11:38:13,199][mephisto.operations.operator][INFO] - Operator running task ID = 39
[2024-02-28 11:38:43,208][mephisto.operations.operator][INFO] - Operator running task ID = 39
[2024-02-28 11:39:13,216][mephisto.operations.operator][INFO] - Operator running task ID = 39
[2024-02-28 11:39:43,224][mephisto.operations.operator][INFO] - Operator running task ID = 39
[2024-02-28 11:40:13,233][mephisto.operations.operator][INFO] - Operator running task ID = 39
[2024-02-28 11:40:43,242][mephisto.operations.operator][INFO] - Operator running task ID = 39
[2024-02-28 11:41:13,247][mephisto.operations.operator][INFO] - Operator running task ID = 39
[2024-02-28 11:41:43,258][mephisto.operations.operator][INFO] - Operator running task ID = 39
[2024-02-28 11:42:13,267][mephisto.operations.operator][INFO] - Operator running task ID = 39
[2024-02-28 11:42:43,275][mephisto.operations.operator][INFO] - Operator running task ID = 39
[2024-02-28 11:43:13,284][mephisto.operations.operator][INFO] - Operator running task ID = 39
[2024-02-28 11:43:43,293][mephisto.operations.operator][INFO] - Operator running task ID = 39
[2024-02-28 11:44:13,302][mephisto.operations.operator][INFO] - Operator running task ID = 39
[2024-02-28 11:44:43,310][mephisto.operations.operator][INFO] - Operator running task ID = 39
[2024-02-28 11:45:13,317][mephisto.operations.operator][INFO] - Operator running task ID = 39
[2024-02-28 11:45:43,326][mephisto.operations.operator][INFO] - Operator running task ID = 39
[2024-02-28 11:46:13,334][mephisto.operations.operator][INFO] - Operator running task ID = 39
[2024-02-28 11:46:43,343][mephisto.operations.operator][INFO] - Operator running task ID = 39
[2024-02-28 11:47:13,351][mephisto.operations.operator][INFO] - Operator running task ID = 39
[2024-02-28 11:47:43,360][mephisto.operations.operator][INFO] - Operator running task ID = 39
[2024-02-28 11:48:13,368][mephisto.operations.operator][INFO] - Operator running task ID = 39
[2024-02-28 11:48:43,377][mephisto.operations.operator][INFO] - Operator running task ID = 39
[2024-02-28 11:49:13,385][mephisto.operations.operator][INFO] - Operator running task ID = 39
[2024-02-28 11:49:43,394][mephisto.operations.operator][INFO] - Operator running task ID = 39
[2024-02-28 11:50:13,401][mephisto.operations.operator][INFO] - Operator running task ID = 39
[2024-02-28 11:50:43,410][mephisto.operations.operator][INFO] - Operator running task ID = 39
[2024-02-28 11:51:13,415][mephisto.operations.operator][INFO] - Operator running task ID = 39
[2024-02-28 11:51:43,422][mephisto.operations.operator][INFO] - Operator running task ID = 39
[2024-02-28 11:52:13,427][mephisto.operations.operator][INFO] - Operator running task ID = 39
[2024-02-28 11:52:43,434][mephisto.operations.operator][INFO] - Operator running task ID = 39
[2024-02-28 11:53:13,442][mephisto.operations.operator][INFO] - Operator running task ID = 39
[2024-02-28 11:53:43,452][mephisto.operations.operator][INFO] - Operator running task ID = 39
[2024-02-28 11:54:13,459][mephisto.operations.operator][INFO] - Operator running task ID = 39
[2024-02-28 11:54:43,466][mephisto.operations.operator][INFO] - Operator running task ID = 39
[2024-02-28 11:55:13,471][mephisto.operations.operator][INFO] - Operator running task ID = 39
[2024-02-28 11:55:43,480][mephisto.operations.operator][INFO] - Operator running task ID = 39
[2024-02-28 11:56:13,486][mephisto.operations.operator][INFO] - Operator running task ID = 39
[2024-02-28 11:56:43,491][mephisto.operations.operator][INFO] - Operator running task ID = 39
[2024-02-28 11:57:13,497][mephisto.operations.operator][INFO] - Operator running task ID = 39
[2024-02-28 11:57:43,502][mephisto.operations.operator][INFO] - Operator running task ID = 39
[2024-02-28 11:58:13,507][mephisto.operations.operator][INFO] - Operator running task ID = 39
[2024-02-28 11:58:43,515][mephisto.operations.operator][INFO] - Operator running task ID = 39
[2024-02-28 11:59:13,520][mephisto.operations.operator][INFO] - Operator running task ID = 39
[2024-02-28 11:59:43,527][mephisto.operations.operator][INFO] - Operator running task ID = 39
[2024-02-28 12:00:13,531][mephisto.operations.operator][INFO] - Operator running task ID = 39
[2024-02-28 12:00:43,540][mephisto.operations.operator][INFO] - Operator running task ID = 39
[2024-02-28 12:01:13,543][mephisto.operations.operator][INFO] - Operator running task ID = 39
[2024-02-28 12:01:33,360][mephisto.abstractions._subcomponents.task_runner][ERROR] - Handled exception in unit MockUnit(123, assigned)
Traceback (most recent call last):
  File "/home/martins_32048/Projects/Mephisto/mephisto/abstractions/_subcomponents/task_runner.py", line 266, in _launch_and_run_unit
    self.run_unit(unit, agent)
  File "/home/martins_32048/Projects/Mephisto/mephisto/abstractions/blueprints/abstract/static_task/static_task_runner.py", line 69, in run_unit
    agent.await_submit(self.assignment_duration_in_seconds)
  File "/home/martins_32048/Projects/Mephisto/mephisto/abstractions/providers/mock/mock_agent.py", line 109, in await_submit
    return super().await_submit(timeout)
  File "/home/martins_32048/Projects/Mephisto/mephisto/data_model/agent.py", line 256, in await_submit
    raise AgentTimeoutError(timeout, self.db_id)
mephisto.data_model.exceptions.AgentTimeoutError: (1800, '49')
[2024-02-28 12:01:43,550][mephisto.operations.operator][INFO] - Operator running task ID = 39
[2024-02-28 12:02:13,555][mephisto.operations.operator][INFO] - Operator running task ID = 39
[2024-02-28 12:02:43,562][mephisto.operations.operator][INFO] - Operator running task ID = 39
[2024-02-28 12:03:13,568][mephisto.operations.operator][INFO] - Operator running task ID = 39
[2024-02-28 12:03:43,576][mephisto.operations.operator][INFO] - Operator running task ID = 39
[2024-02-28 12:04:13,582][mephisto.operations.operator][INFO] - Operator running task ID = 39
[2024-02-28 12:04:43,589][mephisto.operations.operator][INFO] - Operator running task ID = 39
[2024-02-28 12:05:13,594][mephisto.operations.operator][INFO] - Operator running task ID = 39
[2024-02-28 12:05:43,602][mephisto.operations.operator][INFO] - Operator running task ID = 39
[2024-02-28 12:06:13,607][mephisto.operations.operator][INFO] - Operator running task ID = 39
[2024-02-28 12:06:43,614][mephisto.operations.operator][INFO] - Operator running task ID = 39
[2024-02-28 12:07:13,619][mephisto.operations.operator][INFO] - Operator running task ID = 39
[2024-02-28 12:07:43,626][mephisto.operations.operator][INFO] - Operator running task ID = 39
[2024-02-28 12:08:13,631][mephisto.operations.operator][INFO] - Operator running task ID = 39
[2024-02-28 12:08:43,637][mephisto.operations.operator][INFO] - Operator running task ID = 39
[2024-02-28 12:09:13,642][mephisto.operations.operator][INFO] - Operator running task ID = 39
[2024-02-28 12:09:43,650][mephisto.operations.operator][INFO] - Operator running task ID = 39
[2024-02-28 12:10:13,653][mephisto.operations.operator][INFO] - Operator running task ID = 39
[2024-02-28 12:10:43,660][mephisto.operations.operator][INFO] - Operator running task ID = 39
[2024-02-28 12:11:13,667][mephisto.operations.operator][INFO] - Operator running task ID = 39
[2024-02-28 12:11:43,674][mephisto.operations.operator][INFO] - Operator running task ID = 39
[2024-02-28 12:12:13,678][mephisto.operations.operator][INFO] - Operator running task ID = 39
[2024-02-28 12:12:43,686][mephisto.operations.operator][INFO] - Operator running task ID = 39
[2024-02-28 12:13:13,691][mephisto.operations.operator][INFO] - Operator running task ID = 39
[2024-02-28 12:13:43,698][mephisto.operations.operator][INFO] - Operator running task ID = 39
[2024-02-28 12:14:13,710][mephisto.operations.operator][INFO] - Operator running task ID = 39
[2024-02-28 12:14:43,721][mephisto.operations.operator][INFO] - Operator running task ID = 39
[2024-02-28 12:15:13,730][mephisto.operations.operator][INFO] - Operator running task ID = 39
[2024-02-28 12:15:43,740][mephisto.operations.operator][INFO] - Operator running task ID = 39
[2024-02-28 12:16:13,750][mephisto.operations.operator][INFO] - Operator running task ID = 39
[2024-02-28 12:16:43,756][mephisto.operations.operator][INFO] - Operator running task ID = 39
[2024-02-28 12:17:13,767][mephisto.operations.operator][INFO] - Operator running task ID = 39
[2024-02-28 12:17:43,776][mephisto.operations.operator][INFO] - Operator running task ID = 39
[2024-02-28 12:18:13,786][mephisto.operations.operator][INFO] - Operator running task ID = 39
[2024-02-28 12:18:43,793][mephisto.operations.operator][INFO] - Operator running task ID = 39
[2024-02-28 12:19:13,802][mephisto.operations.operator][INFO] - Operator running task ID = 39
[2024-02-28 12:19:43,810][mephisto.operations.operator][INFO] - Operator running task ID = 39
[2024-02-28 12:20:13,822][mephisto.operations.operator][INFO] - Operator running task ID = 39
[2024-02-28 12:20:43,831][mephisto.operations.operator][INFO] - Operator running task ID = 39
[2024-02-28 12:21:13,839][mephisto.operations.operator][INFO] - Operator running task ID = 39
[2024-02-28 12:21:43,849][mephisto.operations.operator][INFO] - Operator running task ID = 39
[2024-02-28 12:22:13,862][mephisto.operations.operator][INFO] - Operator running task ID = 39
[2024-02-28 12:22:43,873][mephisto.operations.operator][INFO] - Operator running task ID = 39
[2024-02-28 12:23:13,882][mephisto.operations.operator][INFO] - Operator running task ID = 39
[2024-02-28 12:23:43,892][mephisto.operations.operator][INFO] - Operator running task ID = 39
[2024-02-28 12:24:13,900][mephisto.operations.operator][INFO] - Operator running task ID = 39
[2024-02-28 12:24:43,910][mephisto.operations.operator][INFO] - Operator running task ID = 39
[2024-02-28 12:25:13,922][mephisto.operations.operator][INFO] - Operator running task ID = 39
[2024-02-28 12:25:43,932][mephisto.operations.operator][INFO] - Operator running task ID = 39
[2024-02-28 12:26:13,944][mephisto.operations.operator][INFO] - Operator running task ID = 39
[2024-02-28 12:26:43,956][mephisto.operations.operator][INFO] - Operator running task ID = 39
[2024-02-28 12:27:13,966][mephisto.operations.operator][INFO] - Operator running task ID = 39
[2024-02-28 12:27:43,977][mephisto.operations.operator][INFO] - Operator running task ID = 39
[2024-02-28 12:28:13,986][mephisto.operations.operator][INFO] - Operator running task ID = 39
[2024-02-28 12:28:43,996][mephisto.operations.operator][INFO] - Operator running task ID = 39
[2024-02-28 12:29:14,006][mephisto.operations.operator][INFO] - Operator running task ID = 39
[2024-02-28 12:29:44,011][mephisto.operations.operator][INFO] - Operator running task ID = 39
[2024-02-28 12:30:14,022][mephisto.operations.operator][INFO] - Operator running task ID = 39
[2024-02-28 12:30:44,030][mephisto.operations.operator][INFO] - Operator running task ID = 39
[2024-02-28 12:31:14,041][mephisto.operations.operator][INFO] - Operator running task ID = 39
[2024-02-28 12:31:44,052][mephisto.operations.operator][INFO] - Operator running task ID = 39
[2024-02-28 12:32:14,062][mephisto.operations.operator][INFO] - Operator running task ID = 39
[2024-02-28 12:32:44,072][mephisto.operations.operator][INFO] - Operator running task ID = 39
[2024-02-28 12:33:14,082][mephisto.operations.operator][INFO] - Operator running task ID = 39
[2024-02-28 12:33:44,087][mephisto.operations.operator][INFO] - Operator running task ID = 39
[2024-02-28 12:34:14,098][mephisto.operations.operator][INFO] - Operator running task ID = 39
[2024-02-28 12:34:44,104][mephisto.operations.operator][INFO] - Operator running task ID = 39
[2024-02-28 12:35:14,114][mephisto.operations.operator][INFO] - Operator running task ID = 39
[2024-02-28 12:35:44,122][mephisto.operations.operator][INFO] - Operator running task ID = 39
[2024-02-28 12:36:14,131][mephisto.operations.operator][INFO] - Operator running task ID = 39
[2024-02-28 12:36:44,139][mephisto.operations.operator][INFO] - Operator running task ID = 39
[2024-02-28 12:37:14,147][mephisto.operations.operator][INFO] - Operator running task ID = 39
[2024-02-28 12:37:44,154][mephisto.operations.operator][INFO] - Operator running task ID = 39
[2024-02-28 12:38:14,162][mephisto.operations.operator][INFO] - Operator running task ID = 39
[2024-02-28 12:38:44,170][mephisto.operations.operator][INFO] - Operator running task ID = 39
[2024-02-28 12:39:14,181][mephisto.operations.operator][INFO] - Operator running task ID = 39
[2024-02-28 12:39:44,188][mephisto.operations.operator][INFO] - Operator running task ID = 39
[2024-02-28 12:40:14,195][mephisto.operations.operator][INFO] - Operator running task ID = 39
[2024-02-28 12:40:44,202][mephisto.operations.operator][INFO] - Operator running task ID = 39
[2024-02-28 12:41:14,210][mephisto.operations.operator][INFO] - Operator running task ID = 39
[2024-02-28 12:41:44,219][mephisto.operations.operator][INFO] - Operator running task ID = 39
[2024-02-28 12:42:14,230][mephisto.operations.operator][INFO] - Operator running task ID = 39
[2024-02-28 12:42:44,240][mephisto.operations.operator][INFO] - Operator running task ID = 39
[2024-02-28 12:43:14,248][mephisto.operations.operator][INFO] - Operator running task ID = 39
[2024-02-28 12:43:44,256][mephisto.operations.operator][INFO] - Operator running task ID = 39
[2024-02-28 12:44:14,266][mephisto.operations.operator][INFO] - Operator running task ID = 39
[2024-02-28 12:44:44,271][mephisto.operations.operator][INFO] - Operator running task ID = 39
[2024-02-28 12:45:14,280][mephisto.operations.operator][INFO] - Operator running task ID = 39
[2024-02-28 12:45:44,288][mephisto.operations.operator][INFO] - Operator running task ID = 39
[2024-02-28 12:46:14,296][mephisto.operations.operator][INFO] - Operator running task ID = 39
[2024-02-28 12:46:44,304][mephisto.operations.operator][INFO] - Operator running task ID = 39
[2024-02-28 12:47:14,314][mephisto.operations.operator][INFO] - Operator running task ID = 39
[2024-02-28 12:47:44,320][mephisto.operations.operator][INFO] - Operator running task ID = 39
[2024-02-28 12:48:05,060][mephisto.abstractions.blueprints.abstract.static_task.static_agent_state][INFO] - SAVED_DATA_TO_DISC at /home/martins_32048/mephisto-data/data/data/runs/NO_PROJECT/39/74/49/agent_data.json
[2024-02-28 12:48:06,158][mephisto.operations.client_io_handler][WARNING] - [31;1m[Version Mismatch!!][0m: Package `mephisto-task` version mismatch. Expected version 2.0.4 but frontend is currently using 2.0.3. This may cause unexpected errors, be sure to update your `mephisto-task` dependency with `npm install mephisto-task@2.0.4 --save`. If this warning still persists or the version isn't found, please open an issue at https://github.com/facebookresearch/Mephisto/issues
[2024-02-28 12:48:14,326][mephisto.operations.operator][INFO] - Operator running task ID = 39
[2024-02-28 12:48:44,334][mephisto.operations.operator][INFO] - Operator running task ID = 39
[2024-02-28 12:49:14,346][mephisto.operations.operator][INFO] - Operator running task ID = 39
[2024-02-28 12:49:44,351][mephisto.operations.operator][INFO] - Operator running task ID = 39
[2024-02-28 12:50:14,359][mephisto.operations.operator][INFO] - Operator running task ID = 39
[2024-02-28 12:50:44,365][mephisto.operations.operator][INFO] - Operator running task ID = 39
[2024-02-28 12:51:14,370][mephisto.operations.operator][INFO] - Operator running task ID = 39
[2024-02-28 12:51:44,376][mephisto.operations.operator][INFO] - Operator running task ID = 39
[2024-02-28 12:52:14,385][mephisto.operations.operator][INFO] - Operator running task ID = 39
[2024-02-28 12:52:44,394][mephisto.operations.operator][INFO] - Operator running task ID = 39
[2024-02-28 12:53:14,402][mephisto.operations.operator][INFO] - Operator running task ID = 39
[2024-02-28 12:53:44,407][mephisto.operations.operator][INFO] - Operator running task ID = 39
[2024-02-28 12:54:14,418][mephisto.operations.operator][INFO] - Operator running task ID = 39
[2024-02-28 12:54:44,424][mephisto.operations.operator][INFO] - Operator running task ID = 39
[2024-02-28 12:55:14,434][mephisto.operations.operator][INFO] - Operator running task ID = 39
[2024-02-28 12:55:44,441][mephisto.operations.operator][INFO] - Operator running task ID = 39
[2024-02-28 12:56:14,453][mephisto.operations.operator][INFO] - Operator running task ID = 39
[2024-02-28 12:56:44,459][mephisto.operations.operator][INFO] - Operator running task ID = 39
[2024-02-28 12:57:14,466][mephisto.operations.operator][INFO] - Operator running task ID = 39
[2024-02-28 12:57:44,472][mephisto.operations.operator][INFO] - Operator running task ID = 39
[2024-02-28 12:58:14,479][mephisto.operations.operator][INFO] - Operator running task ID = 39
[2024-02-28 12:58:44,488][mephisto.operations.operator][INFO] - Operator running task ID = 39
[2024-02-28 12:59:14,494][mephisto.operations.operator][INFO] - Operator running task ID = 39
[2024-02-28 12:59:44,501][mephisto.operations.operator][INFO] - Operator running task ID = 39
[2024-02-28 13:00:14,506][mephisto.operations.operator][INFO] - Operator running task ID = 39
[2024-02-28 13:00:44,511][mephisto.operations.operator][INFO] - Operator running task ID = 39
[2024-02-28 13:01:14,522][mephisto.operations.operator][INFO] - Operator running task ID = 39
[2024-02-28 13:01:44,527][mephisto.operations.operator][INFO] - Operator running task ID = 39
[2024-02-28 13:02:14,535][mephisto.operations.operator][INFO] - Operator running task ID = 39
[2024-02-28 13:02:44,539][mephisto.operations.operator][INFO] - Operator running task ID = 39
[2024-02-28 13:03:14,546][mephisto.operations.operator][INFO] - Operator running task ID = 39
[2024-02-28 13:03:44,551][mephisto.operations.operator][INFO] - Operator running task ID = 39
[2024-02-28 13:04:14,558][mephisto.operations.operator][INFO] - Operator running task ID = 39
[2024-02-28 13:04:44,563][mephisto.operations.operator][INFO] - Operator running task ID = 39
[2024-02-28 13:05:14,570][mephisto.operations.operator][INFO] - Operator running task ID = 39
[2024-02-28 13:05:44,575][mephisto.operations.operator][INFO] - Operator running task ID = 39
[2024-02-28 13:06:14,582][mephisto.operations.operator][INFO] - Operator running task ID = 39
[2024-02-28 13:06:44,588][mephisto.operations.operator][INFO] - Operator running task ID = 39
[2024-02-28 13:07:14,594][mephisto.operations.operator][INFO] - Operator running task ID = 39
[2024-02-28 13:07:44,599][mephisto.operations.operator][INFO] - Operator running task ID = 39
[2024-02-28 13:08:14,606][mephisto.operations.operator][INFO] - Operator running task ID = 39
[2024-02-28 13:08:44,611][mephisto.operations.operator][INFO] - Operator running task ID = 39
[2024-02-28 13:09:14,618][mephisto.operations.operator][INFO] - Operator running task ID = 39
[2024-02-28 13:09:44,623][mephisto.operations.operator][INFO] - Operator running task ID = 39
[2024-02-28 13:10:14,629][mephisto.operations.operator][INFO] - Operator running task ID = 39
[2024-02-28 13:10:44,635][mephisto.operations.operator][INFO] - Operator running task ID = 39
[2024-02-28 13:11:14,642][mephisto.operations.operator][INFO] - Operator running task ID = 39
[2024-02-28 13:11:44,647][mephisto.operations.operator][INFO] - Operator running task ID = 39
[2024-02-28 13:12:14,654][mephisto.operations.operator][INFO] - Operator running task ID = 39
[2024-02-28 13:12:44,659][mephisto.operations.operator][INFO] - Operator running task ID = 39
[2024-02-28 13:13:14,667][mephisto.operations.operator][INFO] - Operator running task ID = 39
[2024-02-28 13:13:44,671][mephisto.operations.operator][INFO] - Operator running task ID = 39
[2024-02-28 13:14:14,677][mephisto.operations.operator][INFO] - Operator running task ID = 39
[2024-02-28 13:14:44,684][mephisto.operations.operator][INFO] - Operator running task ID = 39
[2024-02-28 13:15:14,690][mephisto.operations.operator][INFO] - Operator running task ID = 39
[2024-02-28 13:15:44,694][mephisto.operations.operator][INFO] - Operator running task ID = 39
[2024-02-28 13:16:14,698][mephisto.operations.operator][INFO] - Operator running task ID = 39
[2024-02-28 13:16:44,703][mephisto.operations.operator][INFO] - Operator running task ID = 39
[2024-02-28 13:17:14,709][mephisto.operations.operator][INFO] - Operator running task ID = 39
[2024-02-28 13:17:44,713][mephisto.operations.operator][INFO] - Operator running task ID = 39
[2024-02-28 13:18:14,720][mephisto.operations.operator][INFO] - Operator running task ID = 39
[2024-02-28 13:18:44,725][mephisto.operations.operator][INFO] - Operator running task ID = 39
[2024-02-28 13:19:14,730][mephisto.operations.operator][INFO] - Operator running task ID = 39
[2024-02-28 13:19:44,734][mephisto.operations.operator][INFO] - Operator running task ID = 39
[2024-02-28 13:20:14,740][mephisto.operations.operator][INFO] - Operator running task ID = 39
[2024-02-28 13:20:44,743][mephisto.operations.operator][INFO] - Operator running task ID = 39
[2024-02-28 13:21:14,750][mephisto.operations.operator][INFO] - Operator running task ID = 39
[2024-02-28 13:21:44,754][mephisto.operations.operator][INFO] - Operator running task ID = 39
[2024-02-28 13:22:14,760][mephisto.operations.operator][INFO] - Operator running task ID = 39
[2024-02-28 13:22:44,762][mephisto.operations.operator][INFO] - Operator running task ID = 39
[2024-02-28 13:23:14,769][mephisto.operations.operator][INFO] - Operator running task ID = 39
[2024-02-28 13:23:44,772][mephisto.operations.operator][INFO] - Operator running task ID = 39
[2024-02-28 13:24:14,777][mephisto.operations.operator][INFO] - Operator running task ID = 39
[2024-02-28 13:24:44,780][mephisto.operations.operator][INFO] - Operator running task ID = 39
[2024-02-28 13:25:14,784][mephisto.operations.operator][INFO] - Operator running task ID = 39
[2024-02-28 13:25:44,787][mephisto.operations.operator][INFO] - Operator running task ID = 39
[2024-02-28 13:26:14,793][mephisto.operations.operator][INFO] - Operator running task ID = 39
[2024-02-28 13:26:44,798][mephisto.operations.operator][INFO] - Operator running task ID = 39
[2024-02-28 13:27:14,801][mephisto.operations.operator][INFO] - Operator running task ID = 39
[2024-02-28 13:27:44,805][mephisto.operations.operator][INFO] - Operator running task ID = 39
[2024-02-28 13:28:14,810][mephisto.operations.operator][INFO] - Operator running task ID = 39
[2024-02-28 13:28:44,814][mephisto.operations.operator][INFO] - Operator running task ID = 39
[2024-02-28 13:29:14,819][mephisto.operations.operator][INFO] - Operator running task ID = 39
[2024-02-28 13:29:44,825][mephisto.operations.operator][INFO] - Operator running task ID = 39
[2024-02-28 13:30:14,831][mephisto.operations.operator][INFO] - Operator running task ID = 39
[2024-02-28 13:30:44,836][mephisto.operations.operator][INFO] - Operator running task ID = 39
[2024-02-28 13:31:14,841][mephisto.operations.operator][INFO] - Operator running task ID = 39
[2024-02-28 13:31:44,848][mephisto.operations.operator][INFO] - Operator running task ID = 39
[2024-02-28 13:32:14,852][mephisto.operations.operator][INFO] - Operator running task ID = 39
[2024-02-28 13:32:44,856][mephisto.operations.operator][INFO] - Operator running task ID = 39
[2024-02-28 13:33:14,861][mephisto.operations.operator][INFO] - Operator running task ID = 39
[2024-02-28 13:33:44,866][mephisto.operations.operator][INFO] - Operator running task ID = 39
[2024-02-28 13:34:14,870][mephisto.operations.operator][INFO] - Operator running task ID = 39
[2024-02-28 13:34:44,874][mephisto.operations.operator][INFO] - Operator running task ID = 39
[2024-02-28 13:35:14,878][mephisto.operations.operator][INFO] - Operator running task ID = 39
[2024-02-28 13:35:44,883][mephisto.operations.operator][INFO] - Operator running task ID = 39
[2024-02-28 13:36:14,886][mephisto.operations.operator][INFO] - Operator running task ID = 39
[2024-02-28 13:36:44,890][mephisto.operations.operator][INFO] - Operator running task ID = 39
[2024-02-28 13:37:14,894][mephisto.operations.operator][INFO] - Operator running task ID = 39
[2024-02-28 13:37:44,898][mephisto.operations.operator][INFO] - Operator running task ID = 39
[2024-02-28 13:38:14,903][mephisto.operations.operator][INFO] - Operator running task ID = 39
[2024-02-28 13:38:44,906][mephisto.operations.operator][INFO] - Operator running task ID = 39
[2024-02-28 13:38:56,958][mephisto.operations.client_io_handler][WARNING] - [31;1m[Version Mismatch!!][0m: Package `mephisto-task` version mismatch. Expected version 2.0.4 but frontend is currently using 2.0.3. This may cause unexpected errors, be sure to update your `mephisto-task` dependency with `npm install mephisto-task@2.0.4 --save`. If this warning still persists or the version isn't found, please open an issue at https://github.com/facebookresearch/Mephisto/issues
[2024-02-28 13:38:59,619][mephisto.operations.client_io_handler][WARNING] - [31;1m[Version Mismatch!!][0m: Package `mephisto-task` version mismatch. Expected version 2.0.4 but frontend is currently using 2.0.3. This may cause unexpected errors, be sure to update your `mephisto-task` dependency with `npm install mephisto-task@2.0.4 --save`. If this warning still persists or the version isn't found, please open an issue at https://github.com/facebookresearch/Mephisto/issues
[2024-02-28 13:39:06,269][mephisto.operations.operator][ERROR] - Cleaning up after keyboard interrupt, please [31;1mwait to Ctrl-C again[0m until instructed to.
[2024-02-28 13:39:06,269][mephisto.operations.operator][INFO] - operator shutting down
[2024-02-28 13:39:06,270][mephisto.operations.operator][INFO] - Expiring units for task run 39.
[2024-02-28 13:39:06,309][mephisto.operations.operator][INFO] - Waiting on 1 task runs with assignments in-flight. [31;1mCtrl-C ONCE[0m to kill running tasks and FORCE QUIT.
[2024-02-28 13:39:06,535][sh.command][INFO] - <Command '/usr/bin/rm -rf /home/martins_32048/Projects/Mephisto/tmp/local_server_39/server', pid 1817378>: process started
