[2024-02-26 10:44:47,471][root][WARNING] - Mephisto supports rich run-time metrics visualization through Prometheus and Grafana. If you'd like to use this feature, use `mephisto metrics install` to install.(Current install dir is '/home/martins_32048/Projects/Mephisto/mephisto/scripts/metrics')'
[2024-02-26 10:44:47,571][mephisto.operations.operator][INFO] - Creating a task run under task name: react-static-task-example
[2024-02-26 10:44:48,456][sh.command][INFO] - <Command '/usr/bin/rm -rf /home/martins_32048/mephisto-data/data/data/runs/NO_PROJECT/27/build/router', pid 1693665>: process started
[2024-02-26 10:44:49,950][sh.command][INFO] - <Command '/usr/bin/rm -rf /home/martins_32048/mephisto-data/data/data/runs/NO_PROJECT/27/build/router', pid 1693677>: process started
[2024-02-26 10:44:50,009][mephisto.operations.client_io_handler][INFO] - Sending alive
[2024-02-26 10:44:50,009][mephisto.operations.client_io_handler][INFO] - Sending alive
[2024-02-26 10:44:50,023][mephisto.operations.client_io_handler][INFO] - Sending alive
[2024-02-26 10:44:50,023][mephisto.abstractions.architects.channels.websocket_channel][INFO] - channel open
[2024-02-26 10:44:50,339][mephisto.operations.operator][INFO] - Operator running task ID = 27
[2024-02-26 10:44:50,341][mephisto.abstractions.providers.mock.mock_unit][INFO] - Mock task launched: http://localhost:3000 for preview, http://localhost:3000/?worker_id=x&assignment_id=51 for assignment 49
[2024-02-26 10:44:50,343][mephisto.abstractions.providers.mock.mock_unit][INFO] - Mock task launched: http://localhost:3000 for preview, http://localhost:3000/?worker_id=x&assignment_id=52 for assignment 50
[2024-02-26 10:45:20,345][mephisto.operations.operator][INFO] - Operator running task ID = 27
[2024-02-26 10:45:50,352][mephisto.operations.operator][INFO] - Operator running task ID = 27
[2024-02-26 10:46:20,363][mephisto.operations.operator][INFO] - Operator running task ID = 27
[2024-02-26 10:46:36,659][mephisto.operations.client_io_handler][WARNING] - [31;1m[Version Mismatch!!][0m: Package `mephisto-task` version mismatch. Expected version 2.0.4 but frontend is currently using 2.0.3. This may cause unexpected errors, be sure to update your `mephisto-task` dependency with `npm install mephisto-task@2.0.4 --save`. If this warning still persists or the version isn't found, please open an issue at https://github.com/facebookresearch/Mephisto/issues
[2024-02-26 10:46:36,719][mephisto.abstractions.blueprints.abstract.static_task.static_agent_state][INFO] - SAVED_DATA_TO_DISC at /home/martins_32048/mephisto-data/data/data/runs/NO_PROJECT/27/49/30/agent_data.json
[2024-02-26 10:46:50,376][mephisto.operations.operator][INFO] - Operator running task ID = 27
[2024-02-26 10:46:51,426][mephisto.operations.client_io_handler][WARNING] - [31;1m[Version Mismatch!!][0m: Package `mephisto-task` version mismatch. Expected version 2.0.4 but frontend is currently using 2.0.3. This may cause unexpected errors, be sure to update your `mephisto-task` dependency with `npm install mephisto-task@2.0.4 --save`. If this warning still persists or the version isn't found, please open an issue at https://github.com/facebookresearch/Mephisto/issues
[2024-02-26 10:47:20,384][mephisto.operations.operator][INFO] - Operator running task ID = 27
[2024-02-26 10:47:50,396][mephisto.operations.operator][INFO] - Operator running task ID = 27
[2024-02-26 10:48:04,190][mephisto.operations.client_io_handler][WARNING] - [31;1m[Version Mismatch!!][0m: Package `mephisto-task` version mismatch. Expected version 2.0.4 but frontend is currently using 2.0.3. This may cause unexpected errors, be sure to update your `mephisto-task` dependency with `npm install mephisto-task@2.0.4 --save`. If this warning still persists or the version isn't found, please open an issue at https://github.com/facebookresearch/Mephisto/issues
[2024-02-26 10:48:11,017][mephisto.operations.client_io_handler][WARNING] - [31;1m[Version Mismatch!!][0m: Package `mephisto-task` version mismatch. Expected version 2.0.4 but frontend is currently using 2.0.3. This may cause unexpected errors, be sure to update your `mephisto-task` dependency with `npm install mephisto-task@2.0.4 --save`. If this warning still persists or the version isn't found, please open an issue at https://github.com/facebookresearch/Mephisto/issues
[2024-02-26 10:48:20,408][mephisto.operations.operator][INFO] - Operator running task ID = 27
[2024-02-26 10:48:50,416][mephisto.operations.operator][INFO] - Operator running task ID = 27
[2024-02-26 10:49:20,426][mephisto.operations.operator][INFO] - Operator running task ID = 27
[2024-02-26 10:49:50,434][mephisto.operations.operator][INFO] - Operator running task ID = 27
[2024-02-26 10:50:20,441][mephisto.operations.operator][INFO] - Operator running task ID = 27
[2024-02-26 10:50:23,895][mephisto.operations.client_io_handler][WARNING] - [31;1m[Version Mismatch!!][0m: Package `mephisto-task` version mismatch. Expected version 2.0.4 but frontend is currently using 2.0.3. This may cause unexpected errors, be sure to update your `mephisto-task` dependency with `npm install mephisto-task@2.0.4 --save`. If this warning still persists or the version isn't found, please open an issue at https://github.com/facebookresearch/Mephisto/issues
[2024-02-26 10:50:35,783][mephisto.operations.client_io_handler][WARNING] - [31;1m[Version Mismatch!!][0m: Package `mephisto-task` version mismatch. Expected version 2.0.4 but frontend is currently using 2.0.3. This may cause unexpected errors, be sure to update your `mephisto-task` dependency with `npm install mephisto-task@2.0.4 --save`. If this warning still persists or the version isn't found, please open an issue at https://github.com/facebookresearch/Mephisto/issues
[2024-02-26 10:50:50,448][mephisto.operations.operator][INFO] - Operator running task ID = 27
[2024-02-26 10:51:20,454][mephisto.operations.operator][INFO] - Operator running task ID = 27
[2024-02-26 10:51:48,002][mephisto.operations.client_io_handler][WARNING] - [31;1m[Version Mismatch!!][0m: Package `mephisto-task` version mismatch. Expected version 2.0.4 but frontend is currently using 2.0.3. This may cause unexpected errors, be sure to update your `mephisto-task` dependency with `npm install mephisto-task@2.0.4 --save`. If this warning still persists or the version isn't found, please open an issue at https://github.com/facebookresearch/Mephisto/issues
[2024-02-26 10:51:50,464][mephisto.operations.operator][INFO] - Operator running task ID = 27
[2024-02-26 10:52:05,365][mephisto.operations.client_io_handler][WARNING] - [31;1m[Version Mismatch!!][0m: Package `mephisto-task` version mismatch. Expected version 2.0.4 but frontend is currently using 2.0.3. This may cause unexpected errors, be sure to update your `mephisto-task` dependency with `npm install mephisto-task@2.0.4 --save`. If this warning still persists or the version isn't found, please open an issue at https://github.com/facebookresearch/Mephisto/issues
[2024-02-26 10:52:17,660][mephisto.operations.client_io_handler][WARNING] - [31;1m[Version Mismatch!!][0m: Package `mephisto-task` version mismatch. Expected version 2.0.4 but frontend is currently using 2.0.3. This may cause unexpected errors, be sure to update your `mephisto-task` dependency with `npm install mephisto-task@2.0.4 --save`. If this warning still persists or the version isn't found, please open an issue at https://github.com/facebookresearch/Mephisto/issues
[2024-02-26 10:52:20,472][mephisto.operations.operator][INFO] - Operator running task ID = 27
[2024-02-26 10:52:50,484][mephisto.operations.operator][INFO] - Operator running task ID = 27
[2024-02-26 10:52:52,237][mephisto.operations.client_io_handler][WARNING] - [31;1m[Version Mismatch!!][0m: Package `mephisto-task` version mismatch. Expected version 2.0.4 but frontend is currently using 2.0.3. This may cause unexpected errors, be sure to update your `mephisto-task` dependency with `npm install mephisto-task@2.0.4 --save`. If this warning still persists or the version isn't found, please open an issue at https://github.com/facebookresearch/Mephisto/issues
[2024-02-26 10:53:03,625][mephisto.operations.client_io_handler][WARNING] - [31;1m[Version Mismatch!!][0m: Package `mephisto-task` version mismatch. Expected version 2.0.4 but frontend is currently using 2.0.3. This may cause unexpected errors, be sure to update your `mephisto-task` dependency with `npm install mephisto-task@2.0.4 --save`. If this warning still persists or the version isn't found, please open an issue at https://github.com/facebookresearch/Mephisto/issues
[2024-02-26 10:53:09,144][mephisto.operations.client_io_handler][WARNING] - [31;1m[Version Mismatch!!][0m: Package `mephisto-task` version mismatch. Expected version 2.0.4 but frontend is currently using 2.0.3. This may cause unexpected errors, be sure to update your `mephisto-task` dependency with `npm install mephisto-task@2.0.4 --save`. If this warning still persists or the version isn't found, please open an issue at https://github.com/facebookresearch/Mephisto/issues
[2024-02-26 10:53:15,816][mephisto.operations.client_io_handler][WARNING] - [31;1m[Version Mismatch!!][0m: Package `mephisto-task` version mismatch. Expected version 2.0.4 but frontend is currently using 2.0.3. This may cause unexpected errors, be sure to update your `mephisto-task` dependency with `npm install mephisto-task@2.0.4 --save`. If this warning still persists or the version isn't found, please open an issue at https://github.com/facebookresearch/Mephisto/issues
[2024-02-26 10:53:20,491][mephisto.operations.operator][INFO] - Operator running task ID = 27
[2024-02-26 10:53:50,500][mephisto.operations.operator][INFO] - Operator running task ID = 27
[2024-02-26 10:53:52,067][mephisto.operations.client_io_handler][WARNING] - [31;1m[Version Mismatch!!][0m: Package `mephisto-task` version mismatch. Expected version 2.0.4 but frontend is currently using 2.0.3. This may cause unexpected errors, be sure to update your `mephisto-task` dependency with `npm install mephisto-task@2.0.4 --save`. If this warning still persists or the version isn't found, please open an issue at https://github.com/facebookresearch/Mephisto/issues
[2024-02-26 10:54:15,469][mephisto.operations.client_io_handler][WARNING] - [31;1m[Version Mismatch!!][0m: Package `mephisto-task` version mismatch. Expected version 2.0.4 but frontend is currently using 2.0.3. This may cause unexpected errors, be sure to update your `mephisto-task` dependency with `npm install mephisto-task@2.0.4 --save`. If this warning still persists or the version isn't found, please open an issue at https://github.com/facebookresearch/Mephisto/issues
[2024-02-26 10:54:20,508][mephisto.operations.operator][INFO] - Operator running task ID = 27
[2024-02-26 10:54:30,371][mephisto.operations.client_io_handler][WARNING] - [31;1m[Version Mismatch!!][0m: Package `mephisto-task` version mismatch. Expected version 2.0.4 but frontend is currently using 2.0.3. This may cause unexpected errors, be sure to update your `mephisto-task` dependency with `npm install mephisto-task@2.0.4 --save`. If this warning still persists or the version isn't found, please open an issue at https://github.com/facebookresearch/Mephisto/issues
[2024-02-26 10:54:37,498][mephisto.operations.client_io_handler][WARNING] - [31;1m[Version Mismatch!!][0m: Package `mephisto-task` version mismatch. Expected version 2.0.4 but frontend is currently using 2.0.3. This may cause unexpected errors, be sure to update your `mephisto-task` dependency with `npm install mephisto-task@2.0.4 --save`. If this warning still persists or the version isn't found, please open an issue at https://github.com/facebookresearch/Mephisto/issues
[2024-02-26 10:54:43,872][mephisto.operations.client_io_handler][WARNING] - [31;1m[Version Mismatch!!][0m: Package `mephisto-task` version mismatch. Expected version 2.0.4 but frontend is currently using 2.0.3. This may cause unexpected errors, be sure to update your `mephisto-task` dependency with `npm install mephisto-task@2.0.4 --save`. If this warning still persists or the version isn't found, please open an issue at https://github.com/facebookresearch/Mephisto/issues
[2024-02-26 10:54:50,512][mephisto.operations.operator][INFO] - Operator running task ID = 27
[2024-02-26 10:54:56,772][mephisto.operations.client_io_handler][WARNING] - [31;1m[Version Mismatch!!][0m: Package `mephisto-task` version mismatch. Expected version 2.0.4 but frontend is currently using 2.0.3. This may cause unexpected errors, be sure to update your `mephisto-task` dependency with `npm install mephisto-task@2.0.4 --save`. If this warning still persists or the version isn't found, please open an issue at https://github.com/facebookresearch/Mephisto/issues
[2024-02-26 10:55:04,756][mephisto.operations.client_io_handler][WARNING] - [31;1m[Version Mismatch!!][0m: Package `mephisto-task` version mismatch. Expected version 2.0.4 but frontend is currently using 2.0.3. This may cause unexpected errors, be sure to update your `mephisto-task` dependency with `npm install mephisto-task@2.0.4 --save`. If this warning still persists or the version isn't found, please open an issue at https://github.com/facebookresearch/Mephisto/issues
[2024-02-26 10:55:20,522][mephisto.operations.operator][INFO] - Operator running task ID = 27
[2024-02-26 10:55:42,251][mephisto.operations.client_io_handler][WARNING] - [31;1m[Version Mismatch!!][0m: Package `mephisto-task` version mismatch. Expected version 2.0.4 but frontend is currently using 2.0.3. This may cause unexpected errors, be sure to update your `mephisto-task` dependency with `npm install mephisto-task@2.0.4 --save`. If this warning still persists or the version isn't found, please open an issue at https://github.com/facebookresearch/Mephisto/issues
[2024-02-26 10:55:47,168][mephisto.abstractions.blueprints.abstract.static_task.static_agent_state][INFO] - SAVED_DATA_TO_DISC at /home/martins_32048/mephisto-data/data/data/runs/NO_PROJECT/27/49/30/agent_data.json
[2024-02-26 10:55:50,529][mephisto.operations.operator][INFO] - Operator running task ID = 27
[2024-02-26 10:55:51,239][mephisto.abstractions.blueprints.abstract.static_task.static_agent_state][INFO] - SAVED_DATA_TO_DISC at /home/martins_32048/mephisto-data/data/data/runs/NO_PROJECT/27/49/30/agent_data.json
[2024-02-26 10:55:59,967][mephisto.abstractions.blueprints.abstract.static_task.static_agent_state][INFO] - SAVED_DATA_TO_DISC at /home/martins_32048/mephisto-data/data/data/runs/NO_PROJECT/27/49/30/agent_data.json
[2024-02-26 10:56:20,538][mephisto.operations.operator][INFO] - Operator running task ID = 27
[2024-02-26 10:56:50,544][mephisto.operations.operator][INFO] - Operator running task ID = 27
[2024-02-26 10:57:20,555][mephisto.operations.operator][INFO] - Operator running task ID = 27
[2024-02-26 10:57:50,560][mephisto.operations.operator][INFO] - Operator running task ID = 27
[2024-02-26 10:58:20,566][mephisto.operations.operator][INFO] - Operator running task ID = 27
[2024-02-26 10:58:50,572][mephisto.operations.operator][INFO] - Operator running task ID = 27
[2024-02-26 10:59:20,582][mephisto.operations.operator][INFO] - Operator running task ID = 27
[2024-02-26 10:59:50,592][mephisto.operations.operator][INFO] - Operator running task ID = 27
[2024-02-26 11:00:20,600][mephisto.operations.operator][INFO] - Operator running task ID = 27
[2024-02-26 11:00:50,608][mephisto.operations.operator][INFO] - Operator running task ID = 27
[2024-02-26 11:01:20,618][mephisto.operations.operator][INFO] - Operator running task ID = 27
[2024-02-26 11:01:50,624][mephisto.operations.operator][INFO] - Operator running task ID = 27
[2024-02-26 11:02:20,632][mephisto.operations.operator][INFO] - Operator running task ID = 27
[2024-02-26 11:02:50,644][mephisto.operations.operator][INFO] - Operator running task ID = 27
[2024-02-26 11:03:20,650][mephisto.operations.operator][INFO] - Operator running task ID = 27
[2024-02-26 11:03:50,660][mephisto.operations.operator][INFO] - Operator running task ID = 27
[2024-02-26 11:04:20,665][mephisto.operations.operator][INFO] - Operator running task ID = 27
[2024-02-26 11:04:50,672][mephisto.operations.operator][INFO] - Operator running task ID = 27
[2024-02-26 11:05:20,680][mephisto.operations.operator][INFO] - Operator running task ID = 27
[2024-02-26 11:05:50,688][mephisto.operations.operator][INFO] - Operator running task ID = 27
[2024-02-26 11:06:20,694][mephisto.operations.operator][INFO] - Operator running task ID = 27
[2024-02-26 11:06:50,701][mephisto.operations.operator][INFO] - Operator running task ID = 27
[2024-02-26 11:07:20,705][mephisto.operations.operator][INFO] - Operator running task ID = 27
[2024-02-26 11:07:50,714][mephisto.operations.operator][INFO] - Operator running task ID = 27
[2024-02-26 11:08:20,723][mephisto.operations.operator][INFO] - Operator running task ID = 27
[2024-02-26 11:08:50,732][mephisto.operations.operator][INFO] - Operator running task ID = 27
[2024-02-26 11:09:20,740][mephisto.operations.operator][INFO] - Operator running task ID = 27
[2024-02-26 11:09:50,748][mephisto.operations.operator][INFO] - Operator running task ID = 27
[2024-02-26 11:10:20,756][mephisto.operations.operator][INFO] - Operator running task ID = 27
[2024-02-26 11:10:50,764][mephisto.operations.operator][INFO] - Operator running task ID = 27
[2024-02-26 11:11:11,350][mephisto.operations.operator][ERROR] - Cleaning up after keyboard interrupt, please [31;1mwait to Ctrl-C again[0m until instructed to.
[2024-02-26 11:11:11,350][mephisto.operations.operator][INFO] - operator shutting down
[2024-02-26 11:11:11,350][mephisto.operations.operator][INFO] - Expiring units for task run 27.
[2024-02-26 11:11:11,378][mephisto.operations.operator][INFO] - Waiting on 1 task runs with assignments in-flight. [31;1mCtrl-C ONCE[0m to kill running tasks and FORCE QUIT.
[2024-02-26 11:11:11,600][sh.command][INFO] - <Command '/usr/bin/rm -rf /home/martins_32048/Projects/Mephisto/tmp/local_server_27/server', pid 1695202>: process started
