[2024-02-29 15:51:09,865][root][WARNING] - Mephisto supports rich run-time metrics visualization through Prometheus and Grafana. If you'd like to use this feature, use `mephisto metrics install` to install.(Current install dir is '/home/martins_32048/Projects/Mephisto/mephisto/scripts/metrics')'
[2024-02-29 15:51:09,886][mephisto.operations.operator][INFO] - Creating a task run under task name: react-static-task-example
[2024-02-29 15:51:11,187][sh.command][INFO] - <Command '/usr/bin/rm -rf /home/martins_32048/mephisto-data/data/data/runs/NO_PROJECT/60/build/router', pid 1914588>: process started
[2024-02-29 15:51:12,483][sh.command][INFO] - <Command '/usr/bin/rm -rf /home/martins_32048/mephisto-data/data/data/runs/NO_PROJECT/60/build/router', pid 1914600>: process started
[2024-02-29 15:51:12,499][mephisto.operations.client_io_handler][INFO] - Sending alive
[2024-02-29 15:51:12,499][mephisto.operations.client_io_handler][INFO] - Sending alive
[2024-02-29 15:51:12,511][mephisto.operations.client_io_handler][INFO] - Sending alive
[2024-02-29 15:51:12,511][mephisto.abstractions.architects.channels.websocket_channel][INFO] - channel open
[2024-02-29 15:51:12,802][mephisto.operations.operator][INFO] - Operator running task ID = 60
[2024-02-29 15:51:14,429][mephisto.operations.client_io_handler][WARNING] - [31;1m[Version Mismatch!!][0m: Package `mephisto-task` version mismatch. Expected version 2.0.4 but frontend is currently using 2.0.3. This may cause unexpected errors, be sure to update your `mephisto-task` dependency with `npm install mephisto-task@2.0.4 --save`. If this warning still persists or the version isn't found, please open an issue at https://github.com/facebookresearch/Mephisto/issues
[2024-02-29 15:51:18,550][mephisto.operations.client_io_handler][WARNING] - [31;1m[Version Mismatch!!][0m: Package `mephisto-task` version mismatch. Expected version 2.0.4 but frontend is currently using 2.0.3. This may cause unexpected errors, be sure to update your `mephisto-task` dependency with `npm install mephisto-task@2.0.4 --save`. If this warning still persists or the version isn't found, please open an issue at https://github.com/facebookresearch/Mephisto/issues
[2024-02-29 15:51:20,107][mephisto.operations.client_io_handler][WARNING] - [31;1m[Version Mismatch!!][0m: Package `mephisto-task` version mismatch. Expected version 2.0.4 but frontend is currently using 2.0.3. This may cause unexpected errors, be sure to update your `mephisto-task` dependency with `npm install mephisto-task@2.0.4 --save`. If this warning still persists or the version isn't found, please open an issue at https://github.com/facebookresearch/Mephisto/issues
[2024-02-29 15:51:22,826][mephisto.abstractions.providers.mock.mock_unit][INFO] - Mock task launched: http://localhost:3000 for preview, http://localhost:3000/?worker_id=x&assignment_id=1776 for assignment 866
[2024-02-29 15:51:22,829][mephisto.abstractions.providers.mock.mock_unit][INFO] - Mock task launched: http://localhost:3000 for preview, http://localhost:3000/?worker_id=x&assignment_id=1777 for assignment 867
[2024-02-29 15:51:22,832][mephisto.abstractions.providers.mock.mock_unit][INFO] - Mock task launched: http://localhost:3000 for preview, http://localhost:3000/?worker_id=x&assignment_id=1778 for assignment 868
[2024-02-29 15:51:22,833][mephisto.abstractions.providers.mock.mock_unit][INFO] - Mock task launched: http://localhost:3000 for preview, http://localhost:3000/?worker_id=x&assignment_id=1779 for assignment 869
[2024-02-29 15:51:22,835][mephisto.abstractions.providers.mock.mock_unit][INFO] - Mock task launched: http://localhost:3000 for preview, http://localhost:3000/?worker_id=x&assignment_id=1780 for assignment 870
[2024-02-29 15:51:22,837][mephisto.abstractions.providers.mock.mock_unit][INFO] - Mock task launched: http://localhost:3000 for preview, http://localhost:3000/?worker_id=x&assignment_id=1781 for assignment 871
[2024-02-29 15:51:22,839][mephisto.abstractions.providers.mock.mock_unit][INFO] - Mock task launched: http://localhost:3000 for preview, http://localhost:3000/?worker_id=x&assignment_id=1782 for assignment 872
[2024-02-29 15:51:22,840][mephisto.abstractions.providers.mock.mock_unit][INFO] - Mock task launched: http://localhost:3000 for preview, http://localhost:3000/?worker_id=x&assignment_id=1783 for assignment 873
[2024-02-29 15:51:22,842][mephisto.abstractions.providers.mock.mock_unit][INFO] - Mock task launched: http://localhost:3000 for preview, http://localhost:3000/?worker_id=x&assignment_id=1784 for assignment 874
[2024-02-29 15:51:42,814][mephisto.operations.operator][INFO] - Operator running task ID = 60
[2024-02-29 15:52:08,267][mephisto.operations.client_io_handler][WARNING] - [31;1m[Version Mismatch!!][0m: Package `mephisto-task` version mismatch. Expected version 2.0.4 but frontend is currently using 2.0.3. This may cause unexpected errors, be sure to update your `mephisto-task` dependency with `npm install mephisto-task@2.0.4 --save`. If this warning still persists or the version isn't found, please open an issue at https://github.com/facebookresearch/Mephisto/issues
[2024-02-29 15:52:09,822][mephisto.abstractions.blueprints.abstract.static_task.static_agent_state][INFO] - SAVED_DATA_TO_DISC at /home/martins_32048/mephisto-data/data/data/runs/NO_PROJECT/60/onboarding/onboarding_42/agent_data.json
[2024-02-29 15:52:09,823][mephisto.operations.worker_pool][INFO] - MockWorker(44) is starting onboarding thread with onboarding OnboardingAgent(42, none).
[2024-02-29 15:52:09,825][mephisto.operations.client_io_handler][WARNING] - [31;1m[Version Mismatch!!][0m: Package `mephisto-task` version mismatch. Expected version 2.0.4 but frontend is currently using 2.0.3. This may cause unexpected errors, be sure to update your `mephisto-task` dependency with `npm install mephisto-task@2.0.4 --save`. If this warning still persists or the version isn't found, please open an issue at https://github.com/facebookresearch/Mephisto/issues
[2024-02-29 15:52:11,059][mephisto.abstractions.blueprints.abstract.static_task.static_agent_state][INFO] - SAVED_DATA_TO_DISC at /home/martins_32048/mephisto-data/data/data/runs/NO_PROJECT/60/onboarding/onboarding_42/agent_data.json
[2024-02-29 15:52:11,066][mephisto.operations.worker_pool][INFO] - Onboarding agent onboarding_42 registered out from onboarding
[2024-02-29 15:52:11,072][mephisto.abstractions.blueprints.abstract.static_task.static_agent_state][INFO] - SAVED_DATA_TO_DISC at /home/martins_32048/mephisto-data/data/data/runs/NO_PROJECT/60/866/223/agent_data.json
[2024-02-29 15:52:11,085][mephisto.operations.client_io_handler][WARNING] - [FRONT_END_ERROR]: {'error': "Cannot read properties of undefined (reading 'word')", 'errorInfo': {'componentStack': '\n    at SimpleFrontend (webpack://mephisto-task-compiler/./src/components/core_components.jsx?:98:24)\n    at p (webpack://mephisto-task-compiler/./node_modules/mephisto-task/build/bundle.js?:1:51620)\n    at div\n    at MainApp (webpack://mephisto-task-compiler/./src/app.jsx?:24:88)'}}
[2024-02-29 15:52:12,820][mephisto.operations.operator][INFO] - Operator running task ID = 60
[2024-02-29 15:52:38,774][mephisto.operations.client_io_handler][WARNING] - [31;1m[Version Mismatch!!][0m: Package `mephisto-task` version mismatch. Expected version 2.0.4 but frontend is currently using 2.0.3. This may cause unexpected errors, be sure to update your `mephisto-task` dependency with `npm install mephisto-task@2.0.4 --save`. If this warning still persists or the version isn't found, please open an issue at https://github.com/facebookresearch/Mephisto/issues
[2024-02-29 15:52:40,179][mephisto.operations.client_io_handler][WARNING] - [31;1m[Version Mismatch!!][0m: Package `mephisto-task` version mismatch. Expected version 2.0.4 but frontend is currently using 2.0.3. This may cause unexpected errors, be sure to update your `mephisto-task` dependency with `npm install mephisto-task@2.0.4 --save`. If this warning still persists or the version isn't found, please open an issue at https://github.com/facebookresearch/Mephisto/issues
[2024-02-29 15:52:40,205][mephisto.abstractions.blueprints.abstract.static_task.static_agent_state][INFO] - SAVED_DATA_TO_DISC at /home/martins_32048/mephisto-data/data/data/runs/NO_PROJECT/60/onboarding/onboarding_43/agent_data.json
[2024-02-29 15:52:40,206][mephisto.operations.worker_pool][INFO] - MockWorker(45) is starting onboarding thread with onboarding OnboardingAgent(43, none).
[2024-02-29 15:52:41,360][mephisto.abstractions.blueprints.abstract.static_task.static_agent_state][INFO] - SAVED_DATA_TO_DISC at /home/martins_32048/mephisto-data/data/data/runs/NO_PROJECT/60/onboarding/onboarding_43/agent_data.json
[2024-02-29 15:52:41,367][mephisto.operations.worker_pool][INFO] - Onboarding agent onboarding_43 registered out from onboarding
[2024-02-29 15:52:41,373][mephisto.abstractions.blueprints.abstract.static_task.static_agent_state][INFO] - SAVED_DATA_TO_DISC at /home/martins_32048/mephisto-data/data/data/runs/NO_PROJECT/60/867/224/agent_data.json
[2024-02-29 15:52:41,384][mephisto.operations.client_io_handler][WARNING] - [FRONT_END_ERROR]: {'error': "Cannot read properties of undefined (reading 'word')", 'errorInfo': {'componentStack': '\n    at SimpleFrontend (webpack://mephisto-task-compiler/./src/components/core_components.jsx?:98:24)\n    at p (webpack://mephisto-task-compiler/./node_modules/mephisto-task/build/bundle.js?:1:51620)\n    at div\n    at MainApp (webpack://mephisto-task-compiler/./src/app.jsx?:24:88)'}}
[2024-02-29 15:52:42,828][mephisto.operations.operator][INFO] - Operator running task ID = 60
[2024-02-29 15:53:12,834][mephisto.operations.operator][INFO] - Operator running task ID = 60
[2024-02-29 15:53:42,845][mephisto.operations.operator][INFO] - Operator running task ID = 60
[2024-02-29 15:54:00,304][mephisto.operations.client_io_handler][WARNING] - [31;1m[Version Mismatch!!][0m: Package `mephisto-task` version mismatch. Expected version 2.0.4 but frontend is currently using 2.0.3. This may cause unexpected errors, be sure to update your `mephisto-task` dependency with `npm install mephisto-task@2.0.4 --save`. If this warning still persists or the version isn't found, please open an issue at https://github.com/facebookresearch/Mephisto/issues
[2024-02-29 15:54:03,767][mephisto.operations.client_io_handler][WARNING] - [31;1m[Version Mismatch!!][0m: Package `mephisto-task` version mismatch. Expected version 2.0.4 but frontend is currently using 2.0.3. This may cause unexpected errors, be sure to update your `mephisto-task` dependency with `npm install mephisto-task@2.0.4 --save`. If this warning still persists or the version isn't found, please open an issue at https://github.com/facebookresearch/Mephisto/issues
[2024-02-29 15:54:05,425][mephisto.operations.client_io_handler][WARNING] - [31;1m[Version Mismatch!!][0m: Package `mephisto-task` version mismatch. Expected version 2.0.4 but frontend is currently using 2.0.3. This may cause unexpected errors, be sure to update your `mephisto-task` dependency with `npm install mephisto-task@2.0.4 --save`. If this warning still persists or the version isn't found, please open an issue at https://github.com/facebookresearch/Mephisto/issues
[2024-02-29 15:54:05,443][mephisto.abstractions.blueprints.abstract.static_task.static_agent_state][INFO] - SAVED_DATA_TO_DISC at /home/martins_32048/mephisto-data/data/data/runs/NO_PROJECT/60/onboarding/onboarding_44/agent_data.json
[2024-02-29 15:54:05,443][mephisto.operations.worker_pool][INFO] - MockWorker(46) is starting onboarding thread with onboarding OnboardingAgent(44, none).
[2024-02-29 15:54:06,294][mephisto.abstractions.blueprints.abstract.static_task.static_agent_state][INFO] - SAVED_DATA_TO_DISC at /home/martins_32048/mephisto-data/data/data/runs/NO_PROJECT/60/onboarding/onboarding_44/agent_data.json
[2024-02-29 15:54:06,300][mephisto.operations.worker_pool][INFO] - Onboarding agent onboarding_44 registered out from onboarding
[2024-02-29 15:54:06,304][mephisto.abstractions.blueprints.abstract.static_task.static_agent_state][INFO] - SAVED_DATA_TO_DISC at /home/martins_32048/mephisto-data/data/data/runs/NO_PROJECT/60/868/225/agent_data.json
[2024-02-29 15:54:06,315][mephisto.operations.client_io_handler][WARNING] - [FRONT_END_ERROR]: {'error': "Cannot read properties of undefined (reading 'word')", 'errorInfo': {'componentStack': '\n    at SimpleFrontend (webpack://mephisto-task-compiler/./src/components/core_components.jsx?:98:24)\n    at p (webpack://mephisto-task-compiler/./node_modules/mephisto-task/build/bundle.js?:1:51620)\n    at div\n    at MainApp (webpack://mephisto-task-compiler/./src/app.jsx?:24:88)'}}
[2024-02-29 15:54:12,855][mephisto.operations.operator][INFO] - Operator running task ID = 60
[2024-02-29 15:54:30,694][mephisto.operations.client_io_handler][WARNING] - [31;1m[Version Mismatch!!][0m: Package `mephisto-task` version mismatch. Expected version 2.0.4 but frontend is currently using 2.0.3. This may cause unexpected errors, be sure to update your `mephisto-task` dependency with `npm install mephisto-task@2.0.4 --save`. If this warning still persists or the version isn't found, please open an issue at https://github.com/facebookresearch/Mephisto/issues
[2024-02-29 15:54:32,029][mephisto.abstractions.blueprints.abstract.static_task.static_agent_state][INFO] - SAVED_DATA_TO_DISC at /home/martins_32048/mephisto-data/data/data/runs/NO_PROJECT/60/868/225/agent_data.json
[2024-02-29 15:54:33,586][mephisto.abstractions.blueprints.abstract.static_task.static_agent_state][INFO] - SAVED_DATA_TO_DISC at /home/martins_32048/mephisto-data/data/data/runs/NO_PROJECT/60/868/225/agent_data.json
[2024-02-29 15:54:35,104][mephisto.abstractions.blueprints.abstract.static_task.static_agent_state][INFO] - SAVED_DATA_TO_DISC at /home/martins_32048/mephisto-data/data/data/runs/NO_PROJECT/60/868/225/agent_data.json
[2024-02-29 15:54:36,606][mephisto.abstractions.blueprints.abstract.static_task.static_agent_state][INFO] - SAVED_DATA_TO_DISC at /home/martins_32048/mephisto-data/data/data/runs/NO_PROJECT/60/868/225/agent_data.json
[2024-02-29 15:54:38,107][mephisto.abstractions.blueprints.abstract.static_task.static_agent_state][INFO] - SAVED_DATA_TO_DISC at /home/martins_32048/mephisto-data/data/data/runs/NO_PROJECT/60/868/225/agent_data.json
[2024-02-29 15:54:38,108][mephisto.operations.client_io_handler][WARNING] - [FRONT_END_ERROR]: {'error': "Cannot read properties of undefined (reading 'word')", 'errorInfo': {'componentStack': '\n    at SimpleFrontend (webpack://mephisto-task-compiler/./src/components/core_components.jsx?:98:24)\n    at p (webpack://mephisto-task-compiler/./node_modules/mephisto-task/build/bundle.js?:1:51620)\n    at div\n    at MainApp (webpack://mephisto-task-compiler/./src/app.jsx?:24:88)'}}
[2024-02-29 15:54:42,864][mephisto.operations.operator][INFO] - Operator running task ID = 60
[2024-02-29 15:55:12,873][mephisto.operations.operator][INFO] - Operator running task ID = 60
[2024-02-29 15:55:42,880][mephisto.operations.operator][INFO] - Operator running task ID = 60
[2024-02-29 15:56:12,891][mephisto.operations.operator][INFO] - Operator running task ID = 60
[2024-02-29 15:56:17,430][mephisto.operations.client_io_handler][WARNING] - [31;1m[Version Mismatch!!][0m: Package `mephisto-task` version mismatch. Expected version 2.0.4 but frontend is currently using 2.0.3. This may cause unexpected errors, be sure to update your `mephisto-task` dependency with `npm install mephisto-task@2.0.4 --save`. If this warning still persists or the version isn't found, please open an issue at https://github.com/facebookresearch/Mephisto/issues
[2024-02-29 15:56:18,885][mephisto.operations.client_io_handler][WARNING] - [31;1m[Version Mismatch!!][0m: Package `mephisto-task` version mismatch. Expected version 2.0.4 but frontend is currently using 2.0.3. This may cause unexpected errors, be sure to update your `mephisto-task` dependency with `npm install mephisto-task@2.0.4 --save`. If this warning still persists or the version isn't found, please open an issue at https://github.com/facebookresearch/Mephisto/issues
[2024-02-29 15:56:18,912][mephisto.abstractions.blueprints.abstract.static_task.static_agent_state][INFO] - SAVED_DATA_TO_DISC at /home/martins_32048/mephisto-data/data/data/runs/NO_PROJECT/60/onboarding/onboarding_45/agent_data.json
[2024-02-29 15:56:18,912][mephisto.operations.worker_pool][INFO] - MockWorker(47) is starting onboarding thread with onboarding OnboardingAgent(45, none).
[2024-02-29 15:56:19,774][mephisto.abstractions.blueprints.abstract.static_task.static_agent_state][INFO] - SAVED_DATA_TO_DISC at /home/martins_32048/mephisto-data/data/data/runs/NO_PROJECT/60/onboarding/onboarding_45/agent_data.json
[2024-02-29 15:56:19,782][mephisto.operations.worker_pool][INFO] - Onboarding agent onboarding_45 registered out from onboarding
[2024-02-29 15:56:19,786][mephisto.abstractions.blueprints.abstract.static_task.static_agent_state][INFO] - SAVED_DATA_TO_DISC at /home/martins_32048/mephisto-data/data/data/runs/NO_PROJECT/60/869/226/agent_data.json
[2024-02-29 15:56:19,798][mephisto.operations.client_io_handler][WARNING] - [FRONT_END_ERROR]: {'error': "Cannot read properties of undefined (reading 'word')", 'errorInfo': {'componentStack': '\n    at SimpleFrontend (webpack://mephisto-task-compiler/./src/components/core_components.jsx?:98:24)\n    at p (webpack://mephisto-task-compiler/./node_modules/mephisto-task/build/bundle.js?:1:51620)\n    at div\n    at MainApp (webpack://mephisto-task-compiler/./src/app.jsx?:24:88)'}}
[2024-02-29 15:56:42,900][mephisto.operations.operator][INFO] - Operator running task ID = 60
[2024-02-29 15:57:12,912][mephisto.operations.operator][INFO] - Operator running task ID = 60
[2024-02-29 15:57:42,920][mephisto.operations.operator][INFO] - Operator running task ID = 60
[2024-02-29 15:58:12,931][mephisto.operations.operator][INFO] - Operator running task ID = 60
[2024-02-29 15:58:42,940][mephisto.operations.operator][INFO] - Operator running task ID = 60
[2024-02-29 15:59:12,954][mephisto.operations.operator][INFO] - Operator running task ID = 60
[2024-02-29 15:59:42,964][mephisto.operations.operator][INFO] - Operator running task ID = 60
[2024-02-29 16:00:12,973][mephisto.operations.operator][INFO] - Operator running task ID = 60
[2024-02-29 16:00:42,980][mephisto.operations.operator][INFO] - Operator running task ID = 60
[2024-02-29 16:01:12,990][mephisto.operations.operator][INFO] - Operator running task ID = 60
[2024-02-29 16:01:42,621][mephisto.operations.client_io_handler][WARNING] - [31;1m[Version Mismatch!!][0m: Package `mephisto-task` version mismatch. Expected version 2.0.4 but frontend is currently using 2.0.3. This may cause unexpected errors, be sure to update your `mephisto-task` dependency with `npm install mephisto-task@2.0.4 --save`. If this warning still persists or the version isn't found, please open an issue at https://github.com/facebookresearch/Mephisto/issues
[2024-02-29 16:01:42,999][mephisto.operations.operator][INFO] - Operator running task ID = 60
[2024-02-29 16:01:44,027][mephisto.operations.client_io_handler][WARNING] - [31;1m[Version Mismatch!!][0m: Package `mephisto-task` version mismatch. Expected version 2.0.4 but frontend is currently using 2.0.3. This may cause unexpected errors, be sure to update your `mephisto-task` dependency with `npm install mephisto-task@2.0.4 --save`. If this warning still persists or the version isn't found, please open an issue at https://github.com/facebookresearch/Mephisto/issues
[2024-02-29 16:01:44,041][mephisto.abstractions.blueprints.abstract.static_task.static_agent_state][INFO] - SAVED_DATA_TO_DISC at /home/martins_32048/mephisto-data/data/data/runs/NO_PROJECT/60/onboarding/onboarding_46/agent_data.json
[2024-02-29 16:01:44,042][mephisto.operations.worker_pool][INFO] - MockWorker(48) is starting onboarding thread with onboarding OnboardingAgent(46, none).
[2024-02-29 16:01:44,768][mephisto.abstractions.blueprints.abstract.static_task.static_agent_state][INFO] - SAVED_DATA_TO_DISC at /home/martins_32048/mephisto-data/data/data/runs/NO_PROJECT/60/onboarding/onboarding_46/agent_data.json
[2024-02-29 16:01:44,775][mephisto.operations.worker_pool][INFO] - Onboarding agent onboarding_46 registered out from onboarding
[2024-02-29 16:01:44,781][mephisto.abstractions.blueprints.abstract.static_task.static_agent_state][INFO] - SAVED_DATA_TO_DISC at /home/martins_32048/mephisto-data/data/data/runs/NO_PROJECT/60/870/227/agent_data.json
[2024-02-29 16:01:44,792][mephisto.operations.client_io_handler][WARNING] - [FRONT_END_ERROR]: {'error': "Cannot read properties of undefined (reading 'word')", 'errorInfo': {'componentStack': '\n    at SimpleFrontend (webpack://mephisto-task-compiler/./src/components/core_components.jsx?:98:24)\n    at p (webpack://mephisto-task-compiler/./node_modules/mephisto-task/build/bundle.js?:1:51620)\n    at div\n    at MainApp (webpack://mephisto-task-compiler/./src/app.jsx?:24:88)'}}
[2024-02-29 16:02:13,008][mephisto.operations.operator][INFO] - Operator running task ID = 60
[2024-02-29 16:02:43,021][mephisto.operations.operator][INFO] - Operator running task ID = 60
[2024-02-29 16:03:13,033][mephisto.operations.operator][INFO] - Operator running task ID = 60
[2024-02-29 16:03:43,044][mephisto.operations.operator][INFO] - Operator running task ID = 60
[2024-02-29 16:04:13,050][mephisto.operations.operator][INFO] - Operator running task ID = 60
[2024-02-29 16:04:43,058][mephisto.operations.operator][INFO] - Operator running task ID = 60
[2024-02-29 16:05:07,365][mephisto.operations.client_io_handler][WARNING] - [31;1m[Version Mismatch!!][0m: Package `mephisto-task` version mismatch. Expected version 2.0.4 but frontend is currently using 2.0.3. This may cause unexpected errors, be sure to update your `mephisto-task` dependency with `npm install mephisto-task@2.0.4 --save`. If this warning still persists or the version isn't found, please open an issue at https://github.com/facebookresearch/Mephisto/issues
[2024-02-29 16:05:08,770][mephisto.operations.client_io_handler][WARNING] - [31;1m[Version Mismatch!!][0m: Package `mephisto-task` version mismatch. Expected version 2.0.4 but frontend is currently using 2.0.3. This may cause unexpected errors, be sure to update your `mephisto-task` dependency with `npm install mephisto-task@2.0.4 --save`. If this warning still persists or the version isn't found, please open an issue at https://github.com/facebookresearch/Mephisto/issues
[2024-02-29 16:05:08,782][mephisto.abstractions.blueprints.abstract.static_task.static_agent_state][INFO] - SAVED_DATA_TO_DISC at /home/martins_32048/mephisto-data/data/data/runs/NO_PROJECT/60/onboarding/onboarding_47/agent_data.json
[2024-02-29 16:05:08,782][mephisto.operations.worker_pool][INFO] - MockWorker(49) is starting onboarding thread with onboarding OnboardingAgent(47, none).
[2024-02-29 16:05:09,495][mephisto.abstractions.blueprints.abstract.static_task.static_agent_state][INFO] - SAVED_DATA_TO_DISC at /home/martins_32048/mephisto-data/data/data/runs/NO_PROJECT/60/onboarding/onboarding_47/agent_data.json
[2024-02-29 16:05:09,503][mephisto.operations.worker_pool][INFO] - Onboarding agent onboarding_47 registered out from onboarding
[2024-02-29 16:05:09,509][mephisto.abstractions.blueprints.abstract.static_task.static_agent_state][INFO] - SAVED_DATA_TO_DISC at /home/martins_32048/mephisto-data/data/data/runs/NO_PROJECT/60/871/228/agent_data.json
[2024-02-29 16:05:09,520][mephisto.operations.client_io_handler][WARNING] - [FRONT_END_ERROR]: {'error': "Cannot read properties of undefined (reading 'text1')", 'errorInfo': {'componentStack': '\n    at SimpleFrontend (webpack://mephisto-task-compiler/./src/components/core_components.jsx?:98:24)\n    at p (webpack://mephisto-task-compiler/./node_modules/mephisto-task/build/bundle.js?:1:51620)\n    at div\n    at MainApp (webpack://mephisto-task-compiler/./src/app.jsx?:24:88)'}}
[2024-02-29 16:05:13,066][mephisto.operations.operator][INFO] - Operator running task ID = 60
[2024-02-29 16:05:36,493][mephisto.operations.client_io_handler][WARNING] - [31;1m[Version Mismatch!!][0m: Package `mephisto-task` version mismatch. Expected version 2.0.4 but frontend is currently using 2.0.3. This may cause unexpected errors, be sure to update your `mephisto-task` dependency with `npm install mephisto-task@2.0.4 --save`. If this warning still persists or the version isn't found, please open an issue at https://github.com/facebookresearch/Mephisto/issues
[2024-02-29 16:05:38,049][mephisto.operations.client_io_handler][WARNING] - [31;1m[Version Mismatch!!][0m: Package `mephisto-task` version mismatch. Expected version 2.0.4 but frontend is currently using 2.0.3. This may cause unexpected errors, be sure to update your `mephisto-task` dependency with `npm install mephisto-task@2.0.4 --save`. If this warning still persists or the version isn't found, please open an issue at https://github.com/facebookresearch/Mephisto/issues
[2024-02-29 16:05:38,082][mephisto.abstractions.blueprints.abstract.static_task.static_agent_state][INFO] - SAVED_DATA_TO_DISC at /home/martins_32048/mephisto-data/data/data/runs/NO_PROJECT/60/onboarding/onboarding_48/agent_data.json
[2024-02-29 16:05:38,082][mephisto.operations.worker_pool][INFO] - MockWorker(50) is starting onboarding thread with onboarding OnboardingAgent(48, none).
[2024-02-29 16:05:39,543][mephisto.abstractions.blueprints.abstract.static_task.static_agent_state][INFO] - SAVED_DATA_TO_DISC at /home/martins_32048/mephisto-data/data/data/runs/NO_PROJECT/60/onboarding/onboarding_48/agent_data.json
[2024-02-29 16:05:39,549][mephisto.operations.worker_pool][INFO] - Onboarding agent onboarding_48 registered out from onboarding
[2024-02-29 16:05:39,554][mephisto.abstractions.blueprints.abstract.static_task.static_agent_state][INFO] - SAVED_DATA_TO_DISC at /home/martins_32048/mephisto-data/data/data/runs/NO_PROJECT/60/872/229/agent_data.json
[2024-02-29 16:05:39,567][mephisto.operations.client_io_handler][WARNING] - [FRONT_END_ERROR]: {'error': "Cannot read properties of undefined (reading 'word')", 'errorInfo': {'componentStack': '\n    at SimpleFrontend (webpack://mephisto-task-compiler/./src/components/core_components.jsx?:98:24)\n    at p (webpack://mephisto-task-compiler/./node_modules/mephisto-task/build/bundle.js?:1:51620)\n    at div\n    at MainApp (webpack://mephisto-task-compiler/./src/app.jsx?:24:88)'}}
[2024-02-29 16:05:43,072][mephisto.operations.operator][INFO] - Operator running task ID = 60
[2024-02-29 16:05:57,833][mephisto.operations.client_io_handler][WARNING] - [31;1m[Version Mismatch!!][0m: Package `mephisto-task` version mismatch. Expected version 2.0.4 but frontend is currently using 2.0.3. This may cause unexpected errors, be sure to update your `mephisto-task` dependency with `npm install mephisto-task@2.0.4 --save`. If this warning still persists or the version isn't found, please open an issue at https://github.com/facebookresearch/Mephisto/issues
[2024-02-29 16:06:03,108][mephisto.operations.client_io_handler][WARNING] - [31;1m[Version Mismatch!!][0m: Package `mephisto-task` version mismatch. Expected version 2.0.4 but frontend is currently using 2.0.3. This may cause unexpected errors, be sure to update your `mephisto-task` dependency with `npm install mephisto-task@2.0.4 --save`. If this warning still persists or the version isn't found, please open an issue at https://github.com/facebookresearch/Mephisto/issues
[2024-02-29 16:06:06,020][mephisto.operations.client_io_handler][WARNING] - [31;1m[Version Mismatch!!][0m: Package `mephisto-task` version mismatch. Expected version 2.0.4 but frontend is currently using 2.0.3. This may cause unexpected errors, be sure to update your `mephisto-task` dependency with `npm install mephisto-task@2.0.4 --save`. If this warning still persists or the version isn't found, please open an issue at https://github.com/facebookresearch/Mephisto/issues
[2024-02-29 16:06:06,048][mephisto.abstractions.blueprints.abstract.static_task.static_agent_state][INFO] - SAVED_DATA_TO_DISC at /home/martins_32048/mephisto-data/data/data/runs/NO_PROJECT/60/onboarding/onboarding_49/agent_data.json
[2024-02-29 16:06:06,048][mephisto.operations.worker_pool][INFO] - MockWorker(51) is starting onboarding thread with onboarding OnboardingAgent(49, none).
[2024-02-29 16:06:08,429][mephisto.abstractions.blueprints.abstract.static_task.static_agent_state][INFO] - SAVED_DATA_TO_DISC at /home/martins_32048/mephisto-data/data/data/runs/NO_PROJECT/60/onboarding/onboarding_49/agent_data.json
[2024-02-29 16:06:08,435][mephisto.operations.worker_pool][INFO] - Onboarding agent onboarding_49 registered out from onboarding
[2024-02-29 16:06:08,440][mephisto.abstractions.blueprints.abstract.static_task.static_agent_state][INFO] - SAVED_DATA_TO_DISC at /home/martins_32048/mephisto-data/data/data/runs/NO_PROJECT/60/873/230/agent_data.json
[2024-02-29 16:06:13,079][mephisto.operations.operator][INFO] - Operator running task ID = 60
[2024-02-29 16:06:43,087][mephisto.operations.operator][INFO] - Operator running task ID = 60
[2024-02-29 16:07:13,097][mephisto.operations.operator][INFO] - Operator running task ID = 60
[2024-02-29 16:07:15,103][mephisto.abstractions.blueprints.abstract.static_task.static_agent_state][INFO] - SAVED_DATA_TO_DISC at /home/martins_32048/mephisto-data/data/data/runs/NO_PROJECT/60/873/230/agent_data.json
[2024-02-29 16:07:17,328][mephisto.abstractions.blueprints.abstract.static_task.static_agent_state][INFO] - SAVED_DATA_TO_DISC at /home/martins_32048/mephisto-data/data/data/runs/NO_PROJECT/60/873/230/agent_data.json
[2024-02-29 16:07:43,107][mephisto.operations.operator][INFO] - Operator running task ID = 60
[2024-02-29 16:08:13,118][mephisto.operations.operator][INFO] - Operator running task ID = 60
[2024-02-29 16:08:41,763][mephisto.operations.client_io_handler][WARNING] - [31;1m[Version Mismatch!!][0m: Package `mephisto-task` version mismatch. Expected version 2.0.4 but frontend is currently using 2.0.3. This may cause unexpected errors, be sure to update your `mephisto-task` dependency with `npm install mephisto-task@2.0.4 --save`. If this warning still persists or the version isn't found, please open an issue at https://github.com/facebookresearch/Mephisto/issues
[2024-02-29 16:08:43,124][mephisto.operations.operator][INFO] - Operator running task ID = 60
[2024-02-29 16:08:43,535][mephisto.abstractions.blueprints.abstract.static_task.static_agent_state][INFO] - SAVED_DATA_TO_DISC at /home/martins_32048/mephisto-data/data/data/runs/NO_PROJECT/60/onboarding/onboarding_50/agent_data.json
[2024-02-29 16:08:43,535][mephisto.operations.worker_pool][INFO] - MockWorker(52) is starting onboarding thread with onboarding OnboardingAgent(50, none).
[2024-02-29 16:08:43,569][mephisto.operations.client_io_handler][WARNING] - [31;1m[Version Mismatch!!][0m: Package `mephisto-task` version mismatch. Expected version 2.0.4 but frontend is currently using 2.0.3. This may cause unexpected errors, be sure to update your `mephisto-task` dependency with `npm install mephisto-task@2.0.4 --save`. If this warning still persists or the version isn't found, please open an issue at https://github.com/facebookresearch/Mephisto/issues
[2024-02-29 16:08:44,471][mephisto.abstractions.blueprints.abstract.static_task.static_agent_state][INFO] - SAVED_DATA_TO_DISC at /home/martins_32048/mephisto-data/data/data/runs/NO_PROJECT/60/onboarding/onboarding_50/agent_data.json
[2024-02-29 16:08:44,479][mephisto.operations.worker_pool][INFO] - Onboarding agent onboarding_50 registered out from onboarding
[2024-02-29 16:08:44,484][mephisto.abstractions.blueprints.abstract.static_task.static_agent_state][INFO] - SAVED_DATA_TO_DISC at /home/martins_32048/mephisto-data/data/data/runs/NO_PROJECT/60/874/231/agent_data.json
[2024-02-29 16:08:51,579][mephisto.abstractions.blueprints.abstract.static_task.static_agent_state][INFO] - SAVED_DATA_TO_DISC at /home/martins_32048/mephisto-data/data/data/runs/NO_PROJECT/60/874/231/agent_data.json
[2024-02-29 16:08:53,680][mephisto.abstractions.blueprints.abstract.static_task.static_agent_state][INFO] - SAVED_DATA_TO_DISC at /home/martins_32048/mephisto-data/data/data/runs/NO_PROJECT/60/874/231/agent_data.json
[2024-02-29 16:08:53,681][mephisto.operations.client_io_handler][WARNING] - [FRONT_END_ERROR]: {'error': "Cannot read properties of undefined (reading 'word')", 'errorInfo': {'componentStack': '\n    at SimpleFrontend (webpack://mephisto-task-compiler/./src/components/core_components.jsx?:98:24)\n    at p (webpack://mephisto-task-compiler/./node_modules/mephisto-task/build/bundle.js?:1:51620)\n    at div\n    at MainApp (webpack://mephisto-task-compiler/./src/app.jsx?:24:88)'}}
[2024-02-29 16:09:13,134][mephisto.operations.operator][INFO] - Operator running task ID = 60
[2024-02-29 16:09:16,820][mephisto.operations.client_io_handler][WARNING] - [31;1m[Version Mismatch!!][0m: Package `mephisto-task` version mismatch. Expected version 2.0.4 but frontend is currently using 2.0.3. This may cause unexpected errors, be sure to update your `mephisto-task` dependency with `npm install mephisto-task@2.0.4 --save`. If this warning still persists or the version isn't found, please open an issue at https://github.com/facebookresearch/Mephisto/issues
[2024-02-29 16:09:18,275][mephisto.operations.client_io_handler][WARNING] - [31;1m[Version Mismatch!!][0m: Package `mephisto-task` version mismatch. Expected version 2.0.4 but frontend is currently using 2.0.3. This may cause unexpected errors, be sure to update your `mephisto-task` dependency with `npm install mephisto-task@2.0.4 --save`. If this warning still persists or the version isn't found, please open an issue at https://github.com/facebookresearch/Mephisto/issues
[2024-02-29 16:09:22,304][mephisto.operations.operator][ERROR] - Cleaning up after keyboard interrupt, please [31;1mwait to Ctrl-C again[0m until instructed to.
[2024-02-29 16:09:22,304][mephisto.operations.operator][INFO] - operator shutting down
[2024-02-29 16:09:22,305][mephisto.operations.operator][INFO] - Expiring units for task run 60.
[2024-02-29 16:09:22,386][mephisto.operations.operator][INFO] - Waiting on 1 task runs with assignments in-flight. [31;1mCtrl-C ONCE[0m to kill running tasks and FORCE QUIT.
[2024-02-29 16:09:22,619][sh.command][INFO] - <Command '/usr/bin/rm -rf /home/martins_32048/Projects/Mephisto/tmp/local_server_60/server', pid 1915346>: process started
