[2023-10-05 10:37:08,833][root][WARNING] - Mephisto supports rich run-time metrics visualization through Prometheus and Grafana. If you'd like to use this feature, use `mephisto metrics install` to install.(Current install dir is '/home/martins_32048/Projects/Mephisto/mephisto/scripts/metrics')'
[2023-10-05 10:37:09,079][mephisto.operations.operator][INFO] - Creating a task run under task name: custom-react-tutorial-iterating
[2023-10-05 10:37:09,990][sh.command][INFO] - <Command '/usr/bin/rm -rf /home/martins_32048/mephisto-data/data/data/runs/NO_PROJECT/21/build/router', pid 2753240>: process started
[2023-10-05 10:37:11,507][sh.command][INFO] - <Command '/usr/bin/rm -rf /home/martins_32048/mephisto-data/data/data/runs/NO_PROJECT/21/build/router', pid 2753252>: process started
[2023-10-05 10:37:11,563][mephisto.operations.client_io_handler][INFO] - Sending alive
[2023-10-05 10:37:11,564][mephisto.operations.client_io_handler][INFO] - Sending alive
[2023-10-05 10:37:11,598][mephisto.operations.client_io_handler][INFO] - Sending alive
[2023-10-05 10:37:11,598][mephisto.abstractions.architects.channels.websocket_channel][INFO] - channel open
[2023-10-05 10:37:11,894][mephisto.operations.operator][INFO] - Operator running task ID = 21
[2023-10-05 10:37:11,897][mephisto.abstractions.providers.mock.mock_unit][INFO] - Mock task launched: http://localhost:3000 for preview, http://localhost:3000/?worker_id=x&assignment_id=39 for assignment 37
[2023-10-05 10:37:11,899][mephisto.abstractions.providers.mock.mock_unit][INFO] - Mock task launched: http://localhost:3000 for preview, http://localhost:3000/?worker_id=x&assignment_id=40 for assignment 38
[2023-10-05 10:37:35,403][mephisto.operations.client_io_handler][WARNING] - [31;1m[Version Mismatch!!][0m: Package `mephisto-task` version mismatch. Expected version 2.0.4 but frontend is currently using 2.0.3. This may cause unexpected errors, be sure to update your `mephisto-task` dependency with `npm install mephisto-task@2.0.4 --save`. If this warning still persists or the version isn't found, please open an issue at https://github.com/facebookresearch/Mephisto/issues
[2023-10-05 10:37:35,453][mephisto.abstractions.blueprints.abstract.static_task.static_agent_state][INFO] - SAVED_DATA_TO_DISC at /home/martins_32048/mephisto-data/data/data/runs/NO_PROJECT/21/37/20/agent_data.json
[2023-10-05 10:37:41,902][mephisto.operations.operator][INFO] - Operator running task ID = 21
[2023-10-05 10:37:55,043][mephisto.operations.client_io_handler][WARNING] - [31;1m[Version Mismatch!!][0m: Package `mephisto-task` version mismatch. Expected version 2.0.4 but frontend is currently using 2.0.3. This may cause unexpected errors, be sure to update your `mephisto-task` dependency with `npm install mephisto-task@2.0.4 --save`. If this warning still persists or the version isn't found, please open an issue at https://github.com/facebookresearch/Mephisto/issues
[2023-10-05 10:38:11,907][mephisto.operations.operator][INFO] - Operator running task ID = 21
[2023-10-05 10:38:41,915][mephisto.operations.operator][INFO] - Operator running task ID = 21
[2023-10-05 10:39:11,927][mephisto.operations.operator][INFO] - Operator running task ID = 21
[2023-10-05 10:39:41,938][mephisto.operations.operator][INFO] - Operator running task ID = 21
[2023-10-05 10:40:11,947][mephisto.operations.operator][INFO] - Operator running task ID = 21
[2023-10-05 10:40:41,959][mephisto.operations.operator][INFO] - Operator running task ID = 21
[2023-10-05 10:40:47,466][mephisto.operations.client_io_handler][WARNING] - [31;1m[Version Mismatch!!][0m: Package `mephisto-task` version mismatch. Expected version 2.0.4 but frontend is currently using 2.0.3. This may cause unexpected errors, be sure to update your `mephisto-task` dependency with `npm install mephisto-task@2.0.4 --save`. If this warning still persists or the version isn't found, please open an issue at https://github.com/facebookresearch/Mephisto/issues
[2023-10-05 10:41:11,971][mephisto.operations.operator][INFO] - Operator running task ID = 21
[2023-10-05 10:41:41,979][mephisto.operations.operator][INFO] - Operator running task ID = 21
[2023-10-05 10:42:11,989][mephisto.operations.operator][INFO] - Operator running task ID = 21
[2023-10-05 10:42:41,997][mephisto.operations.operator][INFO] - Operator running task ID = 21
[2023-10-05 10:42:42,503][mephisto.operations.client_io_handler][WARNING] - [31;1m[Version Mismatch!!][0m: Package `mephisto-task` version mismatch. Expected version 2.0.4 but frontend is currently using 2.0.3. This may cause unexpected errors, be sure to update your `mephisto-task` dependency with `npm install mephisto-task@2.0.4 --save`. If this warning still persists or the version isn't found, please open an issue at https://github.com/facebookresearch/Mephisto/issues
[2023-10-05 10:43:12,007][mephisto.operations.operator][INFO] - Operator running task ID = 21
[2023-10-05 10:43:42,014][mephisto.operations.operator][INFO] - Operator running task ID = 21
[2023-10-05 10:44:12,019][mephisto.operations.operator][INFO] - Operator running task ID = 21
[2023-10-05 10:44:42,027][mephisto.operations.operator][INFO] - Operator running task ID = 21
[2023-10-05 10:45:12,035][mephisto.operations.operator][INFO] - Operator running task ID = 21
[2023-10-05 10:45:35,638][mephisto.operations.client_io_handler][WARNING] - [31;1m[Version Mismatch!!][0m: Package `mephisto-task` version mismatch. Expected version 2.0.4 but frontend is currently using 2.0.3. This may cause unexpected errors, be sure to update your `mephisto-task` dependency with `npm install mephisto-task@2.0.4 --save`. If this warning still persists or the version isn't found, please open an issue at https://github.com/facebookresearch/Mephisto/issues
[2023-10-05 10:45:42,043][mephisto.operations.operator][INFO] - Operator running task ID = 21
[2023-10-05 10:46:12,051][mephisto.operations.operator][INFO] - Operator running task ID = 21
[2023-10-05 10:46:42,057][mephisto.operations.operator][INFO] - Operator running task ID = 21
[2023-10-05 10:47:05,187][mephisto.operations.client_io_handler][WARNING] - [31;1m[Version Mismatch!!][0m: Package `mephisto-task` version mismatch. Expected version 2.0.4 but frontend is currently using 2.0.3. This may cause unexpected errors, be sure to update your `mephisto-task` dependency with `npm install mephisto-task@2.0.4 --save`. If this warning still persists or the version isn't found, please open an issue at https://github.com/facebookresearch/Mephisto/issues
[2023-10-05 10:47:12,067][mephisto.operations.operator][INFO] - Operator running task ID = 21
[2023-10-05 10:47:42,073][mephisto.operations.operator][INFO] - Operator running task ID = 21
[2023-10-05 10:48:12,083][mephisto.operations.operator][INFO] - Operator running task ID = 21
[2023-10-05 10:48:42,093][mephisto.operations.operator][INFO] - Operator running task ID = 21
[2023-10-05 10:49:12,102][mephisto.operations.operator][INFO] - Operator running task ID = 21
[2023-10-05 10:49:42,110][mephisto.operations.operator][INFO] - Operator running task ID = 21
[2023-10-05 10:50:12,119][mephisto.operations.operator][INFO] - Operator running task ID = 21
[2023-10-05 10:50:42,131][mephisto.operations.operator][INFO] - Operator running task ID = 21
[2023-10-05 10:51:12,141][mephisto.operations.operator][INFO] - Operator running task ID = 21
[2023-10-05 10:51:42,149][mephisto.operations.operator][INFO] - Operator running task ID = 21
[2023-10-05 10:52:12,159][mephisto.operations.operator][INFO] - Operator running task ID = 21
[2023-10-05 10:52:42,168][mephisto.operations.operator][INFO] - Operator running task ID = 21
[2023-10-05 10:53:12,179][mephisto.operations.operator][INFO] - Operator running task ID = 21
[2023-10-05 10:53:42,185][mephisto.operations.operator][INFO] - Operator running task ID = 21
[2023-10-05 10:54:12,194][mephisto.operations.operator][INFO] - Operator running task ID = 21
[2023-10-05 10:54:42,201][mephisto.operations.operator][INFO] - Operator running task ID = 21
[2023-10-05 10:55:12,211][mephisto.operations.operator][INFO] - Operator running task ID = 21
[2023-10-05 10:55:42,219][mephisto.operations.operator][INFO] - Operator running task ID = 21
[2023-10-05 10:56:12,229][mephisto.operations.operator][INFO] - Operator running task ID = 21
[2023-10-05 10:56:42,237][mephisto.operations.operator][INFO] - Operator running task ID = 21
[2023-10-05 10:57:12,247][mephisto.operations.operator][INFO] - Operator running task ID = 21
[2023-10-05 10:57:42,254][mephisto.operations.operator][INFO] - Operator running task ID = 21
[2023-10-05 10:58:12,263][mephisto.operations.operator][INFO] - Operator running task ID = 21
[2023-10-05 10:58:42,269][mephisto.operations.operator][INFO] - Operator running task ID = 21
[2023-10-05 10:59:12,275][mephisto.operations.operator][INFO] - Operator running task ID = 21
[2023-10-05 10:59:42,285][mephisto.operations.operator][INFO] - Operator running task ID = 21
[2023-10-05 11:00:12,295][mephisto.operations.operator][INFO] - Operator running task ID = 21
[2023-10-05 11:00:42,303][mephisto.operations.operator][INFO] - Operator running task ID = 21
[2023-10-05 11:01:12,316][mephisto.operations.operator][INFO] - Operator running task ID = 21
[2023-10-05 11:01:42,325][mephisto.operations.operator][INFO] - Operator running task ID = 21
[2023-10-05 11:02:12,336][mephisto.operations.operator][INFO] - Operator running task ID = 21
[2023-10-05 11:02:31,066][mephisto.operations.client_io_handler][WARNING] - [31;1m[Version Mismatch!!][0m: Package `mephisto-task` version mismatch. Expected version 2.0.4 but frontend is currently using 2.0.3. This may cause unexpected errors, be sure to update your `mephisto-task` dependency with `npm install mephisto-task@2.0.4 --save`. If this warning still persists or the version isn't found, please open an issue at https://github.com/facebookresearch/Mephisto/issues
[2023-10-05 11:02:42,343][mephisto.operations.operator][INFO] - Operator running task ID = 21
[2023-10-05 11:02:55,455][mephisto.operations.client_io_handler][WARNING] - [31;1m[Version Mismatch!!][0m: Package `mephisto-task` version mismatch. Expected version 2.0.4 but frontend is currently using 2.0.3. This may cause unexpected errors, be sure to update your `mephisto-task` dependency with `npm install mephisto-task@2.0.4 --save`. If this warning still persists or the version isn't found, please open an issue at https://github.com/facebookresearch/Mephisto/issues
[2023-10-05 11:03:12,351][mephisto.operations.operator][INFO] - Operator running task ID = 21
[2023-10-05 11:03:42,356][mephisto.operations.operator][INFO] - Operator running task ID = 21
[2023-10-05 11:04:12,366][mephisto.operations.operator][INFO] - Operator running task ID = 21
[2023-10-05 11:04:17,810][mephisto.operations.operator][ERROR] - Cleaning up after keyboard interrupt, please [31;1mwait to Ctrl-C again[0m until instructed to.
[2023-10-05 11:04:17,811][mephisto.operations.operator][INFO] - operator shutting down
[2023-10-05 11:04:17,811][mephisto.operations.operator][INFO] - Expiring units for task run 21.
[2023-10-05 11:04:17,834][mephisto.operations.operator][INFO] - Waiting on 1 task runs with assignments in-flight. [31;1mCtrl-C ONCE[0m to kill running tasks and FORCE QUIT.
[2023-10-05 11:04:18,052][sh.command][INFO] - <Command '/usr/bin/rm -rf /home/martins_32048/Projects/Mephisto/tmp/local_server_21/server', pid 2754924>: process started
