[2023-09-29 13:08:24,007][root][WARNING] - Mephisto supports rich run-time metrics visualization through Prometheus and Grafana. If you'd like to use this feature, use `mephisto metrics install` to install.(Current install dir is '/home/martins_32048/Projects/Mephisto/mephisto/scripts/metrics')'
[2023-09-29 13:08:24,085][mephisto.operations.operator][INFO] - Creating a task run under task name: custom-react-tutorial-iterating
[2023-09-29 13:08:26,640][sh.command][INFO] - <Command '/usr/bin/rm -rf /home/martins_32048/mephisto-data/data/data/runs/NO_PROJECT/11/build/router', pid 2408106>: process started
[2023-09-29 13:08:28,126][sh.command][INFO] - <Command '/usr/bin/rm -rf /home/martins_32048/mephisto-data/data/data/runs/NO_PROJECT/11/build/router', pid 2408118>: process started
[2023-09-29 13:08:28,176][mephisto.operations.client_io_handler][INFO] - Sending alive
[2023-09-29 13:08:28,176][mephisto.operations.client_io_handler][INFO] - Sending alive
[2023-09-29 13:08:28,189][mephisto.operations.client_io_handler][INFO] - Sending alive
[2023-09-29 13:08:28,189][mephisto.abstractions.architects.channels.websocket_channel][INFO] - channel open
[2023-09-29 13:08:28,497][mephisto.operations.operator][INFO] - Operator running task ID = 11
[2023-09-29 13:08:28,502][mephisto.abstractions.providers.mock.mock_unit][INFO] - Mock task launched: http://localhost:3000 for preview, http://localhost:3000/?worker_id=x&assignment_id=19 for assignment 17
[2023-09-29 13:08:28,505][mephisto.abstractions.providers.mock.mock_unit][INFO] - Mock task launched: http://localhost:3000 for preview, http://localhost:3000/?worker_id=x&assignment_id=20 for assignment 18
[2023-09-29 13:08:36,844][mephisto.operations.client_io_handler][WARNING] - [31;1m[Version Mismatch!!][0m: Package `mephisto-task` version mismatch. Expected version 2.0.4 but frontend is currently using 2.0.3. This may cause unexpected errors, be sure to update your `mephisto-task` dependency with `npm install mephisto-task@2.0.4 --save`. If this warning still persists or the version isn't found, please open an issue at https://github.com/facebookresearch/Mephisto/issues
[2023-09-29 13:08:36,853][mephisto.abstractions.blueprints.abstract.static_task.static_agent_state][INFO] - SAVED_DATA_TO_DISC at /home/martins_32048/mephisto-data/data/data/runs/NO_PROJECT/11/17/9/agent_data.json
[2023-09-29 13:08:58,507][mephisto.operations.operator][INFO] - Operator running task ID = 11
[2023-09-29 13:09:28,520][mephisto.operations.operator][INFO] - Operator running task ID = 11
[2023-09-29 13:09:34,004][mephisto.operations.client_io_handler][WARNING] - [31;1m[Version Mismatch!!][0m: Package `mephisto-task` version mismatch. Expected version 2.0.4 but frontend is currently using 2.0.3. This may cause unexpected errors, be sure to update your `mephisto-task` dependency with `npm install mephisto-task@2.0.4 --save`. If this warning still persists or the version isn't found, please open an issue at https://github.com/facebookresearch/Mephisto/issues
[2023-09-29 13:09:58,527][mephisto.operations.operator][INFO] - Operator running task ID = 11
[2023-09-29 13:10:28,536][mephisto.operations.operator][INFO] - Operator running task ID = 11
[2023-09-29 13:10:58,544][mephisto.operations.operator][INFO] - Operator running task ID = 11
[2023-09-29 13:11:28,554][mephisto.operations.operator][INFO] - Operator running task ID = 11
[2023-09-29 13:11:58,564][mephisto.operations.operator][INFO] - Operator running task ID = 11
[2023-09-29 13:12:28,576][mephisto.operations.operator][INFO] - Operator running task ID = 11
[2023-09-29 13:12:58,583][mephisto.operations.operator][INFO] - Operator running task ID = 11
[2023-09-29 13:13:28,596][mephisto.operations.operator][INFO] - Operator running task ID = 11
[2023-09-29 13:13:58,607][mephisto.operations.operator][INFO] - Operator running task ID = 11
[2023-09-29 13:14:01,405][mephisto.operations.client_io_handler][WARNING] - [31;1m[Version Mismatch!!][0m: Package `mephisto-task` version mismatch. Expected version 2.0.4 but frontend is currently using 2.0.3. This may cause unexpected errors, be sure to update your `mephisto-task` dependency with `npm install mephisto-task@2.0.4 --save`. If this warning still persists or the version isn't found, please open an issue at https://github.com/facebookresearch/Mephisto/issues
[2023-09-29 13:14:28,619][mephisto.operations.operator][INFO] - Operator running task ID = 11
[2023-09-29 13:14:58,629][mephisto.operations.operator][INFO] - Operator running task ID = 11
[2023-09-29 13:15:28,640][mephisto.operations.operator][INFO] - Operator running task ID = 11
[2023-09-29 13:15:58,650][mephisto.operations.operator][INFO] - Operator running task ID = 11
[2023-09-29 13:16:28,663][mephisto.operations.operator][INFO] - Operator running task ID = 11
[2023-09-29 13:16:58,675][mephisto.operations.operator][INFO] - Operator running task ID = 11
[2023-09-29 13:17:28,684][mephisto.operations.operator][INFO] - Operator running task ID = 11
[2023-09-29 13:17:58,691][mephisto.operations.operator][INFO] - Operator running task ID = 11
[2023-09-29 13:18:28,700][mephisto.operations.operator][INFO] - Operator running task ID = 11
[2023-09-29 13:18:58,712][mephisto.operations.operator][INFO] - Operator running task ID = 11
[2023-09-29 13:19:28,724][mephisto.operations.operator][INFO] - Operator running task ID = 11
[2023-09-29 13:19:58,733][mephisto.operations.operator][INFO] - Operator running task ID = 11
[2023-09-29 13:20:28,744][mephisto.operations.operator][INFO] - Operator running task ID = 11
[2023-09-29 13:20:58,752][mephisto.operations.operator][INFO] - Operator running task ID = 11
[2023-09-29 13:21:17,557][mephisto.operations.operator][ERROR] - Cleaning up after keyboard interrupt, please [31;1mwait to Ctrl-C again[0m until instructed to.
[2023-09-29 13:21:17,557][mephisto.operations.operator][INFO] - operator shutting down
[2023-09-29 13:21:17,558][mephisto.operations.operator][INFO] - Expiring units for task run 11.
[2023-09-29 13:21:17,595][mephisto.operations.operator][INFO] - Waiting on 1 task runs with assignments in-flight. [31;1mCtrl-C ONCE[0m to kill running tasks and FORCE QUIT.
[2023-09-29 13:21:17,821][sh.command][INFO] - <Command '/usr/bin/rm -rf /home/martins_32048/Projects/Mephisto/tmp/local_server_11/server', pid 2408874>: process started
