[2024-03-01 14:54:54,573][root][WARNING] - Mephisto supports rich run-time metrics visualization through Prometheus and Grafana. If you'd like to use this feature, use `mephisto metrics install` to install.(Current install dir is '/home/martins_32048/Projects/Mephisto/mephisto/scripts/metrics')'
[2024-03-01 14:54:54,626][mephisto.operations.operator][INFO] - Creating a task run under task name: react-word-sentiment
[2024-03-01 14:54:55,500][sh.command][INFO] - <Command '/usr/bin/rm -rf /home/martins_32048/mephisto-data/data/data/runs/NO_PROJECT/67/build/router', pid 1974492>: process started
[2024-03-01 14:54:56,802][sh.command][INFO] - <Command '/usr/bin/rm -rf /home/martins_32048/mephisto-data/data/data/runs/NO_PROJECT/67/build/router', pid 1974504>: process started
[2024-03-01 14:54:56,821][mephisto.operations.client_io_handler][INFO] - Sending alive
[2024-03-01 14:54:56,821][mephisto.operations.client_io_handler][INFO] - Sending alive
[2024-03-01 14:54:56,837][mephisto.operations.client_io_handler][INFO] - Sending alive
[2024-03-01 14:54:56,837][mephisto.abstractions.architects.channels.websocket_channel][INFO] - channel open
[2024-03-01 14:54:57,124][mephisto.operations.operator][INFO] - Operator running task ID = 67
[2024-03-01 14:55:02,871][mephisto.operations.client_io_handler][WARNING] - [31;1m[Version Mismatch!!][0m: Package `mephisto-task` version mismatch. Expected version 2.0.4 but frontend is currently using 2.0.3. This may cause unexpected errors, be sure to update your `mephisto-task` dependency with `npm install mephisto-task@2.0.4 --save`. If this warning still persists or the version isn't found, please open an issue at https://github.com/facebookresearch/Mephisto/issues
[2024-03-01 14:55:07,147][mephisto.abstractions.providers.mock.mock_unit][INFO] - Mock task launched: http://localhost:3000 for preview, http://localhost:3000/?worker_id=x&assignment_id=1893 for assignment 929
[2024-03-01 14:55:07,150][mephisto.abstractions.providers.mock.mock_unit][INFO] - Mock task launched: http://localhost:3000 for preview, http://localhost:3000/?worker_id=x&assignment_id=1894 for assignment 929
[2024-03-01 14:55:07,153][mephisto.abstractions.providers.mock.mock_unit][INFO] - Mock task launched: http://localhost:3000 for preview, http://localhost:3000/?worker_id=x&assignment_id=1895 for assignment 929
[2024-03-01 14:55:07,155][mephisto.abstractions.providers.mock.mock_unit][INFO] - Mock task launched: http://localhost:3000 for preview, http://localhost:3000/?worker_id=x&assignment_id=1896 for assignment 930
[2024-03-01 14:55:07,156][mephisto.abstractions.providers.mock.mock_unit][INFO] - Mock task launched: http://localhost:3000 for preview, http://localhost:3000/?worker_id=x&assignment_id=1897 for assignment 930
[2024-03-01 14:55:07,158][mephisto.abstractions.providers.mock.mock_unit][INFO] - Mock task launched: http://localhost:3000 for preview, http://localhost:3000/?worker_id=x&assignment_id=1898 for assignment 930
[2024-03-01 14:55:07,159][mephisto.abstractions.providers.mock.mock_unit][INFO] - Mock task launched: http://localhost:3000 for preview, http://localhost:3000/?worker_id=x&assignment_id=1899 for assignment 931
[2024-03-01 14:55:07,161][mephisto.abstractions.providers.mock.mock_unit][INFO] - Mock task launched: http://localhost:3000 for preview, http://localhost:3000/?worker_id=x&assignment_id=1900 for assignment 931
[2024-03-01 14:55:07,162][mephisto.abstractions.providers.mock.mock_unit][INFO] - Mock task launched: http://localhost:3000 for preview, http://localhost:3000/?worker_id=x&assignment_id=1901 for assignment 931
[2024-03-01 14:55:07,164][mephisto.abstractions.providers.mock.mock_unit][INFO] - Mock task launched: http://localhost:3000 for preview, http://localhost:3000/?worker_id=x&assignment_id=1902 for assignment 932
[2024-03-01 14:55:07,165][mephisto.abstractions.providers.mock.mock_unit][INFO] - Mock task launched: http://localhost:3000 for preview, http://localhost:3000/?worker_id=x&assignment_id=1903 for assignment 932
[2024-03-01 14:55:07,167][mephisto.abstractions.providers.mock.mock_unit][INFO] - Mock task launched: http://localhost:3000 for preview, http://localhost:3000/?worker_id=x&assignment_id=1904 for assignment 932
[2024-03-01 14:55:07,168][mephisto.abstractions.providers.mock.mock_unit][INFO] - Mock task launched: http://localhost:3000 for preview, http://localhost:3000/?worker_id=x&assignment_id=1905 for assignment 933
[2024-03-01 14:55:07,169][mephisto.abstractions.providers.mock.mock_unit][INFO] - Mock task launched: http://localhost:3000 for preview, http://localhost:3000/?worker_id=x&assignment_id=1906 for assignment 933
[2024-03-01 14:55:07,171][mephisto.abstractions.providers.mock.mock_unit][INFO] - Mock task launched: http://localhost:3000 for preview, http://localhost:3000/?worker_id=x&assignment_id=1907 for assignment 933
[2024-03-01 14:55:07,172][mephisto.abstractions.providers.mock.mock_unit][INFO] - Mock task launched: http://localhost:3000 for preview, http://localhost:3000/?worker_id=x&assignment_id=1908 for assignment 934
[2024-03-01 14:55:07,174][mephisto.abstractions.providers.mock.mock_unit][INFO] - Mock task launched: http://localhost:3000 for preview, http://localhost:3000/?worker_id=x&assignment_id=1909 for assignment 934
[2024-03-01 14:55:07,176][mephisto.abstractions.providers.mock.mock_unit][INFO] - Mock task launched: http://localhost:3000 for preview, http://localhost:3000/?worker_id=x&assignment_id=1910 for assignment 934
[2024-03-01 14:55:10,340][mephisto.abstractions.blueprints.abstract.static_task.static_agent_state][INFO] - SAVED_DATA_TO_DISC at /home/martins_32048/mephisto-data/data/data/runs/NO_PROJECT/67/929/247/agent_data.json
[2024-03-01 14:55:10,355][mephisto.operations.client_io_handler][WARNING] - [31;1m[Version Mismatch!!][0m: Package `mephisto-task` version mismatch. Expected version 2.0.4 but frontend is currently using 2.0.3. This may cause unexpected errors, be sure to update your `mephisto-task` dependency with `npm install mephisto-task@2.0.4 --save`. If this warning still persists or the version isn't found, please open an issue at https://github.com/facebookresearch/Mephisto/issues
[2024-03-01 14:55:27,132][mephisto.operations.operator][INFO] - Operator running task ID = 67
[2024-03-01 14:55:57,141][mephisto.operations.operator][INFO] - Operator running task ID = 67
[2024-03-01 14:56:27,153][mephisto.operations.operator][INFO] - Operator running task ID = 67
[2024-03-01 14:56:57,158][mephisto.operations.operator][INFO] - Operator running task ID = 67
[2024-03-01 14:57:27,168][mephisto.operations.operator][INFO] - Operator running task ID = 67
[2024-03-01 14:57:28,594][mephisto.abstractions.blueprints.abstract.static_task.static_agent_state][INFO] - SAVED_DATA_TO_DISC at /home/martins_32048/mephisto-data/data/data/runs/NO_PROJECT/67/929/247/agent_data.json
[2024-03-01 14:57:57,173][mephisto.operations.operator][INFO] - Operator running task ID = 67
[2024-03-01 14:58:27,180][mephisto.operations.operator][INFO] - Operator running task ID = 67
[2024-03-01 14:58:57,189][mephisto.operations.operator][INFO] - Operator running task ID = 67
[2024-03-01 14:59:27,196][mephisto.operations.operator][INFO] - Operator running task ID = 67
[2024-03-01 14:59:57,205][mephisto.operations.operator][INFO] - Operator running task ID = 67
[2024-03-01 15:00:27,212][mephisto.operations.operator][INFO] - Operator running task ID = 67
[2024-03-01 15:00:57,222][mephisto.operations.operator][INFO] - Operator running task ID = 67
[2024-03-01 15:01:27,232][mephisto.operations.operator][INFO] - Operator running task ID = 67
[2024-03-01 15:01:57,245][mephisto.operations.operator][INFO] - Operator running task ID = 67
[2024-03-01 15:02:27,253][mephisto.operations.operator][INFO] - Operator running task ID = 67
[2024-03-01 15:02:57,262][mephisto.operations.operator][INFO] - Operator running task ID = 67
[2024-03-01 15:03:26,115][mephisto.operations.client_io_handler][WARNING] - [31;1m[Version Mismatch!!][0m: Package `mephisto-task` version mismatch. Expected version 2.0.4 but frontend is currently using 2.0.3. This may cause unexpected errors, be sure to update your `mephisto-task` dependency with `npm install mephisto-task@2.0.4 --save`. If this warning still persists or the version isn't found, please open an issue at https://github.com/facebookresearch/Mephisto/issues
[2024-03-01 15:03:27,269][mephisto.operations.operator][INFO] - Operator running task ID = 67
[2024-03-01 15:03:34,107][mephisto.abstractions.blueprints.abstract.static_task.static_agent_state][INFO] - SAVED_DATA_TO_DISC at /home/martins_32048/mephisto-data/data/data/runs/NO_PROJECT/67/929/247/agent_data.json
[2024-03-01 15:03:57,277][mephisto.operations.operator][INFO] - Operator running task ID = 67
[2024-03-01 15:04:27,284][mephisto.operations.operator][INFO] - Operator running task ID = 67
[2024-03-01 15:04:45,415][mephisto.operations.client_io_handler][WARNING] - [31;1m[Version Mismatch!!][0m: Package `mephisto-task` version mismatch. Expected version 2.0.4 but frontend is currently using 2.0.3. This may cause unexpected errors, be sure to update your `mephisto-task` dependency with `npm install mephisto-task@2.0.4 --save`. If this warning still persists or the version isn't found, please open an issue at https://github.com/facebookresearch/Mephisto/issues
[2024-03-01 15:04:51,705][mephisto.abstractions.blueprints.abstract.static_task.static_agent_state][INFO] - SAVED_DATA_TO_DISC at /home/martins_32048/mephisto-data/data/data/runs/NO_PROJECT/67/929/247/agent_data.json
[2024-03-01 15:04:51,706][mephisto.operations.client_io_handler][WARNING] - [FRONT_END_ERROR]: {'error': 'children is not defined', 'errorInfo': {'componentStack': '\n    at SimpleFrontend (webpack://mephisto-task-compiler/./src/components/core_components.jsx?:137:24)\n    at p (webpack://mephisto-task-compiler/./node_modules/mephisto-task/build/bundle.js?:1:51620)\n    at div\n    at MainApp (webpack://mephisto-task-compiler/./src/app.jsx?:24:88)'}}
[2024-03-01 15:04:57,289][mephisto.operations.operator][INFO] - Operator running task ID = 67
[2024-03-01 15:05:04,391][mephisto.operations.client_io_handler][WARNING] - [31;1m[Version Mismatch!!][0m: Package `mephisto-task` version mismatch. Expected version 2.0.4 but frontend is currently using 2.0.3. This may cause unexpected errors, be sure to update your `mephisto-task` dependency with `npm install mephisto-task@2.0.4 --save`. If this warning still persists or the version isn't found, please open an issue at https://github.com/facebookresearch/Mephisto/issues
[2024-03-01 15:05:09,611][mephisto.abstractions.blueprints.abstract.static_task.static_agent_state][INFO] - SAVED_DATA_TO_DISC at /home/martins_32048/mephisto-data/data/data/runs/NO_PROJECT/67/929/247/agent_data.json
[2024-03-01 15:05:27,300][mephisto.operations.operator][INFO] - Operator running task ID = 67
[2024-03-01 15:05:48,733][mephisto.operations.client_io_handler][WARNING] - [31;1m[Version Mismatch!!][0m: Package `mephisto-task` version mismatch. Expected version 2.0.4 but frontend is currently using 2.0.3. This may cause unexpected errors, be sure to update your `mephisto-task` dependency with `npm install mephisto-task@2.0.4 --save`. If this warning still persists or the version isn't found, please open an issue at https://github.com/facebookresearch/Mephisto/issues
[2024-03-01 15:05:57,310][mephisto.operations.operator][INFO] - Operator running task ID = 67
[2024-03-01 15:06:03,543][mephisto.operations.client_io_handler][WARNING] - [31;1m[Version Mismatch!!][0m: Package `mephisto-task` version mismatch. Expected version 2.0.4 but frontend is currently using 2.0.3. This may cause unexpected errors, be sure to update your `mephisto-task` dependency with `npm install mephisto-task@2.0.4 --save`. If this warning still persists or the version isn't found, please open an issue at https://github.com/facebookresearch/Mephisto/issues
[2024-03-01 15:06:27,315][mephisto.operations.operator][INFO] - Operator running task ID = 67
[2024-03-01 15:06:42,324][mephisto.abstractions.blueprints.abstract.static_task.static_agent_state][INFO] - SAVED_DATA_TO_DISC at /home/martins_32048/mephisto-data/data/data/runs/NO_PROJECT/67/onboarding/onboarding_63/agent_data.json
[2024-03-01 15:06:42,325][mephisto.operations.worker_pool][INFO] - MockWorker(66) is starting onboarding thread with onboarding OnboardingAgent(63, none).
[2024-03-01 15:06:42,343][mephisto.operations.client_io_handler][WARNING] - [31;1m[Version Mismatch!!][0m: Package `mephisto-task` version mismatch. Expected version 2.0.4 but frontend is currently using 2.0.3. This may cause unexpected errors, be sure to update your `mephisto-task` dependency with `npm install mephisto-task@2.0.4 --save`. If this warning still persists or the version isn't found, please open an issue at https://github.com/facebookresearch/Mephisto/issues
[2024-03-01 15:06:42,980][mephisto.abstractions.blueprints.abstract.static_task.static_agent_state][INFO] - SAVED_DATA_TO_DISC at /home/martins_32048/mephisto-data/data/data/runs/NO_PROJECT/67/onboarding/onboarding_63/agent_data.json
[2024-03-01 15:06:42,987][mephisto.operations.worker_pool][INFO] - Onboarding agent onboarding_63 registered out from onboarding
[2024-03-01 15:06:42,992][mephisto.abstractions.blueprints.abstract.static_task.static_agent_state][INFO] - SAVED_DATA_TO_DISC at /home/martins_32048/mephisto-data/data/data/runs/NO_PROJECT/67/929/248/agent_data.json
[2024-03-01 15:06:43,002][mephisto.operations.client_io_handler][WARNING] - [FRONT_END_ERROR]: {'error': 'data.map is not a function', 'errorInfo': {'componentStack': '\n    at SimpleFrontend (webpack://mephisto-task-compiler/./src/components/core_components.jsx?:137:24)\n    at p (webpack://mephisto-task-compiler/./node_modules/mephisto-task/build/bundle.js?:1:51620)\n    at div\n    at MainApp (webpack://mephisto-task-compiler/./src/app.jsx?:24:88)'}}
[2024-03-01 15:06:46,711][mephisto.operations.client_io_handler][WARNING] - [31;1m[Version Mismatch!!][0m: Package `mephisto-task` version mismatch. Expected version 2.0.4 but frontend is currently using 2.0.3. This may cause unexpected errors, be sure to update your `mephisto-task` dependency with `npm install mephisto-task@2.0.4 --save`. If this warning still persists or the version isn't found, please open an issue at https://github.com/facebookresearch/Mephisto/issues
[2024-03-01 15:06:57,321][mephisto.operations.operator][INFO] - Operator running task ID = 67
[2024-03-01 15:06:58,219][mephisto.abstractions.blueprints.abstract.static_task.static_agent_state][INFO] - SAVED_DATA_TO_DISC at /home/martins_32048/mephisto-data/data/data/runs/NO_PROJECT/67/929/248/agent_data.json
[2024-03-01 15:07:21,052][mephisto.operations.client_io_handler][WARNING] - [31;1m[Version Mismatch!!][0m: Package `mephisto-task` version mismatch. Expected version 2.0.4 but frontend is currently using 2.0.3. This may cause unexpected errors, be sure to update your `mephisto-task` dependency with `npm install mephisto-task@2.0.4 --save`. If this warning still persists or the version isn't found, please open an issue at https://github.com/facebookresearch/Mephisto/issues
[2024-03-01 15:07:25,451][mephisto.abstractions.blueprints.abstract.static_task.static_agent_state][INFO] - SAVED_DATA_TO_DISC at /home/martins_32048/mephisto-data/data/data/runs/NO_PROJECT/67/929/248/agent_data.json
[2024-03-01 15:07:27,333][mephisto.operations.operator][INFO] - Operator running task ID = 67
[2024-03-01 15:07:57,345][mephisto.operations.operator][INFO] - Operator running task ID = 67
[2024-03-01 15:08:27,353][mephisto.operations.operator][INFO] - Operator running task ID = 67
[2024-03-01 15:08:39,057][mephisto.operations.client_io_handler][WARNING] - [31;1m[Version Mismatch!!][0m: Package `mephisto-task` version mismatch. Expected version 2.0.4 but frontend is currently using 2.0.3. This may cause unexpected errors, be sure to update your `mephisto-task` dependency with `npm install mephisto-task@2.0.4 --save`. If this warning still persists or the version isn't found, please open an issue at https://github.com/facebookresearch/Mephisto/issues
[2024-03-01 15:08:39,088][mephisto.abstractions.blueprints.abstract.static_task.static_agent_state][INFO] - SAVED_DATA_TO_DISC at /home/martins_32048/mephisto-data/data/data/runs/NO_PROJECT/67/onboarding/onboarding_64/agent_data.json
[2024-03-01 15:08:39,089][mephisto.operations.worker_pool][INFO] - MockWorker(67) is starting onboarding thread with onboarding OnboardingAgent(64, none).
[2024-03-01 15:08:39,781][mephisto.abstractions.blueprints.abstract.static_task.static_agent_state][INFO] - SAVED_DATA_TO_DISC at /home/martins_32048/mephisto-data/data/data/runs/NO_PROJECT/67/onboarding/onboarding_64/agent_data.json
[2024-03-01 15:08:39,786][mephisto.operations.worker_pool][INFO] - Onboarding agent onboarding_64 registered out from onboarding
[2024-03-01 15:08:39,790][mephisto.abstractions.blueprints.abstract.static_task.static_agent_state][INFO] - SAVED_DATA_TO_DISC at /home/martins_32048/mephisto-data/data/data/runs/NO_PROJECT/67/929/249/agent_data.json
[2024-03-01 15:08:39,802][mephisto.operations.client_io_handler][WARNING] - [FRONT_END_ERROR]: {'error': 'data.map is not a function', 'errorInfo': {'componentStack': '\n    at SimpleFrontend (webpack://mephisto-task-compiler/./src/components/core_components.jsx?:137:24)\n    at p (webpack://mephisto-task-compiler/./node_modules/mephisto-task/build/bundle.js?:1:51620)\n    at div\n    at MainApp (webpack://mephisto-task-compiler/./src/app.jsx?:24:88)'}}
[2024-03-01 15:08:41,764][mephisto.operations.client_io_handler][WARNING] - [31;1m[Version Mismatch!!][0m: Package `mephisto-task` version mismatch. Expected version 2.0.4 but frontend is currently using 2.0.3. This may cause unexpected errors, be sure to update your `mephisto-task` dependency with `npm install mephisto-task@2.0.4 --save`. If this warning still persists or the version isn't found, please open an issue at https://github.com/facebookresearch/Mephisto/issues
[2024-03-01 15:08:57,361][mephisto.operations.operator][INFO] - Operator running task ID = 67
[2024-03-01 15:09:27,370][mephisto.operations.operator][INFO] - Operator running task ID = 67
[2024-03-01 15:09:45,864][mephisto.operations.client_io_handler][WARNING] - [31;1m[Version Mismatch!!][0m: Package `mephisto-task` version mismatch. Expected version 2.0.4 but frontend is currently using 2.0.3. This may cause unexpected errors, be sure to update your `mephisto-task` dependency with `npm install mephisto-task@2.0.4 --save`. If this warning still persists or the version isn't found, please open an issue at https://github.com/facebookresearch/Mephisto/issues
[2024-03-01 15:09:57,381][mephisto.operations.operator][INFO] - Operator running task ID = 67
[2024-03-01 15:10:27,388][mephisto.operations.operator][INFO] - Operator running task ID = 67
[2024-03-01 15:10:32,597][mephisto.operations.operator][ERROR] - Cleaning up after keyboard interrupt, please [31;1mwait to Ctrl-C again[0m until instructed to.
[2024-03-01 15:10:32,597][mephisto.operations.operator][INFO] - operator shutting down
[2024-03-01 15:10:32,597][mephisto.operations.operator][INFO] - Expiring units for task run 67.
[2024-03-01 15:10:32,772][mephisto.operations.operator][INFO] - Waiting on 1 task runs with assignments in-flight. [31;1mCtrl-C ONCE[0m to kill running tasks and FORCE QUIT.
[2024-03-01 15:10:32,997][sh.command][INFO] - <Command '/usr/bin/rm -rf /home/martins_32048/Projects/Mephisto/tmp/local_server_67/server', pid 1975305>: process started
