[2023-09-29 14:58:12,074][root][WARNING] - Mephisto supports rich run-time metrics visualization through Prometheus and Grafana. If you'd like to use this feature, use `mephisto metrics install` to install.(Current install dir is '/home/martins_32048/Projects/Mephisto/mephisto/scripts/metrics')'
[2023-09-29 14:58:12,167][mephisto.operations.operator][INFO] - Creating a task run under task name: custom-react-tutorial-iterating
[2023-09-29 14:58:13,240][sh.command][INFO] - <Command '/usr/bin/rm -rf /home/martins_32048/mephisto-data/data/data/runs/NO_PROJECT/16/build/router', pid 2413817>: process started
[2023-09-29 14:58:14,698][sh.command][INFO] - <Command '/usr/bin/rm -rf /home/martins_32048/mephisto-data/data/data/runs/NO_PROJECT/16/build/router', pid 2413829>: process started
[2023-09-29 14:58:14,759][mephisto.operations.client_io_handler][INFO] - Sending alive
[2023-09-29 14:58:14,759][mephisto.operations.client_io_handler][INFO] - Sending alive
[2023-09-29 14:58:14,772][mephisto.operations.client_io_handler][INFO] - Sending alive
[2023-09-29 14:58:14,773][mephisto.abstractions.architects.channels.websocket_channel][INFO] - channel open
[2023-09-29 14:58:15,088][mephisto.operations.operator][INFO] - Operator running task ID = 16
[2023-09-29 14:58:15,091][mephisto.abstractions.providers.mock.mock_unit][INFO] - Mock task launched: http://localhost:3000 for preview, http://localhost:3000/?worker_id=x&assignment_id=29 for assignment 27
[2023-09-29 14:58:15,093][mephisto.abstractions.providers.mock.mock_unit][INFO] - Mock task launched: http://localhost:3000 for preview, http://localhost:3000/?worker_id=x&assignment_id=30 for assignment 28
[2023-09-29 14:58:15,834][mephisto.operations.client_io_handler][WARNING] - [31;1m[Version Mismatch!!][0m: Package `mephisto-task` version mismatch. Expected version 2.0.4 but frontend is currently using 2.0.3. This may cause unexpected errors, be sure to update your `mephisto-task` dependency with `npm install mephisto-task@2.0.4 --save`. If this warning still persists or the version isn't found, please open an issue at https://github.com/facebookresearch/Mephisto/issues
[2023-09-29 14:58:15,860][mephisto.abstractions.blueprints.abstract.static_task.static_agent_state][INFO] - SAVED_DATA_TO_DISC at /home/martins_32048/mephisto-data/data/data/runs/NO_PROJECT/16/27/14/agent_data.json
[2023-09-29 14:58:45,098][mephisto.operations.operator][INFO] - Operator running task ID = 16
[2023-09-29 14:58:55,500][mephisto.operations.client_io_handler][WARNING] - [31;1m[Version Mismatch!!][0m: Package `mephisto-task` version mismatch. Expected version 2.0.4 but frontend is currently using 2.0.3. This may cause unexpected errors, be sure to update your `mephisto-task` dependency with `npm install mephisto-task@2.0.4 --save`. If this warning still persists or the version isn't found, please open an issue at https://github.com/facebookresearch/Mephisto/issues
[2023-09-29 14:59:10,632][mephisto.operations.client_io_handler][WARNING] - [31;1m[Version Mismatch!!][0m: Package `mephisto-task` version mismatch. Expected version 2.0.4 but frontend is currently using 2.0.3. This may cause unexpected errors, be sure to update your `mephisto-task` dependency with `npm install mephisto-task@2.0.4 --save`. If this warning still persists or the version isn't found, please open an issue at https://github.com/facebookresearch/Mephisto/issues
[2023-09-29 14:59:15,105][mephisto.operations.operator][INFO] - Operator running task ID = 16
[2023-09-29 14:59:45,115][mephisto.operations.operator][INFO] - Operator running task ID = 16
[2023-09-29 15:00:13,825][mephisto.operations.operator][ERROR] - Cleaning up after keyboard interrupt, please [31;1mwait to Ctrl-C again[0m until instructed to.
[2023-09-29 15:00:13,825][mephisto.operations.operator][INFO] - operator shutting down
[2023-09-29 15:00:13,825][mephisto.operations.operator][INFO] - Expiring units for task run 16.
[2023-09-29 15:00:13,854][mephisto.operations.operator][INFO] - Waiting on 1 task runs with assignments in-flight. [31;1mCtrl-C ONCE[0m to kill running tasks and FORCE QUIT.
[2023-09-29 15:00:14,079][sh.command][INFO] - <Command '/usr/bin/rm -rf /home/martins_32048/Projects/Mephisto/tmp/local_server_16/server', pid 2413964>: process started
