[2024-03-04 11:41:35,089][root][WARNING] - Mephisto supports rich run-time metrics visualization through Prometheus and Grafana. If you'd like to use this feature, use `mephisto metrics install` to install.(Current install dir is '/home/martins_32048/Projects/Mephisto/mephisto/scripts/metrics')'
[2024-03-04 11:41:35,110][mephisto.operations.operator][INFO] - Creating a task run under task name: react-word-sentiment
[2024-03-04 11:41:36,021][sh.command][INFO] - <Command '/usr/bin/rm -rf /home/martins_32048/mephisto-data/data/data/runs/NO_PROJECT/74/build/router', pid 2228593>: process started
[2024-03-04 11:41:37,325][sh.command][INFO] - <Command '/usr/bin/rm -rf /home/martins_32048/mephisto-data/data/data/runs/NO_PROJECT/74/build/router', pid 2228605>: process started
[2024-03-04 11:41:37,340][mephisto.operations.client_io_handler][INFO] - Sending alive
[2024-03-04 11:41:37,340][mephisto.operations.client_io_handler][INFO] - Sending alive
[2024-03-04 11:41:37,357][mephisto.operations.client_io_handler][INFO] - Sending alive
[2024-03-04 11:41:37,357][mephisto.abstractions.architects.channels.websocket_channel][INFO] - channel open
[2024-03-04 11:41:37,643][mephisto.operations.operator][INFO] - Operator running task ID = 74
[2024-03-04 11:41:40,026][mephisto.operations.client_io_handler][WARNING] - [31;1m[Version Mismatch!!][0m: Package `mephisto-task` version mismatch. Expected version 2.0.4 but frontend is currently using 2.0.3. This may cause unexpected errors, be sure to update your `mephisto-task` dependency with `npm install mephisto-task@2.0.4 --save`. If this warning still persists or the version isn't found, please open an issue at https://github.com/facebookresearch/Mephisto/issues
[2024-03-04 11:41:41,581][mephisto.operations.client_io_handler][WARNING] - [31;1m[Version Mismatch!!][0m: Package `mephisto-task` version mismatch. Expected version 2.0.4 but frontend is currently using 2.0.3. This may cause unexpected errors, be sure to update your `mephisto-task` dependency with `npm install mephisto-task@2.0.4 --save`. If this warning still persists or the version isn't found, please open an issue at https://github.com/facebookresearch/Mephisto/issues
[2024-03-04 11:41:47,692][mephisto.abstractions.providers.mock.mock_unit][INFO] - Mock task launched: http://localhost:3000 for preview, http://localhost:3000/?worker_id=x&assignment_id=1941 for assignment 965
[2024-03-04 11:41:47,696][mephisto.abstractions.providers.mock.mock_unit][INFO] - Mock task launched: http://localhost:3000 for preview, http://localhost:3000/?worker_id=x&assignment_id=1942 for assignment 966
[2024-03-04 11:41:47,699][mephisto.abstractions.providers.mock.mock_unit][INFO] - Mock task launched: http://localhost:3000 for preview, http://localhost:3000/?worker_id=x&assignment_id=1943 for assignment 967
[2024-03-04 11:41:47,700][mephisto.abstractions.providers.mock.mock_unit][INFO] - Mock task launched: http://localhost:3000 for preview, http://localhost:3000/?worker_id=x&assignment_id=1944 for assignment 968
[2024-03-04 11:41:47,702][mephisto.abstractions.providers.mock.mock_unit][INFO] - Mock task launched: http://localhost:3000 for preview, http://localhost:3000/?worker_id=x&assignment_id=1945 for assignment 969
[2024-03-04 11:41:47,704][mephisto.abstractions.providers.mock.mock_unit][INFO] - Mock task launched: http://localhost:3000 for preview, http://localhost:3000/?worker_id=x&assignment_id=1946 for assignment 970
[2024-03-04 11:41:50,423][mephisto.abstractions.blueprints.abstract.static_task.static_agent_state][INFO] - SAVED_DATA_TO_DISC at /home/martins_32048/mephisto-data/data/data/runs/NO_PROJECT/74/onboarding/onboarding_78/agent_data.json
[2024-03-04 11:41:50,423][mephisto.operations.worker_pool][INFO] - MockWorker(88) is starting onboarding thread with onboarding OnboardingAgent(78, none).
[2024-03-04 11:41:50,427][mephisto.operations.client_io_handler][WARNING] - [31;1m[Version Mismatch!!][0m: Package `mephisto-task` version mismatch. Expected version 2.0.4 but frontend is currently using 2.0.3. This may cause unexpected errors, be sure to update your `mephisto-task` dependency with `npm install mephisto-task@2.0.4 --save`. If this warning still persists or the version isn't found, please open an issue at https://github.com/facebookresearch/Mephisto/issues
[2024-03-04 11:41:51,895][mephisto.abstractions.blueprints.abstract.static_task.static_agent_state][INFO] - SAVED_DATA_TO_DISC at /home/martins_32048/mephisto-data/data/data/runs/NO_PROJECT/74/onboarding/onboarding_78/agent_data.json
[2024-03-04 11:41:51,900][mephisto.operations.worker_pool][INFO] - Onboarding agent onboarding_78 registered out from onboarding
[2024-03-04 11:41:51,905][mephisto.abstractions.blueprints.abstract.static_task.static_agent_state][INFO] - SAVED_DATA_TO_DISC at /home/martins_32048/mephisto-data/data/data/runs/NO_PROJECT/74/965/263/agent_data.json
[2024-03-04 11:42:07,653][mephisto.operations.operator][INFO] - Operator running task ID = 74
[2024-03-04 11:42:12,489][mephisto.operations.client_io_handler][WARNING] - [31;1m[Version Mismatch!!][0m: Package `mephisto-task` version mismatch. Expected version 2.0.4 but frontend is currently using 2.0.3. This may cause unexpected errors, be sure to update your `mephisto-task` dependency with `npm install mephisto-task@2.0.4 --save`. If this warning still persists or the version isn't found, please open an issue at https://github.com/facebookresearch/Mephisto/issues
[2024-03-04 11:42:12,495][mephisto.abstractions.blueprints.abstract.static_task.static_agent_state][INFO] - SAVED_DATA_TO_DISC at /home/martins_32048/mephisto-data/data/data/runs/NO_PROJECT/74/966/264/agent_data.json
[2024-03-04 11:42:37,666][mephisto.operations.operator][INFO] - Operator running task ID = 74
[2024-03-04 11:43:07,672][mephisto.operations.operator][INFO] - Operator running task ID = 74
[2024-03-04 11:43:37,681][mephisto.operations.operator][INFO] - Operator running task ID = 74
[2024-03-04 11:44:07,692][mephisto.operations.operator][INFO] - Operator running task ID = 74
[2024-03-04 11:44:37,706][mephisto.operations.operator][INFO] - Operator running task ID = 74
[2024-03-04 11:45:07,716][mephisto.operations.operator][INFO] - Operator running task ID = 74
[2024-03-04 11:45:37,727][mephisto.operations.operator][INFO] - Operator running task ID = 74
[2024-03-04 11:46:07,738][mephisto.operations.operator][INFO] - Operator running task ID = 74
[2024-03-04 11:46:37,747][mephisto.operations.operator][INFO] - Operator running task ID = 74
[2024-03-04 11:47:07,757][mephisto.operations.operator][INFO] - Operator running task ID = 74
[2024-03-04 11:47:37,766][mephisto.operations.operator][INFO] - Operator running task ID = 74
[2024-03-04 11:48:07,776][mephisto.operations.operator][INFO] - Operator running task ID = 74
[2024-03-04 11:48:37,782][mephisto.operations.operator][INFO] - Operator running task ID = 74
[2024-03-04 11:49:07,788][mephisto.operations.operator][INFO] - Operator running task ID = 74
[2024-03-04 11:49:37,799][mephisto.operations.operator][INFO] - Operator running task ID = 74
[2024-03-04 11:50:07,808][mephisto.operations.operator][INFO] - Operator running task ID = 74
[2024-03-04 11:50:37,818][mephisto.operations.operator][INFO] - Operator running task ID = 74
[2024-03-04 11:51:07,827][mephisto.operations.operator][INFO] - Operator running task ID = 74
[2024-03-04 11:51:37,837][mephisto.operations.operator][INFO] - Operator running task ID = 74
[2024-03-04 11:52:07,846][mephisto.operations.operator][INFO] - Operator running task ID = 74
[2024-03-04 11:52:37,857][mephisto.operations.operator][INFO] - Operator running task ID = 74
[2024-03-04 11:53:07,866][mephisto.operations.operator][INFO] - Operator running task ID = 74
[2024-03-04 11:53:37,876][mephisto.operations.operator][INFO] - Operator running task ID = 74
[2024-03-04 11:54:07,884][mephisto.operations.operator][INFO] - Operator running task ID = 74
[2024-03-04 11:54:37,890][mephisto.operations.operator][INFO] - Operator running task ID = 74
[2024-03-04 11:55:07,898][mephisto.operations.operator][INFO] - Operator running task ID = 74
[2024-03-04 11:55:37,906][mephisto.operations.operator][INFO] - Operator running task ID = 74
[2024-03-04 11:56:07,917][mephisto.operations.operator][INFO] - Operator running task ID = 74
[2024-03-04 11:56:37,924][mephisto.operations.operator][INFO] - Operator running task ID = 74
[2024-03-04 11:57:07,929][mephisto.operations.operator][INFO] - Operator running task ID = 74
[2024-03-04 11:57:37,938][mephisto.operations.operator][INFO] - Operator running task ID = 74
[2024-03-04 11:58:07,947][mephisto.operations.operator][INFO] - Operator running task ID = 74
[2024-03-04 11:58:37,958][mephisto.operations.operator][INFO] - Operator running task ID = 74
[2024-03-04 11:59:07,966][mephisto.operations.operator][INFO] - Operator running task ID = 74
[2024-03-04 11:59:37,978][mephisto.operations.operator][INFO] - Operator running task ID = 74
[2024-03-04 12:00:07,988][mephisto.operations.operator][INFO] - Operator running task ID = 74
[2024-03-04 12:00:37,998][mephisto.operations.operator][INFO] - Operator running task ID = 74
[2024-03-04 12:01:08,008][mephisto.operations.operator][INFO] - Operator running task ID = 74
[2024-03-04 12:01:38,018][mephisto.operations.operator][INFO] - Operator running task ID = 74
[2024-03-04 12:02:08,024][mephisto.operations.operator][INFO] - Operator running task ID = 74
[2024-03-04 12:02:38,034][mephisto.operations.operator][INFO] - Operator running task ID = 74
[2024-03-04 12:03:08,039][mephisto.operations.operator][INFO] - Operator running task ID = 74
[2024-03-04 12:03:38,050][mephisto.operations.operator][INFO] - Operator running task ID = 74
[2024-03-04 12:04:08,056][mephisto.operations.operator][INFO] - Operator running task ID = 74
[2024-03-04 12:04:38,067][mephisto.operations.operator][INFO] - Operator running task ID = 74
[2024-03-04 12:05:08,076][mephisto.operations.operator][INFO] - Operator running task ID = 74
[2024-03-04 12:05:38,086][mephisto.operations.operator][INFO] - Operator running task ID = 74
[2024-03-04 12:06:08,094][mephisto.operations.operator][INFO] - Operator running task ID = 74
[2024-03-04 12:06:38,102][mephisto.operations.operator][INFO] - Operator running task ID = 74
[2024-03-04 12:07:08,108][mephisto.operations.operator][INFO] - Operator running task ID = 74
[2024-03-04 12:07:38,117][mephisto.operations.operator][INFO] - Operator running task ID = 74
[2024-03-04 12:08:08,124][mephisto.operations.operator][INFO] - Operator running task ID = 74
[2024-03-04 12:08:38,129][mephisto.operations.operator][INFO] - Operator running task ID = 74
[2024-03-04 12:09:08,137][mephisto.operations.operator][INFO] - Operator running task ID = 74
[2024-03-04 12:09:38,149][mephisto.operations.operator][INFO] - Operator running task ID = 74
[2024-03-04 12:10:08,155][mephisto.operations.operator][INFO] - Operator running task ID = 74
[2024-03-04 12:10:38,166][mephisto.operations.operator][INFO] - Operator running task ID = 74
[2024-03-04 12:11:08,172][mephisto.operations.operator][INFO] - Operator running task ID = 74
[2024-03-04 12:11:38,178][mephisto.operations.operator][INFO] - Operator running task ID = 74
[2024-03-04 12:11:51,907][mephisto.abstractions._subcomponents.task_runner][ERROR] - Handled exception in unit MockUnit(1941, assigned)
Traceback (most recent call last):
  File "/home/martins_32048/Projects/Mephisto/mephisto/abstractions/_subcomponents/task_runner.py", line 266, in _launch_and_run_unit
    self.run_unit(unit, agent)
  File "/home/martins_32048/Projects/Mephisto/mephisto/abstractions/blueprints/abstract/static_task/static_task_runner.py", line 69, in run_unit
    agent.await_submit(self.assignment_duration_in_seconds)
  File "/home/martins_32048/Projects/Mephisto/mephisto/abstractions/providers/mock/mock_agent.py", line 109, in await_submit
    return super().await_submit(timeout)
  File "/home/martins_32048/Projects/Mephisto/mephisto/data_model/agent.py", line 256, in await_submit
    raise AgentTimeoutError(timeout, self.db_id)
mephisto.data_model.exceptions.AgentTimeoutError: (1800, '263')
[2024-03-04 12:12:08,184][mephisto.operations.operator][INFO] - Operator running task ID = 74
[2024-03-04 12:12:12,500][mephisto.abstractions._subcomponents.task_runner][ERROR] - Handled exception in unit MockUnit(1942, assigned)
Traceback (most recent call last):
  File "/home/martins_32048/Projects/Mephisto/mephisto/abstractions/_subcomponents/task_runner.py", line 266, in _launch_and_run_unit
    self.run_unit(unit, agent)
  File "/home/martins_32048/Projects/Mephisto/mephisto/abstractions/blueprints/abstract/static_task/static_task_runner.py", line 69, in run_unit
    agent.await_submit(self.assignment_duration_in_seconds)
  File "/home/martins_32048/Projects/Mephisto/mephisto/abstractions/providers/mock/mock_agent.py", line 109, in await_submit
    return super().await_submit(timeout)
  File "/home/martins_32048/Projects/Mephisto/mephisto/data_model/agent.py", line 256, in await_submit
    raise AgentTimeoutError(timeout, self.db_id)
mephisto.data_model.exceptions.AgentTimeoutError: (1800, '264')
[2024-03-04 12:12:38,191][mephisto.operations.operator][INFO] - Operator running task ID = 74
[2024-03-04 12:13:08,199][mephisto.operations.operator][INFO] - Operator running task ID = 74
[2024-03-04 12:13:38,206][mephisto.operations.operator][INFO] - Operator running task ID = 74
[2024-03-04 12:14:08,214][mephisto.operations.operator][INFO] - Operator running task ID = 74
[2024-03-04 12:14:38,222][mephisto.operations.operator][INFO] - Operator running task ID = 74
[2024-03-04 12:15:08,227][mephisto.operations.operator][INFO] - Operator running task ID = 74
[2024-03-04 12:15:38,233][mephisto.operations.operator][INFO] - Operator running task ID = 74
[2024-03-04 12:16:08,241][mephisto.operations.operator][INFO] - Operator running task ID = 74
[2024-03-04 12:16:38,245][mephisto.operations.operator][INFO] - Operator running task ID = 74
[2024-03-04 12:17:08,251][mephisto.operations.operator][INFO] - Operator running task ID = 74
[2024-03-04 12:17:38,258][mephisto.operations.operator][INFO] - Operator running task ID = 74
[2024-03-04 12:18:08,265][mephisto.operations.operator][INFO] - Operator running task ID = 74
[2024-03-04 12:18:38,269][mephisto.operations.operator][INFO] - Operator running task ID = 74
[2024-03-04 12:19:08,277][mephisto.operations.operator][INFO] - Operator running task ID = 74
[2024-03-04 12:19:38,286][mephisto.operations.operator][INFO] - Operator running task ID = 74
[2024-03-04 12:20:08,291][mephisto.operations.operator][INFO] - Operator running task ID = 74
[2024-03-04 12:20:38,298][mephisto.operations.operator][INFO] - Operator running task ID = 74
[2024-03-04 12:21:08,308][mephisto.operations.operator][INFO] - Operator running task ID = 74
[2024-03-04 12:21:38,315][mephisto.operations.operator][INFO] - Operator running task ID = 74
[2024-03-04 12:22:08,319][mephisto.operations.operator][INFO] - Operator running task ID = 74
[2024-03-04 12:22:38,328][mephisto.operations.operator][INFO] - Operator running task ID = 74
[2024-03-04 12:23:08,336][mephisto.operations.operator][INFO] - Operator running task ID = 74
[2024-03-04 12:23:38,347][mephisto.operations.operator][INFO] - Operator running task ID = 74
[2024-03-04 12:24:08,355][mephisto.operations.operator][INFO] - Operator running task ID = 74
[2024-03-04 12:24:38,362][mephisto.operations.operator][INFO] - Operator running task ID = 74
[2024-03-04 12:25:08,367][mephisto.operations.operator][INFO] - Operator running task ID = 74
[2024-03-04 12:25:38,375][mephisto.operations.operator][INFO] - Operator running task ID = 74
[2024-03-04 12:26:08,382][mephisto.operations.operator][INFO] - Operator running task ID = 74
[2024-03-04 12:26:38,390][mephisto.operations.operator][INFO] - Operator running task ID = 74
[2024-03-04 12:27:08,395][mephisto.operations.operator][INFO] - Operator running task ID = 74
[2024-03-04 12:27:38,402][mephisto.operations.operator][INFO] - Operator running task ID = 74
[2024-03-04 12:28:08,407][mephisto.operations.operator][INFO] - Operator running task ID = 74
[2024-03-04 12:28:38,416][mephisto.operations.operator][INFO] - Operator running task ID = 74
[2024-03-04 12:29:08,423][mephisto.operations.operator][INFO] - Operator running task ID = 74
[2024-03-04 12:29:38,429][mephisto.operations.operator][INFO] - Operator running task ID = 74
[2024-03-04 12:30:08,435][mephisto.operations.operator][INFO] - Operator running task ID = 74
[2024-03-04 12:30:38,442][mephisto.operations.operator][INFO] - Operator running task ID = 74
[2024-03-04 12:31:08,448][mephisto.operations.operator][INFO] - Operator running task ID = 74
[2024-03-04 12:31:38,457][mephisto.operations.operator][INFO] - Operator running task ID = 74
[2024-03-04 12:32:08,463][mephisto.operations.operator][INFO] - Operator running task ID = 74
[2024-03-04 12:32:30,556][mephisto.abstractions.blueprints.abstract.static_task.static_agent_state][INFO] - SAVED_DATA_TO_DISC at /home/martins_32048/mephisto-data/data/data/runs/NO_PROJECT/74/965/263/agent_data.json
[2024-03-04 12:32:38,469][mephisto.operations.operator][INFO] - Operator running task ID = 74
[2024-03-04 12:33:08,474][mephisto.operations.operator][INFO] - Operator running task ID = 74
[2024-03-04 12:33:38,481][mephisto.operations.operator][INFO] - Operator running task ID = 74
[2024-03-04 12:34:08,487][mephisto.operations.operator][INFO] - Operator running task ID = 74
[2024-03-04 12:34:38,493][mephisto.operations.operator][INFO] - Operator running task ID = 74
[2024-03-04 12:35:08,498][mephisto.operations.operator][INFO] - Operator running task ID = 74
[2024-03-04 12:35:38,505][mephisto.operations.operator][INFO] - Operator running task ID = 74
[2024-03-04 12:36:08,511][mephisto.operations.operator][INFO] - Operator running task ID = 74
[2024-03-04 12:36:38,518][mephisto.operations.operator][INFO] - Operator running task ID = 74
[2024-03-04 12:37:08,523][mephisto.operations.operator][INFO] - Operator running task ID = 74
[2024-03-04 12:37:38,530][mephisto.operations.operator][INFO] - Operator running task ID = 74
[2024-03-04 12:38:08,536][mephisto.operations.operator][INFO] - Operator running task ID = 74
[2024-03-04 12:38:38,541][mephisto.operations.operator][INFO] - Operator running task ID = 74
[2024-03-04 12:39:08,547][mephisto.operations.operator][INFO] - Operator running task ID = 74
[2024-03-04 12:39:38,554][mephisto.operations.operator][INFO] - Operator running task ID = 74
[2024-03-04 12:40:08,558][mephisto.operations.operator][INFO] - Operator running task ID = 74
[2024-03-04 12:40:38,566][mephisto.operations.operator][INFO] - Operator running task ID = 74
[2024-03-04 12:41:08,088][mephisto.operations.operator][ERROR] - Cleaning up after keyboard interrupt, please [31;1mwait to Ctrl-C again[0m until instructed to.
[2024-03-04 12:41:08,088][mephisto.operations.operator][INFO] - operator shutting down
[2024-03-04 12:41:08,088][mephisto.operations.operator][INFO] - Expiring units for task run 74.
[2024-03-04 12:41:08,130][mephisto.operations.operator][INFO] - Waiting on 1 task runs with assignments in-flight. [31;1mCtrl-C ONCE[0m to kill running tasks and FORCE QUIT.
[2024-03-04 12:41:08,352][sh.command][INFO] - <Command '/usr/bin/rm -rf /home/martins_32048/Projects/Mephisto/tmp/local_server_74/server', pid 2231070>: process started
