[2024-02-29 14:45:34,629][root][WARNING] - Mephisto supports rich run-time metrics visualization through Prometheus and Grafana. If you'd like to use this feature, use `mephisto metrics install` to install.(Current install dir is '/home/martins_32048/Projects/Mephisto/mephisto/scripts/metrics')'
[2024-02-29 14:45:34,677][mephisto.operations.operator][INFO] - Creating a task run under task name: react-static-task-example
[2024-02-29 14:45:35,543][sh.command][INFO] - <Command '/usr/bin/rm -rf /home/martins_32048/mephisto-data/data/data/runs/NO_PROJECT/59/build/router', pid 1911521>: process started
[2024-02-29 14:45:36,834][sh.command][INFO] - <Command '/usr/bin/rm -rf /home/martins_32048/mephisto-data/data/data/runs/NO_PROJECT/59/build/router', pid 1911533>: process started
[2024-02-29 14:45:36,851][mephisto.operations.client_io_handler][INFO] - Sending alive
[2024-02-29 14:45:36,851][mephisto.operations.client_io_handler][INFO] - Sending alive
[2024-02-29 14:45:36,865][mephisto.operations.client_io_handler][INFO] - Sending alive
[2024-02-29 14:45:36,865][mephisto.abstractions.architects.channels.websocket_channel][INFO] - channel open
[2024-02-29 14:45:37,154][mephisto.operations.operator][INFO] - Operator running task ID = 59
[2024-02-29 14:45:47,176][mephisto.abstractions.providers.mock.mock_unit][INFO] - Mock task launched: http://localhost:3000 for preview, http://localhost:3000/?worker_id=x&assignment_id=1767 for assignment 857
[2024-02-29 14:45:47,179][mephisto.abstractions.providers.mock.mock_unit][INFO] - Mock task launched: http://localhost:3000 for preview, http://localhost:3000/?worker_id=x&assignment_id=1768 for assignment 858
[2024-02-29 14:45:47,182][mephisto.abstractions.providers.mock.mock_unit][INFO] - Mock task launched: http://localhost:3000 for preview, http://localhost:3000/?worker_id=x&assignment_id=1769 for assignment 859
[2024-02-29 14:45:47,184][mephisto.abstractions.providers.mock.mock_unit][INFO] - Mock task launched: http://localhost:3000 for preview, http://localhost:3000/?worker_id=x&assignment_id=1770 for assignment 860
[2024-02-29 14:45:47,185][mephisto.abstractions.providers.mock.mock_unit][INFO] - Mock task launched: http://localhost:3000 for preview, http://localhost:3000/?worker_id=x&assignment_id=1771 for assignment 861
[2024-02-29 14:45:47,187][mephisto.abstractions.providers.mock.mock_unit][INFO] - Mock task launched: http://localhost:3000 for preview, http://localhost:3000/?worker_id=x&assignment_id=1772 for assignment 862
[2024-02-29 14:45:47,189][mephisto.abstractions.providers.mock.mock_unit][INFO] - Mock task launched: http://localhost:3000 for preview, http://localhost:3000/?worker_id=x&assignment_id=1773 for assignment 863
[2024-02-29 14:45:47,190][mephisto.abstractions.providers.mock.mock_unit][INFO] - Mock task launched: http://localhost:3000 for preview, http://localhost:3000/?worker_id=x&assignment_id=1774 for assignment 864
[2024-02-29 14:45:47,192][mephisto.abstractions.providers.mock.mock_unit][INFO] - Mock task launched: http://localhost:3000 for preview, http://localhost:3000/?worker_id=x&assignment_id=1775 for assignment 865
[2024-02-29 14:45:51,904][mephisto.operations.client_io_handler][WARNING] - [31;1m[Version Mismatch!!][0m: Package `mephisto-task` version mismatch. Expected version 2.0.4 but frontend is currently using 2.0.3. This may cause unexpected errors, be sure to update your `mephisto-task` dependency with `npm install mephisto-task@2.0.4 --save`. If this warning still persists or the version isn't found, please open an issue at https://github.com/facebookresearch/Mephisto/issues
[2024-02-29 14:45:51,915][mephisto.abstractions.blueprints.abstract.static_task.static_agent_state][INFO] - SAVED_DATA_TO_DISC at /home/martins_32048/mephisto-data/data/data/runs/NO_PROJECT/59/857/213/agent_data.json
[2024-02-29 14:45:55,714][mephisto.abstractions.blueprints.abstract.static_task.static_agent_state][INFO] - SAVED_DATA_TO_DISC at /home/martins_32048/mephisto-data/data/data/runs/NO_PROJECT/59/857/213/agent_data.json
[2024-02-29 14:45:58,679][mephisto.abstractions.blueprints.abstract.static_task.static_agent_state][INFO] - SAVED_DATA_TO_DISC at /home/martins_32048/mephisto-data/data/data/runs/NO_PROJECT/59/857/213/agent_data.json
[2024-02-29 14:46:01,262][mephisto.abstractions.blueprints.abstract.static_task.static_agent_state][INFO] - SAVED_DATA_TO_DISC at /home/martins_32048/mephisto-data/data/data/runs/NO_PROJECT/59/857/213/agent_data.json
[2024-02-29 14:46:06,633][mephisto.operations.client_io_handler][WARNING] - [31;1m[Version Mismatch!!][0m: Package `mephisto-task` version mismatch. Expected version 2.0.4 but frontend is currently using 2.0.3. This may cause unexpected errors, be sure to update your `mephisto-task` dependency with `npm install mephisto-task@2.0.4 --save`. If this warning still persists or the version isn't found, please open an issue at https://github.com/facebookresearch/Mephisto/issues
[2024-02-29 14:46:07,159][mephisto.operations.operator][INFO] - Operator running task ID = 59
[2024-02-29 14:46:10,001][mephisto.operations.client_io_handler][WARNING] - [31;1m[Version Mismatch!!][0m: Package `mephisto-task` version mismatch. Expected version 2.0.4 but frontend is currently using 2.0.3. This may cause unexpected errors, be sure to update your `mephisto-task` dependency with `npm install mephisto-task@2.0.4 --save`. If this warning still persists or the version isn't found, please open an issue at https://github.com/facebookresearch/Mephisto/issues
[2024-02-29 14:46:16,186][mephisto.operations.client_io_handler][WARNING] - [31;1m[Version Mismatch!!][0m: Package `mephisto-task` version mismatch. Expected version 2.0.4 but frontend is currently using 2.0.3. This may cause unexpected errors, be sure to update your `mephisto-task` dependency with `npm install mephisto-task@2.0.4 --save`. If this warning still persists or the version isn't found, please open an issue at https://github.com/facebookresearch/Mephisto/issues
[2024-02-29 14:46:16,195][mephisto.abstractions.blueprints.abstract.static_task.static_agent_state][INFO] - SAVED_DATA_TO_DISC at /home/martins_32048/mephisto-data/data/data/runs/NO_PROJECT/59/onboarding/onboarding_32/agent_data.json
[2024-02-29 14:46:16,195][mephisto.operations.worker_pool][INFO] - MockWorker(31) is starting onboarding thread with onboarding OnboardingAgent(32, none).
[2024-02-29 14:46:22,920][mephisto.abstractions.blueprints.abstract.static_task.static_agent_state][INFO] - SAVED_DATA_TO_DISC at /home/martins_32048/mephisto-data/data/data/runs/NO_PROJECT/59/onboarding/onboarding_32/agent_data.json
[2024-02-29 14:46:22,927][mephisto.operations.worker_pool][INFO] - Onboarding agent onboarding_32 registered out from onboarding
[2024-02-29 14:46:22,933][mephisto.abstractions.blueprints.abstract.static_task.static_agent_state][INFO] - SAVED_DATA_TO_DISC at /home/martins_32048/mephisto-data/data/data/runs/NO_PROJECT/59/858/214/agent_data.json
[2024-02-29 14:46:22,945][mephisto.operations.client_io_handler][WARNING] - [FRONT_END_ERROR]: {'error': "Cannot read properties of undefined (reading 'word')", 'errorInfo': {'componentStack': '\n    at SimpleFrontend (webpack://mephisto-task-compiler/./src/components/core_components.jsx?:98:24)\n    at p (webpack://mephisto-task-compiler/./node_modules/mephisto-task/build/bundle.js?:1:51620)\n    at div\n    at MainApp (webpack://mephisto-task-compiler/./src/app.jsx?:24:88)'}}
[2024-02-29 14:46:29,566][mephisto.operations.client_io_handler][WARNING] - [31;1m[Version Mismatch!!][0m: Package `mephisto-task` version mismatch. Expected version 2.0.4 but frontend is currently using 2.0.3. This may cause unexpected errors, be sure to update your `mephisto-task` dependency with `npm install mephisto-task@2.0.4 --save`. If this warning still persists or the version isn't found, please open an issue at https://github.com/facebookresearch/Mephisto/issues
[2024-02-29 14:46:31,908][mephisto.abstractions.blueprints.abstract.static_task.static_agent_state][INFO] - SAVED_DATA_TO_DISC at /home/martins_32048/mephisto-data/data/data/runs/NO_PROJECT/59/858/214/agent_data.json
[2024-02-29 14:46:37,169][mephisto.operations.operator][INFO] - Operator running task ID = 59
[2024-02-29 14:47:07,180][mephisto.operations.operator][INFO] - Operator running task ID = 59
[2024-02-29 14:47:37,188][mephisto.operations.operator][INFO] - Operator running task ID = 59
[2024-02-29 14:48:07,201][mephisto.operations.operator][INFO] - Operator running task ID = 59
[2024-02-29 14:48:37,213][mephisto.operations.operator][INFO] - Operator running task ID = 59
[2024-02-29 14:49:00,084][mephisto.operations.client_io_handler][WARNING] - [31;1m[Version Mismatch!!][0m: Package `mephisto-task` version mismatch. Expected version 2.0.4 but frontend is currently using 2.0.3. This may cause unexpected errors, be sure to update your `mephisto-task` dependency with `npm install mephisto-task@2.0.4 --save`. If this warning still persists or the version isn't found, please open an issue at https://github.com/facebookresearch/Mephisto/issues
[2024-02-29 14:49:07,221][mephisto.operations.operator][INFO] - Operator running task ID = 59
[2024-02-29 14:49:37,233][mephisto.operations.operator][INFO] - Operator running task ID = 59
[2024-02-29 14:50:07,240][mephisto.operations.operator][INFO] - Operator running task ID = 59
[2024-02-29 14:50:37,246][mephisto.operations.operator][INFO] - Operator running task ID = 59
[2024-02-29 14:51:07,253][mephisto.operations.operator][INFO] - Operator running task ID = 59
[2024-02-29 14:51:09,816][mephisto.operations.client_io_handler][WARNING] - [31;1m[Version Mismatch!!][0m: Package `mephisto-task` version mismatch. Expected version 2.0.4 but frontend is currently using 2.0.3. This may cause unexpected errors, be sure to update your `mephisto-task` dependency with `npm install mephisto-task@2.0.4 --save`. If this warning still persists or the version isn't found, please open an issue at https://github.com/facebookresearch/Mephisto/issues
[2024-02-29 14:51:28,954][mephisto.operations.client_io_handler][WARNING] - [31;1m[Version Mismatch!!][0m: Package `mephisto-task` version mismatch. Expected version 2.0.4 but frontend is currently using 2.0.3. This may cause unexpected errors, be sure to update your `mephisto-task` dependency with `npm install mephisto-task@2.0.4 --save`. If this warning still persists or the version isn't found, please open an issue at https://github.com/facebookresearch/Mephisto/issues
[2024-02-29 14:51:37,262][mephisto.operations.operator][INFO] - Operator running task ID = 59
[2024-02-29 14:52:07,271][mephisto.operations.operator][INFO] - Operator running task ID = 59
[2024-02-29 14:52:37,284][mephisto.operations.operator][INFO] - Operator running task ID = 59
[2024-02-29 14:53:07,293][mephisto.operations.operator][INFO] - Operator running task ID = 59
[2024-02-29 14:53:37,304][mephisto.operations.operator][INFO] - Operator running task ID = 59
[2024-02-29 14:54:02,519][mephisto.operations.client_io_handler][WARNING] - [31;1m[Version Mismatch!!][0m: Package `mephisto-task` version mismatch. Expected version 2.0.4 but frontend is currently using 2.0.3. This may cause unexpected errors, be sure to update your `mephisto-task` dependency with `npm install mephisto-task@2.0.4 --save`. If this warning still persists or the version isn't found, please open an issue at https://github.com/facebookresearch/Mephisto/issues
[2024-02-29 14:54:07,312][mephisto.operations.operator][INFO] - Operator running task ID = 59
[2024-02-29 14:54:12,158][mephisto.operations.client_io_handler][WARNING] - [31;1m[Version Mismatch!!][0m: Package `mephisto-task` version mismatch. Expected version 2.0.4 but frontend is currently using 2.0.3. This may cause unexpected errors, be sure to update your `mephisto-task` dependency with `npm install mephisto-task@2.0.4 --save`. If this warning still persists or the version isn't found, please open an issue at https://github.com/facebookresearch/Mephisto/issues
[2024-02-29 14:54:37,320][mephisto.operations.operator][INFO] - Operator running task ID = 59
[2024-02-29 14:54:45,323][mephisto.operations.client_io_handler][WARNING] - [31;1m[Version Mismatch!!][0m: Package `mephisto-task` version mismatch. Expected version 2.0.4 but frontend is currently using 2.0.3. This may cause unexpected errors, be sure to update your `mephisto-task` dependency with `npm install mephisto-task@2.0.4 --save`. If this warning still persists or the version isn't found, please open an issue at https://github.com/facebookresearch/Mephisto/issues
[2024-02-29 14:55:07,328][mephisto.operations.operator][INFO] - Operator running task ID = 59
[2024-02-29 14:55:22,945][mephisto.operations.client_io_handler][WARNING] - [31;1m[Version Mismatch!!][0m: Package `mephisto-task` version mismatch. Expected version 2.0.4 but frontend is currently using 2.0.3. This may cause unexpected errors, be sure to update your `mephisto-task` dependency with `npm install mephisto-task@2.0.4 --save`. If this warning still persists or the version isn't found, please open an issue at https://github.com/facebookresearch/Mephisto/issues
[2024-02-29 14:55:37,337][mephisto.operations.operator][INFO] - Operator running task ID = 59
[2024-02-29 14:56:07,348][mephisto.operations.operator][INFO] - Operator running task ID = 59
[2024-02-29 14:56:37,359][mephisto.operations.operator][INFO] - Operator running task ID = 59
[2024-02-29 14:57:07,367][mephisto.operations.operator][INFO] - Operator running task ID = 59
[2024-02-29 14:57:37,377][mephisto.operations.operator][INFO] - Operator running task ID = 59
[2024-02-29 14:58:07,386][mephisto.operations.operator][INFO] - Operator running task ID = 59
[2024-02-29 14:58:37,396][mephisto.operations.operator][INFO] - Operator running task ID = 59
[2024-02-29 14:59:07,407][mephisto.operations.operator][INFO] - Operator running task ID = 59
[2024-02-29 14:59:13,849][mephisto.operations.client_io_handler][WARNING] - [31;1m[Version Mismatch!!][0m: Package `mephisto-task` version mismatch. Expected version 2.0.4 but frontend is currently using 2.0.3. This may cause unexpected errors, be sure to update your `mephisto-task` dependency with `npm install mephisto-task@2.0.4 --save`. If this warning still persists or the version isn't found, please open an issue at https://github.com/facebookresearch/Mephisto/issues
[2024-02-29 14:59:37,414][mephisto.operations.operator][INFO] - Operator running task ID = 59
[2024-02-29 15:00:07,421][mephisto.operations.operator][INFO] - Operator running task ID = 59
[2024-02-29 15:00:37,432][mephisto.operations.operator][INFO] - Operator running task ID = 59
[2024-02-29 15:00:58,202][mephisto.operations.client_io_handler][WARNING] - [31;1m[Version Mismatch!!][0m: Package `mephisto-task` version mismatch. Expected version 2.0.4 but frontend is currently using 2.0.3. This may cause unexpected errors, be sure to update your `mephisto-task` dependency with `npm install mephisto-task@2.0.4 --save`. If this warning still persists or the version isn't found, please open an issue at https://github.com/facebookresearch/Mephisto/issues
[2024-02-29 15:01:07,440][mephisto.operations.operator][INFO] - Operator running task ID = 59
[2024-02-29 15:01:37,450][mephisto.operations.operator][INFO] - Operator running task ID = 59
[2024-02-29 15:01:38,543][mephisto.operations.client_io_handler][WARNING] - [31;1m[Version Mismatch!!][0m: Package `mephisto-task` version mismatch. Expected version 2.0.4 but frontend is currently using 2.0.3. This may cause unexpected errors, be sure to update your `mephisto-task` dependency with `npm install mephisto-task@2.0.4 --save`. If this warning still persists or the version isn't found, please open an issue at https://github.com/facebookresearch/Mephisto/issues
[2024-02-29 15:01:38,549][mephisto.abstractions.blueprints.abstract.static_task.static_agent_state][INFO] - SAVED_DATA_TO_DISC at /home/martins_32048/mephisto-data/data/data/runs/NO_PROJECT/59/onboarding/onboarding_33/agent_data.json
[2024-02-29 15:01:38,549][mephisto.operations.worker_pool][INFO] - MockWorker(32) is starting onboarding thread with onboarding OnboardingAgent(33, none).
[2024-02-29 15:01:59,987][mephisto.operations.client_io_handler][WARNING] - [31;1m[Version Mismatch!!][0m: Package `mephisto-task` version mismatch. Expected version 2.0.4 but frontend is currently using 2.0.3. This may cause unexpected errors, be sure to update your `mephisto-task` dependency with `npm install mephisto-task@2.0.4 --save`. If this warning still persists or the version isn't found, please open an issue at https://github.com/facebookresearch/Mephisto/issues
[2024-02-29 15:02:01,292][mephisto.operations.client_io_handler][WARNING] - [31;1m[Version Mismatch!!][0m: Package `mephisto-task` version mismatch. Expected version 2.0.4 but frontend is currently using 2.0.3. This may cause unexpected errors, be sure to update your `mephisto-task` dependency with `npm install mephisto-task@2.0.4 --save`. If this warning still persists or the version isn't found, please open an issue at https://github.com/facebookresearch/Mephisto/issues
[2024-02-29 15:02:01,308][mephisto.abstractions.blueprints.abstract.static_task.static_agent_state][INFO] - SAVED_DATA_TO_DISC at /home/martins_32048/mephisto-data/data/data/runs/NO_PROJECT/59/onboarding/onboarding_34/agent_data.json
[2024-02-29 15:02:01,309][mephisto.operations.worker_pool][INFO] - MockWorker(33) is starting onboarding thread with onboarding OnboardingAgent(34, none).
[2024-02-29 15:02:02,726][mephisto.abstractions.blueprints.abstract.static_task.static_agent_state][INFO] - SAVED_DATA_TO_DISC at /home/martins_32048/mephisto-data/data/data/runs/NO_PROJECT/59/onboarding/onboarding_34/agent_data.json
[2024-02-29 15:02:02,732][mephisto.operations.worker_pool][INFO] - Onboarding agent onboarding_34 registered out from onboarding
[2024-02-29 15:02:02,736][mephisto.abstractions.blueprints.abstract.static_task.static_agent_state][INFO] - SAVED_DATA_TO_DISC at /home/martins_32048/mephisto-data/data/data/runs/NO_PROJECT/59/859/215/agent_data.json
[2024-02-29 15:02:02,747][mephisto.operations.client_io_handler][WARNING] - [FRONT_END_ERROR]: {'error': "Cannot read properties of undefined (reading 'word')", 'errorInfo': {'componentStack': '\n    at SimpleFrontend (webpack://mephisto-task-compiler/./src/components/core_components.jsx?:98:24)\n    at p (webpack://mephisto-task-compiler/./node_modules/mephisto-task/build/bundle.js?:1:51620)\n    at div\n    at MainApp (webpack://mephisto-task-compiler/./src/app.jsx?:24:88)'}}
[2024-02-29 15:02:07,460][mephisto.operations.operator][INFO] - Operator running task ID = 59
[2024-02-29 15:02:37,466][mephisto.operations.operator][INFO] - Operator running task ID = 59
[2024-02-29 15:03:07,476][mephisto.operations.operator][INFO] - Operator running task ID = 59
[2024-02-29 15:03:37,485][mephisto.operations.operator][INFO] - Operator running task ID = 59
[2024-02-29 15:04:07,492][mephisto.operations.operator][INFO] - Operator running task ID = 59
[2024-02-29 15:04:16,318][mephisto.operations.client_io_handler][WARNING] - [31;1m[Version Mismatch!!][0m: Package `mephisto-task` version mismatch. Expected version 2.0.4 but frontend is currently using 2.0.3. This may cause unexpected errors, be sure to update your `mephisto-task` dependency with `npm install mephisto-task@2.0.4 --save`. If this warning still persists or the version isn't found, please open an issue at https://github.com/facebookresearch/Mephisto/issues
[2024-02-29 15:04:37,502][mephisto.operations.operator][INFO] - Operator running task ID = 59
[2024-02-29 15:04:50,819][mephisto.operations.client_io_handler][WARNING] - [31;1m[Version Mismatch!!][0m: Package `mephisto-task` version mismatch. Expected version 2.0.4 but frontend is currently using 2.0.3. This may cause unexpected errors, be sure to update your `mephisto-task` dependency with `npm install mephisto-task@2.0.4 --save`. If this warning still persists or the version isn't found, please open an issue at https://github.com/facebookresearch/Mephisto/issues
[2024-02-29 15:05:07,508][mephisto.operations.operator][INFO] - Operator running task ID = 59
[2024-02-29 15:05:34,618][mephisto.operations.client_io_handler][WARNING] - [31;1m[Version Mismatch!!][0m: Package `mephisto-task` version mismatch. Expected version 2.0.4 but frontend is currently using 2.0.3. This may cause unexpected errors, be sure to update your `mephisto-task` dependency with `npm install mephisto-task@2.0.4 --save`. If this warning still persists or the version isn't found, please open an issue at https://github.com/facebookresearch/Mephisto/issues
[2024-02-29 15:05:37,518][mephisto.operations.operator][INFO] - Operator running task ID = 59
[2024-02-29 15:06:03,143][mephisto.operations.client_io_handler][WARNING] - [31;1m[Version Mismatch!!][0m: Package `mephisto-task` version mismatch. Expected version 2.0.4 but frontend is currently using 2.0.3. This may cause unexpected errors, be sure to update your `mephisto-task` dependency with `npm install mephisto-task@2.0.4 --save`. If this warning still persists or the version isn't found, please open an issue at https://github.com/facebookresearch/Mephisto/issues
[2024-02-29 15:06:07,524][mephisto.operations.operator][INFO] - Operator running task ID = 59
[2024-02-29 15:06:34,539][mephisto.operations.client_io_handler][WARNING] - [31;1m[Version Mismatch!!][0m: Package `mephisto-task` version mismatch. Expected version 2.0.4 but frontend is currently using 2.0.3. This may cause unexpected errors, be sure to update your `mephisto-task` dependency with `npm install mephisto-task@2.0.4 --save`. If this warning still persists or the version isn't found, please open an issue at https://github.com/facebookresearch/Mephisto/issues
[2024-02-29 15:06:37,534][mephisto.operations.operator][INFO] - Operator running task ID = 59
[2024-02-29 15:07:02,721][mephisto.operations.client_io_handler][WARNING] - [31;1m[Version Mismatch!!][0m: Package `mephisto-task` version mismatch. Expected version 2.0.4 but frontend is currently using 2.0.3. This may cause unexpected errors, be sure to update your `mephisto-task` dependency with `npm install mephisto-task@2.0.4 --save`. If this warning still persists or the version isn't found, please open an issue at https://github.com/facebookresearch/Mephisto/issues
[2024-02-29 15:07:07,541][mephisto.operations.operator][INFO] - Operator running task ID = 59
[2024-02-29 15:07:13,116][mephisto.operations.client_io_handler][WARNING] - [31;1m[Version Mismatch!!][0m: Package `mephisto-task` version mismatch. Expected version 2.0.4 but frontend is currently using 2.0.3. This may cause unexpected errors, be sure to update your `mephisto-task` dependency with `npm install mephisto-task@2.0.4 --save`. If this warning still persists or the version isn't found, please open an issue at https://github.com/facebookresearch/Mephisto/issues
[2024-02-29 15:07:29,388][mephisto.operations.client_io_handler][WARNING] - [31;1m[Version Mismatch!!][0m: Package `mephisto-task` version mismatch. Expected version 2.0.4 but frontend is currently using 2.0.3. This may cause unexpected errors, be sure to update your `mephisto-task` dependency with `npm install mephisto-task@2.0.4 --save`. If this warning still persists or the version isn't found, please open an issue at https://github.com/facebookresearch/Mephisto/issues
[2024-02-29 15:07:37,552][mephisto.operations.operator][INFO] - Operator running task ID = 59
[2024-02-29 15:07:49,836][mephisto.operations.client_io_handler][WARNING] - [31;1m[Version Mismatch!!][0m: Package `mephisto-task` version mismatch. Expected version 2.0.4 but frontend is currently using 2.0.3. This may cause unexpected errors, be sure to update your `mephisto-task` dependency with `npm install mephisto-task@2.0.4 --save`. If this warning still persists or the version isn't found, please open an issue at https://github.com/facebookresearch/Mephisto/issues
[2024-02-29 15:08:07,561][mephisto.operations.operator][INFO] - Operator running task ID = 59
[2024-02-29 15:08:20,328][mephisto.operations.client_io_handler][WARNING] - [31;1m[Version Mismatch!!][0m: Package `mephisto-task` version mismatch. Expected version 2.0.4 but frontend is currently using 2.0.3. This may cause unexpected errors, be sure to update your `mephisto-task` dependency with `npm install mephisto-task@2.0.4 --save`. If this warning still persists or the version isn't found, please open an issue at https://github.com/facebookresearch/Mephisto/issues
[2024-02-29 15:08:22,285][mephisto.operations.client_io_handler][WARNING] - [31;1m[Version Mismatch!!][0m: Package `mephisto-task` version mismatch. Expected version 2.0.4 but frontend is currently using 2.0.3. This may cause unexpected errors, be sure to update your `mephisto-task` dependency with `npm install mephisto-task@2.0.4 --save`. If this warning still persists or the version isn't found, please open an issue at https://github.com/facebookresearch/Mephisto/issues
[2024-02-29 15:08:37,569][mephisto.operations.operator][INFO] - Operator running task ID = 59
[2024-02-29 15:08:41,478][mephisto.operations.client_io_handler][WARNING] - [31;1m[Version Mismatch!!][0m: Package `mephisto-task` version mismatch. Expected version 2.0.4 but frontend is currently using 2.0.3. This may cause unexpected errors, be sure to update your `mephisto-task` dependency with `npm install mephisto-task@2.0.4 --save`. If this warning still persists or the version isn't found, please open an issue at https://github.com/facebookresearch/Mephisto/issues
[2024-02-29 15:09:07,576][mephisto.operations.operator][INFO] - Operator running task ID = 59
[2024-02-29 15:09:37,582][mephisto.operations.operator][INFO] - Operator running task ID = 59
[2024-02-29 15:09:37,898][mephisto.operations.client_io_handler][WARNING] - [31;1m[Version Mismatch!!][0m: Package `mephisto-task` version mismatch. Expected version 2.0.4 but frontend is currently using 2.0.3. This may cause unexpected errors, be sure to update your `mephisto-task` dependency with `npm install mephisto-task@2.0.4 --save`. If this warning still persists or the version isn't found, please open an issue at https://github.com/facebookresearch/Mephisto/issues
[2024-02-29 15:09:54,569][mephisto.operations.client_io_handler][WARNING] - [31;1m[Version Mismatch!!][0m: Package `mephisto-task` version mismatch. Expected version 2.0.4 but frontend is currently using 2.0.3. This may cause unexpected errors, be sure to update your `mephisto-task` dependency with `npm install mephisto-task@2.0.4 --save`. If this warning still persists or the version isn't found, please open an issue at https://github.com/facebookresearch/Mephisto/issues
[2024-02-29 15:10:07,589][mephisto.operations.operator][INFO] - Operator running task ID = 59
[2024-02-29 15:10:20,590][mephisto.operations.client_io_handler][WARNING] - [31;1m[Version Mismatch!!][0m: Package `mephisto-task` version mismatch. Expected version 2.0.4 but frontend is currently using 2.0.3. This may cause unexpected errors, be sure to update your `mephisto-task` dependency with `npm install mephisto-task@2.0.4 --save`. If this warning still persists or the version isn't found, please open an issue at https://github.com/facebookresearch/Mephisto/issues
[2024-02-29 15:10:37,601][mephisto.operations.operator][INFO] - Operator running task ID = 59
[2024-02-29 15:10:45,451][mephisto.operations.client_io_handler][WARNING] - [31;1m[Version Mismatch!!][0m: Package `mephisto-task` version mismatch. Expected version 2.0.4 but frontend is currently using 2.0.3. This may cause unexpected errors, be sure to update your `mephisto-task` dependency with `npm install mephisto-task@2.0.4 --save`. If this warning still persists or the version isn't found, please open an issue at https://github.com/facebookresearch/Mephisto/issues
[2024-02-29 15:10:52,178][mephisto.operations.client_io_handler][WARNING] - [31;1m[Version Mismatch!!][0m: Package `mephisto-task` version mismatch. Expected version 2.0.4 but frontend is currently using 2.0.3. This may cause unexpected errors, be sure to update your `mephisto-task` dependency with `npm install mephisto-task@2.0.4 --save`. If this warning still persists or the version isn't found, please open an issue at https://github.com/facebookresearch/Mephisto/issues
[2024-02-29 15:11:07,608][mephisto.operations.operator][INFO] - Operator running task ID = 59
[2024-02-29 15:11:11,820][mephisto.operations.client_io_handler][WARNING] - [31;1m[Version Mismatch!!][0m: Package `mephisto-task` version mismatch. Expected version 2.0.4 but frontend is currently using 2.0.3. This may cause unexpected errors, be sure to update your `mephisto-task` dependency with `npm install mephisto-task@2.0.4 --save`. If this warning still persists or the version isn't found, please open an issue at https://github.com/facebookresearch/Mephisto/issues
[2024-02-29 15:11:37,618][mephisto.operations.operator][INFO] - Operator running task ID = 59
[2024-02-29 15:12:07,625][mephisto.operations.operator][INFO] - Operator running task ID = 59
[2024-02-29 15:12:13,674][mephisto.operations.client_io_handler][WARNING] - [31;1m[Version Mismatch!!][0m: Package `mephisto-task` version mismatch. Expected version 2.0.4 but frontend is currently using 2.0.3. This may cause unexpected errors, be sure to update your `mephisto-task` dependency with `npm install mephisto-task@2.0.4 --save`. If this warning still persists or the version isn't found, please open an issue at https://github.com/facebookresearch/Mephisto/issues
[2024-02-29 15:12:27,991][mephisto.operations.client_io_handler][WARNING] - [31;1m[Version Mismatch!!][0m: Package `mephisto-task` version mismatch. Expected version 2.0.4 but frontend is currently using 2.0.3. This may cause unexpected errors, be sure to update your `mephisto-task` dependency with `npm install mephisto-task@2.0.4 --save`. If this warning still persists or the version isn't found, please open an issue at https://github.com/facebookresearch/Mephisto/issues
[2024-02-29 15:12:37,633][mephisto.operations.operator][INFO] - Operator running task ID = 59
[2024-02-29 15:12:41,454][mephisto.operations.client_io_handler][WARNING] - [31;1m[Version Mismatch!!][0m: Package `mephisto-task` version mismatch. Expected version 2.0.4 but frontend is currently using 2.0.3. This may cause unexpected errors, be sure to update your `mephisto-task` dependency with `npm install mephisto-task@2.0.4 --save`. If this warning still persists or the version isn't found, please open an issue at https://github.com/facebookresearch/Mephisto/issues
[2024-02-29 15:12:51,195][mephisto.operations.client_io_handler][WARNING] - [31;1m[Version Mismatch!!][0m: Package `mephisto-task` version mismatch. Expected version 2.0.4 but frontend is currently using 2.0.3. This may cause unexpected errors, be sure to update your `mephisto-task` dependency with `npm install mephisto-task@2.0.4 --save`. If this warning still persists or the version isn't found, please open an issue at https://github.com/facebookresearch/Mephisto/issues
[2024-02-29 15:12:53,154][mephisto.operations.client_io_handler][WARNING] - [31;1m[Version Mismatch!!][0m: Package `mephisto-task` version mismatch. Expected version 2.0.4 but frontend is currently using 2.0.3. This may cause unexpected errors, be sure to update your `mephisto-task` dependency with `npm install mephisto-task@2.0.4 --save`. If this warning still persists or the version isn't found, please open an issue at https://github.com/facebookresearch/Mephisto/issues
[2024-02-29 15:13:01,134][mephisto.operations.client_io_handler][WARNING] - [31;1m[Version Mismatch!!][0m: Package `mephisto-task` version mismatch. Expected version 2.0.4 but frontend is currently using 2.0.3. This may cause unexpected errors, be sure to update your `mephisto-task` dependency with `npm install mephisto-task@2.0.4 --save`. If this warning still persists or the version isn't found, please open an issue at https://github.com/facebookresearch/Mephisto/issues
[2024-02-29 15:13:07,640][mephisto.operations.operator][INFO] - Operator running task ID = 59
[2024-02-29 15:13:21,939][mephisto.operations.client_io_handler][WARNING] - [31;1m[Version Mismatch!!][0m: Package `mephisto-task` version mismatch. Expected version 2.0.4 but frontend is currently using 2.0.3. This may cause unexpected errors, be sure to update your `mephisto-task` dependency with `npm install mephisto-task@2.0.4 --save`. If this warning still persists or the version isn't found, please open an issue at https://github.com/facebookresearch/Mephisto/issues
[2024-02-29 15:13:37,647][mephisto.operations.operator][INFO] - Operator running task ID = 59
[2024-02-29 15:14:02,475][mephisto.operations.client_io_handler][WARNING] - [31;1m[Version Mismatch!!][0m: Package `mephisto-task` version mismatch. Expected version 2.0.4 but frontend is currently using 2.0.3. This may cause unexpected errors, be sure to update your `mephisto-task` dependency with `npm install mephisto-task@2.0.4 --save`. If this warning still persists or the version isn't found, please open an issue at https://github.com/facebookresearch/Mephisto/issues
[2024-02-29 15:14:07,655][mephisto.operations.operator][INFO] - Operator running task ID = 59
[2024-02-29 15:14:37,665][mephisto.operations.operator][INFO] - Operator running task ID = 59
[2024-02-29 15:14:51,060][mephisto.operations.client_io_handler][WARNING] - [31;1m[Version Mismatch!!][0m: Package `mephisto-task` version mismatch. Expected version 2.0.4 but frontend is currently using 2.0.3. This may cause unexpected errors, be sure to update your `mephisto-task` dependency with `npm install mephisto-task@2.0.4 --save`. If this warning still persists or the version isn't found, please open an issue at https://github.com/facebookresearch/Mephisto/issues
[2024-02-29 15:15:07,672][mephisto.operations.operator][INFO] - Operator running task ID = 59
[2024-02-29 15:15:24,051][mephisto.operations.client_io_handler][WARNING] - [31;1m[Version Mismatch!!][0m: Package `mephisto-task` version mismatch. Expected version 2.0.4 but frontend is currently using 2.0.3. This may cause unexpected errors, be sure to update your `mephisto-task` dependency with `npm install mephisto-task@2.0.4 --save`. If this warning still persists or the version isn't found, please open an issue at https://github.com/facebookresearch/Mephisto/issues
[2024-02-29 15:15:37,678][mephisto.operations.operator][INFO] - Operator running task ID = 59
[2024-02-29 15:15:38,260][mephisto.operations.client_io_handler][WARNING] - [31;1m[Version Mismatch!!][0m: Package `mephisto-task` version mismatch. Expected version 2.0.4 but frontend is currently using 2.0.3. This may cause unexpected errors, be sure to update your `mephisto-task` dependency with `npm install mephisto-task@2.0.4 --save`. If this warning still persists or the version isn't found, please open an issue at https://github.com/facebookresearch/Mephisto/issues
[2024-02-29 15:15:55,033][mephisto.operations.client_io_handler][WARNING] - [31;1m[Version Mismatch!!][0m: Package `mephisto-task` version mismatch. Expected version 2.0.4 but frontend is currently using 2.0.3. This may cause unexpected errors, be sure to update your `mephisto-task` dependency with `npm install mephisto-task@2.0.4 --save`. If this warning still persists or the version isn't found, please open an issue at https://github.com/facebookresearch/Mephisto/issues
[2024-02-29 15:15:56,686][mephisto.operations.client_io_handler][WARNING] - [31;1m[Version Mismatch!!][0m: Package `mephisto-task` version mismatch. Expected version 2.0.4 but frontend is currently using 2.0.3. This may cause unexpected errors, be sure to update your `mephisto-task` dependency with `npm install mephisto-task@2.0.4 --save`. If this warning still persists or the version isn't found, please open an issue at https://github.com/facebookresearch/Mephisto/issues
[2024-02-29 15:16:05,224][mephisto.operations.client_io_handler][WARNING] - [31;1m[Version Mismatch!!][0m: Package `mephisto-task` version mismatch. Expected version 2.0.4 but frontend is currently using 2.0.3. This may cause unexpected errors, be sure to update your `mephisto-task` dependency with `npm install mephisto-task@2.0.4 --save`. If this warning still persists or the version isn't found, please open an issue at https://github.com/facebookresearch/Mephisto/issues
[2024-02-29 15:16:07,683][mephisto.operations.operator][INFO] - Operator running task ID = 59
[2024-02-29 15:16:11,704][mephisto.operations.client_io_handler][WARNING] - [31;1m[Version Mismatch!!][0m: Package `mephisto-task` version mismatch. Expected version 2.0.4 but frontend is currently using 2.0.3. This may cause unexpected errors, be sure to update your `mephisto-task` dependency with `npm install mephisto-task@2.0.4 --save`. If this warning still persists or the version isn't found, please open an issue at https://github.com/facebookresearch/Mephisto/issues
[2024-02-29 15:16:23,201][mephisto.operations.client_io_handler][WARNING] - [31;1m[Version Mismatch!!][0m: Package `mephisto-task` version mismatch. Expected version 2.0.4 but frontend is currently using 2.0.3. This may cause unexpected errors, be sure to update your `mephisto-task` dependency with `npm install mephisto-task@2.0.4 --save`. If this warning still persists or the version isn't found, please open an issue at https://github.com/facebookresearch/Mephisto/issues
[2024-02-29 15:16:37,693][mephisto.operations.operator][INFO] - Operator running task ID = 59
[2024-02-29 15:17:07,700][mephisto.operations.operator][INFO] - Operator running task ID = 59
[2024-02-29 15:17:22,367][mephisto.operations.client_io_handler][WARNING] - [31;1m[Version Mismatch!!][0m: Package `mephisto-task` version mismatch. Expected version 2.0.4 but frontend is currently using 2.0.3. This may cause unexpected errors, be sure to update your `mephisto-task` dependency with `npm install mephisto-task@2.0.4 --save`. If this warning still persists or the version isn't found, please open an issue at https://github.com/facebookresearch/Mephisto/issues
[2024-02-29 15:17:34,464][mephisto.abstractions.blueprints.abstract.static_task.static_agent_state][INFO] - SAVED_DATA_TO_DISC at /home/martins_32048/mephisto-data/data/data/runs/NO_PROJECT/59/onboarding/onboarding_35/agent_data.json
[2024-02-29 15:17:34,465][mephisto.operations.worker_pool][INFO] - MockWorker(34) is starting onboarding thread with onboarding OnboardingAgent(35, none).
[2024-02-29 15:17:34,468][mephisto.operations.client_io_handler][WARNING] - [31;1m[Version Mismatch!!][0m: Package `mephisto-task` version mismatch. Expected version 2.0.4 but frontend is currently using 2.0.3. This may cause unexpected errors, be sure to update your `mephisto-task` dependency with `npm install mephisto-task@2.0.4 --save`. If this warning still persists or the version isn't found, please open an issue at https://github.com/facebookresearch/Mephisto/issues
[2024-02-29 15:17:37,706][mephisto.operations.operator][INFO] - Operator running task ID = 59
[2024-02-29 15:18:07,712][mephisto.operations.operator][INFO] - Operator running task ID = 59
[2024-02-29 15:18:37,722][mephisto.operations.operator][INFO] - Operator running task ID = 59
[2024-02-29 15:19:06,476][mephisto.operations.client_io_handler][WARNING] - [31;1m[Version Mismatch!!][0m: Package `mephisto-task` version mismatch. Expected version 2.0.4 but frontend is currently using 2.0.3. This may cause unexpected errors, be sure to update your `mephisto-task` dependency with `npm install mephisto-task@2.0.4 --save`. If this warning still persists or the version isn't found, please open an issue at https://github.com/facebookresearch/Mephisto/issues
[2024-02-29 15:19:07,727][mephisto.operations.operator][INFO] - Operator running task ID = 59
[2024-02-29 15:19:18,678][mephisto.operations.client_io_handler][WARNING] - [31;1m[Version Mismatch!!][0m: Package `mephisto-task` version mismatch. Expected version 2.0.4 but frontend is currently using 2.0.3. This may cause unexpected errors, be sure to update your `mephisto-task` dependency with `npm install mephisto-task@2.0.4 --save`. If this warning still persists or the version isn't found, please open an issue at https://github.com/facebookresearch/Mephisto/issues
[2024-02-29 15:19:28,876][mephisto.operations.client_io_handler][WARNING] - [31;1m[Version Mismatch!!][0m: Package `mephisto-task` version mismatch. Expected version 2.0.4 but frontend is currently using 2.0.3. This may cause unexpected errors, be sure to update your `mephisto-task` dependency with `npm install mephisto-task@2.0.4 --save`. If this warning still persists or the version isn't found, please open an issue at https://github.com/facebookresearch/Mephisto/issues
[2024-02-29 15:19:37,737][mephisto.operations.operator][INFO] - Operator running task ID = 59
[2024-02-29 15:20:07,745][mephisto.operations.operator][INFO] - Operator running task ID = 59
[2024-02-29 15:20:37,753][mephisto.operations.operator][INFO] - Operator running task ID = 59
[2024-02-29 15:21:07,760][mephisto.operations.operator][INFO] - Operator running task ID = 59
[2024-02-29 15:21:37,765][mephisto.operations.operator][INFO] - Operator running task ID = 59
[2024-02-29 15:22:07,771][mephisto.operations.operator][INFO] - Operator running task ID = 59
[2024-02-29 15:22:37,778][mephisto.operations.operator][INFO] - Operator running task ID = 59
[2024-02-29 15:23:07,783][mephisto.operations.operator][INFO] - Operator running task ID = 59
[2024-02-29 15:23:13,380][mephisto.abstractions.blueprints.abstract.static_task.static_agent_state][INFO] - SAVED_DATA_TO_DISC at /home/martins_32048/mephisto-data/data/data/runs/NO_PROJECT/59/onboarding/onboarding_35/agent_data.json
[2024-02-29 15:23:13,386][mephisto.operations.worker_pool][INFO] - Onboarding agent onboarding_35 registered out from onboarding
[2024-02-29 15:23:13,390][mephisto.abstractions.blueprints.abstract.static_task.static_agent_state][INFO] - SAVED_DATA_TO_DISC at /home/martins_32048/mephisto-data/data/data/runs/NO_PROJECT/59/860/216/agent_data.json
[2024-02-29 15:23:13,404][mephisto.operations.client_io_handler][WARNING] - [FRONT_END_ERROR]: {'error': "Cannot read properties of undefined (reading 'word')", 'errorInfo': {'componentStack': '\n    at SimpleFrontend (webpack://mephisto-task-compiler/./src/components/core_components.jsx?:98:24)\n    at p (webpack://mephisto-task-compiler/./node_modules/mephisto-task/build/bundle.js?:1:51620)\n    at div\n    at MainApp (webpack://mephisto-task-compiler/./src/app.jsx?:24:88)'}}
[2024-02-29 15:23:37,789][mephisto.operations.operator][INFO] - Operator running task ID = 59
[2024-02-29 15:24:07,798][mephisto.operations.operator][INFO] - Operator running task ID = 59
[2024-02-29 15:24:37,806][mephisto.operations.operator][INFO] - Operator running task ID = 59
[2024-02-29 15:25:07,813][mephisto.operations.operator][INFO] - Operator running task ID = 59
[2024-02-29 15:25:30,830][mephisto.operations.client_io_handler][WARNING] - [31;1m[Version Mismatch!!][0m: Package `mephisto-task` version mismatch. Expected version 2.0.4 but frontend is currently using 2.0.3. This may cause unexpected errors, be sure to update your `mephisto-task` dependency with `npm install mephisto-task@2.0.4 --save`. If this warning still persists or the version isn't found, please open an issue at https://github.com/facebookresearch/Mephisto/issues
[2024-02-29 15:25:31,919][mephisto.abstractions.blueprints.abstract.static_task.static_agent_state][INFO] - SAVED_DATA_TO_DISC at /home/martins_32048/mephisto-data/data/data/runs/NO_PROJECT/59/onboarding/onboarding_36/agent_data.json
[2024-02-29 15:25:31,919][mephisto.operations.worker_pool][INFO] - MockWorker(35) is starting onboarding thread with onboarding OnboardingAgent(36, none).
[2024-02-29 15:25:31,932][mephisto.operations.client_io_handler][WARNING] - [31;1m[Version Mismatch!!][0m: Package `mephisto-task` version mismatch. Expected version 2.0.4 but frontend is currently using 2.0.3. This may cause unexpected errors, be sure to update your `mephisto-task` dependency with `npm install mephisto-task@2.0.4 --save`. If this warning still persists or the version isn't found, please open an issue at https://github.com/facebookresearch/Mephisto/issues
[2024-02-29 15:25:33,225][mephisto.abstractions.blueprints.abstract.static_task.static_agent_state][INFO] - SAVED_DATA_TO_DISC at /home/martins_32048/mephisto-data/data/data/runs/NO_PROJECT/59/onboarding/onboarding_36/agent_data.json
[2024-02-29 15:25:33,233][mephisto.operations.worker_pool][INFO] - Onboarding agent onboarding_36 registered out from onboarding
[2024-02-29 15:25:33,238][mephisto.abstractions.blueprints.abstract.static_task.static_agent_state][INFO] - SAVED_DATA_TO_DISC at /home/martins_32048/mephisto-data/data/data/runs/NO_PROJECT/59/861/217/agent_data.json
[2024-02-29 15:25:33,248][mephisto.operations.client_io_handler][WARNING] - [FRONT_END_ERROR]: {'error': "Cannot read properties of undefined (reading 'word')", 'errorInfo': {'componentStack': '\n    at SimpleFrontend (webpack://mephisto-task-compiler/./src/components/core_components.jsx?:98:24)\n    at p (webpack://mephisto-task-compiler/./node_modules/mephisto-task/build/bundle.js?:1:51620)\n    at div\n    at MainApp (webpack://mephisto-task-compiler/./src/app.jsx?:24:88)'}}
[2024-02-29 15:25:37,821][mephisto.operations.operator][INFO] - Operator running task ID = 59
[2024-02-29 15:26:07,825][mephisto.operations.operator][INFO] - Operator running task ID = 59
[2024-02-29 15:26:37,830][mephisto.operations.operator][INFO] - Operator running task ID = 59
[2024-02-29 15:27:07,838][mephisto.operations.operator][INFO] - Operator running task ID = 59
[2024-02-29 15:27:37,848][mephisto.operations.operator][INFO] - Operator running task ID = 59
[2024-02-29 15:28:07,856][mephisto.operations.operator][INFO] - Operator running task ID = 59
[2024-02-29 15:28:37,865][mephisto.operations.operator][INFO] - Operator running task ID = 59
[2024-02-29 15:29:07,871][mephisto.operations.operator][INFO] - Operator running task ID = 59
[2024-02-29 15:29:37,880][mephisto.operations.operator][INFO] - Operator running task ID = 59
[2024-02-29 15:30:07,887][mephisto.operations.operator][INFO] - Operator running task ID = 59
[2024-02-29 15:30:37,893][mephisto.operations.operator][INFO] - Operator running task ID = 59
[2024-02-29 15:31:07,901][mephisto.operations.operator][INFO] - Operator running task ID = 59
[2024-02-29 15:31:37,909][mephisto.operations.operator][INFO] - Operator running task ID = 59
[2024-02-29 15:31:38,565][mephisto.abstractions._subcomponents.task_runner][INFO] - Onboarding agent onboarding_33 disconnected or errored, final status disconnect.
[2024-02-29 15:32:02,738][mephisto.abstractions._subcomponents.task_runner][ERROR] - Handled exception in unit MockUnit(1769, assigned)
Traceback (most recent call last):
  File "/home/martins_32048/Projects/Mephisto/mephisto/abstractions/_subcomponents/task_runner.py", line 266, in _launch_and_run_unit
    self.run_unit(unit, agent)
  File "/home/martins_32048/Projects/Mephisto/mephisto/abstractions/blueprints/abstract/static_task/static_task_runner.py", line 69, in run_unit
    agent.await_submit(self.assignment_duration_in_seconds)
  File "/home/martins_32048/Projects/Mephisto/mephisto/abstractions/providers/mock/mock_agent.py", line 109, in await_submit
    return super().await_submit(timeout)
  File "/home/martins_32048/Projects/Mephisto/mephisto/data_model/agent.py", line 256, in await_submit
    raise AgentTimeoutError(timeout, self.db_id)
mephisto.data_model.exceptions.AgentTimeoutError: (1800, '215')
[2024-02-29 15:32:07,916][mephisto.operations.operator][INFO] - Operator running task ID = 59
[2024-02-29 15:32:37,925][mephisto.operations.operator][INFO] - Operator running task ID = 59
[2024-02-29 15:33:07,932][mephisto.operations.operator][INFO] - Operator running task ID = 59
[2024-02-29 15:33:37,938][mephisto.operations.operator][INFO] - Operator running task ID = 59
[2024-02-29 15:34:07,943][mephisto.operations.operator][INFO] - Operator running task ID = 59
[2024-02-29 15:34:37,949][mephisto.operations.operator][INFO] - Operator running task ID = 59
[2024-02-29 15:35:07,954][mephisto.operations.operator][INFO] - Operator running task ID = 59
[2024-02-29 15:35:37,960][mephisto.operations.operator][INFO] - Operator running task ID = 59
[2024-02-29 15:35:57,286][mephisto.operations.client_io_handler][WARNING] - [31;1m[Version Mismatch!!][0m: Package `mephisto-task` version mismatch. Expected version 2.0.4 but frontend is currently using 2.0.3. This may cause unexpected errors, be sure to update your `mephisto-task` dependency with `npm install mephisto-task@2.0.4 --save`. If this warning still persists or the version isn't found, please open an issue at https://github.com/facebookresearch/Mephisto/issues
[2024-02-29 15:35:58,382][mephisto.abstractions.blueprints.abstract.static_task.static_agent_state][INFO] - SAVED_DATA_TO_DISC at /home/martins_32048/mephisto-data/data/data/runs/NO_PROJECT/59/861/217/agent_data.json
[2024-02-29 15:36:00,609][mephisto.abstractions.blueprints.abstract.static_task.static_agent_state][INFO] - SAVED_DATA_TO_DISC at /home/martins_32048/mephisto-data/data/data/runs/NO_PROJECT/59/861/217/agent_data.json
[2024-02-29 15:36:01,837][mephisto.abstractions.blueprints.abstract.static_task.static_agent_state][INFO] - SAVED_DATA_TO_DISC at /home/martins_32048/mephisto-data/data/data/runs/NO_PROJECT/59/861/217/agent_data.json
[2024-02-29 15:36:03,005][mephisto.abstractions.blueprints.abstract.static_task.static_agent_state][INFO] - SAVED_DATA_TO_DISC at /home/martins_32048/mephisto-data/data/data/runs/NO_PROJECT/59/861/217/agent_data.json
[2024-02-29 15:36:04,111][mephisto.abstractions.blueprints.abstract.static_task.static_agent_state][INFO] - SAVED_DATA_TO_DISC at /home/martins_32048/mephisto-data/data/data/runs/NO_PROJECT/59/861/217/agent_data.json
[2024-02-29 15:36:04,112][mephisto.operations.client_io_handler][WARNING] - [FRONT_END_ERROR]: {'error': "Cannot read properties of undefined (reading 'word')", 'errorInfo': {'componentStack': '\n    at SimpleFrontend (webpack://mephisto-task-compiler/./src/components/core_components.jsx?:98:24)\n    at p (webpack://mephisto-task-compiler/./node_modules/mephisto-task/build/bundle.js?:1:51620)\n    at div\n    at MainApp (webpack://mephisto-task-compiler/./src/app.jsx?:24:88)'}}
[2024-02-29 15:36:07,965][mephisto.operations.operator][INFO] - Operator running task ID = 59
[2024-02-29 15:36:37,973][mephisto.operations.operator][INFO] - Operator running task ID = 59
[2024-02-29 15:37:07,979][mephisto.operations.operator][INFO] - Operator running task ID = 59
[2024-02-29 15:37:37,986][mephisto.operations.operator][INFO] - Operator running task ID = 59
[2024-02-29 15:38:07,991][mephisto.operations.operator][INFO] - Operator running task ID = 59
[2024-02-29 15:38:37,997][mephisto.operations.operator][INFO] - Operator running task ID = 59
[2024-02-29 15:39:08,003][mephisto.operations.operator][INFO] - Operator running task ID = 59
[2024-02-29 15:39:38,010][mephisto.operations.operator][INFO] - Operator running task ID = 59
[2024-02-29 15:40:08,015][mephisto.operations.operator][INFO] - Operator running task ID = 59
[2024-02-29 15:40:38,023][mephisto.operations.operator][INFO] - Operator running task ID = 59
[2024-02-29 15:41:08,030][mephisto.operations.operator][INFO] - Operator running task ID = 59
[2024-02-29 15:41:38,038][mephisto.operations.operator][INFO] - Operator running task ID = 59
[2024-02-29 15:41:53,437][mephisto.operations.client_io_handler][WARNING] - [31;1m[Version Mismatch!!][0m: Package `mephisto-task` version mismatch. Expected version 2.0.4 but frontend is currently using 2.0.3. This may cause unexpected errors, be sure to update your `mephisto-task` dependency with `npm install mephisto-task@2.0.4 --save`. If this warning still persists or the version isn't found, please open an issue at https://github.com/facebookresearch/Mephisto/issues
[2024-02-29 15:41:56,032][mephisto.abstractions.blueprints.abstract.static_task.static_agent_state][INFO] - SAVED_DATA_TO_DISC at /home/martins_32048/mephisto-data/data/data/runs/NO_PROJECT/59/onboarding/onboarding_37/agent_data.json
[2024-02-29 15:41:56,032][mephisto.operations.worker_pool][INFO] - MockWorker(36) is starting onboarding thread with onboarding OnboardingAgent(37, none).
[2024-02-29 15:41:56,047][mephisto.operations.client_io_handler][WARNING] - [31;1m[Version Mismatch!!][0m: Package `mephisto-task` version mismatch. Expected version 2.0.4 but frontend is currently using 2.0.3. This may cause unexpected errors, be sure to update your `mephisto-task` dependency with `npm install mephisto-task@2.0.4 --save`. If this warning still persists or the version isn't found, please open an issue at https://github.com/facebookresearch/Mephisto/issues
[2024-02-29 15:41:58,762][mephisto.abstractions.blueprints.abstract.static_task.static_agent_state][INFO] - SAVED_DATA_TO_DISC at /home/martins_32048/mephisto-data/data/data/runs/NO_PROJECT/59/onboarding/onboarding_37/agent_data.json
[2024-02-29 15:41:58,768][mephisto.operations.worker_pool][INFO] - Onboarding agent onboarding_37 registered out from onboarding
[2024-02-29 15:41:58,773][mephisto.abstractions.blueprints.abstract.static_task.static_agent_state][INFO] - SAVED_DATA_TO_DISC at /home/martins_32048/mephisto-data/data/data/runs/NO_PROJECT/59/859/218/agent_data.json
[2024-02-29 15:41:58,786][mephisto.operations.client_io_handler][WARNING] - [FRONT_END_ERROR]: {'error': "Cannot read properties of undefined (reading 'word')", 'errorInfo': {'componentStack': '\n    at SimpleFrontend (webpack://mephisto-task-compiler/./src/components/core_components.jsx?:98:24)\n    at p (webpack://mephisto-task-compiler/./node_modules/mephisto-task/build/bundle.js?:1:51620)\n    at div\n    at MainApp (webpack://mephisto-task-compiler/./src/app.jsx?:24:88)'}}
[2024-02-29 15:42:08,043][mephisto.operations.operator][INFO] - Operator running task ID = 59
[2024-02-29 15:42:38,052][mephisto.operations.operator][INFO] - Operator running task ID = 59
[2024-02-29 15:43:08,058][mephisto.operations.operator][INFO] - Operator running task ID = 59
[2024-02-29 15:43:38,065][mephisto.operations.operator][INFO] - Operator running task ID = 59
[2024-02-29 15:44:08,071][mephisto.operations.operator][INFO] - Operator running task ID = 59
[2024-02-29 15:44:38,079][mephisto.operations.operator][INFO] - Operator running task ID = 59
[2024-02-29 15:45:08,083][mephisto.operations.operator][INFO] - Operator running task ID = 59
[2024-02-29 15:45:38,090][mephisto.operations.operator][INFO] - Operator running task ID = 59
[2024-02-29 15:45:44,526][mephisto.operations.client_io_handler][WARNING] - [31;1m[Version Mismatch!!][0m: Package `mephisto-task` version mismatch. Expected version 2.0.4 but frontend is currently using 2.0.3. This may cause unexpected errors, be sure to update your `mephisto-task` dependency with `npm install mephisto-task@2.0.4 --save`. If this warning still persists or the version isn't found, please open an issue at https://github.com/facebookresearch/Mephisto/issues
[2024-02-29 15:45:46,327][mephisto.abstractions.blueprints.abstract.static_task.static_agent_state][INFO] - SAVED_DATA_TO_DISC at /home/martins_32048/mephisto-data/data/data/runs/NO_PROJECT/59/onboarding/onboarding_38/agent_data.json
[2024-02-29 15:45:46,328][mephisto.operations.worker_pool][INFO] - MockWorker(37) is starting onboarding thread with onboarding OnboardingAgent(38, none).
[2024-02-29 15:45:46,334][mephisto.operations.client_io_handler][WARNING] - [31;1m[Version Mismatch!!][0m: Package `mephisto-task` version mismatch. Expected version 2.0.4 but frontend is currently using 2.0.3. This may cause unexpected errors, be sure to update your `mephisto-task` dependency with `npm install mephisto-task@2.0.4 --save`. If this warning still persists or the version isn't found, please open an issue at https://github.com/facebookresearch/Mephisto/issues
[2024-02-29 15:45:47,421][mephisto.abstractions.blueprints.abstract.static_task.static_agent_state][INFO] - SAVED_DATA_TO_DISC at /home/martins_32048/mephisto-data/data/data/runs/NO_PROJECT/59/onboarding/onboarding_38/agent_data.json
[2024-02-29 15:45:47,428][mephisto.operations.worker_pool][INFO] - Onboarding agent onboarding_38 registered out from onboarding
[2024-02-29 15:45:47,433][mephisto.abstractions.blueprints.abstract.static_task.static_agent_state][INFO] - SAVED_DATA_TO_DISC at /home/martins_32048/mephisto-data/data/data/runs/NO_PROJECT/59/862/219/agent_data.json
[2024-02-29 15:45:47,443][mephisto.operations.client_io_handler][WARNING] - [FRONT_END_ERROR]: {'error': "Cannot read properties of undefined (reading 'word')", 'errorInfo': {'componentStack': '\n    at SimpleFrontend (webpack://mephisto-task-compiler/./src/components/core_components.jsx?:98:24)\n    at p (webpack://mephisto-task-compiler/./node_modules/mephisto-task/build/bundle.js?:1:51620)\n    at div\n    at MainApp (webpack://mephisto-task-compiler/./src/app.jsx?:24:88)'}}
[2024-02-29 15:46:08,095][mephisto.operations.operator][INFO] - Operator running task ID = 59
[2024-02-29 15:46:38,102][mephisto.operations.operator][INFO] - Operator running task ID = 59
[2024-02-29 15:46:58,828][mephisto.operations.client_io_handler][WARNING] - [31;1m[Version Mismatch!!][0m: Package `mephisto-task` version mismatch. Expected version 2.0.4 but frontend is currently using 2.0.3. This may cause unexpected errors, be sure to update your `mephisto-task` dependency with `npm install mephisto-task@2.0.4 --save`. If this warning still persists or the version isn't found, please open an issue at https://github.com/facebookresearch/Mephisto/issues
[2024-02-29 15:47:06,358][mephisto.operations.client_io_handler][WARNING] - [31;1m[Version Mismatch!!][0m: Package `mephisto-task` version mismatch. Expected version 2.0.4 but frontend is currently using 2.0.3. This may cause unexpected errors, be sure to update your `mephisto-task` dependency with `npm install mephisto-task@2.0.4 --save`. If this warning still persists or the version isn't found, please open an issue at https://github.com/facebookresearch/Mephisto/issues
[2024-02-29 15:47:07,864][mephisto.operations.client_io_handler][WARNING] - [31;1m[Version Mismatch!!][0m: Package `mephisto-task` version mismatch. Expected version 2.0.4 but frontend is currently using 2.0.3. This may cause unexpected errors, be sure to update your `mephisto-task` dependency with `npm install mephisto-task@2.0.4 --save`. If this warning still persists or the version isn't found, please open an issue at https://github.com/facebookresearch/Mephisto/issues
[2024-02-29 15:47:07,872][mephisto.abstractions.blueprints.abstract.static_task.static_agent_state][INFO] - SAVED_DATA_TO_DISC at /home/martins_32048/mephisto-data/data/data/runs/NO_PROJECT/59/onboarding/onboarding_39/agent_data.json
[2024-02-29 15:47:07,873][mephisto.operations.worker_pool][INFO] - MockWorker(38) is starting onboarding thread with onboarding OnboardingAgent(39, none).
[2024-02-29 15:47:08,107][mephisto.operations.operator][INFO] - Operator running task ID = 59
[2024-02-29 15:47:08,638][mephisto.abstractions.blueprints.abstract.static_task.static_agent_state][INFO] - SAVED_DATA_TO_DISC at /home/martins_32048/mephisto-data/data/data/runs/NO_PROJECT/59/onboarding/onboarding_39/agent_data.json
[2024-02-29 15:47:08,642][mephisto.operations.worker_pool][INFO] - Onboarding agent onboarding_39 registered out from onboarding
[2024-02-29 15:47:08,647][mephisto.abstractions.blueprints.abstract.static_task.static_agent_state][INFO] - SAVED_DATA_TO_DISC at /home/martins_32048/mephisto-data/data/data/runs/NO_PROJECT/59/863/220/agent_data.json
[2024-02-29 15:47:08,658][mephisto.operations.client_io_handler][WARNING] - [FRONT_END_ERROR]: {'error': "Cannot read properties of undefined (reading 'text1')", 'errorInfo': {'componentStack': '\n    at SimpleFrontend (webpack://mephisto-task-compiler/./src/components/core_components.jsx?:98:24)\n    at p (webpack://mephisto-task-compiler/./node_modules/mephisto-task/build/bundle.js?:1:51620)\n    at div\n    at MainApp (webpack://mephisto-task-compiler/./src/app.jsx?:24:88)'}}
[2024-02-29 15:47:38,114][mephisto.operations.operator][INFO] - Operator running task ID = 59
[2024-02-29 15:48:08,118][mephisto.operations.operator][INFO] - Operator running task ID = 59
[2024-02-29 15:48:38,126][mephisto.operations.operator][INFO] - Operator running task ID = 59
[2024-02-29 15:49:08,134][mephisto.operations.operator][INFO] - Operator running task ID = 59
[2024-02-29 15:49:20,477][mephisto.operations.client_io_handler][WARNING] - [31;1m[Version Mismatch!!][0m: Package `mephisto-task` version mismatch. Expected version 2.0.4 but frontend is currently using 2.0.3. This may cause unexpected errors, be sure to update your `mephisto-task` dependency with `npm install mephisto-task@2.0.4 --save`. If this warning still persists or the version isn't found, please open an issue at https://github.com/facebookresearch/Mephisto/issues
[2024-02-29 15:49:20,521][mephisto.operations.client_io_handler][WARNING] - [FRONT_END_ERROR]: {'error': 'useRef is not defined', 'errorInfo': {'componentStack': '\n    at SimpleFrontend (webpack://mephisto-task-compiler/./src/components/core_components.jsx?:98:24)\n    at p (webpack://mephisto-task-compiler/./node_modules/mephisto-task/build/bundle.js?:1:51620)\n    at div\n    at MainApp (webpack://mephisto-task-compiler/./src/app.jsx?:24:88)'}}
[2024-02-29 15:49:36,903][mephisto.operations.client_io_handler][WARNING] - [31;1m[Version Mismatch!!][0m: Package `mephisto-task` version mismatch. Expected version 2.0.4 but frontend is currently using 2.0.3. This may cause unexpected errors, be sure to update your `mephisto-task` dependency with `npm install mephisto-task@2.0.4 --save`. If this warning still persists or the version isn't found, please open an issue at https://github.com/facebookresearch/Mephisto/issues
[2024-02-29 15:49:38,139][mephisto.operations.operator][INFO] - Operator running task ID = 59
[2024-02-29 15:49:40,467][mephisto.operations.client_io_handler][WARNING] - [31;1m[Version Mismatch!!][0m: Package `mephisto-task` version mismatch. Expected version 2.0.4 but frontend is currently using 2.0.3. This may cause unexpected errors, be sure to update your `mephisto-task` dependency with `npm install mephisto-task@2.0.4 --save`. If this warning still persists or the version isn't found, please open an issue at https://github.com/facebookresearch/Mephisto/issues
[2024-02-29 15:49:42,107][mephisto.abstractions.blueprints.abstract.static_task.static_agent_state][INFO] - SAVED_DATA_TO_DISC at /home/martins_32048/mephisto-data/data/data/runs/NO_PROJECT/59/onboarding/onboarding_40/agent_data.json
[2024-02-29 15:49:42,107][mephisto.operations.worker_pool][INFO] - MockWorker(39) is starting onboarding thread with onboarding OnboardingAgent(40, none).
[2024-02-29 15:49:42,122][mephisto.operations.client_io_handler][WARNING] - [31;1m[Version Mismatch!!][0m: Package `mephisto-task` version mismatch. Expected version 2.0.4 but frontend is currently using 2.0.3. This may cause unexpected errors, be sure to update your `mephisto-task` dependency with `npm install mephisto-task@2.0.4 --save`. If this warning still persists or the version isn't found, please open an issue at https://github.com/facebookresearch/Mephisto/issues
[2024-02-29 15:49:43,008][mephisto.abstractions.blueprints.abstract.static_task.static_agent_state][INFO] - SAVED_DATA_TO_DISC at /home/martins_32048/mephisto-data/data/data/runs/NO_PROJECT/59/onboarding/onboarding_40/agent_data.json
[2024-02-29 15:49:43,016][mephisto.operations.worker_pool][INFO] - Onboarding agent onboarding_40 registered out from onboarding
[2024-02-29 15:49:43,021][mephisto.abstractions.blueprints.abstract.static_task.static_agent_state][INFO] - SAVED_DATA_TO_DISC at /home/martins_32048/mephisto-data/data/data/runs/NO_PROJECT/59/864/221/agent_data.json
[2024-02-29 15:49:43,033][mephisto.operations.client_io_handler][WARNING] - [FRONT_END_ERROR]: {'error': "Cannot read properties of undefined (reading 'word')", 'errorInfo': {'componentStack': '\n    at SimpleFrontend (webpack://mephisto-task-compiler/./src/components/core_components.jsx?:98:24)\n    at p (webpack://mephisto-task-compiler/./node_modules/mephisto-task/build/bundle.js?:1:51620)\n    at div\n    at MainApp (webpack://mephisto-task-compiler/./src/app.jsx?:24:88)'}}
[2024-02-29 15:50:06,279][mephisto.operations.client_io_handler][WARNING] - [31;1m[Version Mismatch!!][0m: Package `mephisto-task` version mismatch. Expected version 2.0.4 but frontend is currently using 2.0.3. This may cause unexpected errors, be sure to update your `mephisto-task` dependency with `npm install mephisto-task@2.0.4 --save`. If this warning still persists or the version isn't found, please open an issue at https://github.com/facebookresearch/Mephisto/issues
[2024-02-29 15:50:08,145][mephisto.operations.operator][INFO] - Operator running task ID = 59
[2024-02-29 15:50:09,692][mephisto.operations.client_io_handler][WARNING] - [31;1m[Version Mismatch!!][0m: Package `mephisto-task` version mismatch. Expected version 2.0.4 but frontend is currently using 2.0.3. This may cause unexpected errors, be sure to update your `mephisto-task` dependency with `npm install mephisto-task@2.0.4 --save`. If this warning still persists or the version isn't found, please open an issue at https://github.com/facebookresearch/Mephisto/issues
[2024-02-29 15:50:11,046][mephisto.abstractions.blueprints.abstract.static_task.static_agent_state][INFO] - SAVED_DATA_TO_DISC at /home/martins_32048/mephisto-data/data/data/runs/NO_PROJECT/59/onboarding/onboarding_41/agent_data.json
[2024-02-29 15:50:11,046][mephisto.operations.worker_pool][INFO] - MockWorker(40) is starting onboarding thread with onboarding OnboardingAgent(41, none).
[2024-02-29 15:50:11,049][mephisto.operations.client_io_handler][WARNING] - [31;1m[Version Mismatch!!][0m: Package `mephisto-task` version mismatch. Expected version 2.0.4 but frontend is currently using 2.0.3. This may cause unexpected errors, be sure to update your `mephisto-task` dependency with `npm install mephisto-task@2.0.4 --save`. If this warning still persists or the version isn't found, please open an issue at https://github.com/facebookresearch/Mephisto/issues
[2024-02-29 15:50:12,606][mephisto.abstractions.blueprints.abstract.static_task.static_agent_state][INFO] - SAVED_DATA_TO_DISC at /home/martins_32048/mephisto-data/data/data/runs/NO_PROJECT/59/onboarding/onboarding_41/agent_data.json
[2024-02-29 15:50:12,613][mephisto.operations.worker_pool][INFO] - Onboarding agent onboarding_41 registered out from onboarding
[2024-02-29 15:50:12,619][mephisto.abstractions.blueprints.abstract.static_task.static_agent_state][INFO] - SAVED_DATA_TO_DISC at /home/martins_32048/mephisto-data/data/data/runs/NO_PROJECT/59/865/222/agent_data.json
[2024-02-29 15:50:12,631][mephisto.operations.client_io_handler][WARNING] - [FRONT_END_ERROR]: {'error': "Cannot read properties of undefined (reading 'word')", 'errorInfo': {'componentStack': '\n    at SimpleFrontend (webpack://mephisto-task-compiler/./src/components/core_components.jsx?:98:24)\n    at p (webpack://mephisto-task-compiler/./node_modules/mephisto-task/build/bundle.js?:1:51620)\n    at div\n    at MainApp (webpack://mephisto-task-compiler/./src/app.jsx?:24:88)'}}
[2024-02-29 15:50:38,153][mephisto.operations.operator][INFO] - Operator running task ID = 59
[2024-02-29 15:50:41,329][mephisto.operations.client_io_handler][WARNING] - [31;1m[Version Mismatch!!][0m: Package `mephisto-task` version mismatch. Expected version 2.0.4 but frontend is currently using 2.0.3. This may cause unexpected errors, be sure to update your `mephisto-task` dependency with `npm install mephisto-task@2.0.4 --save`. If this warning still persists or the version isn't found, please open an issue at https://github.com/facebookresearch/Mephisto/issues
[2024-02-29 15:50:46,248][mephisto.operations.client_io_handler][WARNING] - [31;1m[Version Mismatch!!][0m: Package `mephisto-task` version mismatch. Expected version 2.0.4 but frontend is currently using 2.0.3. This may cause unexpected errors, be sure to update your `mephisto-task` dependency with `npm install mephisto-task@2.0.4 --save`. If this warning still persists or the version isn't found, please open an issue at https://github.com/facebookresearch/Mephisto/issues
[2024-02-29 15:50:47,752][mephisto.operations.client_io_handler][WARNING] - [31;1m[Version Mismatch!!][0m: Package `mephisto-task` version mismatch. Expected version 2.0.4 but frontend is currently using 2.0.3. This may cause unexpected errors, be sure to update your `mephisto-task` dependency with `npm install mephisto-task@2.0.4 --save`. If this warning still persists or the version isn't found, please open an issue at https://github.com/facebookresearch/Mephisto/issues
[2024-02-29 15:50:53,325][mephisto.operations.client_io_handler][WARNING] - [31;1m[Version Mismatch!!][0m: Package `mephisto-task` version mismatch. Expected version 2.0.4 but frontend is currently using 2.0.3. This may cause unexpected errors, be sure to update your `mephisto-task` dependency with `npm install mephisto-task@2.0.4 --save`. If this warning still persists or the version isn't found, please open an issue at https://github.com/facebookresearch/Mephisto/issues
[2024-02-29 15:50:54,730][mephisto.operations.client_io_handler][WARNING] - [31;1m[Version Mismatch!!][0m: Package `mephisto-task` version mismatch. Expected version 2.0.4 but frontend is currently using 2.0.3. This may cause unexpected errors, be sure to update your `mephisto-task` dependency with `npm install mephisto-task@2.0.4 --save`. If this warning still persists or the version isn't found, please open an issue at https://github.com/facebookresearch/Mephisto/issues
[2024-02-29 15:50:59,482][mephisto.operations.operator][ERROR] - Cleaning up after keyboard interrupt, please [31;1mwait to Ctrl-C again[0m until instructed to.
[2024-02-29 15:50:59,482][mephisto.operations.operator][INFO] - operator shutting down
[2024-02-29 15:50:59,482][mephisto.operations.operator][INFO] - Expiring units for task run 59.
[2024-02-29 15:50:59,534][mephisto.operations.operator][INFO] - Waiting on 1 task runs with assignments in-flight. [31;1mCtrl-C ONCE[0m to kill running tasks and FORCE QUIT.
[2024-02-29 15:50:59,767][sh.command][INFO] - <Command '/usr/bin/rm -rf /home/martins_32048/Projects/Mephisto/tmp/local_server_59/server', pid 1914551>: process started
