[2024-02-29 10:17:48,892][root][WARNING] - Mephisto supports rich run-time metrics visualization through Prometheus and Grafana. If you'd like to use this feature, use `mephisto metrics install` to install.(Current install dir is '/home/martins_32048/Projects/Mephisto/mephisto/scripts/metrics')'
[2024-02-29 10:17:48,915][mephisto.operations.operator][INFO] - Creating a task run under task name: react-static-task-example
[2024-02-29 10:17:49,828][sh.command][INFO] - <Command '/usr/bin/rm -rf /home/martins_32048/mephisto-data/data/data/runs/NO_PROJECT/41/build/router', pid 1886779>: process started
[2024-02-29 10:17:51,168][sh.command][INFO] - <Command '/usr/bin/rm -rf /home/martins_32048/mephisto-data/data/data/runs/NO_PROJECT/41/build/router', pid 1886791>: process started
[2024-02-29 10:17:51,185][mephisto.operations.client_io_handler][INFO] - Sending alive
[2024-02-29 10:17:51,185][mephisto.operations.client_io_handler][INFO] - Sending alive
[2024-02-29 10:17:51,205][mephisto.operations.client_io_handler][INFO] - Sending alive
[2024-02-29 10:17:51,205][mephisto.abstractions.architects.channels.websocket_channel][INFO] - channel open
[2024-02-29 10:17:51,777][mephisto.operations.operator][INFO] - Operator running task ID = 41
[2024-02-29 10:17:51,779][mephisto.abstractions.providers.mock.mock_unit][INFO] - Mock task launched: http://localhost:3000 for preview, http://localhost:3000/?worker_id=x&assignment_id=254 for assignment 118
[2024-02-29 10:17:51,780][mephisto.abstractions.providers.mock.mock_unit][INFO] - Mock task launched: http://localhost:3000 for preview, http://localhost:3000/?worker_id=x&assignment_id=255 for assignment 118
[2024-02-29 10:17:51,782][mephisto.abstractions.providers.mock.mock_unit][INFO] - Mock task launched: http://localhost:3000 for preview, http://localhost:3000/?worker_id=x&assignment_id=256 for assignment 118
[2024-02-29 10:17:51,783][mephisto.abstractions.providers.mock.mock_unit][INFO] - Mock task launched: http://localhost:3000 for preview, http://localhost:3000/?worker_id=x&assignment_id=257 for assignment 119
[2024-02-29 10:17:51,784][mephisto.abstractions.providers.mock.mock_unit][INFO] - Mock task launched: http://localhost:3000 for preview, http://localhost:3000/?worker_id=x&assignment_id=258 for assignment 119
[2024-02-29 10:17:51,786][mephisto.abstractions.providers.mock.mock_unit][INFO] - Mock task launched: http://localhost:3000 for preview, http://localhost:3000/?worker_id=x&assignment_id=259 for assignment 119
[2024-02-29 10:17:51,787][mephisto.abstractions.providers.mock.mock_unit][INFO] - Mock task launched: http://localhost:3000 for preview, http://localhost:3000/?worker_id=x&assignment_id=260 for assignment 120
[2024-02-29 10:17:51,789][mephisto.abstractions.providers.mock.mock_unit][INFO] - Mock task launched: http://localhost:3000 for preview, http://localhost:3000/?worker_id=x&assignment_id=261 for assignment 120
[2024-02-29 10:17:51,790][mephisto.abstractions.providers.mock.mock_unit][INFO] - Mock task launched: http://localhost:3000 for preview, http://localhost:3000/?worker_id=x&assignment_id=262 for assignment 120
[2024-02-29 10:17:51,792][mephisto.abstractions.providers.mock.mock_unit][INFO] - Mock task launched: http://localhost:3000 for preview, http://localhost:3000/?worker_id=x&assignment_id=263 for assignment 121
[2024-02-29 10:17:51,793][mephisto.abstractions.providers.mock.mock_unit][INFO] - Mock task launched: http://localhost:3000 for preview, http://localhost:3000/?worker_id=x&assignment_id=264 for assignment 121
[2024-02-29 10:17:51,795][mephisto.abstractions.providers.mock.mock_unit][INFO] - Mock task launched: http://localhost:3000 for preview, http://localhost:3000/?worker_id=x&assignment_id=265 for assignment 121
[2024-02-29 10:17:51,796][mephisto.abstractions.providers.mock.mock_unit][INFO] - Mock task launched: http://localhost:3000 for preview, http://localhost:3000/?worker_id=x&assignment_id=266 for assignment 122
[2024-02-29 10:17:51,797][mephisto.abstractions.providers.mock.mock_unit][INFO] - Mock task launched: http://localhost:3000 for preview, http://localhost:3000/?worker_id=x&assignment_id=267 for assignment 122
[2024-02-29 10:17:51,799][mephisto.abstractions.providers.mock.mock_unit][INFO] - Mock task launched: http://localhost:3000 for preview, http://localhost:3000/?worker_id=x&assignment_id=268 for assignment 122
[2024-02-29 10:17:51,800][mephisto.abstractions.providers.mock.mock_unit][INFO] - Mock task launched: http://localhost:3000 for preview, http://localhost:3000/?worker_id=x&assignment_id=269 for assignment 123
[2024-02-29 10:17:51,802][mephisto.abstractions.providers.mock.mock_unit][INFO] - Mock task launched: http://localhost:3000 for preview, http://localhost:3000/?worker_id=x&assignment_id=270 for assignment 123
[2024-02-29 10:17:51,803][mephisto.abstractions.providers.mock.mock_unit][INFO] - Mock task launched: http://localhost:3000 for preview, http://localhost:3000/?worker_id=x&assignment_id=271 for assignment 123
[2024-02-29 10:17:51,804][mephisto.abstractions.providers.mock.mock_unit][INFO] - Mock task launched: http://localhost:3000 for preview, http://localhost:3000/?worker_id=x&assignment_id=272 for assignment 124
[2024-02-29 10:17:51,806][mephisto.abstractions.providers.mock.mock_unit][INFO] - Mock task launched: http://localhost:3000 for preview, http://localhost:3000/?worker_id=x&assignment_id=273 for assignment 124
[2024-02-29 10:17:51,807][mephisto.abstractions.providers.mock.mock_unit][INFO] - Mock task launched: http://localhost:3000 for preview, http://localhost:3000/?worker_id=x&assignment_id=274 for assignment 124
[2024-02-29 10:17:51,809][mephisto.abstractions.providers.mock.mock_unit][INFO] - Mock task launched: http://localhost:3000 for preview, http://localhost:3000/?worker_id=x&assignment_id=275 for assignment 125
[2024-02-29 10:17:51,811][mephisto.abstractions.providers.mock.mock_unit][INFO] - Mock task launched: http://localhost:3000 for preview, http://localhost:3000/?worker_id=x&assignment_id=276 for assignment 125
[2024-02-29 10:17:51,813][mephisto.abstractions.providers.mock.mock_unit][INFO] - Mock task launched: http://localhost:3000 for preview, http://localhost:3000/?worker_id=x&assignment_id=277 for assignment 125
[2024-02-29 10:17:51,815][mephisto.abstractions.providers.mock.mock_unit][INFO] - Mock task launched: http://localhost:3000 for preview, http://localhost:3000/?worker_id=x&assignment_id=278 for assignment 126
[2024-02-29 10:17:51,816][mephisto.abstractions.providers.mock.mock_unit][INFO] - Mock task launched: http://localhost:3000 for preview, http://localhost:3000/?worker_id=x&assignment_id=279 for assignment 126
[2024-02-29 10:17:51,818][mephisto.abstractions.providers.mock.mock_unit][INFO] - Mock task launched: http://localhost:3000 for preview, http://localhost:3000/?worker_id=x&assignment_id=280 for assignment 126
[2024-02-29 10:17:51,819][mephisto.abstractions.providers.mock.mock_unit][INFO] - Mock task launched: http://localhost:3000 for preview, http://localhost:3000/?worker_id=x&assignment_id=281 for assignment 127
[2024-02-29 10:17:51,821][mephisto.abstractions.providers.mock.mock_unit][INFO] - Mock task launched: http://localhost:3000 for preview, http://localhost:3000/?worker_id=x&assignment_id=282 for assignment 127
[2024-02-29 10:17:51,822][mephisto.abstractions.providers.mock.mock_unit][INFO] - Mock task launched: http://localhost:3000 for preview, http://localhost:3000/?worker_id=x&assignment_id=283 for assignment 127
[2024-02-29 10:17:51,824][mephisto.abstractions.providers.mock.mock_unit][INFO] - Mock task launched: http://localhost:3000 for preview, http://localhost:3000/?worker_id=x&assignment_id=284 for assignment 128
[2024-02-29 10:17:51,825][mephisto.abstractions.providers.mock.mock_unit][INFO] - Mock task launched: http://localhost:3000 for preview, http://localhost:3000/?worker_id=x&assignment_id=285 for assignment 128
[2024-02-29 10:17:51,827][mephisto.abstractions.providers.mock.mock_unit][INFO] - Mock task launched: http://localhost:3000 for preview, http://localhost:3000/?worker_id=x&assignment_id=286 for assignment 128
[2024-02-29 10:17:51,828][mephisto.abstractions.providers.mock.mock_unit][INFO] - Mock task launched: http://localhost:3000 for preview, http://localhost:3000/?worker_id=x&assignment_id=287 for assignment 129
[2024-02-29 10:17:51,830][mephisto.abstractions.providers.mock.mock_unit][INFO] - Mock task launched: http://localhost:3000 for preview, http://localhost:3000/?worker_id=x&assignment_id=288 for assignment 129
[2024-02-29 10:17:51,831][mephisto.abstractions.providers.mock.mock_unit][INFO] - Mock task launched: http://localhost:3000 for preview, http://localhost:3000/?worker_id=x&assignment_id=289 for assignment 129
[2024-02-29 10:17:51,832][mephisto.abstractions.providers.mock.mock_unit][INFO] - Mock task launched: http://localhost:3000 for preview, http://localhost:3000/?worker_id=x&assignment_id=290 for assignment 130
[2024-02-29 10:17:51,834][mephisto.abstractions.providers.mock.mock_unit][INFO] - Mock task launched: http://localhost:3000 for preview, http://localhost:3000/?worker_id=x&assignment_id=291 for assignment 130
[2024-02-29 10:17:51,835][mephisto.abstractions.providers.mock.mock_unit][INFO] - Mock task launched: http://localhost:3000 for preview, http://localhost:3000/?worker_id=x&assignment_id=292 for assignment 130
[2024-02-29 10:17:51,837][mephisto.abstractions.providers.mock.mock_unit][INFO] - Mock task launched: http://localhost:3000 for preview, http://localhost:3000/?worker_id=x&assignment_id=293 for assignment 131
[2024-02-29 10:17:51,838][mephisto.abstractions.providers.mock.mock_unit][INFO] - Mock task launched: http://localhost:3000 for preview, http://localhost:3000/?worker_id=x&assignment_id=294 for assignment 131
[2024-02-29 10:17:51,840][mephisto.abstractions.providers.mock.mock_unit][INFO] - Mock task launched: http://localhost:3000 for preview, http://localhost:3000/?worker_id=x&assignment_id=295 for assignment 131
[2024-02-29 10:17:51,841][mephisto.abstractions.providers.mock.mock_unit][INFO] - Mock task launched: http://localhost:3000 for preview, http://localhost:3000/?worker_id=x&assignment_id=296 for assignment 132
[2024-02-29 10:17:51,843][mephisto.abstractions.providers.mock.mock_unit][INFO] - Mock task launched: http://localhost:3000 for preview, http://localhost:3000/?worker_id=x&assignment_id=297 for assignment 132
[2024-02-29 10:17:51,845][mephisto.abstractions.providers.mock.mock_unit][INFO] - Mock task launched: http://localhost:3000 for preview, http://localhost:3000/?worker_id=x&assignment_id=298 for assignment 132
[2024-02-29 10:17:51,847][mephisto.abstractions.providers.mock.mock_unit][INFO] - Mock task launched: http://localhost:3000 for preview, http://localhost:3000/?worker_id=x&assignment_id=299 for assignment 133
[2024-02-29 10:17:51,849][mephisto.abstractions.providers.mock.mock_unit][INFO] - Mock task launched: http://localhost:3000 for preview, http://localhost:3000/?worker_id=x&assignment_id=300 for assignment 133
[2024-02-29 10:17:51,850][mephisto.abstractions.providers.mock.mock_unit][INFO] - Mock task launched: http://localhost:3000 for preview, http://localhost:3000/?worker_id=x&assignment_id=301 for assignment 133
[2024-02-29 10:17:51,852][mephisto.abstractions.providers.mock.mock_unit][INFO] - Mock task launched: http://localhost:3000 for preview, http://localhost:3000/?worker_id=x&assignment_id=302 for assignment 134
[2024-02-29 10:17:51,854][mephisto.abstractions.providers.mock.mock_unit][INFO] - Mock task launched: http://localhost:3000 for preview, http://localhost:3000/?worker_id=x&assignment_id=303 for assignment 134
[2024-02-29 10:17:51,856][mephisto.abstractions.providers.mock.mock_unit][INFO] - Mock task launched: http://localhost:3000 for preview, http://localhost:3000/?worker_id=x&assignment_id=304 for assignment 134
[2024-02-29 10:17:51,859][mephisto.abstractions.providers.mock.mock_unit][INFO] - Mock task launched: http://localhost:3000 for preview, http://localhost:3000/?worker_id=x&assignment_id=305 for assignment 135
[2024-02-29 10:17:51,860][mephisto.abstractions.providers.mock.mock_unit][INFO] - Mock task launched: http://localhost:3000 for preview, http://localhost:3000/?worker_id=x&assignment_id=306 for assignment 135
[2024-02-29 10:17:51,862][mephisto.abstractions.providers.mock.mock_unit][INFO] - Mock task launched: http://localhost:3000 for preview, http://localhost:3000/?worker_id=x&assignment_id=307 for assignment 135
[2024-02-29 10:17:51,863][mephisto.abstractions.providers.mock.mock_unit][INFO] - Mock task launched: http://localhost:3000 for preview, http://localhost:3000/?worker_id=x&assignment_id=308 for assignment 136
[2024-02-29 10:17:51,865][mephisto.abstractions.providers.mock.mock_unit][INFO] - Mock task launched: http://localhost:3000 for preview, http://localhost:3000/?worker_id=x&assignment_id=309 for assignment 136
[2024-02-29 10:17:51,866][mephisto.abstractions.providers.mock.mock_unit][INFO] - Mock task launched: http://localhost:3000 for preview, http://localhost:3000/?worker_id=x&assignment_id=310 for assignment 136
[2024-02-29 10:17:51,868][mephisto.abstractions.providers.mock.mock_unit][INFO] - Mock task launched: http://localhost:3000 for preview, http://localhost:3000/?worker_id=x&assignment_id=311 for assignment 137
[2024-02-29 10:17:51,869][mephisto.abstractions.providers.mock.mock_unit][INFO] - Mock task launched: http://localhost:3000 for preview, http://localhost:3000/?worker_id=x&assignment_id=312 for assignment 137
[2024-02-29 10:17:51,871][mephisto.abstractions.providers.mock.mock_unit][INFO] - Mock task launched: http://localhost:3000 for preview, http://localhost:3000/?worker_id=x&assignment_id=313 for assignment 137
[2024-02-29 10:17:51,872][mephisto.abstractions.providers.mock.mock_unit][INFO] - Mock task launched: http://localhost:3000 for preview, http://localhost:3000/?worker_id=x&assignment_id=314 for assignment 138
[2024-02-29 10:17:51,874][mephisto.abstractions.providers.mock.mock_unit][INFO] - Mock task launched: http://localhost:3000 for preview, http://localhost:3000/?worker_id=x&assignment_id=315 for assignment 138
[2024-02-29 10:17:51,875][mephisto.abstractions.providers.mock.mock_unit][INFO] - Mock task launched: http://localhost:3000 for preview, http://localhost:3000/?worker_id=x&assignment_id=316 for assignment 138
[2024-02-29 10:17:51,877][mephisto.abstractions.providers.mock.mock_unit][INFO] - Mock task launched: http://localhost:3000 for preview, http://localhost:3000/?worker_id=x&assignment_id=317 for assignment 139
[2024-02-29 10:17:51,878][mephisto.abstractions.providers.mock.mock_unit][INFO] - Mock task launched: http://localhost:3000 for preview, http://localhost:3000/?worker_id=x&assignment_id=318 for assignment 139
[2024-02-29 10:17:51,879][mephisto.abstractions.providers.mock.mock_unit][INFO] - Mock task launched: http://localhost:3000 for preview, http://localhost:3000/?worker_id=x&assignment_id=319 for assignment 139
[2024-02-29 10:17:51,881][mephisto.abstractions.providers.mock.mock_unit][INFO] - Mock task launched: http://localhost:3000 for preview, http://localhost:3000/?worker_id=x&assignment_id=320 for assignment 140
[2024-02-29 10:17:51,882][mephisto.abstractions.providers.mock.mock_unit][INFO] - Mock task launched: http://localhost:3000 for preview, http://localhost:3000/?worker_id=x&assignment_id=321 for assignment 140
[2024-02-29 10:17:51,884][mephisto.abstractions.providers.mock.mock_unit][INFO] - Mock task launched: http://localhost:3000 for preview, http://localhost:3000/?worker_id=x&assignment_id=322 for assignment 140
[2024-02-29 10:17:51,885][mephisto.abstractions.providers.mock.mock_unit][INFO] - Mock task launched: http://localhost:3000 for preview, http://localhost:3000/?worker_id=x&assignment_id=323 for assignment 141
[2024-02-29 10:17:51,886][mephisto.abstractions.providers.mock.mock_unit][INFO] - Mock task launched: http://localhost:3000 for preview, http://localhost:3000/?worker_id=x&assignment_id=324 for assignment 141
[2024-02-29 10:17:51,888][mephisto.abstractions.providers.mock.mock_unit][INFO] - Mock task launched: http://localhost:3000 for preview, http://localhost:3000/?worker_id=x&assignment_id=325 for assignment 141
[2024-02-29 10:17:51,889][mephisto.abstractions.providers.mock.mock_unit][INFO] - Mock task launched: http://localhost:3000 for preview, http://localhost:3000/?worker_id=x&assignment_id=326 for assignment 142
[2024-02-29 10:17:51,891][mephisto.abstractions.providers.mock.mock_unit][INFO] - Mock task launched: http://localhost:3000 for preview, http://localhost:3000/?worker_id=x&assignment_id=327 for assignment 142
[2024-02-29 10:17:51,892][mephisto.abstractions.providers.mock.mock_unit][INFO] - Mock task launched: http://localhost:3000 for preview, http://localhost:3000/?worker_id=x&assignment_id=328 for assignment 142
[2024-02-29 10:17:51,894][mephisto.abstractions.providers.mock.mock_unit][INFO] - Mock task launched: http://localhost:3000 for preview, http://localhost:3000/?worker_id=x&assignment_id=329 for assignment 143
[2024-02-29 10:17:51,895][mephisto.abstractions.providers.mock.mock_unit][INFO] - Mock task launched: http://localhost:3000 for preview, http://localhost:3000/?worker_id=x&assignment_id=330 for assignment 143
[2024-02-29 10:17:51,896][mephisto.abstractions.providers.mock.mock_unit][INFO] - Mock task launched: http://localhost:3000 for preview, http://localhost:3000/?worker_id=x&assignment_id=331 for assignment 143
[2024-02-29 10:17:51,898][mephisto.abstractions.providers.mock.mock_unit][INFO] - Mock task launched: http://localhost:3000 for preview, http://localhost:3000/?worker_id=x&assignment_id=332 for assignment 144
[2024-02-29 10:17:51,899][mephisto.abstractions.providers.mock.mock_unit][INFO] - Mock task launched: http://localhost:3000 for preview, http://localhost:3000/?worker_id=x&assignment_id=333 for assignment 144
[2024-02-29 10:17:51,901][mephisto.abstractions.providers.mock.mock_unit][INFO] - Mock task launched: http://localhost:3000 for preview, http://localhost:3000/?worker_id=x&assignment_id=334 for assignment 144
[2024-02-29 10:17:51,903][mephisto.abstractions.providers.mock.mock_unit][INFO] - Mock task launched: http://localhost:3000 for preview, http://localhost:3000/?worker_id=x&assignment_id=335 for assignment 145
[2024-02-29 10:17:51,904][mephisto.abstractions.providers.mock.mock_unit][INFO] - Mock task launched: http://localhost:3000 for preview, http://localhost:3000/?worker_id=x&assignment_id=336 for assignment 145
[2024-02-29 10:17:51,906][mephisto.abstractions.providers.mock.mock_unit][INFO] - Mock task launched: http://localhost:3000 for preview, http://localhost:3000/?worker_id=x&assignment_id=337 for assignment 145
[2024-02-29 10:17:51,907][mephisto.abstractions.providers.mock.mock_unit][INFO] - Mock task launched: http://localhost:3000 for preview, http://localhost:3000/?worker_id=x&assignment_id=338 for assignment 146
[2024-02-29 10:17:51,909][mephisto.abstractions.providers.mock.mock_unit][INFO] - Mock task launched: http://localhost:3000 for preview, http://localhost:3000/?worker_id=x&assignment_id=339 for assignment 146
[2024-02-29 10:17:51,910][mephisto.abstractions.providers.mock.mock_unit][INFO] - Mock task launched: http://localhost:3000 for preview, http://localhost:3000/?worker_id=x&assignment_id=340 for assignment 146
[2024-02-29 10:17:51,912][mephisto.abstractions.providers.mock.mock_unit][INFO] - Mock task launched: http://localhost:3000 for preview, http://localhost:3000/?worker_id=x&assignment_id=341 for assignment 147
[2024-02-29 10:17:51,913][mephisto.abstractions.providers.mock.mock_unit][INFO] - Mock task launched: http://localhost:3000 for preview, http://localhost:3000/?worker_id=x&assignment_id=342 for assignment 147
[2024-02-29 10:17:51,915][mephisto.abstractions.providers.mock.mock_unit][INFO] - Mock task launched: http://localhost:3000 for preview, http://localhost:3000/?worker_id=x&assignment_id=343 for assignment 147
[2024-02-29 10:17:51,916][mephisto.abstractions.providers.mock.mock_unit][INFO] - Mock task launched: http://localhost:3000 for preview, http://localhost:3000/?worker_id=x&assignment_id=344 for assignment 148
[2024-02-29 10:17:51,917][mephisto.abstractions.providers.mock.mock_unit][INFO] - Mock task launched: http://localhost:3000 for preview, http://localhost:3000/?worker_id=x&assignment_id=345 for assignment 148
[2024-02-29 10:17:51,919][mephisto.abstractions.providers.mock.mock_unit][INFO] - Mock task launched: http://localhost:3000 for preview, http://localhost:3000/?worker_id=x&assignment_id=346 for assignment 148
[2024-02-29 10:17:51,920][mephisto.abstractions.providers.mock.mock_unit][INFO] - Mock task launched: http://localhost:3000 for preview, http://localhost:3000/?worker_id=x&assignment_id=347 for assignment 149
[2024-02-29 10:17:51,922][mephisto.abstractions.providers.mock.mock_unit][INFO] - Mock task launched: http://localhost:3000 for preview, http://localhost:3000/?worker_id=x&assignment_id=348 for assignment 149
[2024-02-29 10:17:51,923][mephisto.abstractions.providers.mock.mock_unit][INFO] - Mock task launched: http://localhost:3000 for preview, http://localhost:3000/?worker_id=x&assignment_id=349 for assignment 149
[2024-02-29 10:17:51,924][mephisto.abstractions.providers.mock.mock_unit][INFO] - Mock task launched: http://localhost:3000 for preview, http://localhost:3000/?worker_id=x&assignment_id=350 for assignment 150
[2024-02-29 10:17:51,926][mephisto.abstractions.providers.mock.mock_unit][INFO] - Mock task launched: http://localhost:3000 for preview, http://localhost:3000/?worker_id=x&assignment_id=351 for assignment 150
[2024-02-29 10:17:51,927][mephisto.abstractions.providers.mock.mock_unit][INFO] - Mock task launched: http://localhost:3000 for preview, http://localhost:3000/?worker_id=x&assignment_id=352 for assignment 150
[2024-02-29 10:17:51,928][mephisto.abstractions.providers.mock.mock_unit][INFO] - Mock task launched: http://localhost:3000 for preview, http://localhost:3000/?worker_id=x&assignment_id=353 for assignment 151
[2024-02-29 10:17:51,930][mephisto.abstractions.providers.mock.mock_unit][INFO] - Mock task launched: http://localhost:3000 for preview, http://localhost:3000/?worker_id=x&assignment_id=354 for assignment 151
[2024-02-29 10:17:51,932][mephisto.abstractions.providers.mock.mock_unit][INFO] - Mock task launched: http://localhost:3000 for preview, http://localhost:3000/?worker_id=x&assignment_id=355 for assignment 151
[2024-02-29 10:17:51,933][mephisto.abstractions.providers.mock.mock_unit][INFO] - Mock task launched: http://localhost:3000 for preview, http://localhost:3000/?worker_id=x&assignment_id=356 for assignment 152
[2024-02-29 10:17:51,935][mephisto.abstractions.providers.mock.mock_unit][INFO] - Mock task launched: http://localhost:3000 for preview, http://localhost:3000/?worker_id=x&assignment_id=357 for assignment 152
[2024-02-29 10:17:51,936][mephisto.abstractions.providers.mock.mock_unit][INFO] - Mock task launched: http://localhost:3000 for preview, http://localhost:3000/?worker_id=x&assignment_id=358 for assignment 152
[2024-02-29 10:17:51,937][mephisto.abstractions.providers.mock.mock_unit][INFO] - Mock task launched: http://localhost:3000 for preview, http://localhost:3000/?worker_id=x&assignment_id=359 for assignment 153
[2024-02-29 10:17:51,939][mephisto.abstractions.providers.mock.mock_unit][INFO] - Mock task launched: http://localhost:3000 for preview, http://localhost:3000/?worker_id=x&assignment_id=360 for assignment 153
[2024-02-29 10:17:51,941][mephisto.abstractions.providers.mock.mock_unit][INFO] - Mock task launched: http://localhost:3000 for preview, http://localhost:3000/?worker_id=x&assignment_id=361 for assignment 153
[2024-02-29 10:17:51,942][mephisto.abstractions.providers.mock.mock_unit][INFO] - Mock task launched: http://localhost:3000 for preview, http://localhost:3000/?worker_id=x&assignment_id=362 for assignment 154
[2024-02-29 10:17:51,943][mephisto.abstractions.providers.mock.mock_unit][INFO] - Mock task launched: http://localhost:3000 for preview, http://localhost:3000/?worker_id=x&assignment_id=363 for assignment 154
[2024-02-29 10:17:51,945][mephisto.abstractions.providers.mock.mock_unit][INFO] - Mock task launched: http://localhost:3000 for preview, http://localhost:3000/?worker_id=x&assignment_id=364 for assignment 154
[2024-02-29 10:17:51,946][mephisto.abstractions.providers.mock.mock_unit][INFO] - Mock task launched: http://localhost:3000 for preview, http://localhost:3000/?worker_id=x&assignment_id=365 for assignment 155
[2024-02-29 10:17:51,948][mephisto.abstractions.providers.mock.mock_unit][INFO] - Mock task launched: http://localhost:3000 for preview, http://localhost:3000/?worker_id=x&assignment_id=366 for assignment 155
[2024-02-29 10:17:51,949][mephisto.abstractions.providers.mock.mock_unit][INFO] - Mock task launched: http://localhost:3000 for preview, http://localhost:3000/?worker_id=x&assignment_id=367 for assignment 155
[2024-02-29 10:17:51,950][mephisto.abstractions.providers.mock.mock_unit][INFO] - Mock task launched: http://localhost:3000 for preview, http://localhost:3000/?worker_id=x&assignment_id=368 for assignment 156
[2024-02-29 10:17:51,952][mephisto.abstractions.providers.mock.mock_unit][INFO] - Mock task launched: http://localhost:3000 for preview, http://localhost:3000/?worker_id=x&assignment_id=369 for assignment 156
[2024-02-29 10:17:51,953][mephisto.abstractions.providers.mock.mock_unit][INFO] - Mock task launched: http://localhost:3000 for preview, http://localhost:3000/?worker_id=x&assignment_id=370 for assignment 156
[2024-02-29 10:17:51,955][mephisto.abstractions.providers.mock.mock_unit][INFO] - Mock task launched: http://localhost:3000 for preview, http://localhost:3000/?worker_id=x&assignment_id=371 for assignment 157
[2024-02-29 10:17:51,956][mephisto.abstractions.providers.mock.mock_unit][INFO] - Mock task launched: http://localhost:3000 for preview, http://localhost:3000/?worker_id=x&assignment_id=372 for assignment 157
[2024-02-29 10:17:51,958][mephisto.abstractions.providers.mock.mock_unit][INFO] - Mock task launched: http://localhost:3000 for preview, http://localhost:3000/?worker_id=x&assignment_id=373 for assignment 157
[2024-02-29 10:17:51,959][mephisto.abstractions.providers.mock.mock_unit][INFO] - Mock task launched: http://localhost:3000 for preview, http://localhost:3000/?worker_id=x&assignment_id=374 for assignment 158
[2024-02-29 10:17:51,961][mephisto.abstractions.providers.mock.mock_unit][INFO] - Mock task launched: http://localhost:3000 for preview, http://localhost:3000/?worker_id=x&assignment_id=375 for assignment 158
[2024-02-29 10:17:51,962][mephisto.abstractions.providers.mock.mock_unit][INFO] - Mock task launched: http://localhost:3000 for preview, http://localhost:3000/?worker_id=x&assignment_id=376 for assignment 158
[2024-02-29 10:17:51,964][mephisto.abstractions.providers.mock.mock_unit][INFO] - Mock task launched: http://localhost:3000 for preview, http://localhost:3000/?worker_id=x&assignment_id=377 for assignment 159
[2024-02-29 10:17:51,965][mephisto.abstractions.providers.mock.mock_unit][INFO] - Mock task launched: http://localhost:3000 for preview, http://localhost:3000/?worker_id=x&assignment_id=378 for assignment 159
[2024-02-29 10:17:51,967][mephisto.abstractions.providers.mock.mock_unit][INFO] - Mock task launched: http://localhost:3000 for preview, http://localhost:3000/?worker_id=x&assignment_id=379 for assignment 159
[2024-02-29 10:17:51,968][mephisto.abstractions.providers.mock.mock_unit][INFO] - Mock task launched: http://localhost:3000 for preview, http://localhost:3000/?worker_id=x&assignment_id=380 for assignment 160
[2024-02-29 10:17:51,970][mephisto.abstractions.providers.mock.mock_unit][INFO] - Mock task launched: http://localhost:3000 for preview, http://localhost:3000/?worker_id=x&assignment_id=381 for assignment 160
[2024-02-29 10:17:51,971][mephisto.abstractions.providers.mock.mock_unit][INFO] - Mock task launched: http://localhost:3000 for preview, http://localhost:3000/?worker_id=x&assignment_id=382 for assignment 160
[2024-02-29 10:17:53,267][mephisto.operations.client_io_handler][WARNING] - [31;1m[Version Mismatch!!][0m: Package `mephisto-task` version mismatch. Expected version 2.0.4 but frontend is currently using 2.0.3. This may cause unexpected errors, be sure to update your `mephisto-task` dependency with `npm install mephisto-task@2.0.4 --save`. If this warning still persists or the version isn't found, please open an issue at https://github.com/facebookresearch/Mephisto/issues
[2024-02-29 10:17:53,329][mephisto.abstractions.blueprints.abstract.static_task.static_agent_state][INFO] - SAVED_DATA_TO_DISC at /home/martins_32048/mephisto-data/data/data/runs/NO_PROJECT/41/118/164/agent_data.json
[2024-02-29 10:17:54,436][mephisto.abstractions.blueprints.abstract.static_task.static_agent_state][INFO] - SAVED_DATA_TO_DISC at /home/martins_32048/mephisto-data/data/data/runs/NO_PROJECT/41/118/164/agent_data.json
[2024-02-29 10:17:56,029][mephisto.operations.client_io_handler][WARNING] - [31;1m[Version Mismatch!!][0m: Package `mephisto-task` version mismatch. Expected version 2.0.4 but frontend is currently using 2.0.3. This may cause unexpected errors, be sure to update your `mephisto-task` dependency with `npm install mephisto-task@2.0.4 --save`. If this warning still persists or the version isn't found, please open an issue at https://github.com/facebookresearch/Mephisto/issues
[2024-02-29 10:17:56,035][mephisto.abstractions.blueprints.abstract.static_task.static_agent_state][INFO] - SAVED_DATA_TO_DISC at /home/martins_32048/mephisto-data/data/data/runs/NO_PROJECT/41/119/165/agent_data.json
[2024-02-29 10:17:57,292][mephisto.abstractions.blueprints.abstract.static_task.static_agent_state][INFO] - SAVED_DATA_TO_DISC at /home/martins_32048/mephisto-data/data/data/runs/NO_PROJECT/41/119/165/agent_data.json
[2024-02-29 10:17:58,640][mephisto.operations.client_io_handler][WARNING] - [31;1m[Version Mismatch!!][0m: Package `mephisto-task` version mismatch. Expected version 2.0.4 but frontend is currently using 2.0.3. This may cause unexpected errors, be sure to update your `mephisto-task` dependency with `npm install mephisto-task@2.0.4 --save`. If this warning still persists or the version isn't found, please open an issue at https://github.com/facebookresearch/Mephisto/issues
[2024-02-29 10:17:58,666][mephisto.abstractions.blueprints.abstract.static_task.static_agent_state][INFO] - SAVED_DATA_TO_DISC at /home/martins_32048/mephisto-data/data/data/runs/NO_PROJECT/41/120/166/agent_data.json
[2024-02-29 10:17:59,342][mephisto.abstractions.blueprints.abstract.static_task.static_agent_state][INFO] - SAVED_DATA_TO_DISC at /home/martins_32048/mephisto-data/data/data/runs/NO_PROJECT/41/120/166/agent_data.json
[2024-02-29 10:18:00,443][mephisto.abstractions.blueprints.abstract.static_task.static_agent_state][INFO] - SAVED_DATA_TO_DISC at /home/martins_32048/mephisto-data/data/data/runs/NO_PROJECT/41/121/167/agent_data.json
[2024-02-29 10:18:00,447][mephisto.operations.client_io_handler][WARNING] - [31;1m[Version Mismatch!!][0m: Package `mephisto-task` version mismatch. Expected version 2.0.4 but frontend is currently using 2.0.3. This may cause unexpected errors, be sure to update your `mephisto-task` dependency with `npm install mephisto-task@2.0.4 --save`. If this warning still persists or the version isn't found, please open an issue at https://github.com/facebookresearch/Mephisto/issues
[2024-02-29 10:18:21,786][mephisto.operations.operator][INFO] - Operator running task ID = 41
[2024-02-29 10:18:51,796][mephisto.operations.operator][INFO] - Operator running task ID = 41
[2024-02-29 10:19:21,802][mephisto.operations.operator][INFO] - Operator running task ID = 41
[2024-02-29 10:19:51,809][mephisto.operations.operator][INFO] - Operator running task ID = 41
[2024-02-29 10:20:21,818][mephisto.operations.operator][INFO] - Operator running task ID = 41
[2024-02-29 10:20:51,824][mephisto.operations.operator][INFO] - Operator running task ID = 41
[2024-02-29 10:21:21,835][mephisto.operations.operator][INFO] - Operator running task ID = 41
[2024-02-29 10:21:51,847][mephisto.operations.operator][INFO] - Operator running task ID = 41
[2024-02-29 10:22:21,854][mephisto.operations.operator][INFO] - Operator running task ID = 41
[2024-02-29 10:22:51,860][mephisto.operations.operator][INFO] - Operator running task ID = 41
[2024-02-29 10:23:21,871][mephisto.operations.operator][INFO] - Operator running task ID = 41
[2024-02-29 10:23:51,879][mephisto.operations.operator][INFO] - Operator running task ID = 41
[2024-02-29 10:24:21,886][mephisto.operations.operator][INFO] - Operator running task ID = 41
[2024-02-29 10:24:28,299][mephisto.operations.client_io_handler][WARNING] - [31;1m[Version Mismatch!!][0m: Package `mephisto-task` version mismatch. Expected version 2.0.4 but frontend is currently using 2.0.3. This may cause unexpected errors, be sure to update your `mephisto-task` dependency with `npm install mephisto-task@2.0.4 --save`. If this warning still persists or the version isn't found, please open an issue at https://github.com/facebookresearch/Mephisto/issues
[2024-02-29 10:24:51,899][mephisto.operations.operator][INFO] - Operator running task ID = 41
[2024-02-29 10:25:21,910][mephisto.operations.operator][INFO] - Operator running task ID = 41
[2024-02-29 10:25:51,921][mephisto.operations.operator][INFO] - Operator running task ID = 41
[2024-02-29 10:26:21,931][mephisto.operations.operator][INFO] - Operator running task ID = 41
[2024-02-29 10:26:31,348][mephisto.operations.client_io_handler][WARNING] - [31;1m[Version Mismatch!!][0m: Package `mephisto-task` version mismatch. Expected version 2.0.4 but frontend is currently using 2.0.3. This may cause unexpected errors, be sure to update your `mephisto-task` dependency with `npm install mephisto-task@2.0.4 --save`. If this warning still persists or the version isn't found, please open an issue at https://github.com/facebookresearch/Mephisto/issues
[2024-02-29 10:26:51,939][mephisto.operations.operator][INFO] - Operator running task ID = 41
[2024-02-29 10:27:21,946][mephisto.operations.operator][INFO] - Operator running task ID = 41
[2024-02-29 10:27:27,009][mephisto.operations.client_io_handler][WARNING] - [31;1m[Version Mismatch!!][0m: Package `mephisto-task` version mismatch. Expected version 2.0.4 but frontend is currently using 2.0.3. This may cause unexpected errors, be sure to update your `mephisto-task` dependency with `npm install mephisto-task@2.0.4 --save`. If this warning still persists or the version isn't found, please open an issue at https://github.com/facebookresearch/Mephisto/issues
[2024-02-29 10:27:51,955][mephisto.operations.operator][INFO] - Operator running task ID = 41
[2024-02-29 10:28:21,965][mephisto.operations.operator][INFO] - Operator running task ID = 41
[2024-02-29 10:28:51,972][mephisto.operations.operator][INFO] - Operator running task ID = 41
[2024-02-29 10:29:21,983][mephisto.operations.operator][INFO] - Operator running task ID = 41
[2024-02-29 10:29:51,992][mephisto.operations.operator][INFO] - Operator running task ID = 41
[2024-02-29 10:30:22,001][mephisto.operations.operator][INFO] - Operator running task ID = 41
[2024-02-29 10:30:52,014][mephisto.operations.operator][INFO] - Operator running task ID = 41
[2024-02-29 10:31:22,020][mephisto.operations.operator][INFO] - Operator running task ID = 41
[2024-02-29 10:31:52,032][mephisto.operations.operator][INFO] - Operator running task ID = 41
[2024-02-29 10:32:04,788][mephisto.operations.client_io_handler][WARNING] - [31;1m[Version Mismatch!!][0m: Package `mephisto-task` version mismatch. Expected version 2.0.4 but frontend is currently using 2.0.3. This may cause unexpected errors, be sure to update your `mephisto-task` dependency with `npm install mephisto-task@2.0.4 --save`. If this warning still persists or the version isn't found, please open an issue at https://github.com/facebookresearch/Mephisto/issues
[2024-02-29 10:32:09,655][mephisto.operations.client_io_handler][WARNING] - [31;1m[Version Mismatch!!][0m: Package `mephisto-task` version mismatch. Expected version 2.0.4 but frontend is currently using 2.0.3. This may cause unexpected errors, be sure to update your `mephisto-task` dependency with `npm install mephisto-task@2.0.4 --save`. If this warning still persists or the version isn't found, please open an issue at https://github.com/facebookresearch/Mephisto/issues
[2024-02-29 10:32:10,791][mephisto.abstractions.blueprints.abstract.static_task.static_agent_state][INFO] - SAVED_DATA_TO_DISC at /home/martins_32048/mephisto-data/data/data/runs/NO_PROJECT/41/121/167/agent_data.json
[2024-02-29 10:32:11,954][mephisto.abstractions.blueprints.abstract.static_task.static_agent_state][INFO] - SAVED_DATA_TO_DISC at /home/martins_32048/mephisto-data/data/data/runs/NO_PROJECT/41/122/168/agent_data.json
[2024-02-29 10:32:11,963][mephisto.operations.client_io_handler][WARNING] - [31;1m[Version Mismatch!!][0m: Package `mephisto-task` version mismatch. Expected version 2.0.4 but frontend is currently using 2.0.3. This may cause unexpected errors, be sure to update your `mephisto-task` dependency with `npm install mephisto-task@2.0.4 --save`. If this warning still persists or the version isn't found, please open an issue at https://github.com/facebookresearch/Mephisto/issues
[2024-02-29 10:32:13,219][mephisto.abstractions.blueprints.abstract.static_task.static_agent_state][INFO] - SAVED_DATA_TO_DISC at /home/martins_32048/mephisto-data/data/data/runs/NO_PROJECT/41/122/168/agent_data.json
[2024-02-29 10:32:14,124][mephisto.operations.client_io_handler][WARNING] - [31;1m[Version Mismatch!!][0m: Package `mephisto-task` version mismatch. Expected version 2.0.4 but frontend is currently using 2.0.3. This may cause unexpected errors, be sure to update your `mephisto-task` dependency with `npm install mephisto-task@2.0.4 --save`. If this warning still persists or the version isn't found, please open an issue at https://github.com/facebookresearch/Mephisto/issues
[2024-02-29 10:32:14,128][mephisto.abstractions.blueprints.abstract.static_task.static_agent_state][INFO] - SAVED_DATA_TO_DISC at /home/martins_32048/mephisto-data/data/data/runs/NO_PROJECT/41/123/169/agent_data.json
[2024-02-29 10:32:14,968][mephisto.abstractions.blueprints.abstract.static_task.static_agent_state][INFO] - SAVED_DATA_TO_DISC at /home/martins_32048/mephisto-data/data/data/runs/NO_PROJECT/41/123/169/agent_data.json
[2024-02-29 10:32:15,780][mephisto.operations.client_io_handler][WARNING] - [31;1m[Version Mismatch!!][0m: Package `mephisto-task` version mismatch. Expected version 2.0.4 but frontend is currently using 2.0.3. This may cause unexpected errors, be sure to update your `mephisto-task` dependency with `npm install mephisto-task@2.0.4 --save`. If this warning still persists or the version isn't found, please open an issue at https://github.com/facebookresearch/Mephisto/issues
[2024-02-29 10:32:15,799][mephisto.abstractions.blueprints.abstract.static_task.static_agent_state][INFO] - SAVED_DATA_TO_DISC at /home/martins_32048/mephisto-data/data/data/runs/NO_PROJECT/41/124/170/agent_data.json
[2024-02-29 10:32:16,536][mephisto.abstractions.blueprints.abstract.static_task.static_agent_state][INFO] - SAVED_DATA_TO_DISC at /home/martins_32048/mephisto-data/data/data/runs/NO_PROJECT/41/124/170/agent_data.json
[2024-02-29 10:32:17,263][mephisto.abstractions.blueprints.abstract.static_task.static_agent_state][INFO] - SAVED_DATA_TO_DISC at /home/martins_32048/mephisto-data/data/data/runs/NO_PROJECT/41/125/171/agent_data.json
[2024-02-29 10:32:17,284][mephisto.operations.client_io_handler][WARNING] - [31;1m[Version Mismatch!!][0m: Package `mephisto-task` version mismatch. Expected version 2.0.4 but frontend is currently using 2.0.3. This may cause unexpected errors, be sure to update your `mephisto-task` dependency with `npm install mephisto-task@2.0.4 --save`. If this warning still persists or the version isn't found, please open an issue at https://github.com/facebookresearch/Mephisto/issues
[2024-02-29 10:32:22,038][mephisto.operations.operator][INFO] - Operator running task ID = 41
[2024-02-29 10:32:31,042][mephisto.operations.client_io_handler][WARNING] - [31;1m[Version Mismatch!!][0m: Package `mephisto-task` version mismatch. Expected version 2.0.4 but frontend is currently using 2.0.3. This may cause unexpected errors, be sure to update your `mephisto-task` dependency with `npm install mephisto-task@2.0.4 --save`. If this warning still persists or the version isn't found, please open an issue at https://github.com/facebookresearch/Mephisto/issues
[2024-02-29 10:32:32,224][mephisto.abstractions.blueprints.abstract.static_task.static_agent_state][INFO] - SAVED_DATA_TO_DISC at /home/martins_32048/mephisto-data/data/data/runs/NO_PROJECT/41/125/171/agent_data.json
[2024-02-29 10:32:33,150][mephisto.operations.client_io_handler][WARNING] - [31;1m[Version Mismatch!!][0m: Package `mephisto-task` version mismatch. Expected version 2.0.4 but frontend is currently using 2.0.3. This may cause unexpected errors, be sure to update your `mephisto-task` dependency with `npm install mephisto-task@2.0.4 --save`. If this warning still persists or the version isn't found, please open an issue at https://github.com/facebookresearch/Mephisto/issues
[2024-02-29 10:32:33,158][mephisto.abstractions.blueprints.abstract.static_task.static_agent_state][INFO] - SAVED_DATA_TO_DISC at /home/martins_32048/mephisto-data/data/data/runs/NO_PROJECT/41/126/172/agent_data.json
[2024-02-29 10:32:33,713][mephisto.abstractions.blueprints.abstract.static_task.static_agent_state][INFO] - SAVED_DATA_TO_DISC at /home/martins_32048/mephisto-data/data/data/runs/NO_PROJECT/41/126/172/agent_data.json
[2024-02-29 10:32:34,642][mephisto.abstractions.blueprints.abstract.static_task.static_agent_state][INFO] - SAVED_DATA_TO_DISC at /home/martins_32048/mephisto-data/data/data/runs/NO_PROJECT/41/127/173/agent_data.json
[2024-02-29 10:32:34,655][mephisto.operations.client_io_handler][WARNING] - [31;1m[Version Mismatch!!][0m: Package `mephisto-task` version mismatch. Expected version 2.0.4 but frontend is currently using 2.0.3. This may cause unexpected errors, be sure to update your `mephisto-task` dependency with `npm install mephisto-task@2.0.4 --save`. If this warning still persists or the version isn't found, please open an issue at https://github.com/facebookresearch/Mephisto/issues
[2024-02-29 10:32:35,365][mephisto.abstractions.blueprints.abstract.static_task.static_agent_state][INFO] - SAVED_DATA_TO_DISC at /home/martins_32048/mephisto-data/data/data/runs/NO_PROJECT/41/127/173/agent_data.json
[2024-02-29 10:32:36,486][mephisto.abstractions.blueprints.abstract.static_task.static_agent_state][INFO] - SAVED_DATA_TO_DISC at /home/martins_32048/mephisto-data/data/data/runs/NO_PROJECT/41/128/174/agent_data.json
[2024-02-29 10:32:36,512][mephisto.operations.client_io_handler][WARNING] - [31;1m[Version Mismatch!!][0m: Package `mephisto-task` version mismatch. Expected version 2.0.4 but frontend is currently using 2.0.3. This may cause unexpected errors, be sure to update your `mephisto-task` dependency with `npm install mephisto-task@2.0.4 --save`. If this warning still persists or the version isn't found, please open an issue at https://github.com/facebookresearch/Mephisto/issues
[2024-02-29 10:32:38,657][mephisto.abstractions.blueprints.abstract.static_task.static_agent_state][INFO] - SAVED_DATA_TO_DISC at /home/martins_32048/mephisto-data/data/data/runs/NO_PROJECT/41/128/174/agent_data.json
[2024-02-29 10:32:39,624][mephisto.operations.client_io_handler][WARNING] - [31;1m[Version Mismatch!!][0m: Package `mephisto-task` version mismatch. Expected version 2.0.4 but frontend is currently using 2.0.3. This may cause unexpected errors, be sure to update your `mephisto-task` dependency with `npm install mephisto-task@2.0.4 --save`. If this warning still persists or the version isn't found, please open an issue at https://github.com/facebookresearch/Mephisto/issues
[2024-02-29 10:32:39,626][mephisto.abstractions.blueprints.abstract.static_task.static_agent_state][INFO] - SAVED_DATA_TO_DISC at /home/martins_32048/mephisto-data/data/data/runs/NO_PROJECT/41/129/175/agent_data.json
[2024-02-29 10:32:40,495][mephisto.abstractions.blueprints.abstract.static_task.static_agent_state][INFO] - SAVED_DATA_TO_DISC at /home/martins_32048/mephisto-data/data/data/runs/NO_PROJECT/41/129/175/agent_data.json
[2024-02-29 10:32:41,431][mephisto.operations.client_io_handler][WARNING] - [31;1m[Version Mismatch!!][0m: Package `mephisto-task` version mismatch. Expected version 2.0.4 but frontend is currently using 2.0.3. This may cause unexpected errors, be sure to update your `mephisto-task` dependency with `npm install mephisto-task@2.0.4 --save`. If this warning still persists or the version isn't found, please open an issue at https://github.com/facebookresearch/Mephisto/issues
[2024-02-29 10:32:41,443][mephisto.abstractions.blueprints.abstract.static_task.static_agent_state][INFO] - SAVED_DATA_TO_DISC at /home/martins_32048/mephisto-data/data/data/runs/NO_PROJECT/41/130/176/agent_data.json
[2024-02-29 10:32:42,441][mephisto.abstractions.blueprints.abstract.static_task.static_agent_state][INFO] - SAVED_DATA_TO_DISC at /home/martins_32048/mephisto-data/data/data/runs/NO_PROJECT/41/130/176/agent_data.json
[2024-02-29 10:32:43,237][mephisto.operations.client_io_handler][WARNING] - [31;1m[Version Mismatch!!][0m: Package `mephisto-task` version mismatch. Expected version 2.0.4 but frontend is currently using 2.0.3. This may cause unexpected errors, be sure to update your `mephisto-task` dependency with `npm install mephisto-task@2.0.4 --save`. If this warning still persists or the version isn't found, please open an issue at https://github.com/facebookresearch/Mephisto/issues
[2024-02-29 10:32:43,249][mephisto.abstractions.blueprints.abstract.static_task.static_agent_state][INFO] - SAVED_DATA_TO_DISC at /home/martins_32048/mephisto-data/data/data/runs/NO_PROJECT/41/131/177/agent_data.json
[2024-02-29 10:32:46,249][mephisto.operations.client_io_handler][WARNING] - [31;1m[Version Mismatch!!][0m: Package `mephisto-task` version mismatch. Expected version 2.0.4 but frontend is currently using 2.0.3. This may cause unexpected errors, be sure to update your `mephisto-task` dependency with `npm install mephisto-task@2.0.4 --save`. If this warning still persists or the version isn't found, please open an issue at https://github.com/facebookresearch/Mephisto/issues
[2024-02-29 10:32:46,265][mephisto.abstractions.blueprints.abstract.static_task.static_agent_state][INFO] - SAVED_DATA_TO_DISC at /home/martins_32048/mephisto-data/data/data/runs/NO_PROJECT/41/132/178/agent_data.json
[2024-02-29 10:32:48,200][mephisto.abstractions.blueprints.abstract.static_task.static_agent_state][INFO] - SAVED_DATA_TO_DISC at /home/martins_32048/mephisto-data/data/data/runs/NO_PROJECT/41/132/178/agent_data.json
[2024-02-29 10:32:49,184][mephisto.abstractions.blueprints.abstract.static_task.static_agent_state][INFO] - SAVED_DATA_TO_DISC at /home/martins_32048/mephisto-data/data/data/runs/NO_PROJECT/41/133/179/agent_data.json
[2024-02-29 10:32:49,212][mephisto.operations.client_io_handler][WARNING] - [31;1m[Version Mismatch!!][0m: Package `mephisto-task` version mismatch. Expected version 2.0.4 but frontend is currently using 2.0.3. This may cause unexpected errors, be sure to update your `mephisto-task` dependency with `npm install mephisto-task@2.0.4 --save`. If this warning still persists or the version isn't found, please open an issue at https://github.com/facebookresearch/Mephisto/issues
[2024-02-29 10:32:52,044][mephisto.operations.operator][INFO] - Operator running task ID = 41
[2024-02-29 10:32:52,905][mephisto.abstractions.blueprints.abstract.static_task.static_agent_state][INFO] - SAVED_DATA_TO_DISC at /home/martins_32048/mephisto-data/data/data/runs/NO_PROJECT/41/133/179/agent_data.json
[2024-02-29 10:32:53,878][mephisto.abstractions.blueprints.abstract.static_task.static_agent_state][INFO] - SAVED_DATA_TO_DISC at /home/martins_32048/mephisto-data/data/data/runs/NO_PROJECT/41/134/180/agent_data.json
[2024-02-29 10:32:53,881][mephisto.operations.client_io_handler][WARNING] - [31;1m[Version Mismatch!!][0m: Package `mephisto-task` version mismatch. Expected version 2.0.4 but frontend is currently using 2.0.3. This may cause unexpected errors, be sure to update your `mephisto-task` dependency with `npm install mephisto-task@2.0.4 --save`. If this warning still persists or the version isn't found, please open an issue at https://github.com/facebookresearch/Mephisto/issues
[2024-02-29 10:32:54,864][mephisto.abstractions.blueprints.abstract.static_task.static_agent_state][INFO] - SAVED_DATA_TO_DISC at /home/martins_32048/mephisto-data/data/data/runs/NO_PROJECT/41/134/180/agent_data.json
[2024-02-29 10:32:55,688][mephisto.operations.client_io_handler][WARNING] - [31;1m[Version Mismatch!!][0m: Package `mephisto-task` version mismatch. Expected version 2.0.4 but frontend is currently using 2.0.3. This may cause unexpected errors, be sure to update your `mephisto-task` dependency with `npm install mephisto-task@2.0.4 --save`. If this warning still persists or the version isn't found, please open an issue at https://github.com/facebookresearch/Mephisto/issues
[2024-02-29 10:32:55,697][mephisto.abstractions.blueprints.abstract.static_task.static_agent_state][INFO] - SAVED_DATA_TO_DISC at /home/martins_32048/mephisto-data/data/data/runs/NO_PROJECT/41/135/181/agent_data.json
[2024-02-29 10:33:06,133][mephisto.operations.client_io_handler][WARNING] - [31;1m[Version Mismatch!!][0m: Package `mephisto-task` version mismatch. Expected version 2.0.4 but frontend is currently using 2.0.3. This may cause unexpected errors, be sure to update your `mephisto-task` dependency with `npm install mephisto-task@2.0.4 --save`. If this warning still persists or the version isn't found, please open an issue at https://github.com/facebookresearch/Mephisto/issues
[2024-02-29 10:33:07,402][mephisto.abstractions.blueprints.abstract.static_task.static_agent_state][INFO] - SAVED_DATA_TO_DISC at /home/martins_32048/mephisto-data/data/data/runs/NO_PROJECT/41/135/181/agent_data.json
[2024-02-29 10:33:08,433][mephisto.abstractions.blueprints.abstract.static_task.static_agent_state][INFO] - SAVED_DATA_TO_DISC at /home/martins_32048/mephisto-data/data/data/runs/NO_PROJECT/41/136/182/agent_data.json
[2024-02-29 10:33:08,443][mephisto.operations.client_io_handler][WARNING] - [31;1m[Version Mismatch!!][0m: Package `mephisto-task` version mismatch. Expected version 2.0.4 but frontend is currently using 2.0.3. This may cause unexpected errors, be sure to update your `mephisto-task` dependency with `npm install mephisto-task@2.0.4 --save`. If this warning still persists or the version isn't found, please open an issue at https://github.com/facebookresearch/Mephisto/issues
[2024-02-29 10:33:22,053][mephisto.operations.operator][INFO] - Operator running task ID = 41
[2024-02-29 10:33:52,060][mephisto.operations.operator][INFO] - Operator running task ID = 41
[2024-02-29 10:34:06,859][mephisto.operations.client_io_handler][WARNING] - [31;1m[Version Mismatch!!][0m: Package `mephisto-task` version mismatch. Expected version 2.0.4 but frontend is currently using 2.0.3. This may cause unexpected errors, be sure to update your `mephisto-task` dependency with `npm install mephisto-task@2.0.4 --save`. If this warning still persists or the version isn't found, please open an issue at https://github.com/facebookresearch/Mephisto/issues
[2024-02-29 10:34:22,066][mephisto.operations.operator][INFO] - Operator running task ID = 41
[2024-02-29 10:34:24,582][mephisto.operations.client_io_handler][WARNING] - [31;1m[Version Mismatch!!][0m: Package `mephisto-task` version mismatch. Expected version 2.0.4 but frontend is currently using 2.0.3. This may cause unexpected errors, be sure to update your `mephisto-task` dependency with `npm install mephisto-task@2.0.4 --save`. If this warning still persists or the version isn't found, please open an issue at https://github.com/facebookresearch/Mephisto/issues
[2024-02-29 10:34:35,130][mephisto.operations.client_io_handler][WARNING] - [31;1m[Version Mismatch!!][0m: Package `mephisto-task` version mismatch. Expected version 2.0.4 but frontend is currently using 2.0.3. This may cause unexpected errors, be sure to update your `mephisto-task` dependency with `npm install mephisto-task@2.0.4 --save`. If this warning still persists or the version isn't found, please open an issue at https://github.com/facebookresearch/Mephisto/issues
[2024-02-29 10:34:36,121][mephisto.abstractions.blueprints.abstract.static_task.static_agent_state][INFO] - SAVED_DATA_TO_DISC at /home/martins_32048/mephisto-data/data/data/runs/NO_PROJECT/41/136/182/agent_data.json
[2024-02-29 10:34:37,037][mephisto.operations.client_io_handler][WARNING] - [31;1m[Version Mismatch!!][0m: Package `mephisto-task` version mismatch. Expected version 2.0.4 but frontend is currently using 2.0.3. This may cause unexpected errors, be sure to update your `mephisto-task` dependency with `npm install mephisto-task@2.0.4 --save`. If this warning still persists or the version isn't found, please open an issue at https://github.com/facebookresearch/Mephisto/issues
[2024-02-29 10:34:37,039][mephisto.abstractions.blueprints.abstract.static_task.static_agent_state][INFO] - SAVED_DATA_TO_DISC at /home/martins_32048/mephisto-data/data/data/runs/NO_PROJECT/41/137/183/agent_data.json
[2024-02-29 10:34:37,881][mephisto.abstractions.blueprints.abstract.static_task.static_agent_state][INFO] - SAVED_DATA_TO_DISC at /home/martins_32048/mephisto-data/data/data/runs/NO_PROJECT/41/137/183/agent_data.json
[2024-02-29 10:34:38,810][mephisto.abstractions.blueprints.abstract.static_task.static_agent_state][INFO] - SAVED_DATA_TO_DISC at /home/martins_32048/mephisto-data/data/data/runs/NO_PROJECT/41/138/184/agent_data.json
[2024-02-29 10:34:38,843][mephisto.operations.client_io_handler][WARNING] - [31;1m[Version Mismatch!!][0m: Package `mephisto-task` version mismatch. Expected version 2.0.4 but frontend is currently using 2.0.3. This may cause unexpected errors, be sure to update your `mephisto-task` dependency with `npm install mephisto-task@2.0.4 --save`. If this warning still persists or the version isn't found, please open an issue at https://github.com/facebookresearch/Mephisto/issues
[2024-02-29 10:34:39,656][mephisto.abstractions.blueprints.abstract.static_task.static_agent_state][INFO] - SAVED_DATA_TO_DISC at /home/martins_32048/mephisto-data/data/data/runs/NO_PROJECT/41/138/184/agent_data.json
[2024-02-29 10:34:40,550][mephisto.operations.client_io_handler][WARNING] - [31;1m[Version Mismatch!!][0m: Package `mephisto-task` version mismatch. Expected version 2.0.4 but frontend is currently using 2.0.3. This may cause unexpected errors, be sure to update your `mephisto-task` dependency with `npm install mephisto-task@2.0.4 --save`. If this warning still persists or the version isn't found, please open an issue at https://github.com/facebookresearch/Mephisto/issues
[2024-02-29 10:34:40,562][mephisto.abstractions.blueprints.abstract.static_task.static_agent_state][INFO] - SAVED_DATA_TO_DISC at /home/martins_32048/mephisto-data/data/data/runs/NO_PROJECT/41/139/185/agent_data.json
[2024-02-29 10:34:41,294][mephisto.abstractions.blueprints.abstract.static_task.static_agent_state][INFO] - SAVED_DATA_TO_DISC at /home/martins_32048/mephisto-data/data/data/runs/NO_PROJECT/41/139/185/agent_data.json
[2024-02-29 10:34:42,029][mephisto.abstractions.blueprints.abstract.static_task.static_agent_state][INFO] - SAVED_DATA_TO_DISC at /home/martins_32048/mephisto-data/data/data/runs/NO_PROJECT/41/140/186/agent_data.json
[2024-02-29 10:34:42,056][mephisto.operations.client_io_handler][WARNING] - [31;1m[Version Mismatch!!][0m: Package `mephisto-task` version mismatch. Expected version 2.0.4 but frontend is currently using 2.0.3. This may cause unexpected errors, be sure to update your `mephisto-task` dependency with `npm install mephisto-task@2.0.4 --save`. If this warning still persists or the version isn't found, please open an issue at https://github.com/facebookresearch/Mephisto/issues
[2024-02-29 10:34:42,687][mephisto.abstractions.blueprints.abstract.static_task.static_agent_state][INFO] - SAVED_DATA_TO_DISC at /home/martins_32048/mephisto-data/data/data/runs/NO_PROJECT/41/140/186/agent_data.json
[2024-02-29 10:34:43,462][mephisto.operations.client_io_handler][WARNING] - [31;1m[Version Mismatch!!][0m: Package `mephisto-task` version mismatch. Expected version 2.0.4 but frontend is currently using 2.0.3. This may cause unexpected errors, be sure to update your `mephisto-task` dependency with `npm install mephisto-task@2.0.4 --save`. If this warning still persists or the version isn't found, please open an issue at https://github.com/facebookresearch/Mephisto/issues
[2024-02-29 10:34:43,477][mephisto.abstractions.blueprints.abstract.static_task.static_agent_state][INFO] - SAVED_DATA_TO_DISC at /home/martins_32048/mephisto-data/data/data/runs/NO_PROJECT/41/141/187/agent_data.json
[2024-02-29 10:34:46,923][mephisto.abstractions.blueprints.abstract.static_task.static_agent_state][INFO] - SAVED_DATA_TO_DISC at /home/martins_32048/mephisto-data/data/data/runs/NO_PROJECT/41/141/187/agent_data.json
[2024-02-29 10:34:47,666][mephisto.abstractions.blueprints.abstract.static_task.static_agent_state][INFO] - SAVED_DATA_TO_DISC at /home/martins_32048/mephisto-data/data/data/runs/NO_PROJECT/41/142/188/agent_data.json
[2024-02-29 10:34:47,680][mephisto.operations.client_io_handler][WARNING] - [31;1m[Version Mismatch!!][0m: Package `mephisto-task` version mismatch. Expected version 2.0.4 but frontend is currently using 2.0.3. This may cause unexpected errors, be sure to update your `mephisto-task` dependency with `npm install mephisto-task@2.0.4 --save`. If this warning still persists or the version isn't found, please open an issue at https://github.com/facebookresearch/Mephisto/issues
[2024-02-29 10:34:48,399][mephisto.abstractions.blueprints.abstract.static_task.static_agent_state][INFO] - SAVED_DATA_TO_DISC at /home/martins_32048/mephisto-data/data/data/runs/NO_PROJECT/41/142/188/agent_data.json
[2024-02-29 10:34:49,364][mephisto.abstractions.blueprints.abstract.static_task.static_agent_state][INFO] - SAVED_DATA_TO_DISC at /home/martins_32048/mephisto-data/data/data/runs/NO_PROJECT/41/143/189/agent_data.json
[2024-02-29 10:34:49,387][mephisto.operations.client_io_handler][WARNING] - [31;1m[Version Mismatch!!][0m: Package `mephisto-task` version mismatch. Expected version 2.0.4 but frontend is currently using 2.0.3. This may cause unexpected errors, be sure to update your `mephisto-task` dependency with `npm install mephisto-task@2.0.4 --save`. If this warning still persists or the version isn't found, please open an issue at https://github.com/facebookresearch/Mephisto/issues
[2024-02-29 10:34:50,119][mephisto.abstractions.blueprints.abstract.static_task.static_agent_state][INFO] - SAVED_DATA_TO_DISC at /home/martins_32048/mephisto-data/data/data/runs/NO_PROJECT/41/143/189/agent_data.json
[2024-02-29 10:34:50,871][mephisto.abstractions.blueprints.abstract.static_task.static_agent_state][INFO] - SAVED_DATA_TO_DISC at /home/martins_32048/mephisto-data/data/data/runs/NO_PROJECT/41/144/190/agent_data.json
[2024-02-29 10:34:50,891][mephisto.operations.client_io_handler][WARNING] - [31;1m[Version Mismatch!!][0m: Package `mephisto-task` version mismatch. Expected version 2.0.4 but frontend is currently using 2.0.3. This may cause unexpected errors, be sure to update your `mephisto-task` dependency with `npm install mephisto-task@2.0.4 --save`. If this warning still persists or the version isn't found, please open an issue at https://github.com/facebookresearch/Mephisto/issues
[2024-02-29 10:34:51,665][mephisto.abstractions.blueprints.abstract.static_task.static_agent_state][INFO] - SAVED_DATA_TO_DISC at /home/martins_32048/mephisto-data/data/data/runs/NO_PROJECT/41/144/190/agent_data.json
[2024-02-29 10:34:52,073][mephisto.operations.operator][INFO] - Operator running task ID = 41
[2024-02-29 10:34:52,428][mephisto.abstractions.blueprints.abstract.static_task.static_agent_state][INFO] - SAVED_DATA_TO_DISC at /home/martins_32048/mephisto-data/data/data/runs/NO_PROJECT/41/145/191/agent_data.json
[2024-02-29 10:34:52,446][mephisto.operations.client_io_handler][WARNING] - [31;1m[Version Mismatch!!][0m: Package `mephisto-task` version mismatch. Expected version 2.0.4 but frontend is currently using 2.0.3. This may cause unexpected errors, be sure to update your `mephisto-task` dependency with `npm install mephisto-task@2.0.4 --save`. If this warning still persists or the version isn't found, please open an issue at https://github.com/facebookresearch/Mephisto/issues
[2024-02-29 10:34:54,756][mephisto.operations.client_io_handler][WARNING] - [31;1m[Version Mismatch!!][0m: Package `mephisto-task` version mismatch. Expected version 2.0.4 but frontend is currently using 2.0.3. This may cause unexpected errors, be sure to update your `mephisto-task` dependency with `npm install mephisto-task@2.0.4 --save`. If this warning still persists or the version isn't found, please open an issue at https://github.com/facebookresearch/Mephisto/issues
[2024-02-29 10:35:00,076][mephisto.abstractions.blueprints.abstract.static_task.static_agent_state][INFO] - SAVED_DATA_TO_DISC at /home/martins_32048/mephisto-data/data/data/runs/NO_PROJECT/41/132/178/agent_data.json
[2024-02-29 10:35:01,338][mephisto.operations.client_io_handler][WARNING] - [31;1m[Version Mismatch!!][0m: Package `mephisto-task` version mismatch. Expected version 2.0.4 but frontend is currently using 2.0.3. This may cause unexpected errors, be sure to update your `mephisto-task` dependency with `npm install mephisto-task@2.0.4 --save`. If this warning still persists or the version isn't found, please open an issue at https://github.com/facebookresearch/Mephisto/issues
[2024-02-29 10:35:01,928][mephisto.abstractions.blueprints.abstract.static_task.static_agent_state][INFO] - SAVED_DATA_TO_DISC at /home/martins_32048/mephisto-data/data/data/runs/NO_PROJECT/41/133/179/agent_data.json
[2024-02-29 10:35:03,444][mephisto.operations.client_io_handler][WARNING] - [31;1m[Version Mismatch!!][0m: Package `mephisto-task` version mismatch. Expected version 2.0.4 but frontend is currently using 2.0.3. This may cause unexpected errors, be sure to update your `mephisto-task` dependency with `npm install mephisto-task@2.0.4 --save`. If this warning still persists or the version isn't found, please open an issue at https://github.com/facebookresearch/Mephisto/issues
[2024-02-29 10:35:22,082][mephisto.operations.operator][INFO] - Operator running task ID = 41
[2024-02-29 10:35:52,092][mephisto.operations.operator][INFO] - Operator running task ID = 41
[2024-02-29 10:36:22,098][mephisto.operations.operator][INFO] - Operator running task ID = 41
[2024-02-29 10:36:52,104][mephisto.operations.operator][INFO] - Operator running task ID = 41
[2024-02-29 10:37:22,110][mephisto.operations.operator][INFO] - Operator running task ID = 41
[2024-02-29 10:37:52,116][mephisto.operations.operator][INFO] - Operator running task ID = 41
[2024-02-29 10:38:22,122][mephisto.operations.operator][INFO] - Operator running task ID = 41
[2024-02-29 10:38:52,127][mephisto.operations.operator][INFO] - Operator running task ID = 41
[2024-02-29 10:39:22,134][mephisto.operations.operator][INFO] - Operator running task ID = 41
[2024-02-29 10:39:52,140][mephisto.operations.operator][INFO] - Operator running task ID = 41
[2024-02-29 10:40:22,146][mephisto.operations.operator][INFO] - Operator running task ID = 41
[2024-02-29 10:40:52,151][mephisto.operations.operator][INFO] - Operator running task ID = 41
[2024-02-29 10:41:22,160][mephisto.operations.operator][INFO] - Operator running task ID = 41
[2024-02-29 10:41:52,170][mephisto.operations.operator][INFO] - Operator running task ID = 41
[2024-02-29 10:42:22,178][mephisto.operations.operator][INFO] - Operator running task ID = 41
[2024-02-29 10:42:52,184][mephisto.operations.operator][INFO] - Operator running task ID = 41
[2024-02-29 10:43:22,188][mephisto.operations.operator][INFO] - Operator running task ID = 41
[2024-02-29 10:43:52,195][mephisto.operations.operator][INFO] - Operator running task ID = 41
[2024-02-29 10:44:22,202][mephisto.operations.operator][INFO] - Operator running task ID = 41
[2024-02-29 10:44:52,209][mephisto.operations.operator][INFO] - Operator running task ID = 41
[2024-02-29 10:45:22,218][mephisto.operations.operator][INFO] - Operator running task ID = 41
[2024-02-29 10:45:52,227][mephisto.operations.operator][INFO] - Operator running task ID = 41
[2024-02-29 10:46:22,235][mephisto.operations.operator][INFO] - Operator running task ID = 41
[2024-02-29 10:46:52,239][mephisto.operations.operator][INFO] - Operator running task ID = 41
[2024-02-29 10:47:22,245][mephisto.operations.operator][INFO] - Operator running task ID = 41
[2024-02-29 10:47:52,254][mephisto.operations.operator][INFO] - Operator running task ID = 41
[2024-02-29 10:48:22,261][mephisto.operations.operator][INFO] - Operator running task ID = 41
[2024-02-29 10:48:52,271][mephisto.operations.operator][INFO] - Operator running task ID = 41
[2024-02-29 10:49:22,278][mephisto.operations.operator][INFO] - Operator running task ID = 41
[2024-02-29 10:49:52,288][mephisto.operations.operator][INFO] - Operator running task ID = 41
[2024-02-29 10:50:22,294][mephisto.operations.operator][INFO] - Operator running task ID = 41
[2024-02-29 10:50:52,305][mephisto.operations.operator][INFO] - Operator running task ID = 41
[2024-02-29 10:51:22,314][mephisto.operations.operator][INFO] - Operator running task ID = 41
[2024-02-29 10:51:52,320][mephisto.operations.operator][INFO] - Operator running task ID = 41
[2024-02-29 10:52:22,326][mephisto.operations.operator][INFO] - Operator running task ID = 41
[2024-02-29 10:52:52,335][mephisto.operations.operator][INFO] - Operator running task ID = 41
[2024-02-29 10:53:22,342][mephisto.operations.operator][INFO] - Operator running task ID = 41
[2024-02-29 10:53:52,352][mephisto.operations.operator][INFO] - Operator running task ID = 41
[2024-02-29 10:54:22,361][mephisto.operations.operator][INFO] - Operator running task ID = 41
[2024-02-29 10:54:52,368][mephisto.operations.operator][INFO] - Operator running task ID = 41
[2024-02-29 10:55:22,377][mephisto.operations.operator][INFO] - Operator running task ID = 41
[2024-02-29 10:55:52,384][mephisto.operations.operator][INFO] - Operator running task ID = 41
[2024-02-29 10:56:22,389][mephisto.operations.operator][INFO] - Operator running task ID = 41
[2024-02-29 10:56:52,399][mephisto.operations.operator][INFO] - Operator running task ID = 41
[2024-02-29 10:57:22,405][mephisto.operations.operator][INFO] - Operator running task ID = 41
[2024-02-29 10:57:52,414][mephisto.operations.operator][INFO] - Operator running task ID = 41
[2024-02-29 10:58:22,423][mephisto.operations.operator][INFO] - Operator running task ID = 41
[2024-02-29 10:58:52,432][mephisto.operations.operator][INFO] - Operator running task ID = 41
[2024-02-29 10:59:22,437][mephisto.operations.operator][INFO] - Operator running task ID = 41
[2024-02-29 10:59:52,445][mephisto.operations.operator][INFO] - Operator running task ID = 41
[2024-02-29 11:00:22,453][mephisto.operations.operator][INFO] - Operator running task ID = 41
[2024-02-29 11:00:52,460][mephisto.operations.operator][INFO] - Operator running task ID = 41
[2024-02-29 11:01:22,466][mephisto.operations.operator][INFO] - Operator running task ID = 41
[2024-02-29 11:01:52,472][mephisto.operations.operator][INFO] - Operator running task ID = 41
[2024-02-29 11:02:22,480][mephisto.operations.operator][INFO] - Operator running task ID = 41
[2024-02-29 11:02:43,253][mephisto.abstractions._subcomponents.task_runner][ERROR] - Handled exception in unit MockUnit(293, assigned)
Traceback (most recent call last):
  File "/home/martins_32048/Projects/Mephisto/mephisto/abstractions/_subcomponents/task_runner.py", line 266, in _launch_and_run_unit
    self.run_unit(unit, agent)
  File "/home/martins_32048/Projects/Mephisto/mephisto/abstractions/blueprints/abstract/static_task/static_task_runner.py", line 69, in run_unit
    agent.await_submit(self.assignment_duration_in_seconds)
  File "/home/martins_32048/Projects/Mephisto/mephisto/abstractions/providers/mock/mock_agent.py", line 109, in await_submit
    return super().await_submit(timeout)
  File "/home/martins_32048/Projects/Mephisto/mephisto/data_model/agent.py", line 256, in await_submit
    raise AgentTimeoutError(timeout, self.db_id)
mephisto.data_model.exceptions.AgentTimeoutError: (1800, '177')
[2024-02-29 11:02:52,487][mephisto.operations.operator][INFO] - Operator running task ID = 41
[2024-02-29 11:03:22,493][mephisto.operations.operator][INFO] - Operator running task ID = 41
[2024-02-29 11:03:52,503][mephisto.operations.operator][INFO] - Operator running task ID = 41
[2024-02-29 11:04:22,510][mephisto.operations.operator][INFO] - Operator running task ID = 41
[2024-02-29 11:04:52,432][mephisto.abstractions._subcomponents.task_runner][ERROR] - Handled exception in unit MockUnit(335, assigned)
Traceback (most recent call last):
  File "/home/martins_32048/Projects/Mephisto/mephisto/abstractions/_subcomponents/task_runner.py", line 266, in _launch_and_run_unit
    self.run_unit(unit, agent)
  File "/home/martins_32048/Projects/Mephisto/mephisto/abstractions/blueprints/abstract/static_task/static_task_runner.py", line 69, in run_unit
    agent.await_submit(self.assignment_duration_in_seconds)
  File "/home/martins_32048/Projects/Mephisto/mephisto/abstractions/providers/mock/mock_agent.py", line 109, in await_submit
    return super().await_submit(timeout)
  File "/home/martins_32048/Projects/Mephisto/mephisto/data_model/agent.py", line 256, in await_submit
    raise AgentTimeoutError(timeout, self.db_id)
mephisto.data_model.exceptions.AgentTimeoutError: (1800, '191')
[2024-02-29 11:04:52,517][mephisto.operations.operator][INFO] - Operator running task ID = 41
[2024-02-29 11:05:22,523][mephisto.operations.operator][INFO] - Operator running task ID = 41
[2024-02-29 11:05:52,527][mephisto.operations.operator][INFO] - Operator running task ID = 41
[2024-02-29 11:06:22,534][mephisto.operations.operator][INFO] - Operator running task ID = 41
[2024-02-29 11:06:52,541][mephisto.operations.operator][INFO] - Operator running task ID = 41
[2024-02-29 11:07:22,548][mephisto.operations.operator][INFO] - Operator running task ID = 41
[2024-02-29 11:07:52,556][mephisto.operations.operator][INFO] - Operator running task ID = 41
[2024-02-29 11:08:22,561][mephisto.operations.operator][INFO] - Operator running task ID = 41
[2024-02-29 11:08:52,571][mephisto.operations.operator][INFO] - Operator running task ID = 41
[2024-02-29 11:09:22,577][mephisto.operations.operator][INFO] - Operator running task ID = 41
[2024-02-29 11:09:52,584][mephisto.operations.operator][INFO] - Operator running task ID = 41
[2024-02-29 11:10:22,589][mephisto.operations.operator][INFO] - Operator running task ID = 41
[2024-02-29 11:10:52,597][mephisto.operations.operator][INFO] - Operator running task ID = 41
[2024-02-29 11:11:22,601][mephisto.operations.operator][INFO] - Operator running task ID = 41
[2024-02-29 11:11:52,608][mephisto.operations.operator][INFO] - Operator running task ID = 41
[2024-02-29 11:12:22,613][mephisto.operations.operator][INFO] - Operator running task ID = 41
[2024-02-29 11:12:52,618][mephisto.operations.operator][INFO] - Operator running task ID = 41
[2024-02-29 11:13:22,624][mephisto.operations.operator][INFO] - Operator running task ID = 41
[2024-02-29 11:13:52,632][mephisto.operations.operator][INFO] - Operator running task ID = 41
[2024-02-29 11:14:22,636][mephisto.operations.operator][INFO] - Operator running task ID = 41
[2024-02-29 11:14:52,643][mephisto.operations.operator][INFO] - Operator running task ID = 41
[2024-02-29 11:15:22,649][mephisto.operations.operator][INFO] - Operator running task ID = 41
[2024-02-29 11:15:52,656][mephisto.operations.operator][INFO] - Operator running task ID = 41
[2024-02-29 11:16:22,661][mephisto.operations.operator][INFO] - Operator running task ID = 41
[2024-02-29 11:16:52,668][mephisto.operations.operator][INFO] - Operator running task ID = 41
[2024-02-29 11:17:22,674][mephisto.operations.operator][INFO] - Operator running task ID = 41
[2024-02-29 11:17:52,679][mephisto.operations.operator][INFO] - Operator running task ID = 41
[2024-02-29 11:18:22,685][mephisto.operations.operator][INFO] - Operator running task ID = 41
[2024-02-29 11:18:52,692][mephisto.operations.operator][INFO] - Operator running task ID = 41
[2024-02-29 11:19:22,698][mephisto.operations.operator][INFO] - Operator running task ID = 41
[2024-02-29 11:19:52,707][mephisto.operations.operator][INFO] - Operator running task ID = 41
[2024-02-29 11:20:22,712][mephisto.operations.operator][INFO] - Operator running task ID = 41
[2024-02-29 11:20:52,717][mephisto.operations.operator][INFO] - Operator running task ID = 41
[2024-02-29 11:21:22,720][mephisto.operations.operator][INFO] - Operator running task ID = 41
[2024-02-29 11:21:52,727][mephisto.operations.operator][INFO] - Operator running task ID = 41
[2024-02-29 11:22:22,732][mephisto.operations.operator][INFO] - Operator running task ID = 41
[2024-02-29 11:22:52,739][mephisto.operations.operator][INFO] - Operator running task ID = 41
[2024-02-29 11:23:22,744][mephisto.operations.operator][INFO] - Operator running task ID = 41
[2024-02-29 11:23:52,752][mephisto.operations.operator][INFO] - Operator running task ID = 41
[2024-02-29 11:24:22,757][mephisto.operations.operator][INFO] - Operator running task ID = 41
[2024-02-29 11:24:52,764][mephisto.operations.operator][INFO] - Operator running task ID = 41
[2024-02-29 11:25:22,770][mephisto.operations.operator][INFO] - Operator running task ID = 41
[2024-02-29 11:25:52,776][mephisto.operations.operator][INFO] - Operator running task ID = 41
[2024-02-29 11:26:22,780][mephisto.operations.operator][INFO] - Operator running task ID = 41
[2024-02-29 11:26:52,786][mephisto.operations.operator][INFO] - Operator running task ID = 41
[2024-02-29 11:27:22,796][mephisto.operations.operator][INFO] - Operator running task ID = 41
[2024-02-29 11:27:52,806][mephisto.operations.operator][INFO] - Operator running task ID = 41
[2024-02-29 11:28:22,816][mephisto.operations.operator][INFO] - Operator running task ID = 41
[2024-02-29 11:28:52,824][mephisto.operations.operator][INFO] - Operator running task ID = 41
[2024-02-29 11:29:22,831][mephisto.operations.operator][INFO] - Operator running task ID = 41
[2024-02-29 11:29:52,839][mephisto.operations.operator][INFO] - Operator running task ID = 41
[2024-02-29 11:30:22,850][mephisto.operations.operator][INFO] - Operator running task ID = 41
[2024-02-29 11:30:52,858][mephisto.operations.operator][INFO] - Operator running task ID = 41
[2024-02-29 11:31:22,866][mephisto.operations.operator][INFO] - Operator running task ID = 41
[2024-02-29 11:31:24,132][mephisto.abstractions.blueprints.abstract.static_task.static_agent_state][INFO] - SAVED_DATA_TO_DISC at /home/martins_32048/mephisto-data/data/data/runs/NO_PROJECT/41/134/180/agent_data.json
[2024-02-29 11:31:25,651][mephisto.operations.client_io_handler][WARNING] - [31;1m[Version Mismatch!!][0m: Package `mephisto-task` version mismatch. Expected version 2.0.4 but frontend is currently using 2.0.3. This may cause unexpected errors, be sure to update your `mephisto-task` dependency with `npm install mephisto-task@2.0.4 --save`. If this warning still persists or the version isn't found, please open an issue at https://github.com/facebookresearch/Mephisto/issues
[2024-02-29 11:31:26,788][mephisto.abstractions.blueprints.abstract.static_task.static_agent_state][INFO] - SAVED_DATA_TO_DISC at /home/martins_32048/mephisto-data/data/data/runs/NO_PROJECT/41/135/181/agent_data.json
[2024-02-29 11:31:31,123][mephisto.operations.client_io_handler][WARNING] - [31;1m[Version Mismatch!!][0m: Package `mephisto-task` version mismatch. Expected version 2.0.4 but frontend is currently using 2.0.3. This may cause unexpected errors, be sure to update your `mephisto-task` dependency with `npm install mephisto-task@2.0.4 --save`. If this warning still persists or the version isn't found, please open an issue at https://github.com/facebookresearch/Mephisto/issues
[2024-02-29 11:31:52,874][mephisto.operations.operator][INFO] - Operator running task ID = 41
[2024-02-29 11:32:22,883][mephisto.operations.operator][INFO] - Operator running task ID = 41
[2024-02-29 11:32:52,891][mephisto.operations.operator][INFO] - Operator running task ID = 41
[2024-02-29 11:33:22,899][mephisto.operations.operator][INFO] - Operator running task ID = 41
[2024-02-29 11:33:52,907][mephisto.operations.operator][INFO] - Operator running task ID = 41
[2024-02-29 11:34:22,915][mephisto.operations.operator][INFO] - Operator running task ID = 41
[2024-02-29 11:34:52,922][mephisto.operations.operator][INFO] - Operator running task ID = 41
[2024-02-29 11:35:08,902][mephisto.operations.operator][ERROR] - Cleaning up after keyboard interrupt, please [31;1mwait to Ctrl-C again[0m until instructed to.
[2024-02-29 11:35:08,902][mephisto.operations.operator][INFO] - operator shutting down
[2024-02-29 11:35:08,902][mephisto.operations.operator][INFO] - Expiring units for task run 41.
[2024-02-29 11:35:09,413][mephisto.operations.operator][INFO] - Waiting on 1 task runs with assignments in-flight. [31;1mCtrl-C ONCE[0m to kill running tasks and FORCE QUIT.
[2024-02-29 11:35:09,637][sh.command][INFO] - <Command '/usr/bin/rm -rf /home/martins_32048/Projects/Mephisto/tmp/local_server_41/server', pid 1895049>: process started
