[2024-02-29 13:37:12,935][root][WARNING] - Mephisto supports rich run-time metrics visualization through Prometheus and Grafana. If you'd like to use this feature, use `mephisto metrics install` to install.(Current install dir is '/home/martins_32048/Projects/Mephisto/mephisto/scripts/metrics')'
[2024-02-29 13:37:12,957][mephisto.operations.operator][INFO] - Creating a task run under task name: react-static-task-example
[2024-02-29 13:37:13,824][sh.command][INFO] - <Command '/usr/bin/rm -rf /home/martins_32048/mephisto-data/data/data/runs/NO_PROJECT/58/build/router', pid 1906629>: process started
[2024-02-29 13:37:15,111][sh.command][INFO] - <Command '/usr/bin/rm -rf /home/martins_32048/mephisto-data/data/data/runs/NO_PROJECT/58/build/router', pid 1906641>: process started
[2024-02-29 13:37:15,129][mephisto.operations.client_io_handler][INFO] - Sending alive
[2024-02-29 13:37:15,130][mephisto.operations.client_io_handler][INFO] - Sending alive
[2024-02-29 13:37:15,141][mephisto.operations.client_io_handler][INFO] - Sending alive
[2024-02-29 13:37:15,141][mephisto.abstractions.architects.channels.websocket_channel][INFO] - channel open
[2024-02-29 13:37:15,432][mephisto.operations.operator][INFO] - Operator running task ID = 58
[2024-02-29 13:37:23,548][mephisto.operations.client_io_handler][WARNING] - [31;1m[Version Mismatch!!][0m: Package `mephisto-task` version mismatch. Expected version 2.0.4 but frontend is currently using 2.0.3. This may cause unexpected errors, be sure to update your `mephisto-task` dependency with `npm install mephisto-task@2.0.4 --save`. If this warning still persists or the version isn't found, please open an issue at https://github.com/facebookresearch/Mephisto/issues
[2024-02-29 13:37:25,447][mephisto.abstractions.providers.mock.mock_unit][INFO] - Mock task launched: http://localhost:3000 for preview, http://localhost:3000/?worker_id=x&assignment_id=1758 for assignment 848
[2024-02-29 13:37:25,451][mephisto.abstractions.providers.mock.mock_unit][INFO] - Mock task launched: http://localhost:3000 for preview, http://localhost:3000/?worker_id=x&assignment_id=1759 for assignment 849
[2024-02-29 13:37:25,453][mephisto.abstractions.providers.mock.mock_unit][INFO] - Mock task launched: http://localhost:3000 for preview, http://localhost:3000/?worker_id=x&assignment_id=1760 for assignment 850
[2024-02-29 13:37:25,456][mephisto.abstractions.providers.mock.mock_unit][INFO] - Mock task launched: http://localhost:3000 for preview, http://localhost:3000/?worker_id=x&assignment_id=1761 for assignment 851
[2024-02-29 13:37:25,457][mephisto.abstractions.providers.mock.mock_unit][INFO] - Mock task launched: http://localhost:3000 for preview, http://localhost:3000/?worker_id=x&assignment_id=1762 for assignment 852
[2024-02-29 13:37:25,459][mephisto.abstractions.providers.mock.mock_unit][INFO] - Mock task launched: http://localhost:3000 for preview, http://localhost:3000/?worker_id=x&assignment_id=1763 for assignment 853
[2024-02-29 13:37:25,460][mephisto.abstractions.providers.mock.mock_unit][INFO] - Mock task launched: http://localhost:3000 for preview, http://localhost:3000/?worker_id=x&assignment_id=1764 for assignment 854
[2024-02-29 13:37:25,462][mephisto.abstractions.providers.mock.mock_unit][INFO] - Mock task launched: http://localhost:3000 for preview, http://localhost:3000/?worker_id=x&assignment_id=1765 for assignment 855
[2024-02-29 13:37:25,463][mephisto.abstractions.providers.mock.mock_unit][INFO] - Mock task launched: http://localhost:3000 for preview, http://localhost:3000/?worker_id=x&assignment_id=1766 for assignment 856
[2024-02-29 13:37:28,425][mephisto.operations.client_io_handler][WARNING] - [31;1m[Version Mismatch!!][0m: Package `mephisto-task` version mismatch. Expected version 2.0.4 but frontend is currently using 2.0.3. This may cause unexpected errors, be sure to update your `mephisto-task` dependency with `npm install mephisto-task@2.0.4 --save`. If this warning still persists or the version isn't found, please open an issue at https://github.com/facebookresearch/Mephisto/issues
[2024-02-29 13:37:28,429][mephisto.abstractions.blueprints.abstract.static_task.static_agent_state][INFO] - SAVED_DATA_TO_DISC at /home/martins_32048/mephisto-data/data/data/runs/NO_PROJECT/58/848/205/agent_data.json
[2024-02-29 13:37:28,449][mephisto.operations.client_io_handler][WARNING] - [FRONT_END_ERROR]: {'error': 'taskData.length is not a function', 'errorInfo': {'componentStack': '\n    at SimpleFrontend (webpack://mephisto-task-compiler/./src/components/core_components.jsx?:98:24)\n    at p (webpack://mephisto-task-compiler/./node_modules/mephisto-task/build/bundle.js?:1:51620)\n    at div\n    at MainApp (webpack://mephisto-task-compiler/./src/app.jsx?:24:88)'}}
[2024-02-29 13:37:45,443][mephisto.operations.operator][INFO] - Operator running task ID = 58
[2024-02-29 13:37:56,632][mephisto.operations.client_io_handler][WARNING] - [31;1m[Version Mismatch!!][0m: Package `mephisto-task` version mismatch. Expected version 2.0.4 but frontend is currently using 2.0.3. This may cause unexpected errors, be sure to update your `mephisto-task` dependency with `npm install mephisto-task@2.0.4 --save`. If this warning still persists or the version isn't found, please open an issue at https://github.com/facebookresearch/Mephisto/issues
[2024-02-29 13:37:56,649][mephisto.abstractions.blueprints.abstract.static_task.static_agent_state][INFO] - SAVED_DATA_TO_DISC at /home/martins_32048/mephisto-data/data/data/runs/NO_PROJECT/58/849/206/agent_data.json
[2024-02-29 13:37:56,669][mephisto.operations.client_io_handler][WARNING] - [FRONT_END_ERROR]: {'error': 'taskData.length is not a function', 'errorInfo': {'componentStack': '\n    at SimpleFrontend (webpack://mephisto-task-compiler/./src/components/core_components.jsx?:98:24)\n    at p (webpack://mephisto-task-compiler/./node_modules/mephisto-task/build/bundle.js?:1:51620)\n    at div\n    at MainApp (webpack://mephisto-task-compiler/./src/app.jsx?:24:88)'}}
[2024-02-29 13:38:15,451][mephisto.operations.operator][INFO] - Operator running task ID = 58
[2024-02-29 13:38:43,278][mephisto.operations.client_io_handler][WARNING] - [31;1m[Version Mismatch!!][0m: Package `mephisto-task` version mismatch. Expected version 2.0.4 but frontend is currently using 2.0.3. This may cause unexpected errors, be sure to update your `mephisto-task` dependency with `npm install mephisto-task@2.0.4 --save`. If this warning still persists or the version isn't found, please open an issue at https://github.com/facebookresearch/Mephisto/issues
[2024-02-29 13:38:45,459][mephisto.operations.operator][INFO] - Operator running task ID = 58
[2024-02-29 13:38:46,163][mephisto.abstractions.blueprints.abstract.static_task.static_agent_state][INFO] - SAVED_DATA_TO_DISC at /home/martins_32048/mephisto-data/data/data/runs/NO_PROJECT/58/849/206/agent_data.json
[2024-02-29 13:38:51,097][mephisto.abstractions.blueprints.abstract.static_task.static_agent_state][INFO] - SAVED_DATA_TO_DISC at /home/martins_32048/mephisto-data/data/data/runs/NO_PROJECT/58/849/206/agent_data.json
[2024-02-29 13:39:04,391][mephisto.abstractions.blueprints.abstract.static_task.static_agent_state][INFO] - SAVED_DATA_TO_DISC at /home/martins_32048/mephisto-data/data/data/runs/NO_PROJECT/58/849/206/agent_data.json
[2024-02-29 13:39:15,472][mephisto.operations.operator][INFO] - Operator running task ID = 58
[2024-02-29 13:39:18,570][mephisto.abstractions.blueprints.abstract.static_task.static_agent_state][INFO] - SAVED_DATA_TO_DISC at /home/martins_32048/mephisto-data/data/data/runs/NO_PROJECT/58/849/206/agent_data.json
[2024-02-29 13:39:20,226][mephisto.abstractions.blueprints.abstract.static_task.static_agent_state][INFO] - SAVED_DATA_TO_DISC at /home/martins_32048/mephisto-data/data/data/runs/NO_PROJECT/58/849/206/agent_data.json
[2024-02-29 13:39:20,226][mephisto.operations.client_io_handler][WARNING] - [FRONT_END_ERROR]: {'error': "Cannot read properties of undefined (reading 'word')", 'errorInfo': {'componentStack': '\n    at SimpleFrontend (webpack://mephisto-task-compiler/./src/components/core_components.jsx?:98:24)\n    at p (webpack://mephisto-task-compiler/./node_modules/mephisto-task/build/bundle.js?:1:51620)\n    at div\n    at MainApp (webpack://mephisto-task-compiler/./src/app.jsx?:24:88)'}}
[2024-02-29 13:39:45,483][mephisto.operations.operator][INFO] - Operator running task ID = 58
[2024-02-29 13:40:15,492][mephisto.operations.operator][INFO] - Operator running task ID = 58
[2024-02-29 13:40:16,160][mephisto.operations.client_io_handler][WARNING] - [31;1m[Version Mismatch!!][0m: Package `mephisto-task` version mismatch. Expected version 2.0.4 but frontend is currently using 2.0.3. This may cause unexpected errors, be sure to update your `mephisto-task` dependency with `npm install mephisto-task@2.0.4 --save`. If this warning still persists or the version isn't found, please open an issue at https://github.com/facebookresearch/Mephisto/issues
[2024-02-29 13:40:17,611][mephisto.abstractions.blueprints.abstract.static_task.static_agent_state][INFO] - SAVED_DATA_TO_DISC at /home/martins_32048/mephisto-data/data/data/runs/NO_PROJECT/58/849/206/agent_data.json
[2024-02-29 13:40:20,790][mephisto.abstractions.blueprints.abstract.static_task.static_agent_state][INFO] - SAVED_DATA_TO_DISC at /home/martins_32048/mephisto-data/data/data/runs/NO_PROJECT/58/849/206/agent_data.json
[2024-02-29 13:40:23,554][mephisto.abstractions.blueprints.abstract.static_task.static_agent_state][INFO] - SAVED_DATA_TO_DISC at /home/martins_32048/mephisto-data/data/data/runs/NO_PROJECT/58/849/206/agent_data.json
[2024-02-29 13:40:26,861][mephisto.abstractions.blueprints.abstract.static_task.static_agent_state][INFO] - SAVED_DATA_TO_DISC at /home/martins_32048/mephisto-data/data/data/runs/NO_PROJECT/58/849/206/agent_data.json
[2024-02-29 13:40:45,503][mephisto.operations.operator][INFO] - Operator running task ID = 58
[2024-02-29 13:40:45,957][mephisto.operations.client_io_handler][WARNING] - [31;1m[Version Mismatch!!][0m: Package `mephisto-task` version mismatch. Expected version 2.0.4 but frontend is currently using 2.0.3. This may cause unexpected errors, be sure to update your `mephisto-task` dependency with `npm install mephisto-task@2.0.4 --save`. If this warning still persists or the version isn't found, please open an issue at https://github.com/facebookresearch/Mephisto/issues
[2024-02-29 13:40:46,971][mephisto.abstractions.blueprints.abstract.static_task.static_agent_state][INFO] - SAVED_DATA_TO_DISC at /home/martins_32048/mephisto-data/data/data/runs/NO_PROJECT/58/849/206/agent_data.json
[2024-02-29 13:40:49,177][mephisto.abstractions.blueprints.abstract.static_task.static_agent_state][INFO] - SAVED_DATA_TO_DISC at /home/martins_32048/mephisto-data/data/data/runs/NO_PROJECT/58/849/206/agent_data.json
[2024-02-29 13:40:51,688][mephisto.abstractions.blueprints.abstract.static_task.static_agent_state][INFO] - SAVED_DATA_TO_DISC at /home/martins_32048/mephisto-data/data/data/runs/NO_PROJECT/58/849/206/agent_data.json
[2024-02-29 13:40:53,456][mephisto.abstractions.blueprints.abstract.static_task.static_agent_state][INFO] - SAVED_DATA_TO_DISC at /home/martins_32048/mephisto-data/data/data/runs/NO_PROJECT/58/849/206/agent_data.json
[2024-02-29 13:40:55,043][mephisto.abstractions.blueprints.abstract.static_task.static_agent_state][INFO] - SAVED_DATA_TO_DISC at /home/martins_32048/mephisto-data/data/data/runs/NO_PROJECT/58/849/206/agent_data.json
[2024-02-29 13:40:55,044][mephisto.operations.client_io_handler][WARNING] - [FRONT_END_ERROR]: {'error': "Cannot read properties of undefined (reading 'word')", 'errorInfo': {'componentStack': '\n    at SimpleFrontend (webpack://mephisto-task-compiler/./src/components/core_components.jsx?:98:24)\n    at p (webpack://mephisto-task-compiler/./node_modules/mephisto-task/build/bundle.js?:1:51620)\n    at div\n    at MainApp (webpack://mephisto-task-compiler/./src/app.jsx?:24:88)'}}
[2024-02-29 13:40:57,272][mephisto.abstractions.blueprints.abstract.static_task.static_agent_state][INFO] - SAVED_DATA_TO_DISC at /home/martins_32048/mephisto-data/data/data/runs/NO_PROJECT/58/850/207/agent_data.json
[2024-02-29 13:41:00,746][mephisto.abstractions.blueprints.abstract.static_task.static_agent_state][INFO] - SAVED_DATA_TO_DISC at /home/martins_32048/mephisto-data/data/data/runs/NO_PROJECT/58/850/207/agent_data.json
[2024-02-29 13:41:02,251][mephisto.abstractions.blueprints.abstract.static_task.static_agent_state][INFO] - SAVED_DATA_TO_DISC at /home/martins_32048/mephisto-data/data/data/runs/NO_PROJECT/58/850/207/agent_data.json
[2024-02-29 13:41:15,512][mephisto.operations.operator][INFO] - Operator running task ID = 58
[2024-02-29 13:41:37,050][mephisto.operations.client_io_handler][WARNING] - [31;1m[Version Mismatch!!][0m: Package `mephisto-task` version mismatch. Expected version 2.0.4 but frontend is currently using 2.0.3. This may cause unexpected errors, be sure to update your `mephisto-task` dependency with `npm install mephisto-task@2.0.4 --save`. If this warning still persists or the version isn't found, please open an issue at https://github.com/facebookresearch/Mephisto/issues
[2024-02-29 13:41:37,979][mephisto.abstractions.blueprints.abstract.static_task.static_agent_state][INFO] - SAVED_DATA_TO_DISC at /home/martins_32048/mephisto-data/data/data/runs/NO_PROJECT/58/850/207/agent_data.json
[2024-02-29 13:41:41,209][mephisto.abstractions.blueprints.abstract.static_task.static_agent_state][INFO] - SAVED_DATA_TO_DISC at /home/martins_32048/mephisto-data/data/data/runs/NO_PROJECT/58/850/207/agent_data.json
[2024-02-29 13:41:45,521][mephisto.operations.operator][INFO] - Operator running task ID = 58
[2024-02-29 13:42:15,533][mephisto.operations.operator][INFO] - Operator running task ID = 58
[2024-02-29 13:42:30,077][mephisto.abstractions.blueprints.abstract.static_task.static_agent_state][INFO] - SAVED_DATA_TO_DISC at /home/martins_32048/mephisto-data/data/data/runs/NO_PROJECT/58/850/207/agent_data.json
[2024-02-29 13:42:31,904][mephisto.abstractions.blueprints.abstract.static_task.static_agent_state][INFO] - SAVED_DATA_TO_DISC at /home/martins_32048/mephisto-data/data/data/runs/NO_PROJECT/58/850/207/agent_data.json
[2024-02-29 13:42:34,467][mephisto.operations.client_io_handler][WARNING] - [31;1m[Version Mismatch!!][0m: Package `mephisto-task` version mismatch. Expected version 2.0.4 but frontend is currently using 2.0.3. This may cause unexpected errors, be sure to update your `mephisto-task` dependency with `npm install mephisto-task@2.0.4 --save`. If this warning still persists or the version isn't found, please open an issue at https://github.com/facebookresearch/Mephisto/issues
[2024-02-29 13:42:37,333][mephisto.operations.client_io_handler][WARNING] - [31;1m[Version Mismatch!!][0m: Package `mephisto-task` version mismatch. Expected version 2.0.4 but frontend is currently using 2.0.3. This may cause unexpected errors, be sure to update your `mephisto-task` dependency with `npm install mephisto-task@2.0.4 --save`. If this warning still persists or the version isn't found, please open an issue at https://github.com/facebookresearch/Mephisto/issues
[2024-02-29 13:42:39,110][mephisto.abstractions.blueprints.abstract.static_task.static_agent_state][INFO] - SAVED_DATA_TO_DISC at /home/martins_32048/mephisto-data/data/data/runs/NO_PROJECT/58/849/206/agent_data.json
[2024-02-29 13:42:42,644][mephisto.abstractions.blueprints.abstract.static_task.static_agent_state][INFO] - SAVED_DATA_TO_DISC at /home/martins_32048/mephisto-data/data/data/runs/NO_PROJECT/58/849/206/agent_data.json
[2024-02-29 13:42:45,542][mephisto.operations.operator][INFO] - Operator running task ID = 58
[2024-02-29 13:42:51,333][mephisto.abstractions.blueprints.abstract.static_task.static_agent_state][INFO] - SAVED_DATA_TO_DISC at /home/martins_32048/mephisto-data/data/data/runs/NO_PROJECT/58/849/206/agent_data.json
[2024-02-29 13:42:53,000][mephisto.abstractions.blueprints.abstract.static_task.static_agent_state][INFO] - SAVED_DATA_TO_DISC at /home/martins_32048/mephisto-data/data/data/runs/NO_PROJECT/58/849/206/agent_data.json
[2024-02-29 13:42:54,602][mephisto.abstractions.blueprints.abstract.static_task.static_agent_state][INFO] - SAVED_DATA_TO_DISC at /home/martins_32048/mephisto-data/data/data/runs/NO_PROJECT/58/849/206/agent_data.json
[2024-02-29 13:42:54,603][mephisto.operations.client_io_handler][WARNING] - [FRONT_END_ERROR]: {'error': "Cannot read properties of undefined (reading 'word')", 'errorInfo': {'componentStack': '\n    at SimpleFrontend (webpack://mephisto-task-compiler/./src/components/core_components.jsx?:98:24)\n    at p (webpack://mephisto-task-compiler/./node_modules/mephisto-task/build/bundle.js?:1:51620)\n    at div\n    at MainApp (webpack://mephisto-task-compiler/./src/app.jsx?:24:88)'}}
[2024-02-29 13:43:15,551][mephisto.operations.operator][INFO] - Operator running task ID = 58
[2024-02-29 13:43:45,560][mephisto.operations.operator][INFO] - Operator running task ID = 58
[2024-02-29 13:43:46,075][mephisto.operations.client_io_handler][WARNING] - [31;1m[Version Mismatch!!][0m: Package `mephisto-task` version mismatch. Expected version 2.0.4 but frontend is currently using 2.0.3. This may cause unexpected errors, be sure to update your `mephisto-task` dependency with `npm install mephisto-task@2.0.4 --save`. If this warning still persists or the version isn't found, please open an issue at https://github.com/facebookresearch/Mephisto/issues
[2024-02-29 13:43:48,285][mephisto.abstractions.blueprints.abstract.static_task.static_agent_state][INFO] - SAVED_DATA_TO_DISC at /home/martins_32048/mephisto-data/data/data/runs/NO_PROJECT/58/849/206/agent_data.json
[2024-02-29 13:44:03,208][mephisto.operations.client_io_handler][WARNING] - [31;1m[Version Mismatch!!][0m: Package `mephisto-task` version mismatch. Expected version 2.0.4 but frontend is currently using 2.0.3. This may cause unexpected errors, be sure to update your `mephisto-task` dependency with `npm install mephisto-task@2.0.4 --save`. If this warning still persists or the version isn't found, please open an issue at https://github.com/facebookresearch/Mephisto/issues
[2024-02-29 13:44:04,686][mephisto.abstractions.blueprints.abstract.static_task.static_agent_state][INFO] - SAVED_DATA_TO_DISC at /home/martins_32048/mephisto-data/data/data/runs/NO_PROJECT/58/849/206/agent_data.json
[2024-02-29 13:44:09,486][mephisto.operations.client_io_handler][WARNING] - [31;1m[Version Mismatch!!][0m: Package `mephisto-task` version mismatch. Expected version 2.0.4 but frontend is currently using 2.0.3. This may cause unexpected errors, be sure to update your `mephisto-task` dependency with `npm install mephisto-task@2.0.4 --save`. If this warning still persists or the version isn't found, please open an issue at https://github.com/facebookresearch/Mephisto/issues
[2024-02-29 13:44:09,524][mephisto.abstractions.blueprints.abstract.static_task.static_agent_state][INFO] - SAVED_DATA_TO_DISC at /home/martins_32048/mephisto-data/data/data/runs/NO_PROJECT/58/851/208/agent_data.json
[2024-02-29 13:44:12,437][mephisto.abstractions.blueprints.abstract.static_task.static_agent_state][INFO] - SAVED_DATA_TO_DISC at /home/martins_32048/mephisto-data/data/data/runs/NO_PROJECT/58/851/208/agent_data.json
[2024-02-29 13:44:14,691][mephisto.abstractions.blueprints.abstract.static_task.static_agent_state][INFO] - SAVED_DATA_TO_DISC at /home/martins_32048/mephisto-data/data/data/runs/NO_PROJECT/58/851/208/agent_data.json
[2024-02-29 13:44:15,568][mephisto.operations.operator][INFO] - Operator running task ID = 58
[2024-02-29 13:44:42,545][mephisto.operations.client_io_handler][WARNING] - [31;1m[Version Mismatch!!][0m: Package `mephisto-task` version mismatch. Expected version 2.0.4 but frontend is currently using 2.0.3. This may cause unexpected errors, be sure to update your `mephisto-task` dependency with `npm install mephisto-task@2.0.4 --save`. If this warning still persists or the version isn't found, please open an issue at https://github.com/facebookresearch/Mephisto/issues
[2024-02-29 13:44:43,903][mephisto.abstractions.blueprints.abstract.static_task.static_agent_state][INFO] - SAVED_DATA_TO_DISC at /home/martins_32048/mephisto-data/data/data/runs/NO_PROJECT/58/851/208/agent_data.json
[2024-02-29 13:44:45,574][mephisto.operations.operator][INFO] - Operator running task ID = 58
[2024-02-29 13:44:51,072][mephisto.abstractions.blueprints.abstract.static_task.static_agent_state][INFO] - SAVED_DATA_TO_DISC at /home/martins_32048/mephisto-data/data/data/runs/NO_PROJECT/58/851/208/agent_data.json
[2024-02-29 13:45:02,479][mephisto.abstractions.blueprints.abstract.static_task.static_agent_state][INFO] - SAVED_DATA_TO_DISC at /home/martins_32048/mephisto-data/data/data/runs/NO_PROJECT/58/851/208/agent_data.json
[2024-02-29 13:45:04,991][mephisto.abstractions.blueprints.abstract.static_task.static_agent_state][INFO] - SAVED_DATA_TO_DISC at /home/martins_32048/mephisto-data/data/data/runs/NO_PROJECT/58/851/208/agent_data.json
[2024-02-29 13:45:04,992][mephisto.operations.client_io_handler][WARNING] - [FRONT_END_ERROR]: {'error': "Cannot read properties of undefined (reading 'word')", 'errorInfo': {'componentStack': '\n    at SimpleFrontend (webpack://mephisto-task-compiler/./src/components/core_components.jsx?:98:24)\n    at p (webpack://mephisto-task-compiler/./node_modules/mephisto-task/build/bundle.js?:1:51620)\n    at div\n    at MainApp (webpack://mephisto-task-compiler/./src/app.jsx?:24:88)'}}
[2024-02-29 13:45:08,641][mephisto.abstractions.blueprints.abstract.static_task.static_agent_state][INFO] - SAVED_DATA_TO_DISC at /home/martins_32048/mephisto-data/data/data/runs/NO_PROJECT/58/849/206/agent_data.json
[2024-02-29 13:45:10,631][mephisto.abstractions.blueprints.abstract.static_task.static_agent_state][INFO] - SAVED_DATA_TO_DISC at /home/martins_32048/mephisto-data/data/data/runs/NO_PROJECT/58/849/206/agent_data.json
[2024-02-29 13:45:15,582][mephisto.operations.operator][INFO] - Operator running task ID = 58
[2024-02-29 13:45:45,593][mephisto.operations.operator][INFO] - Operator running task ID = 58
[2024-02-29 13:46:15,605][mephisto.operations.operator][INFO] - Operator running task ID = 58
[2024-02-29 13:46:45,616][mephisto.operations.operator][INFO] - Operator running task ID = 58
[2024-02-29 13:47:15,627][mephisto.operations.operator][INFO] - Operator running task ID = 58
[2024-02-29 13:47:45,635][mephisto.operations.operator][INFO] - Operator running task ID = 58
[2024-02-29 13:48:15,639][mephisto.operations.operator][INFO] - Operator running task ID = 58
[2024-02-29 13:48:45,646][mephisto.operations.operator][INFO] - Operator running task ID = 58
[2024-02-29 13:48:58,354][mephisto.abstractions.blueprints.abstract.static_task.static_agent_state][INFO] - SAVED_DATA_TO_DISC at /home/martins_32048/mephisto-data/data/data/runs/NO_PROJECT/58/849/206/agent_data.json
[2024-02-29 13:49:15,655][mephisto.operations.operator][INFO] - Operator running task ID = 58
[2024-02-29 13:49:45,665][mephisto.operations.operator][INFO] - Operator running task ID = 58
[2024-02-29 13:50:15,675][mephisto.operations.operator][INFO] - Operator running task ID = 58
[2024-02-29 13:50:45,683][mephisto.operations.operator][INFO] - Operator running task ID = 58
[2024-02-29 13:51:15,694][mephisto.operations.operator][INFO] - Operator running task ID = 58
[2024-02-29 13:51:45,701][mephisto.operations.operator][INFO] - Operator running task ID = 58
[2024-02-29 13:52:15,712][mephisto.operations.operator][INFO] - Operator running task ID = 58
[2024-02-29 13:52:45,718][mephisto.operations.operator][INFO] - Operator running task ID = 58
[2024-02-29 13:53:15,729][mephisto.operations.operator][INFO] - Operator running task ID = 58
[2024-02-29 13:53:45,738][mephisto.operations.operator][INFO] - Operator running task ID = 58
[2024-02-29 13:54:15,748][mephisto.operations.operator][INFO] - Operator running task ID = 58
[2024-02-29 13:54:45,758][mephisto.operations.operator][INFO] - Operator running task ID = 58
[2024-02-29 13:55:15,764][mephisto.operations.operator][INFO] - Operator running task ID = 58
[2024-02-29 13:55:45,772][mephisto.operations.operator][INFO] - Operator running task ID = 58
[2024-02-29 13:58:35,628][mephisto.operations.operator][INFO] - Operator running task ID = 58
[2024-02-29 13:59:05,634][mephisto.operations.operator][INFO] - Operator running task ID = 58
[2024-02-29 13:59:35,641][mephisto.operations.operator][INFO] - Operator running task ID = 58
[2024-02-29 14:00:05,646][mephisto.operations.operator][INFO] - Operator running task ID = 58
[2024-02-29 14:00:35,652][mephisto.operations.operator][INFO] - Operator running task ID = 58
[2024-02-29 14:01:05,662][mephisto.operations.operator][INFO] - Operator running task ID = 58
[2024-02-29 14:01:35,671][mephisto.operations.operator][INFO] - Operator running task ID = 58
[2024-02-29 14:02:05,684][mephisto.operations.operator][INFO] - Operator running task ID = 58
[2024-02-29 14:02:35,691][mephisto.operations.operator][INFO] - Operator running task ID = 58
[2024-02-29 14:03:03,872][mephisto.operations.client_io_handler][WARNING] - [31;1m[Version Mismatch!!][0m: Package `mephisto-task` version mismatch. Expected version 2.0.4 but frontend is currently using 2.0.3. This may cause unexpected errors, be sure to update your `mephisto-task` dependency with `npm install mephisto-task@2.0.4 --save`. If this warning still persists or the version isn't found, please open an issue at https://github.com/facebookresearch/Mephisto/issues
[2024-02-29 14:03:03,911][mephisto.operations.client_io_handler][WARNING] - [FRONT_END_ERROR]: {'error': 'word is not defined', 'errorInfo': {'componentStack': '\n    at SimpleFrontend (webpack://mephisto-task-compiler/./src/components/core_components.jsx?:98:24)\n    at p (webpack://mephisto-task-compiler/./node_modules/mephisto-task/build/bundle.js?:1:51620)\n    at div\n    at MainApp (webpack://mephisto-task-compiler/./src/app.jsx?:24:88)'}}
[2024-02-29 14:03:05,699][mephisto.operations.operator][INFO] - Operator running task ID = 58
[2024-02-29 14:03:22,506][mephisto.operations.client_io_handler][WARNING] - [31;1m[Version Mismatch!!][0m: Package `mephisto-task` version mismatch. Expected version 2.0.4 but frontend is currently using 2.0.3. This may cause unexpected errors, be sure to update your `mephisto-task` dependency with `npm install mephisto-task@2.0.4 --save`. If this warning still persists or the version isn't found, please open an issue at https://github.com/facebookresearch/Mephisto/issues
[2024-02-29 14:03:22,511][mephisto.operations.client_io_handler][WARNING] - [FRONT_END_ERROR]: {'error': 'word is not defined', 'errorInfo': {'componentStack': '\n    at SimpleFrontend (webpack://mephisto-task-compiler/./src/components/core_components.jsx?:98:24)\n    at p (webpack://mephisto-task-compiler/./node_modules/mephisto-task/build/bundle.js?:1:51620)\n    at div\n    at MainApp (webpack://mephisto-task-compiler/./src/app.jsx?:24:88)'}}
[2024-02-29 14:03:34,910][mephisto.operations.client_io_handler][WARNING] - [31;1m[Version Mismatch!!][0m: Package `mephisto-task` version mismatch. Expected version 2.0.4 but frontend is currently using 2.0.3. This may cause unexpected errors, be sure to update your `mephisto-task` dependency with `npm install mephisto-task@2.0.4 --save`. If this warning still persists or the version isn't found, please open an issue at https://github.com/facebookresearch/Mephisto/issues
[2024-02-29 14:03:35,708][mephisto.operations.operator][INFO] - Operator running task ID = 58
[2024-02-29 14:04:05,718][mephisto.operations.operator][INFO] - Operator running task ID = 58
[2024-02-29 14:04:35,723][mephisto.operations.operator][INFO] - Operator running task ID = 58
[2024-02-29 14:05:05,733][mephisto.operations.operator][INFO] - Operator running task ID = 58
[2024-02-29 14:05:35,739][mephisto.operations.operator][INFO] - Operator running task ID = 58
[2024-02-29 14:06:05,744][mephisto.operations.operator][INFO] - Operator running task ID = 58
[2024-02-29 14:06:35,751][mephisto.operations.operator][INFO] - Operator running task ID = 58
[2024-02-29 14:07:05,764][mephisto.operations.operator][INFO] - Operator running task ID = 58
[2024-02-29 14:07:35,772][mephisto.operations.operator][INFO] - Operator running task ID = 58
[2024-02-29 14:08:05,780][mephisto.operations.operator][INFO] - Operator running task ID = 58
[2024-02-29 14:08:35,791][mephisto.operations.operator][INFO] - Operator running task ID = 58
[2024-02-29 14:09:05,796][mephisto.operations.operator][INFO] - Operator running task ID = 58
[2024-02-29 14:09:35,802][mephisto.operations.operator][INFO] - Operator running task ID = 58
[2024-02-29 14:09:48,282][mephisto.abstractions._subcomponents.task_runner][ERROR] - Handled exception in unit MockUnit(1758, assigned)
Traceback (most recent call last):
  File "/home/martins_32048/Projects/Mephisto/mephisto/abstractions/_subcomponents/task_runner.py", line 266, in _launch_and_run_unit
    self.run_unit(unit, agent)
  File "/home/martins_32048/Projects/Mephisto/mephisto/abstractions/blueprints/abstract/static_task/static_task_runner.py", line 69, in run_unit
    agent.await_submit(self.assignment_duration_in_seconds)
  File "/home/martins_32048/Projects/Mephisto/mephisto/abstractions/providers/mock/mock_agent.py", line 109, in await_submit
    return super().await_submit(timeout)
  File "/home/martins_32048/Projects/Mephisto/mephisto/data_model/agent.py", line 256, in await_submit
    raise AgentTimeoutError(timeout, self.db_id)
mephisto.data_model.exceptions.AgentTimeoutError: (1800, '205')
[2024-02-29 14:10:05,812][mephisto.operations.operator][INFO] - Operator running task ID = 58
[2024-02-29 14:10:35,818][mephisto.operations.operator][INFO] - Operator running task ID = 58
[2024-02-29 14:11:05,824][mephisto.operations.operator][INFO] - Operator running task ID = 58
[2024-02-29 14:11:35,831][mephisto.operations.operator][INFO] - Operator running task ID = 58
[2024-02-29 14:12:05,841][mephisto.operations.operator][INFO] - Operator running task ID = 58
[2024-02-29 14:12:35,846][mephisto.operations.operator][INFO] - Operator running task ID = 58
[2024-02-29 14:13:05,856][mephisto.operations.operator][INFO] - Operator running task ID = 58
[2024-02-29 14:13:35,864][mephisto.operations.operator][INFO] - Operator running task ID = 58
[2024-02-29 14:14:05,875][mephisto.operations.operator][INFO] - Operator running task ID = 58
[2024-02-29 14:14:35,883][mephisto.operations.operator][INFO] - Operator running task ID = 58
[2024-02-29 14:15:05,896][mephisto.operations.operator][INFO] - Operator running task ID = 58
[2024-02-29 14:15:35,906][mephisto.operations.operator][INFO] - Operator running task ID = 58
[2024-02-29 14:16:05,915][mephisto.operations.operator][INFO] - Operator running task ID = 58
[2024-02-29 14:16:35,924][mephisto.operations.operator][INFO] - Operator running task ID = 58
[2024-02-29 14:17:05,936][mephisto.operations.operator][INFO] - Operator running task ID = 58
[2024-02-29 14:17:35,940][mephisto.operations.operator][INFO] - Operator running task ID = 58
[2024-02-29 14:18:05,952][mephisto.operations.operator][INFO] - Operator running task ID = 58
[2024-02-29 14:18:35,958][mephisto.operations.operator][INFO] - Operator running task ID = 58
[2024-02-29 14:19:05,969][mephisto.operations.operator][INFO] - Operator running task ID = 58
[2024-02-29 14:19:35,976][mephisto.operations.operator][INFO] - Operator running task ID = 58
[2024-02-29 14:20:05,985][mephisto.operations.operator][INFO] - Operator running task ID = 58
[2024-02-29 14:21:50,933][mephisto.operations.operator][INFO] - Operator running task ID = 58
[2024-02-29 14:22:00,713][mephisto.abstractions.blueprints.abstract.static_task.static_agent_state][INFO] - SAVED_DATA_TO_DISC at /home/martins_32048/mephisto-data/data/data/runs/NO_PROJECT/58/849/206/agent_data.json
[2024-02-29 14:22:02,501][mephisto.abstractions.blueprints.abstract.static_task.static_agent_state][INFO] - SAVED_DATA_TO_DISC at /home/martins_32048/mephisto-data/data/data/runs/NO_PROJECT/58/849/206/agent_data.json
[2024-02-29 14:22:20,941][mephisto.operations.operator][INFO] - Operator running task ID = 58
[2024-02-29 14:22:39,466][mephisto.abstractions.blueprints.abstract.static_task.static_agent_state][INFO] - SAVED_DATA_TO_DISC at /home/martins_32048/mephisto-data/data/data/runs/NO_PROJECT/58/849/206/agent_data.json
[2024-02-29 14:22:42,737][mephisto.operations.client_io_handler][WARNING] - [31;1m[Version Mismatch!!][0m: Package `mephisto-task` version mismatch. Expected version 2.0.4 but frontend is currently using 2.0.3. This may cause unexpected errors, be sure to update your `mephisto-task` dependency with `npm install mephisto-task@2.0.4 --save`. If this warning still persists or the version isn't found, please open an issue at https://github.com/facebookresearch/Mephisto/issues
[2024-02-29 14:22:48,944][mephisto.abstractions.blueprints.abstract.static_task.static_agent_state][INFO] - SAVED_DATA_TO_DISC at /home/martins_32048/mephisto-data/data/data/runs/NO_PROJECT/58/851/208/agent_data.json
[2024-02-29 14:22:50,947][mephisto.operations.operator][INFO] - Operator running task ID = 58
[2024-02-29 14:23:01,418][mephisto.abstractions.blueprints.abstract.static_task.static_agent_state][INFO] - SAVED_DATA_TO_DISC at /home/martins_32048/mephisto-data/data/data/runs/NO_PROJECT/58/851/208/agent_data.json
[2024-02-29 14:23:20,956][mephisto.operations.operator][INFO] - Operator running task ID = 58
[2024-02-29 14:23:50,964][mephisto.operations.operator][INFO] - Operator running task ID = 58
[2024-02-29 14:24:20,977][mephisto.operations.operator][INFO] - Operator running task ID = 58
[2024-02-29 14:24:50,989][mephisto.operations.operator][INFO] - Operator running task ID = 58
[2024-02-29 14:25:00,794][mephisto.operations.client_io_handler][WARNING] - [31;1m[Version Mismatch!!][0m: Package `mephisto-task` version mismatch. Expected version 2.0.4 but frontend is currently using 2.0.3. This may cause unexpected errors, be sure to update your `mephisto-task` dependency with `npm install mephisto-task@2.0.4 --save`. If this warning still persists or the version isn't found, please open an issue at https://github.com/facebookresearch/Mephisto/issues
[2024-02-29 14:25:01,990][mephisto.abstractions.blueprints.abstract.static_task.static_agent_state][INFO] - SAVED_DATA_TO_DISC at /home/martins_32048/mephisto-data/data/data/runs/NO_PROJECT/58/851/208/agent_data.json
[2024-02-29 14:25:20,998][mephisto.operations.operator][INFO] - Operator running task ID = 58
[2024-02-29 14:25:23,983][mephisto.abstractions.blueprints.abstract.static_task.static_agent_state][INFO] - SAVED_DATA_TO_DISC at /home/martins_32048/mephisto-data/data/data/runs/NO_PROJECT/58/851/208/agent_data.json
[2024-02-29 14:25:51,004][mephisto.operations.operator][INFO] - Operator running task ID = 58
[2024-02-29 14:26:02,723][mephisto.abstractions.blueprints.abstract.static_task.static_agent_state][INFO] - SAVED_DATA_TO_DISC at /home/martins_32048/mephisto-data/data/data/runs/NO_PROJECT/58/852/209/agent_data.json
[2024-02-29 14:26:02,730][mephisto.operations.client_io_handler][WARNING] - [31;1m[Version Mismatch!!][0m: Package `mephisto-task` version mismatch. Expected version 2.0.4 but frontend is currently using 2.0.3. This may cause unexpected errors, be sure to update your `mephisto-task` dependency with `npm install mephisto-task@2.0.4 --save`. If this warning still persists or the version isn't found, please open an issue at https://github.com/facebookresearch/Mephisto/issues
[2024-02-29 14:26:04,354][mephisto.abstractions.blueprints.abstract.static_task.static_agent_state][INFO] - SAVED_DATA_TO_DISC at /home/martins_32048/mephisto-data/data/data/runs/NO_PROJECT/58/852/209/agent_data.json
[2024-02-29 14:26:06,617][mephisto.abstractions.blueprints.abstract.static_task.static_agent_state][INFO] - SAVED_DATA_TO_DISC at /home/martins_32048/mephisto-data/data/data/runs/NO_PROJECT/58/852/209/agent_data.json
[2024-02-29 14:26:21,010][mephisto.operations.operator][INFO] - Operator running task ID = 58
[2024-02-29 14:26:51,015][mephisto.operations.operator][INFO] - Operator running task ID = 58
[2024-02-29 14:27:21,024][mephisto.operations.operator][INFO] - Operator running task ID = 58
[2024-02-29 14:27:51,031][mephisto.operations.operator][INFO] - Operator running task ID = 58
[2024-02-29 14:28:21,038][mephisto.operations.operator][INFO] - Operator running task ID = 58
[2024-02-29 14:28:51,048][mephisto.operations.operator][INFO] - Operator running task ID = 58
[2024-02-29 14:29:21,054][mephisto.operations.operator][INFO] - Operator running task ID = 58
[2024-02-29 14:29:51,064][mephisto.operations.operator][INFO] - Operator running task ID = 58
[2024-02-29 14:30:21,074][mephisto.operations.operator][INFO] - Operator running task ID = 58
[2024-02-29 14:30:51,086][mephisto.operations.operator][INFO] - Operator running task ID = 58
[2024-02-29 14:31:21,093][mephisto.operations.operator][INFO] - Operator running task ID = 58
[2024-02-29 14:31:51,104][mephisto.operations.operator][INFO] - Operator running task ID = 58
[2024-02-29 14:32:21,110][mephisto.operations.operator][INFO] - Operator running task ID = 58
[2024-02-29 14:32:51,116][mephisto.operations.operator][INFO] - Operator running task ID = 58
[2024-02-29 14:33:21,126][mephisto.operations.operator][INFO] - Operator running task ID = 58
[2024-02-29 14:33:51,136][mephisto.operations.operator][INFO] - Operator running task ID = 58
[2024-02-29 14:34:21,150][mephisto.operations.operator][INFO] - Operator running task ID = 58
[2024-02-29 14:34:51,158][mephisto.operations.operator][INFO] - Operator running task ID = 58
[2024-02-29 14:35:21,168][mephisto.operations.operator][INFO] - Operator running task ID = 58
[2024-02-29 14:35:36,651][mephisto.abstractions.blueprints.abstract.static_task.static_agent_state][INFO] - SAVED_DATA_TO_DISC at /home/martins_32048/mephisto-data/data/data/runs/NO_PROJECT/58/853/210/agent_data.json
[2024-02-29 14:35:36,654][mephisto.operations.client_io_handler][WARNING] - [31;1m[Version Mismatch!!][0m: Package `mephisto-task` version mismatch. Expected version 2.0.4 but frontend is currently using 2.0.3. This may cause unexpected errors, be sure to update your `mephisto-task` dependency with `npm install mephisto-task@2.0.4 --save`. If this warning still persists or the version isn't found, please open an issue at https://github.com/facebookresearch/Mephisto/issues
[2024-02-29 14:35:39,408][mephisto.abstractions.blueprints.abstract.static_task.static_agent_state][INFO] - SAVED_DATA_TO_DISC at /home/martins_32048/mephisto-data/data/data/runs/NO_PROJECT/58/853/210/agent_data.json
[2024-02-29 14:35:46,725][mephisto.abstractions.blueprints.abstract.static_task.static_agent_state][INFO] - SAVED_DATA_TO_DISC at /home/martins_32048/mephisto-data/data/data/runs/NO_PROJECT/58/853/210/agent_data.json
[2024-02-29 14:35:51,174][mephisto.operations.operator][INFO] - Operator running task ID = 58
[2024-02-29 14:36:21,184][mephisto.operations.operator][INFO] - Operator running task ID = 58
[2024-02-29 14:36:32,660][mephisto.operations.client_io_handler][WARNING] - [31;1m[Version Mismatch!!][0m: Package `mephisto-task` version mismatch. Expected version 2.0.4 but frontend is currently using 2.0.3. This may cause unexpected errors, be sure to update your `mephisto-task` dependency with `npm install mephisto-task@2.0.4 --save`. If this warning still persists or the version isn't found, please open an issue at https://github.com/facebookresearch/Mephisto/issues
[2024-02-29 14:36:32,664][mephisto.abstractions.blueprints.abstract.static_task.static_agent_state][INFO] - SAVED_DATA_TO_DISC at /home/martins_32048/mephisto-data/data/data/runs/NO_PROJECT/58/854/211/agent_data.json
[2024-02-29 14:36:34,512][mephisto.abstractions.blueprints.abstract.static_task.static_agent_state][INFO] - SAVED_DATA_TO_DISC at /home/martins_32048/mephisto-data/data/data/runs/NO_PROJECT/58/854/211/agent_data.json
[2024-02-29 14:36:38,184][mephisto.abstractions.blueprints.abstract.static_task.static_agent_state][INFO] - SAVED_DATA_TO_DISC at /home/martins_32048/mephisto-data/data/data/runs/NO_PROJECT/58/854/211/agent_data.json
[2024-02-29 14:36:41,413][mephisto.abstractions.blueprints.abstract.static_task.static_agent_state][INFO] - SAVED_DATA_TO_DISC at /home/martins_32048/mephisto-data/data/data/runs/NO_PROJECT/58/854/211/agent_data.json
[2024-02-29 14:36:51,192][mephisto.operations.operator][INFO] - Operator running task ID = 58
[2024-02-29 14:37:21,202][mephisto.operations.operator][INFO] - Operator running task ID = 58
[2024-02-29 14:37:51,208][mephisto.operations.operator][INFO] - Operator running task ID = 58
[2024-02-29 14:38:21,216][mephisto.operations.operator][INFO] - Operator running task ID = 58
[2024-02-29 14:38:49,966][mephisto.operations.client_io_handler][WARNING] - [31;1m[Version Mismatch!!][0m: Package `mephisto-task` version mismatch. Expected version 2.0.4 but frontend is currently using 2.0.3. This may cause unexpected errors, be sure to update your `mephisto-task` dependency with `npm install mephisto-task@2.0.4 --save`. If this warning still persists or the version isn't found, please open an issue at https://github.com/facebookresearch/Mephisto/issues
[2024-02-29 14:38:50,007][mephisto.abstractions.blueprints.abstract.static_task.static_agent_state][INFO] - SAVED_DATA_TO_DISC at /home/martins_32048/mephisto-data/data/data/runs/NO_PROJECT/58/onboarding/onboarding_31/agent_data.json
[2024-02-29 14:38:50,007][mephisto.operations.worker_pool][INFO] - MockWorker(30) is starting onboarding thread with onboarding OnboardingAgent(31, none).
[2024-02-29 14:38:51,225][mephisto.operations.operator][INFO] - Operator running task ID = 58
[2024-02-29 14:38:53,144][mephisto.abstractions.blueprints.abstract.static_task.static_agent_state][INFO] - SAVED_DATA_TO_DISC at /home/martins_32048/mephisto-data/data/data/runs/NO_PROJECT/58/onboarding/onboarding_31/agent_data.json
[2024-02-29 14:38:53,151][mephisto.operations.worker_pool][INFO] - Onboarding agent onboarding_31 registered out from onboarding
[2024-02-29 14:38:53,156][mephisto.abstractions.blueprints.abstract.static_task.static_agent_state][INFO] - SAVED_DATA_TO_DISC at /home/martins_32048/mephisto-data/data/data/runs/NO_PROJECT/58/848/212/agent_data.json
[2024-02-29 14:38:53,168][mephisto.operations.client_io_handler][WARNING] - [FRONT_END_ERROR]: {'error': "Cannot read properties of undefined (reading 'word')", 'errorInfo': {'componentStack': '\n    at SimpleFrontend (webpack://mephisto-task-compiler/./src/components/core_components.jsx?:98:24)\n    at p (webpack://mephisto-task-compiler/./node_modules/mephisto-task/build/bundle.js?:1:51620)\n    at div\n    at MainApp (webpack://mephisto-task-compiler/./src/app.jsx?:24:88)'}}
[2024-02-29 14:39:21,232][mephisto.operations.operator][INFO] - Operator running task ID = 58
[2024-02-29 14:39:51,244][mephisto.operations.operator][INFO] - Operator running task ID = 58
[2024-02-29 14:40:21,250][mephisto.operations.operator][INFO] - Operator running task ID = 58
[2024-02-29 14:40:51,258][mephisto.operations.operator][INFO] - Operator running task ID = 58
[2024-02-29 14:41:21,268][mephisto.operations.operator][INFO] - Operator running task ID = 58
[2024-02-29 14:41:51,277][mephisto.operations.operator][INFO] - Operator running task ID = 58
[2024-02-29 14:42:21,286][mephisto.operations.operator][INFO] - Operator running task ID = 58
[2024-02-29 14:42:51,295][mephisto.operations.operator][INFO] - Operator running task ID = 58
[2024-02-29 14:43:21,304][mephisto.operations.operator][INFO] - Operator running task ID = 58
[2024-02-29 14:43:51,312][mephisto.operations.operator][INFO] - Operator running task ID = 58
[2024-02-29 14:44:21,321][mephisto.operations.operator][INFO] - Operator running task ID = 58
[2024-02-29 14:44:51,330][mephisto.operations.operator][INFO] - Operator running task ID = 58
[2024-02-29 14:45:21,337][mephisto.operations.operator][INFO] - Operator running task ID = 58
[2024-02-29 14:45:25,232][mephisto.operations.operator][ERROR] - Cleaning up after keyboard interrupt, please [31;1mwait to Ctrl-C again[0m until instructed to.
[2024-02-29 14:45:25,232][mephisto.operations.operator][INFO] - operator shutting down
[2024-02-29 14:45:25,232][mephisto.operations.operator][INFO] - Expiring units for task run 58.
[2024-02-29 14:45:25,281][mephisto.operations.operator][INFO] - Waiting on 1 task runs with assignments in-flight. [31;1mCtrl-C ONCE[0m to kill running tasks and FORCE QUIT.
[2024-02-29 14:45:25,502][sh.command][INFO] - <Command '/usr/bin/rm -rf /home/martins_32048/Projects/Mephisto/tmp/local_server_58/server', pid 1911480>: process started
