[2024-03-01 16:15:52,612][root][WARNING] - Mephisto supports rich run-time metrics visualization through Prometheus and Grafana. If you'd like to use this feature, use `mephisto metrics install` to install.(Current install dir is '/home/martins_32048/Projects/Mephisto/mephisto/scripts/metrics')'
[2024-03-01 16:15:52,636][mephisto.operations.operator][INFO] - Creating a task run under task name: react-word-sentiment
[2024-03-01 16:15:53,892][sh.command][INFO] - <Command '/usr/bin/rm -rf /home/martins_32048/mephisto-data/data/data/runs/NO_PROJECT/69/build/router', pid 1982190>: process started
[2024-03-01 16:15:55,185][sh.command][INFO] - <Command '/usr/bin/rm -rf /home/martins_32048/mephisto-data/data/data/runs/NO_PROJECT/69/build/router', pid 1982202>: process started
[2024-03-01 16:15:55,201][mephisto.operations.client_io_handler][INFO] - Sending alive
[2024-03-01 16:15:55,201][mephisto.operations.client_io_handler][INFO] - Sending alive
[2024-03-01 16:15:55,241][mephisto.operations.client_io_handler][INFO] - Sending alive
[2024-03-01 16:15:55,241][mephisto.abstractions.architects.channels.websocket_channel][INFO] - channel open
[2024-03-01 16:15:55,504][mephisto.operations.operator][INFO] - Operator running task ID = 69
[2024-03-01 16:16:05,526][mephisto.abstractions.providers.mock.mock_unit][INFO] - Mock task launched: http://localhost:3000 for preview, http://localhost:3000/?worker_id=x&assignment_id=1911 for assignment 935
[2024-03-01 16:16:05,529][mephisto.abstractions.providers.mock.mock_unit][INFO] - Mock task launched: http://localhost:3000 for preview, http://localhost:3000/?worker_id=x&assignment_id=1912 for assignment 936
[2024-03-01 16:16:05,532][mephisto.abstractions.providers.mock.mock_unit][INFO] - Mock task launched: http://localhost:3000 for preview, http://localhost:3000/?worker_id=x&assignment_id=1913 for assignment 937
[2024-03-01 16:16:05,534][mephisto.abstractions.providers.mock.mock_unit][INFO] - Mock task launched: http://localhost:3000 for preview, http://localhost:3000/?worker_id=x&assignment_id=1914 for assignment 938
[2024-03-01 16:16:05,536][mephisto.abstractions.providers.mock.mock_unit][INFO] - Mock task launched: http://localhost:3000 for preview, http://localhost:3000/?worker_id=x&assignment_id=1915 for assignment 939
[2024-03-01 16:16:05,538][mephisto.abstractions.providers.mock.mock_unit][INFO] - Mock task launched: http://localhost:3000 for preview, http://localhost:3000/?worker_id=x&assignment_id=1916 for assignment 940
[2024-03-01 16:16:25,512][mephisto.operations.operator][INFO] - Operator running task ID = 69
[2024-03-01 16:16:34,115][mephisto.operations.operator][ERROR] - Cleaning up after keyboard interrupt, please [31;1mwait to Ctrl-C again[0m until instructed to.
[2024-03-01 16:16:34,116][mephisto.operations.operator][INFO] - operator shutting down
[2024-03-01 16:16:34,116][mephisto.operations.operator][INFO] - Expiring units for task run 69.
[2024-03-01 16:16:34,162][mephisto.operations.operator][INFO] - Waiting on 1 task runs with assignments in-flight. [31;1mCtrl-C ONCE[0m to kill running tasks and FORCE QUIT.
[2024-03-01 16:16:34,386][sh.command][INFO] - <Command '/usr/bin/rm -rf /home/martins_32048/Projects/Mephisto/tmp/local_server_69/server', pid 1982242>: process started
