[2024-04-03 10:42:28,510][root][WARNING] - Mephisto supports rich run-time metrics visualization through Prometheus and Grafana. If you'd like to use this feature, use `mephisto metrics install` to install.(Current install dir is '/home/martins_32048/Projects/semantics/venv/lib/python3.10/site-packages/mephisto/scripts/metrics')'
[2024-04-03 10:42:28,618][mephisto.operations.operator][INFO] - Creating a task run under task name: react-word-sentiment
[2024-04-03 10:42:29,558][sh.command][INFO] - <Command '/usr/bin/rm -rf /home/martins_32048/mephisto-data/data/data/runs/NO_PROJECT/80/build/router', pid 125389>: process started
[2024-04-03 10:42:31,027][sh.command][INFO] - <Command '/usr/bin/rm -rf /home/martins_32048/mephisto-data/data/data/runs/NO_PROJECT/80/build/router', pid 125401>: process started
[2024-04-03 10:42:31,074][mephisto.operations.client_io_handler][INFO] - Sending alive
[2024-04-03 10:42:31,075][mephisto.operations.client_io_handler][INFO] - Sending alive
[2024-04-03 10:42:31,089][mephisto.operations.client_io_handler][INFO] - Sending alive
[2024-04-03 10:42:31,090][mephisto.abstractions.architects.channels.websocket_channel][INFO] - channel open
[2024-04-03 10:42:31,378][mephisto.operations.operator][INFO] - Operator running task ID = 80
[2024-04-03 10:42:41,390][mephisto.abstractions.providers.mock.mock_unit][INFO] - Mock task launched: http://localhost:3000 for preview, http://localhost:3000/?worker_id=x&assignment_id=2022 for assignment 1010
[2024-04-03 10:42:41,397][mephisto.abstractions.providers.mock.mock_unit][INFO] - Mock task launched: http://localhost:3000 for preview, http://localhost:3000/?worker_id=x&assignment_id=2023 for assignment 1010
[2024-04-03 10:42:41,400][mephisto.abstractions.providers.mock.mock_unit][INFO] - Mock task launched: http://localhost:3000 for preview, http://localhost:3000/?worker_id=x&assignment_id=2024 for assignment 1010
[2024-04-03 10:42:41,403][mephisto.abstractions.providers.mock.mock_unit][INFO] - Mock task launched: http://localhost:3000 for preview, http://localhost:3000/?worker_id=x&assignment_id=2025 for assignment 1010
[2024-04-03 10:42:41,405][mephisto.abstractions.providers.mock.mock_unit][INFO] - Mock task launched: http://localhost:3000 for preview, http://localhost:3000/?worker_id=x&assignment_id=2026 for assignment 1010
[2024-04-03 10:42:41,408][mephisto.abstractions.providers.mock.mock_unit][INFO] - Mock task launched: http://localhost:3000 for preview, http://localhost:3000/?worker_id=x&assignment_id=2027 for assignment 1011
[2024-04-03 10:42:41,410][mephisto.abstractions.providers.mock.mock_unit][INFO] - Mock task launched: http://localhost:3000 for preview, http://localhost:3000/?worker_id=x&assignment_id=2028 for assignment 1011
[2024-04-03 10:42:41,413][mephisto.abstractions.providers.mock.mock_unit][INFO] - Mock task launched: http://localhost:3000 for preview, http://localhost:3000/?worker_id=x&assignment_id=2029 for assignment 1011
[2024-04-03 10:42:41,415][mephisto.abstractions.providers.mock.mock_unit][INFO] - Mock task launched: http://localhost:3000 for preview, http://localhost:3000/?worker_id=x&assignment_id=2030 for assignment 1011
[2024-04-03 10:42:41,422][mephisto.abstractions.providers.mock.mock_unit][INFO] - Mock task launched: http://localhost:3000 for preview, http://localhost:3000/?worker_id=x&assignment_id=2031 for assignment 1011
[2024-04-03 10:42:41,425][mephisto.abstractions.providers.mock.mock_unit][INFO] - Mock task launched: http://localhost:3000 for preview, http://localhost:3000/?worker_id=x&assignment_id=2032 for assignment 1012
[2024-04-03 10:42:41,428][mephisto.abstractions.providers.mock.mock_unit][INFO] - Mock task launched: http://localhost:3000 for preview, http://localhost:3000/?worker_id=x&assignment_id=2033 for assignment 1012
[2024-04-03 10:42:41,431][mephisto.abstractions.providers.mock.mock_unit][INFO] - Mock task launched: http://localhost:3000 for preview, http://localhost:3000/?worker_id=x&assignment_id=2034 for assignment 1012
[2024-04-03 10:42:41,433][mephisto.abstractions.providers.mock.mock_unit][INFO] - Mock task launched: http://localhost:3000 for preview, http://localhost:3000/?worker_id=x&assignment_id=2035 for assignment 1012
[2024-04-03 10:42:41,436][mephisto.abstractions.providers.mock.mock_unit][INFO] - Mock task launched: http://localhost:3000 for preview, http://localhost:3000/?worker_id=x&assignment_id=2036 for assignment 1012
[2024-04-03 10:42:41,438][mephisto.abstractions.providers.mock.mock_unit][INFO] - Mock task launched: http://localhost:3000 for preview, http://localhost:3000/?worker_id=x&assignment_id=2037 for assignment 1013
[2024-04-03 10:42:41,440][mephisto.abstractions.providers.mock.mock_unit][INFO] - Mock task launched: http://localhost:3000 for preview, http://localhost:3000/?worker_id=x&assignment_id=2038 for assignment 1013
[2024-04-03 10:42:41,443][mephisto.abstractions.providers.mock.mock_unit][INFO] - Mock task launched: http://localhost:3000 for preview, http://localhost:3000/?worker_id=x&assignment_id=2039 for assignment 1013
[2024-04-03 10:42:41,445][mephisto.abstractions.providers.mock.mock_unit][INFO] - Mock task launched: http://localhost:3000 for preview, http://localhost:3000/?worker_id=x&assignment_id=2040 for assignment 1013
[2024-04-03 10:42:41,448][mephisto.abstractions.providers.mock.mock_unit][INFO] - Mock task launched: http://localhost:3000 for preview, http://localhost:3000/?worker_id=x&assignment_id=2041 for assignment 1013
[2024-04-03 10:42:41,451][mephisto.abstractions.providers.mock.mock_unit][INFO] - Mock task launched: http://localhost:3000 for preview, http://localhost:3000/?worker_id=x&assignment_id=2042 for assignment 1014
[2024-04-03 10:42:41,454][mephisto.abstractions.providers.mock.mock_unit][INFO] - Mock task launched: http://localhost:3000 for preview, http://localhost:3000/?worker_id=x&assignment_id=2043 for assignment 1014
[2024-04-03 10:42:41,458][mephisto.abstractions.providers.mock.mock_unit][INFO] - Mock task launched: http://localhost:3000 for preview, http://localhost:3000/?worker_id=x&assignment_id=2044 for assignment 1014
[2024-04-03 10:42:41,461][mephisto.abstractions.providers.mock.mock_unit][INFO] - Mock task launched: http://localhost:3000 for preview, http://localhost:3000/?worker_id=x&assignment_id=2045 for assignment 1014
[2024-04-03 10:42:41,463][mephisto.abstractions.providers.mock.mock_unit][INFO] - Mock task launched: http://localhost:3000 for preview, http://localhost:3000/?worker_id=x&assignment_id=2046 for assignment 1014
[2024-04-03 10:42:41,466][mephisto.abstractions.providers.mock.mock_unit][INFO] - Mock task launched: http://localhost:3000 for preview, http://localhost:3000/?worker_id=x&assignment_id=2047 for assignment 1015
[2024-04-03 10:42:41,469][mephisto.abstractions.providers.mock.mock_unit][INFO] - Mock task launched: http://localhost:3000 for preview, http://localhost:3000/?worker_id=x&assignment_id=2048 for assignment 1015
[2024-04-03 10:42:41,471][mephisto.abstractions.providers.mock.mock_unit][INFO] - Mock task launched: http://localhost:3000 for preview, http://localhost:3000/?worker_id=x&assignment_id=2049 for assignment 1015
[2024-04-03 10:42:41,473][mephisto.abstractions.providers.mock.mock_unit][INFO] - Mock task launched: http://localhost:3000 for preview, http://localhost:3000/?worker_id=x&assignment_id=2050 for assignment 1015
[2024-04-03 10:42:41,476][mephisto.abstractions.providers.mock.mock_unit][INFO] - Mock task launched: http://localhost:3000 for preview, http://localhost:3000/?worker_id=x&assignment_id=2051 for assignment 1015
[2024-04-03 10:42:41,478][mephisto.abstractions.providers.mock.mock_unit][INFO] - Mock task launched: http://localhost:3000 for preview, http://localhost:3000/?worker_id=x&assignment_id=2052 for assignment 1016
[2024-04-03 10:42:41,480][mephisto.abstractions.providers.mock.mock_unit][INFO] - Mock task launched: http://localhost:3000 for preview, http://localhost:3000/?worker_id=x&assignment_id=2053 for assignment 1016
[2024-04-03 10:42:41,483][mephisto.abstractions.providers.mock.mock_unit][INFO] - Mock task launched: http://localhost:3000 for preview, http://localhost:3000/?worker_id=x&assignment_id=2054 for assignment 1016
[2024-04-03 10:42:41,485][mephisto.abstractions.providers.mock.mock_unit][INFO] - Mock task launched: http://localhost:3000 for preview, http://localhost:3000/?worker_id=x&assignment_id=2055 for assignment 1016
[2024-04-03 10:42:41,489][mephisto.abstractions.providers.mock.mock_unit][INFO] - Mock task launched: http://localhost:3000 for preview, http://localhost:3000/?worker_id=x&assignment_id=2056 for assignment 1016
[2024-04-03 10:42:41,492][mephisto.abstractions.providers.mock.mock_unit][INFO] - Mock task launched: http://localhost:3000 for preview, http://localhost:3000/?worker_id=x&assignment_id=2057 for assignment 1017
[2024-04-03 10:42:41,494][mephisto.abstractions.providers.mock.mock_unit][INFO] - Mock task launched: http://localhost:3000 for preview, http://localhost:3000/?worker_id=x&assignment_id=2058 for assignment 1017
[2024-04-03 10:42:41,496][mephisto.abstractions.providers.mock.mock_unit][INFO] - Mock task launched: http://localhost:3000 for preview, http://localhost:3000/?worker_id=x&assignment_id=2059 for assignment 1017
[2024-04-03 10:42:41,499][mephisto.abstractions.providers.mock.mock_unit][INFO] - Mock task launched: http://localhost:3000 for preview, http://localhost:3000/?worker_id=x&assignment_id=2060 for assignment 1017
[2024-04-03 10:42:41,501][mephisto.abstractions.providers.mock.mock_unit][INFO] - Mock task launched: http://localhost:3000 for preview, http://localhost:3000/?worker_id=x&assignment_id=2061 for assignment 1017
[2024-04-03 10:42:41,503][mephisto.abstractions.providers.mock.mock_unit][INFO] - Mock task launched: http://localhost:3000 for preview, http://localhost:3000/?worker_id=x&assignment_id=2062 for assignment 1018
[2024-04-03 10:42:41,506][mephisto.abstractions.providers.mock.mock_unit][INFO] - Mock task launched: http://localhost:3000 for preview, http://localhost:3000/?worker_id=x&assignment_id=2063 for assignment 1018
[2024-04-03 10:42:41,508][mephisto.abstractions.providers.mock.mock_unit][INFO] - Mock task launched: http://localhost:3000 for preview, http://localhost:3000/?worker_id=x&assignment_id=2064 for assignment 1018
[2024-04-03 10:42:41,510][mephisto.abstractions.providers.mock.mock_unit][INFO] - Mock task launched: http://localhost:3000 for preview, http://localhost:3000/?worker_id=x&assignment_id=2065 for assignment 1018
[2024-04-03 10:42:41,513][mephisto.abstractions.providers.mock.mock_unit][INFO] - Mock task launched: http://localhost:3000 for preview, http://localhost:3000/?worker_id=x&assignment_id=2066 for assignment 1018
[2024-04-03 10:42:44,434][mephisto.abstractions.blueprints.abstract.static_task.static_agent_state][INFO] - SAVED_DATA_TO_DISC at /home/martins_32048/mephisto-data/data/data/runs/NO_PROJECT/80/1010/274/agent_data.json
[2024-04-03 10:42:53,061][mephisto.abstractions.blueprints.abstract.static_task.static_agent_state][INFO] - SAVED_DATA_TO_DISC at /home/martins_32048/mephisto-data/data/data/runs/NO_PROJECT/80/1010/274/agent_data.json
[2024-04-03 10:43:01,388][mephisto.operations.operator][INFO] - Operator running task ID = 80
[2024-04-03 10:43:31,403][mephisto.operations.operator][INFO] - Operator running task ID = 80
[2024-04-03 10:44:01,415][mephisto.operations.operator][INFO] - Operator running task ID = 80
[2024-04-03 10:44:31,425][mephisto.operations.operator][INFO] - Operator running task ID = 80
[2024-04-03 10:45:01,435][mephisto.operations.operator][INFO] - Operator running task ID = 80
[2024-04-03 10:45:31,441][mephisto.operations.operator][INFO] - Operator running task ID = 80
[2024-04-03 10:46:01,452][mephisto.operations.operator][INFO] - Operator running task ID = 80
[2024-04-03 10:46:31,465][mephisto.operations.operator][INFO] - Operator running task ID = 80
[2024-04-03 10:47:01,475][mephisto.operations.operator][INFO] - Operator running task ID = 80
[2024-04-03 10:47:31,485][mephisto.operations.operator][INFO] - Operator running task ID = 80
[2024-04-03 10:48:01,491][mephisto.operations.operator][INFO] - Operator running task ID = 80
[2024-04-03 10:48:31,504][mephisto.operations.operator][INFO] - Operator running task ID = 80
[2024-04-03 10:49:01,515][mephisto.operations.operator][INFO] - Operator running task ID = 80
[2024-04-03 10:49:31,525][mephisto.operations.operator][INFO] - Operator running task ID = 80
[2024-04-03 10:50:01,535][mephisto.operations.operator][INFO] - Operator running task ID = 80
[2024-04-03 10:50:31,548][mephisto.operations.operator][INFO] - Operator running task ID = 80
[2024-04-03 10:51:01,559][mephisto.operations.operator][INFO] - Operator running task ID = 80
[2024-04-03 10:51:31,573][mephisto.operations.operator][INFO] - Operator running task ID = 80
[2024-04-03 10:52:01,583][mephisto.operations.operator][INFO] - Operator running task ID = 80
[2024-04-03 10:52:31,597][mephisto.operations.operator][INFO] - Operator running task ID = 80
[2024-04-03 10:53:01,608][mephisto.operations.operator][INFO] - Operator running task ID = 80
[2024-04-03 10:53:31,621][mephisto.operations.operator][INFO] - Operator running task ID = 80
[2024-04-03 10:54:01,632][mephisto.operations.operator][INFO] - Operator running task ID = 80
[2024-04-03 10:54:31,645][mephisto.operations.operator][INFO] - Operator running task ID = 80
[2024-04-03 10:55:01,655][mephisto.operations.operator][INFO] - Operator running task ID = 80
[2024-04-03 10:55:13,349][mephisto.operations.operator][ERROR] - Cleaning up after keyboard interrupt, please [31;1mwait to Ctrl-C again[0m until instructed to.
[2024-04-03 10:55:13,352][mephisto.operations.operator][INFO] - operator shutting down
[2024-04-03 10:55:13,354][mephisto.operations.operator][INFO] - Expiring units for task run 80.
[2024-04-03 10:55:13,573][mephisto.operations.operator][INFO] - Waiting on 1 task runs with assignments in-flight. [31;1mCtrl-C ONCE[0m to kill running tasks and FORCE QUIT.
[2024-04-03 10:55:13,803][sh.command][INFO] - <Command '/usr/bin/rm -rf /home/martins_32048/Projects/semantics/venv/lib/python3.10/site-packages/tmp/local_server_80/server', pid 126075>: process started
