[2024-05-17 18:19:50,483][mephisto.utils.metrics][WARNING] - Prometheus PID existed, but server doesn't appear to be up.
[2024-05-17 18:19:50,487][mephisto.utils.metrics][WARNING] - Clearing prometheus pid as the server isn't running. Use `shutdown_prometheus_server` in the future for proper cleanup.
[2024-05-17 18:19:50,489][mephisto.utils.metrics][INFO] - Prometheus server launched at process 42752
[2024-05-17 18:19:54,668][mephisto.operations.operator][INFO] - Creating a task run under task name: word-sentiment
[2024-05-17 18:19:55,683][sh.command][INFO] - <Command '/usr/bin/rm -rf /home/martins_32048/mephisto-data/data/data/runs/NO_PROJECT/98/build/router', pid 42812>: process started
[2024-05-17 18:19:57,268][sh.command][INFO] - <Command '/usr/bin/rm -rf /home/martins_32048/mephisto-data/data/data/runs/NO_PROJECT/98/build/router', pid 42824>: process started
[2024-05-17 18:19:57,314][mephisto.operations.client_io_handler][INFO] - Sending alive
[2024-05-17 18:19:57,315][mephisto.operations.client_io_handler][INFO] - Sending alive
[2024-05-17 18:19:57,350][mephisto.operations.client_io_handler][INFO] - Sending alive
[2024-05-17 18:19:57,351][mephisto.abstractions.architects.channels.websocket_channel][INFO] - channel open
[2024-05-17 18:19:57,619][mephisto.operations.operator][INFO] - Operator running task ID = 98
[2024-05-17 18:20:07,630][mephisto.abstractions.providers.mock.mock_unit][INFO] - Mock task launched: http://localhost:3000 for preview, http://localhost:3000/?worker_id=x&assignment_id=3538 for assignment 1342
[2024-05-17 18:20:07,634][mephisto.abstractions.providers.mock.mock_unit][INFO] - Mock task launched: http://localhost:3000 for preview, http://localhost:3000/?worker_id=x&assignment_id=3539 for assignment 1343
[2024-05-17 18:20:07,637][mephisto.abstractions.providers.mock.mock_unit][INFO] - Mock task launched: http://localhost:3000 for preview, http://localhost:3000/?worker_id=x&assignment_id=3540 for assignment 1344
[2024-05-17 18:20:07,640][mephisto.abstractions.providers.mock.mock_unit][INFO] - Mock task launched: http://localhost:3000 for preview, http://localhost:3000/?worker_id=x&assignment_id=3541 for assignment 1345
[2024-05-17 18:20:07,642][mephisto.abstractions.providers.mock.mock_unit][INFO] - Mock task launched: http://localhost:3000 for preview, http://localhost:3000/?worker_id=x&assignment_id=3542 for assignment 1346
[2024-05-17 18:20:07,645][mephisto.abstractions.providers.mock.mock_unit][INFO] - Mock task launched: http://localhost:3000 for preview, http://localhost:3000/?worker_id=x&assignment_id=3543 for assignment 1347
[2024-05-17 18:20:07,648][mephisto.abstractions.providers.mock.mock_unit][INFO] - Mock task launched: http://localhost:3000 for preview, http://localhost:3000/?worker_id=x&assignment_id=3544 for assignment 1348
[2024-05-17 18:20:07,651][mephisto.abstractions.providers.mock.mock_unit][INFO] - Mock task launched: http://localhost:3000 for preview, http://localhost:3000/?worker_id=x&assignment_id=3545 for assignment 1349
[2024-05-17 18:20:07,654][mephisto.abstractions.providers.mock.mock_unit][INFO] - Mock task launched: http://localhost:3000 for preview, http://localhost:3000/?worker_id=x&assignment_id=3546 for assignment 1350
[2024-05-17 18:20:10,118][mephisto.abstractions.blueprints.abstract.static_task.static_agent_state][INFO] - SAVED_DATA_TO_DISC at /home/martins_32048/mephisto-data/data/data/runs/NO_PROJECT/98/1342/299/agent_data.json
[2024-05-17 18:20:14,289][mephisto.abstractions.blueprints.abstract.static_task.static_agent_state][INFO] - SAVED_DATA_TO_DISC at /home/martins_32048/mephisto-data/data/data/runs/NO_PROJECT/98/1342/299/agent_data.json
[2024-05-17 18:20:27,632][mephisto.operations.operator][INFO] - Operator running task ID = 98
[2024-05-17 18:20:57,647][mephisto.operations.operator][INFO] - Operator running task ID = 98
[2024-05-17 18:21:27,659][mephisto.operations.operator][INFO] - Operator running task ID = 98
[2024-05-17 18:21:57,673][mephisto.operations.operator][INFO] - Operator running task ID = 98
[2024-05-17 18:22:27,687][mephisto.operations.operator][INFO] - Operator running task ID = 98
[2024-05-17 18:22:57,696][mephisto.operations.operator][INFO] - Operator running task ID = 98
[2024-05-17 18:23:27,707][mephisto.operations.operator][INFO] - Operator running task ID = 98
[2024-05-17 18:23:49,153][mephisto.abstractions.blueprints.abstract.static_task.static_agent_state][INFO] - SAVED_DATA_TO_DISC at /home/martins_32048/mephisto-data/data/data/runs/NO_PROJECT/98/1342/299/agent_data.json
[2024-05-17 18:23:57,721][mephisto.operations.operator][INFO] - Operator running task ID = 98
[2024-05-17 18:24:02,896][mephisto.abstractions.blueprints.abstract.static_task.static_agent_state][INFO] - SAVED_DATA_TO_DISC at /home/martins_32048/mephisto-data/data/data/runs/NO_PROJECT/98/1343/300/agent_data.json
[2024-05-17 18:24:05,443][mephisto.abstractions.blueprints.abstract.static_task.static_agent_state][INFO] - SAVED_DATA_TO_DISC at /home/martins_32048/mephisto-data/data/data/runs/NO_PROJECT/98/1343/300/agent_data.json
[2024-05-17 18:24:27,734][mephisto.operations.operator][INFO] - Operator running task ID = 98
[2024-05-17 18:24:57,749][mephisto.operations.operator][INFO] - Operator running task ID = 98
[2024-05-17 18:25:27,757][mephisto.operations.operator][INFO] - Operator running task ID = 98
[2024-05-17 18:25:57,768][mephisto.operations.operator][INFO] - Operator running task ID = 98
[2024-05-17 18:26:27,779][mephisto.operations.operator][INFO] - Operator running task ID = 98
[2024-05-17 18:26:57,791][mephisto.operations.operator][INFO] - Operator running task ID = 98
[2024-05-17 18:27:27,804][mephisto.operations.operator][INFO] - Operator running task ID = 98
[2024-05-17 18:27:57,816][mephisto.operations.operator][INFO] - Operator running task ID = 98
[2024-05-17 18:28:27,827][mephisto.operations.operator][INFO] - Operator running task ID = 98
[2024-05-17 18:28:57,836][mephisto.operations.operator][INFO] - Operator running task ID = 98
[2024-05-17 18:29:27,848][mephisto.operations.operator][INFO] - Operator running task ID = 98
[2024-05-17 18:29:57,860][mephisto.operations.operator][INFO] - Operator running task ID = 98
[2024-05-17 18:30:27,868][mephisto.operations.operator][INFO] - Operator running task ID = 98
[2024-05-17 18:30:57,882][mephisto.operations.operator][INFO] - Operator running task ID = 98
[2024-05-17 18:31:27,891][mephisto.operations.operator][INFO] - Operator running task ID = 98
[2024-05-17 18:31:57,904][mephisto.operations.operator][INFO] - Operator running task ID = 98
[2024-05-17 18:32:27,917][mephisto.operations.operator][INFO] - Operator running task ID = 98
[2024-05-17 18:32:57,931][mephisto.operations.operator][INFO] - Operator running task ID = 98
[2024-05-17 18:33:27,943][mephisto.operations.operator][INFO] - Operator running task ID = 98
[2024-05-17 18:33:57,954][mephisto.operations.operator][INFO] - Operator running task ID = 98
[2024-05-17 18:34:27,966][mephisto.operations.operator][INFO] - Operator running task ID = 98
[2024-05-17 18:34:57,983][mephisto.operations.operator][INFO] - Operator running task ID = 98
[2024-05-17 18:35:27,996][mephisto.operations.operator][INFO] - Operator running task ID = 98
[2024-05-17 18:35:58,008][mephisto.operations.operator][INFO] - Operator running task ID = 98
[2024-05-17 18:36:28,016][mephisto.operations.operator][INFO] - Operator running task ID = 98
[2024-05-17 18:36:58,024][mephisto.operations.operator][INFO] - Operator running task ID = 98
[2024-05-17 18:37:28,034][mephisto.operations.operator][INFO] - Operator running task ID = 98
[2024-05-17 18:37:58,047][mephisto.operations.operator][INFO] - Operator running task ID = 98
[2024-05-17 18:38:01,242][mephisto.operations.operator][ERROR] - Cleaning up after keyboard interrupt, please [31;1mwait to Ctrl-C again[0m until instructed to.
[2024-05-17 18:38:01,246][mephisto.operations.operator][INFO] - operator shutting down
[2024-05-17 18:38:01,247][mephisto.operations.operator][INFO] - Expiring units for task run 98.
[2024-05-17 18:38:01,292][mephisto.operations.operator][INFO] - Waiting on 1 task runs with assignments in-flight. [31;1mCtrl-C ONCE[0m to kill running tasks and FORCE QUIT.
[2024-05-17 18:38:01,529][sh.command][INFO] - <Command '/usr/bin/rm -rf /home/martins_32048/Projects/semantics/venv/lib/python3.10/site-packages/tmp/local_server_98/server', pid 44405>: process started
