[2023-09-29 12:53:15,854][root][WARNING] - Mephisto supports rich run-time metrics visualization through Prometheus and Grafana. If you'd like to use this feature, use `mephisto metrics install` to install.(Current install dir is '/home/martins_32048/Projects/Mephisto/mephisto/scripts/metrics')'
[2023-09-29 12:53:15,945][mephisto.abstractions.blueprints.static_react_task.static_react_blueprint][INFO] - If you want your server to update on reload whenever you make changes to your webapp, then make sure to set 

link_task_source: [blue]true[/blue]

in your task's hydra configuration and run 

[purple]cd[/purple] webapp [red]&&[/red] [green]npm[/green] run dev:watch

in a separate terminal window. For more information check out:
https://mephisto.ai/docs/guides/tutorials/custom_react/#12-launching-the-task

[2023-09-29 12:53:15,945][mephisto.operations.operator][INFO] - Creating a task run under task name: react-static-task-example
[2023-09-29 12:53:16,894][sh.command][INFO] - <Command '/usr/bin/rm -rf /home/martins_32048/mephisto-data/data/data/runs/NO_PROJECT/7/build/router', pid 2407147>: process started
[2023-09-29 12:53:18,348][sh.command][INFO] - <Command '/usr/bin/rm -rf /home/martins_32048/mephisto-data/data/data/runs/NO_PROJECT/7/build/router', pid 2407159>: process started
[2023-09-29 12:53:18,397][mephisto.operations.client_io_handler][INFO] - Sending alive
[2023-09-29 12:53:18,397][mephisto.operations.client_io_handler][INFO] - Sending alive
[2023-09-29 12:53:18,412][mephisto.operations.client_io_handler][INFO] - Sending alive
[2023-09-29 12:53:18,412][mephisto.abstractions.architects.channels.websocket_channel][INFO] - channel open
[2023-09-29 12:53:18,727][mephisto.operations.operator][INFO] - Operator running task ID = 7
[2023-09-29 12:53:18,732][mephisto.abstractions.providers.mock.mock_unit][INFO] - Mock task launched: http://localhost:3000 for preview, http://localhost:3000/?worker_id=x&assignment_id=11 for assignment 9
[2023-09-29 12:53:18,735][mephisto.abstractions.providers.mock.mock_unit][INFO] - Mock task launched: http://localhost:3000 for preview, http://localhost:3000/?worker_id=x&assignment_id=12 for assignment 10
[2023-09-29 12:53:21,134][mephisto.operations.client_io_handler][WARNING] - [31;1m[Version Mismatch!!][0m: Package `mephisto-task` version mismatch. Expected version 2.0.4 but frontend is currently using 2.0.3. This may cause unexpected errors, be sure to update your `mephisto-task` dependency with `npm install mephisto-task@2.0.4 --save`. If this warning still persists or the version isn't found, please open an issue at https://github.com/facebookresearch/Mephisto/issues
[2023-09-29 12:53:21,142][mephisto.abstractions.blueprints.abstract.static_task.static_agent_state][INFO] - SAVED_DATA_TO_DISC at /home/martins_32048/mephisto-data/data/data/runs/NO_PROJECT/7/9/5/agent_data.json
[2023-09-29 12:53:48,738][mephisto.operations.operator][INFO] - Operator running task ID = 7
[2023-09-29 12:54:18,749][mephisto.operations.operator][INFO] - Operator running task ID = 7
[2023-09-29 12:54:48,758][mephisto.operations.operator][INFO] - Operator running task ID = 7
[2023-09-29 12:55:18,768][mephisto.operations.operator][INFO] - Operator running task ID = 7
[2023-09-29 12:55:48,779][mephisto.operations.operator][INFO] - Operator running task ID = 7
[2023-09-29 12:55:49,222][mephisto.operations.client_io_handler][WARNING] - [31;1m[Version Mismatch!!][0m: Package `mephisto-task` version mismatch. Expected version 2.0.4 but frontend is currently using 2.0.3. This may cause unexpected errors, be sure to update your `mephisto-task` dependency with `npm install mephisto-task@2.0.4 --save`. If this warning still persists or the version isn't found, please open an issue at https://github.com/facebookresearch/Mephisto/issues
[2023-09-29 12:56:00,368][mephisto.abstractions.blueprints.abstract.static_task.static_agent_state][INFO] - SAVED_DATA_TO_DISC at /home/martins_32048/mephisto-data/data/data/runs/NO_PROJECT/7/9/5/agent_data.json
[2023-09-29 12:56:02,630][mephisto.abstractions.blueprints.abstract.static_task.static_agent_state][INFO] - SAVED_DATA_TO_DISC at /home/martins_32048/mephisto-data/data/data/runs/NO_PROJECT/7/9/5/agent_data.json
[2023-09-29 12:56:18,787][mephisto.operations.operator][INFO] - Operator running task ID = 7
[2023-09-29 12:56:48,795][mephisto.operations.operator][INFO] - Operator running task ID = 7
[2023-09-29 12:57:18,805][mephisto.operations.operator][INFO] - Operator running task ID = 7
[2023-09-29 12:57:48,815][mephisto.operations.operator][INFO] - Operator running task ID = 7
[2023-09-29 12:58:18,823][mephisto.operations.operator][INFO] - Operator running task ID = 7
[2023-09-29 12:58:48,832][mephisto.operations.operator][INFO] - Operator running task ID = 7
[2023-09-29 12:59:18,844][mephisto.operations.operator][INFO] - Operator running task ID = 7
[2023-09-29 12:59:25,428][mephisto.operations.client_io_handler][WARNING] - [31;1m[Version Mismatch!!][0m: Package `mephisto-task` version mismatch. Expected version 2.0.4 but frontend is currently using 2.0.3. This may cause unexpected errors, be sure to update your `mephisto-task` dependency with `npm install mephisto-task@2.0.4 --save`. If this warning still persists or the version isn't found, please open an issue at https://github.com/facebookresearch/Mephisto/issues
[2023-09-29 12:59:32,141][mephisto.operations.operator][ERROR] - Cleaning up after keyboard interrupt, please [31;1mwait to Ctrl-C again[0m until instructed to.
[2023-09-29 12:59:32,141][mephisto.operations.operator][INFO] - operator shutting down
[2023-09-29 12:59:32,151][mephisto.operations.operator][INFO] - Expiring units for task run 7.
[2023-09-29 12:59:32,173][mephisto.operations.operator][INFO] - Waiting on 1 task runs with assignments in-flight. [31;1mCtrl-C ONCE[0m to kill running tasks and FORCE QUIT.
[2023-09-29 12:59:32,397][sh.command][INFO] - <Command '/usr/bin/rm -rf /home/martins_32048/Projects/Mephisto/tmp/local_server_7/server', pid 2407545>: process started
