[2023-09-29 15:00:17,127][root][WARNING] - Mephisto supports rich run-time metrics visualization through Prometheus and Grafana. If you'd like to use this feature, use `mephisto metrics install` to install.(Current install dir is '/home/martins_32048/Projects/Mephisto/mephisto/scripts/metrics')'
[2023-09-29 15:00:17,220][mephisto.operations.operator][INFO] - Creating a task run under task name: custom-react-tutorial-iterating
[2023-09-29 15:00:18,067][sh.command][INFO] - <Command '/usr/bin/rm -rf /home/martins_32048/mephisto-data/data/data/runs/NO_PROJECT/17/build/router', pid 2414000>: process started
[2023-09-29 15:00:19,515][sh.command][INFO] - <Command '/usr/bin/rm -rf /home/martins_32048/mephisto-data/data/data/runs/NO_PROJECT/17/build/router', pid 2414013>: process started
[2023-09-29 15:00:19,573][mephisto.operations.client_io_handler][INFO] - Sending alive
[2023-09-29 15:00:19,574][mephisto.operations.client_io_handler][INFO] - Sending alive
[2023-09-29 15:00:19,587][mephisto.operations.client_io_handler][INFO] - Sending alive
[2023-09-29 15:00:19,587][mephisto.abstractions.architects.channels.websocket_channel][INFO] - channel open
[2023-09-29 15:00:19,904][mephisto.operations.operator][INFO] - Operator running task ID = 17
[2023-09-29 15:00:19,909][mephisto.abstractions.providers.mock.mock_unit][INFO] - Mock task launched: http://localhost:3000 for preview, http://localhost:3000/?worker_id=x&assignment_id=31 for assignment 29
[2023-09-29 15:00:19,911][mephisto.abstractions.providers.mock.mock_unit][INFO] - Mock task launched: http://localhost:3000 for preview, http://localhost:3000/?worker_id=x&assignment_id=32 for assignment 30
[2023-09-29 15:00:21,806][mephisto.operations.client_io_handler][WARNING] - [31;1m[Version Mismatch!!][0m: Package `mephisto-task` version mismatch. Expected version 2.0.4 but frontend is currently using 2.0.3. This may cause unexpected errors, be sure to update your `mephisto-task` dependency with `npm install mephisto-task@2.0.4 --save`. If this warning still persists or the version isn't found, please open an issue at https://github.com/facebookresearch/Mephisto/issues
[2023-09-29 15:00:21,808][mephisto.abstractions.blueprints.abstract.static_task.static_agent_state][INFO] - SAVED_DATA_TO_DISC at /home/martins_32048/mephisto-data/data/data/runs/NO_PROJECT/17/29/15/agent_data.json
[2023-09-29 15:00:49,915][mephisto.operations.operator][INFO] - Operator running task ID = 17
[2023-09-29 15:00:54,438][mephisto.operations.client_io_handler][WARNING] - [31;1m[Version Mismatch!!][0m: Package `mephisto-task` version mismatch. Expected version 2.0.4 but frontend is currently using 2.0.3. This may cause unexpected errors, be sure to update your `mephisto-task` dependency with `npm install mephisto-task@2.0.4 --save`. If this warning still persists or the version isn't found, please open an issue at https://github.com/facebookresearch/Mephisto/issues
[2023-09-29 15:01:01,477][mephisto.operations.client_io_handler][WARNING] - [31;1m[Version Mismatch!!][0m: Package `mephisto-task` version mismatch. Expected version 2.0.4 but frontend is currently using 2.0.3. This may cause unexpected errors, be sure to update your `mephisto-task` dependency with `npm install mephisto-task@2.0.4 --save`. If this warning still persists or the version isn't found, please open an issue at https://github.com/facebookresearch/Mephisto/issues
[2023-09-29 15:01:19,926][mephisto.operations.operator][INFO] - Operator running task ID = 17
[2023-09-29 15:01:26,413][mephisto.operations.client_io_handler][WARNING] - [31;1m[Version Mismatch!!][0m: Package `mephisto-task` version mismatch. Expected version 2.0.4 but frontend is currently using 2.0.3. This may cause unexpected errors, be sure to update your `mephisto-task` dependency with `npm install mephisto-task@2.0.4 --save`. If this warning still persists or the version isn't found, please open an issue at https://github.com/facebookresearch/Mephisto/issues
[2023-09-29 15:01:42,039][mephisto.operations.client_io_handler][WARNING] - [31;1m[Version Mismatch!!][0m: Package `mephisto-task` version mismatch. Expected version 2.0.4 but frontend is currently using 2.0.3. This may cause unexpected errors, be sure to update your `mephisto-task` dependency with `npm install mephisto-task@2.0.4 --save`. If this warning still persists or the version isn't found, please open an issue at https://github.com/facebookresearch/Mephisto/issues
[2023-09-29 15:01:49,934][mephisto.operations.operator][INFO] - Operator running task ID = 17
[2023-09-29 15:01:54,101][mephisto.operations.client_io_handler][WARNING] - [31;1m[Version Mismatch!!][0m: Package `mephisto-task` version mismatch. Expected version 2.0.4 but frontend is currently using 2.0.3. This may cause unexpected errors, be sure to update your `mephisto-task` dependency with `npm install mephisto-task@2.0.4 --save`. If this warning still persists or the version isn't found, please open an issue at https://github.com/facebookresearch/Mephisto/issues
[2023-09-29 15:02:09,584][mephisto.operations.client_io_handler][WARNING] - [31;1m[Version Mismatch!!][0m: Package `mephisto-task` version mismatch. Expected version 2.0.4 but frontend is currently using 2.0.3. This may cause unexpected errors, be sure to update your `mephisto-task` dependency with `npm install mephisto-task@2.0.4 --save`. If this warning still persists or the version isn't found, please open an issue at https://github.com/facebookresearch/Mephisto/issues
[2023-09-29 15:02:19,944][mephisto.operations.operator][INFO] - Operator running task ID = 17
[2023-09-29 15:02:32,844][mephisto.operations.client_io_handler][WARNING] - [31;1m[Version Mismatch!!][0m: Package `mephisto-task` version mismatch. Expected version 2.0.4 but frontend is currently using 2.0.3. This may cause unexpected errors, be sure to update your `mephisto-task` dependency with `npm install mephisto-task@2.0.4 --save`. If this warning still persists or the version isn't found, please open an issue at https://github.com/facebookresearch/Mephisto/issues
[2023-09-29 15:02:41,183][mephisto.operations.client_io_handler][WARNING] - [31;1m[Version Mismatch!!][0m: Package `mephisto-task` version mismatch. Expected version 2.0.4 but frontend is currently using 2.0.3. This may cause unexpected errors, be sure to update your `mephisto-task` dependency with `npm install mephisto-task@2.0.4 --save`. If this warning still persists or the version isn't found, please open an issue at https://github.com/facebookresearch/Mephisto/issues
[2023-09-29 15:02:47,413][mephisto.operations.client_io_handler][WARNING] - [31;1m[Version Mismatch!!][0m: Package `mephisto-task` version mismatch. Expected version 2.0.4 but frontend is currently using 2.0.3. This may cause unexpected errors, be sure to update your `mephisto-task` dependency with `npm install mephisto-task@2.0.4 --save`. If this warning still persists or the version isn't found, please open an issue at https://github.com/facebookresearch/Mephisto/issues
[2023-09-29 15:02:49,955][mephisto.operations.operator][INFO] - Operator running task ID = 17
[2023-09-29 15:02:53,542][mephisto.operations.client_io_handler][WARNING] - [31;1m[Version Mismatch!!][0m: Package `mephisto-task` version mismatch. Expected version 2.0.4 but frontend is currently using 2.0.3. This may cause unexpected errors, be sure to update your `mephisto-task` dependency with `npm install mephisto-task@2.0.4 --save`. If this warning still persists or the version isn't found, please open an issue at https://github.com/facebookresearch/Mephisto/issues
[2023-09-29 15:03:10,421][mephisto.operations.client_io_handler][WARNING] - [31;1m[Version Mismatch!!][0m: Package `mephisto-task` version mismatch. Expected version 2.0.4 but frontend is currently using 2.0.3. This may cause unexpected errors, be sure to update your `mephisto-task` dependency with `npm install mephisto-task@2.0.4 --save`. If this warning still persists or the version isn't found, please open an issue at https://github.com/facebookresearch/Mephisto/issues
[2023-09-29 15:03:16,549][mephisto.operations.client_io_handler][WARNING] - [31;1m[Version Mismatch!!][0m: Package `mephisto-task` version mismatch. Expected version 2.0.4 but frontend is currently using 2.0.3. This may cause unexpected errors, be sure to update your `mephisto-task` dependency with `npm install mephisto-task@2.0.4 --save`. If this warning still persists or the version isn't found, please open an issue at https://github.com/facebookresearch/Mephisto/issues
[2023-09-29 15:03:19,961][mephisto.operations.operator][INFO] - Operator running task ID = 17
[2023-09-29 15:03:32,580][mephisto.operations.client_io_handler][WARNING] - [31;1m[Version Mismatch!!][0m: Package `mephisto-task` version mismatch. Expected version 2.0.4 but frontend is currently using 2.0.3. This may cause unexpected errors, be sure to update your `mephisto-task` dependency with `npm install mephisto-task@2.0.4 --save`. If this warning still persists or the version isn't found, please open an issue at https://github.com/facebookresearch/Mephisto/issues
[2023-09-29 15:03:49,968][mephisto.operations.operator][INFO] - Operator running task ID = 17
[2023-09-29 15:04:19,976][mephisto.operations.operator][INFO] - Operator running task ID = 17
[2023-09-29 15:04:49,982][mephisto.operations.operator][INFO] - Operator running task ID = 17
[2023-09-29 15:05:19,992][mephisto.operations.operator][INFO] - Operator running task ID = 17
[2023-09-29 15:05:49,998][mephisto.operations.operator][INFO] - Operator running task ID = 17
[2023-09-29 15:06:20,004][mephisto.operations.operator][INFO] - Operator running task ID = 17
[2023-09-29 15:06:50,014][mephisto.operations.operator][INFO] - Operator running task ID = 17
[2023-09-29 15:07:20,021][mephisto.operations.operator][INFO] - Operator running task ID = 17
[2023-09-29 15:07:50,031][mephisto.operations.operator][INFO] - Operator running task ID = 17
[2023-09-29 15:08:20,040][mephisto.operations.operator][INFO] - Operator running task ID = 17
[2023-09-29 15:08:50,048][mephisto.operations.operator][INFO] - Operator running task ID = 17
[2023-09-29 15:09:20,056][mephisto.operations.operator][INFO] - Operator running task ID = 17
[2023-09-29 15:09:50,062][mephisto.operations.operator][INFO] - Operator running task ID = 17
[2023-09-29 15:10:20,068][mephisto.operations.operator][INFO] - Operator running task ID = 17
[2023-09-29 15:10:50,074][mephisto.operations.operator][INFO] - Operator running task ID = 17
[2023-09-29 15:11:20,084][mephisto.operations.operator][INFO] - Operator running task ID = 17
[2023-09-29 15:11:50,090][mephisto.operations.operator][INFO] - Operator running task ID = 17
[2023-09-29 15:12:20,098][mephisto.operations.operator][INFO] - Operator running task ID = 17
[2023-09-29 15:12:50,107][mephisto.operations.operator][INFO] - Operator running task ID = 17
[2023-09-29 15:13:20,116][mephisto.operations.operator][INFO] - Operator running task ID = 17
[2023-09-29 15:13:50,122][mephisto.operations.operator][INFO] - Operator running task ID = 17
[2023-09-29 15:14:20,128][mephisto.operations.operator][INFO] - Operator running task ID = 17
[2023-09-29 15:14:50,135][mephisto.operations.operator][INFO] - Operator running task ID = 17
[2023-09-29 15:15:20,140][mephisto.operations.operator][INFO] - Operator running task ID = 17
[2023-09-29 15:15:50,146][mephisto.operations.operator][INFO] - Operator running task ID = 17
[2023-09-29 15:16:20,156][mephisto.operations.operator][INFO] - Operator running task ID = 17
[2023-09-29 15:16:50,162][mephisto.operations.operator][INFO] - Operator running task ID = 17
[2023-09-29 15:17:20,172][mephisto.operations.operator][INFO] - Operator running task ID = 17
[2023-09-29 15:17:50,178][mephisto.operations.operator][INFO] - Operator running task ID = 17
[2023-09-29 15:18:20,184][mephisto.operations.operator][INFO] - Operator running task ID = 17
[2023-09-29 15:18:50,192][mephisto.operations.operator][INFO] - Operator running task ID = 17
[2023-09-29 15:19:20,200][mephisto.operations.operator][INFO] - Operator running task ID = 17
[2023-09-29 15:19:50,206][mephisto.operations.operator][INFO] - Operator running task ID = 17
[2023-09-29 15:20:20,216][mephisto.operations.operator][INFO] - Operator running task ID = 17
[2023-09-29 15:20:50,224][mephisto.operations.operator][INFO] - Operator running task ID = 17
[2023-09-29 15:21:20,232][mephisto.operations.operator][INFO] - Operator running task ID = 17
[2023-09-29 15:21:50,238][mephisto.operations.operator][INFO] - Operator running task ID = 17
[2023-09-29 15:22:20,244][mephisto.operations.operator][INFO] - Operator running task ID = 17
[2023-09-29 15:22:50,255][mephisto.operations.operator][INFO] - Operator running task ID = 17
[2023-09-29 15:23:20,264][mephisto.operations.operator][INFO] - Operator running task ID = 17
[2023-09-29 15:23:50,273][mephisto.operations.operator][INFO] - Operator running task ID = 17
[2023-09-29 15:24:20,280][mephisto.operations.operator][INFO] - Operator running task ID = 17
[2023-09-29 15:24:50,287][mephisto.operations.operator][INFO] - Operator running task ID = 17
[2023-09-29 15:25:20,294][mephisto.operations.operator][INFO] - Operator running task ID = 17
[2023-09-29 15:25:50,302][mephisto.operations.operator][INFO] - Operator running task ID = 17
[2023-09-29 15:26:20,309][mephisto.operations.operator][INFO] - Operator running task ID = 17
[2023-09-29 15:26:50,314][mephisto.operations.operator][INFO] - Operator running task ID = 17
[2023-09-29 15:27:20,320][mephisto.operations.operator][INFO] - Operator running task ID = 17
[2023-09-29 15:27:50,326][mephisto.operations.operator][INFO] - Operator running task ID = 17
[2023-09-29 15:28:20,332][mephisto.operations.operator][INFO] - Operator running task ID = 17
[2023-09-29 15:28:50,338][mephisto.operations.operator][INFO] - Operator running task ID = 17
[2023-09-29 15:29:20,345][mephisto.operations.operator][INFO] - Operator running task ID = 17
[2023-09-29 15:29:50,355][mephisto.operations.operator][INFO] - Operator running task ID = 17
[2023-09-29 15:30:20,362][mephisto.operations.operator][INFO] - Operator running task ID = 17
[2023-09-29 15:30:21,813][mephisto.abstractions._subcomponents.task_runner][ERROR] - Handled exception in unit MockUnit(31, assigned)
Traceback (most recent call last):
  File "/home/martins_32048/Projects/Mephisto/mephisto/abstractions/_subcomponents/task_runner.py", line 266, in _launch_and_run_unit
    self.run_unit(unit, agent)
  File "/home/martins_32048/Projects/Mephisto/mephisto/abstractions/blueprints/abstract/static_task/static_task_runner.py", line 69, in run_unit
    agent.await_submit(self.assignment_duration_in_seconds)
  File "/home/martins_32048/Projects/Mephisto/mephisto/abstractions/providers/mock/mock_agent.py", line 109, in await_submit
    return super().await_submit(timeout)
  File "/home/martins_32048/Projects/Mephisto/mephisto/data_model/agent.py", line 256, in await_submit
    raise AgentTimeoutError(timeout, self.db_id)
mephisto.data_model.exceptions.AgentTimeoutError: (1800, '15')
[2023-09-29 15:30:50,369][mephisto.operations.operator][INFO] - Operator running task ID = 17
[2023-09-29 15:31:20,376][mephisto.operations.operator][INFO] - Operator running task ID = 17
[2023-09-29 15:31:50,382][mephisto.operations.operator][INFO] - Operator running task ID = 17
[2023-09-29 15:32:20,388][mephisto.operations.operator][INFO] - Operator running task ID = 17
[2023-09-29 15:32:50,394][mephisto.operations.operator][INFO] - Operator running task ID = 17
[2023-09-29 15:33:20,400][mephisto.operations.operator][INFO] - Operator running task ID = 17
[2023-09-29 15:33:50,409][mephisto.operations.operator][INFO] - Operator running task ID = 17
[2023-09-29 15:34:20,416][mephisto.operations.operator][INFO] - Operator running task ID = 17
[2023-09-29 15:34:50,423][mephisto.operations.operator][INFO] - Operator running task ID = 17
[2023-09-29 15:35:20,432][mephisto.operations.operator][INFO] - Operator running task ID = 17
[2023-09-29 15:35:35,899][mephisto.operations.client_io_handler][WARNING] - [31;1m[Version Mismatch!!][0m: Package `mephisto-task` version mismatch. Expected version 2.0.4 but frontend is currently using 2.0.3. This may cause unexpected errors, be sure to update your `mephisto-task` dependency with `npm install mephisto-task@2.0.4 --save`. If this warning still persists or the version isn't found, please open an issue at https://github.com/facebookresearch/Mephisto/issues
[2023-09-29 15:35:47,492][mephisto.operations.client_io_handler][WARNING] - [31;1m[Version Mismatch!!][0m: Package `mephisto-task` version mismatch. Expected version 2.0.4 but frontend is currently using 2.0.3. This may cause unexpected errors, be sure to update your `mephisto-task` dependency with `npm install mephisto-task@2.0.4 --save`. If this warning still persists or the version isn't found, please open an issue at https://github.com/facebookresearch/Mephisto/issues
[2023-09-29 15:35:50,439][mephisto.operations.operator][INFO] - Operator running task ID = 17
[2023-09-29 15:36:07,172][mephisto.operations.client_io_handler][WARNING] - [31;1m[Version Mismatch!!][0m: Package `mephisto-task` version mismatch. Expected version 2.0.4 but frontend is currently using 2.0.3. This may cause unexpected errors, be sure to update your `mephisto-task` dependency with `npm install mephisto-task@2.0.4 --save`. If this warning still persists or the version isn't found, please open an issue at https://github.com/facebookresearch/Mephisto/issues
[2023-09-29 15:36:08,677][mephisto.operations.client_io_handler][WARNING] - [31;1m[Version Mismatch!!][0m: Package `mephisto-task` version mismatch. Expected version 2.0.4 but frontend is currently using 2.0.3. This may cause unexpected errors, be sure to update your `mephisto-task` dependency with `npm install mephisto-task@2.0.4 --save`. If this warning still persists or the version isn't found, please open an issue at https://github.com/facebookresearch/Mephisto/issues
[2023-09-29 15:36:16,005][mephisto.operations.client_io_handler][WARNING] - [31;1m[Version Mismatch!!][0m: Package `mephisto-task` version mismatch. Expected version 2.0.4 but frontend is currently using 2.0.3. This may cause unexpected errors, be sure to update your `mephisto-task` dependency with `npm install mephisto-task@2.0.4 --save`. If this warning still persists or the version isn't found, please open an issue at https://github.com/facebookresearch/Mephisto/issues
[2023-09-29 15:36:20,448][mephisto.operations.operator][INFO] - Operator running task ID = 17
[2023-09-29 15:36:50,454][mephisto.operations.operator][INFO] - Operator running task ID = 17
[2023-09-29 15:37:04,912][mephisto.operations.client_io_handler][WARNING] - [31;1m[Version Mismatch!!][0m: Package `mephisto-task` version mismatch. Expected version 2.0.4 but frontend is currently using 2.0.3. This may cause unexpected errors, be sure to update your `mephisto-task` dependency with `npm install mephisto-task@2.0.4 --save`. If this warning still persists or the version isn't found, please open an issue at https://github.com/facebookresearch/Mephisto/issues
[2023-09-29 15:37:15,355][mephisto.operations.client_io_handler][WARNING] - [31;1m[Version Mismatch!!][0m: Package `mephisto-task` version mismatch. Expected version 2.0.4 but frontend is currently using 2.0.3. This may cause unexpected errors, be sure to update your `mephisto-task` dependency with `npm install mephisto-task@2.0.4 --save`. If this warning still persists or the version isn't found, please open an issue at https://github.com/facebookresearch/Mephisto/issues
[2023-09-29 15:37:20,464][mephisto.operations.operator][INFO] - Operator running task ID = 17
[2023-09-29 15:37:50,471][mephisto.operations.operator][INFO] - Operator running task ID = 17
[2023-09-29 15:38:20,480][mephisto.operations.operator][INFO] - Operator running task ID = 17
[2023-09-29 15:38:50,486][mephisto.operations.operator][INFO] - Operator running task ID = 17
[2023-09-29 15:39:20,492][mephisto.operations.operator][INFO] - Operator running task ID = 17
[2023-09-29 15:39:50,498][mephisto.operations.operator][INFO] - Operator running task ID = 17
[2023-09-29 15:40:20,505][mephisto.operations.operator][INFO] - Operator running task ID = 17
[2023-09-29 15:40:50,513][mephisto.operations.operator][INFO] - Operator running task ID = 17
[2023-09-29 15:41:20,520][mephisto.operations.operator][INFO] - Operator running task ID = 17
[2023-09-29 15:41:50,528][mephisto.operations.operator][INFO] - Operator running task ID = 17
[2023-09-29 15:42:20,538][mephisto.operations.operator][INFO] - Operator running task ID = 17
[2023-09-29 15:42:50,543][mephisto.operations.operator][INFO] - Operator running task ID = 17
[2023-09-29 15:43:20,552][mephisto.operations.operator][INFO] - Operator running task ID = 17
[2023-09-29 15:43:50,558][mephisto.operations.operator][INFO] - Operator running task ID = 17
[2023-09-29 15:44:20,568][mephisto.operations.operator][INFO] - Operator running task ID = 17
[2023-09-29 15:44:50,576][mephisto.operations.operator][INFO] - Operator running task ID = 17
[2023-09-29 15:45:20,584][mephisto.operations.operator][INFO] - Operator running task ID = 17
[2023-09-29 15:45:50,591][mephisto.operations.operator][INFO] - Operator running task ID = 17
[2023-09-29 15:46:20,600][mephisto.operations.operator][INFO] - Operator running task ID = 17
[2023-09-29 15:46:50,608][mephisto.operations.operator][INFO] - Operator running task ID = 17
[2023-09-29 15:47:20,616][mephisto.operations.operator][INFO] - Operator running task ID = 17
[2023-09-29 15:47:50,624][mephisto.operations.operator][INFO] - Operator running task ID = 17
[2023-09-29 15:47:57,979][mephisto.operations.operator][ERROR] - Cleaning up after keyboard interrupt, please [31;1mwait to Ctrl-C again[0m until instructed to.
[2023-09-29 15:47:57,979][mephisto.operations.operator][INFO] - operator shutting down
[2023-09-29 15:47:57,979][mephisto.operations.operator][INFO] - Expiring units for task run 17.
[2023-09-29 15:47:58,011][mephisto.operations.operator][INFO] - Waiting on 1 task runs with assignments in-flight. [31;1mCtrl-C ONCE[0m to kill running tasks and FORCE QUIT.
[2023-09-29 15:47:58,236][sh.command][INFO] - <Command '/usr/bin/rm -rf /home/martins_32048/Projects/Mephisto/tmp/local_server_17/server', pid 2415849>: process started
