[2024-03-01 10:29:48,235][root][WARNING] - Mephisto supports rich run-time metrics visualization through Prometheus and Grafana. If you'd like to use this feature, use `mephisto metrics install` to install.(Current install dir is '/home/martins_32048/Projects/Mephisto/mephisto/scripts/metrics')'
[2024-03-01 10:29:48,284][mephisto.operations.operator][INFO] - Creating a task run under task name: react-word-sentiment
[2024-03-01 10:29:49,162][sh.command][INFO] - <Command '/usr/bin/rm -rf /home/martins_32048/mephisto-data/data/data/runs/NO_PROJECT/66/build/router', pid 1962893>: process started
[2024-03-01 10:29:50,477][sh.command][INFO] - <Command '/usr/bin/rm -rf /home/martins_32048/mephisto-data/data/data/runs/NO_PROJECT/66/build/router', pid 1962906>: process started
[2024-03-01 10:29:50,493][mephisto.operations.client_io_handler][INFO] - Sending alive
[2024-03-01 10:29:50,493][mephisto.operations.client_io_handler][INFO] - Sending alive
[2024-03-01 10:29:50,506][mephisto.operations.client_io_handler][INFO] - Sending alive
[2024-03-01 10:29:50,506][mephisto.abstractions.architects.channels.websocket_channel][INFO] - channel open
[2024-03-01 10:29:50,795][mephisto.operations.operator][INFO] - Operator running task ID = 66
[2024-03-01 10:29:59,355][mephisto.operations.client_io_handler][WARNING] - [31;1m[Version Mismatch!!][0m: Package `mephisto-task` version mismatch. Expected version 2.0.4 but frontend is currently using 2.0.3. This may cause unexpected errors, be sure to update your `mephisto-task` dependency with `npm install mephisto-task@2.0.4 --save`. If this warning still persists or the version isn't found, please open an issue at https://github.com/facebookresearch/Mephisto/issues
[2024-03-01 10:30:00,878][mephisto.abstractions.providers.mock.mock_unit][INFO] - Mock task launched: http://localhost:3000 for preview, http://localhost:3000/?worker_id=x&assignment_id=1866 for assignment 920
[2024-03-01 10:30:00,881][mephisto.abstractions.providers.mock.mock_unit][INFO] - Mock task launched: http://localhost:3000 for preview, http://localhost:3000/?worker_id=x&assignment_id=1867 for assignment 920
[2024-03-01 10:30:00,884][mephisto.abstractions.providers.mock.mock_unit][INFO] - Mock task launched: http://localhost:3000 for preview, http://localhost:3000/?worker_id=x&assignment_id=1868 for assignment 920
[2024-03-01 10:30:00,886][mephisto.abstractions.providers.mock.mock_unit][INFO] - Mock task launched: http://localhost:3000 for preview, http://localhost:3000/?worker_id=x&assignment_id=1869 for assignment 921
[2024-03-01 10:30:00,888][mephisto.abstractions.providers.mock.mock_unit][INFO] - Mock task launched: http://localhost:3000 for preview, http://localhost:3000/?worker_id=x&assignment_id=1870 for assignment 921
[2024-03-01 10:30:00,889][mephisto.abstractions.providers.mock.mock_unit][INFO] - Mock task launched: http://localhost:3000 for preview, http://localhost:3000/?worker_id=x&assignment_id=1871 for assignment 921
[2024-03-01 10:30:00,891][mephisto.abstractions.providers.mock.mock_unit][INFO] - Mock task launched: http://localhost:3000 for preview, http://localhost:3000/?worker_id=x&assignment_id=1872 for assignment 922
[2024-03-01 10:30:00,892][mephisto.abstractions.providers.mock.mock_unit][INFO] - Mock task launched: http://localhost:3000 for preview, http://localhost:3000/?worker_id=x&assignment_id=1873 for assignment 922
[2024-03-01 10:30:00,894][mephisto.abstractions.providers.mock.mock_unit][INFO] - Mock task launched: http://localhost:3000 for preview, http://localhost:3000/?worker_id=x&assignment_id=1874 for assignment 922
[2024-03-01 10:30:00,901][mephisto.abstractions.providers.mock.mock_unit][INFO] - Mock task launched: http://localhost:3000 for preview, http://localhost:3000/?worker_id=x&assignment_id=1875 for assignment 923
[2024-03-01 10:30:00,902][mephisto.abstractions.providers.mock.mock_unit][INFO] - Mock task launched: http://localhost:3000 for preview, http://localhost:3000/?worker_id=x&assignment_id=1876 for assignment 923
[2024-03-01 10:30:00,904][mephisto.abstractions.providers.mock.mock_unit][INFO] - Mock task launched: http://localhost:3000 for preview, http://localhost:3000/?worker_id=x&assignment_id=1877 for assignment 923
[2024-03-01 10:30:00,905][mephisto.abstractions.providers.mock.mock_unit][INFO] - Mock task launched: http://localhost:3000 for preview, http://localhost:3000/?worker_id=x&assignment_id=1878 for assignment 924
[2024-03-01 10:30:00,907][mephisto.abstractions.providers.mock.mock_unit][INFO] - Mock task launched: http://localhost:3000 for preview, http://localhost:3000/?worker_id=x&assignment_id=1879 for assignment 924
[2024-03-01 10:30:00,908][mephisto.abstractions.providers.mock.mock_unit][INFO] - Mock task launched: http://localhost:3000 for preview, http://localhost:3000/?worker_id=x&assignment_id=1880 for assignment 924
[2024-03-01 10:30:00,910][mephisto.abstractions.providers.mock.mock_unit][INFO] - Mock task launched: http://localhost:3000 for preview, http://localhost:3000/?worker_id=x&assignment_id=1881 for assignment 925
[2024-03-01 10:30:00,912][mephisto.abstractions.providers.mock.mock_unit][INFO] - Mock task launched: http://localhost:3000 for preview, http://localhost:3000/?worker_id=x&assignment_id=1882 for assignment 925
[2024-03-01 10:30:00,913][mephisto.abstractions.providers.mock.mock_unit][INFO] - Mock task launched: http://localhost:3000 for preview, http://localhost:3000/?worker_id=x&assignment_id=1883 for assignment 925
[2024-03-01 10:30:00,915][mephisto.abstractions.providers.mock.mock_unit][INFO] - Mock task launched: http://localhost:3000 for preview, http://localhost:3000/?worker_id=x&assignment_id=1884 for assignment 926
[2024-03-01 10:30:00,916][mephisto.abstractions.providers.mock.mock_unit][INFO] - Mock task launched: http://localhost:3000 for preview, http://localhost:3000/?worker_id=x&assignment_id=1885 for assignment 926
[2024-03-01 10:30:00,918][mephisto.abstractions.providers.mock.mock_unit][INFO] - Mock task launched: http://localhost:3000 for preview, http://localhost:3000/?worker_id=x&assignment_id=1886 for assignment 926
[2024-03-01 10:30:00,919][mephisto.abstractions.providers.mock.mock_unit][INFO] - Mock task launched: http://localhost:3000 for preview, http://localhost:3000/?worker_id=x&assignment_id=1887 for assignment 927
[2024-03-01 10:30:00,921][mephisto.abstractions.providers.mock.mock_unit][INFO] - Mock task launched: http://localhost:3000 for preview, http://localhost:3000/?worker_id=x&assignment_id=1888 for assignment 927
[2024-03-01 10:30:00,922][mephisto.abstractions.providers.mock.mock_unit][INFO] - Mock task launched: http://localhost:3000 for preview, http://localhost:3000/?worker_id=x&assignment_id=1889 for assignment 927
[2024-03-01 10:30:00,924][mephisto.abstractions.providers.mock.mock_unit][INFO] - Mock task launched: http://localhost:3000 for preview, http://localhost:3000/?worker_id=x&assignment_id=1890 for assignment 928
[2024-03-01 10:30:00,925][mephisto.abstractions.providers.mock.mock_unit][INFO] - Mock task launched: http://localhost:3000 for preview, http://localhost:3000/?worker_id=x&assignment_id=1891 for assignment 928
[2024-03-01 10:30:00,927][mephisto.abstractions.providers.mock.mock_unit][INFO] - Mock task launched: http://localhost:3000 for preview, http://localhost:3000/?worker_id=x&assignment_id=1892 for assignment 928
[2024-03-01 10:30:03,424][mephisto.operations.client_io_handler][WARNING] - [31;1m[Version Mismatch!!][0m: Package `mephisto-task` version mismatch. Expected version 2.0.4 but frontend is currently using 2.0.3. This may cause unexpected errors, be sure to update your `mephisto-task` dependency with `npm install mephisto-task@2.0.4 --save`. If this warning still persists or the version isn't found, please open an issue at https://github.com/facebookresearch/Mephisto/issues
[2024-03-01 10:30:06,026][mephisto.abstractions.blueprints.abstract.static_task.static_agent_state][INFO] - SAVED_DATA_TO_DISC at /home/martins_32048/mephisto-data/data/data/runs/NO_PROJECT/66/onboarding/onboarding_62/agent_data.json
[2024-03-01 10:30:06,027][mephisto.operations.worker_pool][INFO] - MockWorker(65) is starting onboarding thread with onboarding OnboardingAgent(62, none).
[2024-03-01 10:30:06,036][mephisto.operations.client_io_handler][WARNING] - [31;1m[Version Mismatch!!][0m: Package `mephisto-task` version mismatch. Expected version 2.0.4 but frontend is currently using 2.0.3. This may cause unexpected errors, be sure to update your `mephisto-task` dependency with `npm install mephisto-task@2.0.4 --save`. If this warning still persists or the version isn't found, please open an issue at https://github.com/facebookresearch/Mephisto/issues
[2024-03-01 10:30:07,603][mephisto.abstractions.blueprints.abstract.static_task.static_agent_state][INFO] - SAVED_DATA_TO_DISC at /home/martins_32048/mephisto-data/data/data/runs/NO_PROJECT/66/onboarding/onboarding_62/agent_data.json
[2024-03-01 10:30:07,609][mephisto.operations.worker_pool][INFO] - Onboarding agent onboarding_62 registered out from onboarding
[2024-03-01 10:30:07,615][mephisto.abstractions.blueprints.abstract.static_task.static_agent_state][INFO] - SAVED_DATA_TO_DISC at /home/martins_32048/mephisto-data/data/data/runs/NO_PROJECT/66/920/246/agent_data.json
[2024-03-01 10:30:15,389][mephisto.abstractions.blueprints.abstract.static_task.static_agent_state][INFO] - SAVED_DATA_TO_DISC at /home/martins_32048/mephisto-data/data/data/runs/NO_PROJECT/66/920/246/agent_data.json
[2024-03-01 10:30:20,805][mephisto.operations.operator][INFO] - Operator running task ID = 66
[2024-03-01 10:30:50,817][mephisto.operations.operator][INFO] - Operator running task ID = 66
[2024-03-01 10:31:20,827][mephisto.operations.operator][INFO] - Operator running task ID = 66
[2024-03-01 10:31:50,837][mephisto.operations.operator][INFO] - Operator running task ID = 66
[2024-03-01 10:32:20,845][mephisto.operations.operator][INFO] - Operator running task ID = 66
[2024-03-01 10:32:50,858][mephisto.operations.operator][INFO] - Operator running task ID = 66
[2024-03-01 10:33:20,866][mephisto.operations.operator][INFO] - Operator running task ID = 66
[2024-03-01 10:33:50,878][mephisto.operations.operator][INFO] - Operator running task ID = 66
[2024-03-01 10:34:20,885][mephisto.operations.operator][INFO] - Operator running task ID = 66
[2024-03-01 10:34:50,897][mephisto.operations.operator][INFO] - Operator running task ID = 66
[2024-03-01 10:35:20,907][mephisto.operations.operator][INFO] - Operator running task ID = 66
[2024-03-01 10:35:50,917][mephisto.operations.operator][INFO] - Operator running task ID = 66
[2024-03-01 10:36:20,924][mephisto.operations.operator][INFO] - Operator running task ID = 66
[2024-03-01 10:36:50,929][mephisto.operations.operator][INFO] - Operator running task ID = 66
[2024-03-01 10:37:20,941][mephisto.operations.operator][INFO] - Operator running task ID = 66
[2024-03-01 10:37:50,950][mephisto.operations.operator][INFO] - Operator running task ID = 66
[2024-03-01 10:38:20,956][mephisto.operations.operator][INFO] - Operator running task ID = 66
[2024-03-01 10:38:50,966][mephisto.operations.operator][INFO] - Operator running task ID = 66
[2024-03-01 10:39:20,971][mephisto.operations.operator][INFO] - Operator running task ID = 66
[2024-03-01 10:39:40,389][mephisto.operations.client_io_handler][WARNING] - [31;1m[Version Mismatch!!][0m: Package `mephisto-task` version mismatch. Expected version 2.0.4 but frontend is currently using 2.0.3. This may cause unexpected errors, be sure to update your `mephisto-task` dependency with `npm install mephisto-task@2.0.4 --save`. If this warning still persists or the version isn't found, please open an issue at https://github.com/facebookresearch/Mephisto/issues
[2024-03-01 10:39:50,978][mephisto.operations.operator][INFO] - Operator running task ID = 66
[2024-03-01 10:40:04,092][mephisto.operations.client_io_handler][WARNING] - [31;1m[Version Mismatch!!][0m: Package `mephisto-task` version mismatch. Expected version 2.0.4 but frontend is currently using 2.0.3. This may cause unexpected errors, be sure to update your `mephisto-task` dependency with `npm install mephisto-task@2.0.4 --save`. If this warning still persists or the version isn't found, please open an issue at https://github.com/facebookresearch/Mephisto/issues
[2024-03-01 10:40:20,984][mephisto.operations.operator][INFO] - Operator running task ID = 66
[2024-03-01 10:40:25,181][mephisto.operations.client_io_handler][WARNING] - [31;1m[Version Mismatch!!][0m: Package `mephisto-task` version mismatch. Expected version 2.0.4 but frontend is currently using 2.0.3. This may cause unexpected errors, be sure to update your `mephisto-task` dependency with `npm install mephisto-task@2.0.4 --save`. If this warning still persists or the version isn't found, please open an issue at https://github.com/facebookresearch/Mephisto/issues
[2024-03-01 10:40:50,989][mephisto.operations.operator][INFO] - Operator running task ID = 66
[2024-03-01 10:41:20,996][mephisto.operations.operator][INFO] - Operator running task ID = 66
[2024-03-01 10:41:51,006][mephisto.operations.operator][INFO] - Operator running task ID = 66
[2024-03-01 10:42:21,013][mephisto.operations.operator][INFO] - Operator running task ID = 66
[2024-03-01 10:42:51,025][mephisto.operations.operator][INFO] - Operator running task ID = 66
[2024-03-01 10:43:21,036][mephisto.operations.operator][INFO] - Operator running task ID = 66
[2024-03-01 10:43:51,046][mephisto.operations.operator][INFO] - Operator running task ID = 66
[2024-03-01 10:44:21,052][mephisto.operations.operator][INFO] - Operator running task ID = 66
[2024-03-01 10:44:48,403][mephisto.operations.client_io_handler][WARNING] - [31;1m[Version Mismatch!!][0m: Package `mephisto-task` version mismatch. Expected version 2.0.4 but frontend is currently using 2.0.3. This may cause unexpected errors, be sure to update your `mephisto-task` dependency with `npm install mephisto-task@2.0.4 --save`. If this warning still persists or the version isn't found, please open an issue at https://github.com/facebookresearch/Mephisto/issues
[2024-03-01 10:44:51,057][mephisto.operations.operator][INFO] - Operator running task ID = 66
[2024-03-01 10:45:21,068][mephisto.operations.operator][INFO] - Operator running task ID = 66
[2024-03-01 10:45:24,455][mephisto.operations.client_io_handler][WARNING] - [31;1m[Version Mismatch!!][0m: Package `mephisto-task` version mismatch. Expected version 2.0.4 but frontend is currently using 2.0.3. This may cause unexpected errors, be sure to update your `mephisto-task` dependency with `npm install mephisto-task@2.0.4 --save`. If this warning still persists or the version isn't found, please open an issue at https://github.com/facebookresearch/Mephisto/issues
[2024-03-01 10:45:51,073][mephisto.operations.operator][INFO] - Operator running task ID = 66
[2024-03-01 10:46:21,081][mephisto.operations.operator][INFO] - Operator running task ID = 66
[2024-03-01 10:46:51,090][mephisto.operations.operator][INFO] - Operator running task ID = 66
[2024-03-01 10:47:21,096][mephisto.operations.operator][INFO] - Operator running task ID = 66
[2024-03-01 10:47:42,023][mephisto.operations.client_io_handler][WARNING] - [31;1m[Version Mismatch!!][0m: Package `mephisto-task` version mismatch. Expected version 2.0.4 but frontend is currently using 2.0.3. This may cause unexpected errors, be sure to update your `mephisto-task` dependency with `npm install mephisto-task@2.0.4 --save`. If this warning still persists or the version isn't found, please open an issue at https://github.com/facebookresearch/Mephisto/issues
[2024-03-01 10:47:51,103][mephisto.operations.operator][INFO] - Operator running task ID = 66
[2024-03-01 10:48:07,867][mephisto.operations.client_io_handler][WARNING] - [31;1m[Version Mismatch!!][0m: Package `mephisto-task` version mismatch. Expected version 2.0.4 but frontend is currently using 2.0.3. This may cause unexpected errors, be sure to update your `mephisto-task` dependency with `npm install mephisto-task@2.0.4 --save`. If this warning still persists or the version isn't found, please open an issue at https://github.com/facebookresearch/Mephisto/issues
[2024-03-01 10:48:21,108][mephisto.operations.operator][INFO] - Operator running task ID = 66
[2024-03-01 10:48:51,116][mephisto.operations.operator][INFO] - Operator running task ID = 66
[2024-03-01 10:49:07,333][mephisto.operations.client_io_handler][WARNING] - [31;1m[Version Mismatch!!][0m: Package `mephisto-task` version mismatch. Expected version 2.0.4 but frontend is currently using 2.0.3. This may cause unexpected errors, be sure to update your `mephisto-task` dependency with `npm install mephisto-task@2.0.4 --save`. If this warning still persists or the version isn't found, please open an issue at https://github.com/facebookresearch/Mephisto/issues
[2024-03-01 10:49:21,124][mephisto.operations.operator][INFO] - Operator running task ID = 66
[2024-03-01 10:49:51,130][mephisto.operations.operator][INFO] - Operator running task ID = 66
[2024-03-01 10:49:53,411][mephisto.operations.client_io_handler][WARNING] - [31;1m[Version Mismatch!!][0m: Package `mephisto-task` version mismatch. Expected version 2.0.4 but frontend is currently using 2.0.3. This may cause unexpected errors, be sure to update your `mephisto-task` dependency with `npm install mephisto-task@2.0.4 --save`. If this warning still persists or the version isn't found, please open an issue at https://github.com/facebookresearch/Mephisto/issues
[2024-03-01 10:50:21,138][mephisto.operations.operator][INFO] - Operator running task ID = 66
[2024-03-01 10:50:51,146][mephisto.operations.operator][INFO] - Operator running task ID = 66
[2024-03-01 10:51:21,152][mephisto.operations.operator][INFO] - Operator running task ID = 66
[2024-03-01 10:51:49,713][mephisto.operations.client_io_handler][WARNING] - [31;1m[Version Mismatch!!][0m: Package `mephisto-task` version mismatch. Expected version 2.0.4 but frontend is currently using 2.0.3. This may cause unexpected errors, be sure to update your `mephisto-task` dependency with `npm install mephisto-task@2.0.4 --save`. If this warning still persists or the version isn't found, please open an issue at https://github.com/facebookresearch/Mephisto/issues
[2024-03-01 10:51:51,158][mephisto.operations.operator][INFO] - Operator running task ID = 66
[2024-03-01 10:52:02,160][mephisto.operations.client_io_handler][WARNING] - [31;1m[Version Mismatch!!][0m: Package `mephisto-task` version mismatch. Expected version 2.0.4 but frontend is currently using 2.0.3. This may cause unexpected errors, be sure to update your `mephisto-task` dependency with `npm install mephisto-task@2.0.4 --save`. If this warning still persists or the version isn't found, please open an issue at https://github.com/facebookresearch/Mephisto/issues
[2024-03-01 10:52:21,164][mephisto.operations.operator][INFO] - Operator running task ID = 66
[2024-03-01 10:52:25,459][mephisto.operations.client_io_handler][WARNING] - [31;1m[Version Mismatch!!][0m: Package `mephisto-task` version mismatch. Expected version 2.0.4 but frontend is currently using 2.0.3. This may cause unexpected errors, be sure to update your `mephisto-task` dependency with `npm install mephisto-task@2.0.4 --save`. If this warning still persists or the version isn't found, please open an issue at https://github.com/facebookresearch/Mephisto/issues
[2024-03-01 10:52:51,170][mephisto.operations.operator][INFO] - Operator running task ID = 66
[2024-03-01 10:53:21,176][mephisto.operations.operator][INFO] - Operator running task ID = 66
[2024-03-01 10:53:51,184][mephisto.operations.operator][INFO] - Operator running task ID = 66
[2024-03-01 10:54:21,191][mephisto.operations.operator][INFO] - Operator running task ID = 66
[2024-03-01 10:54:51,198][mephisto.operations.operator][INFO] - Operator running task ID = 66
[2024-03-01 10:55:21,203][mephisto.operations.operator][INFO] - Operator running task ID = 66
[2024-03-01 10:55:51,210][mephisto.operations.operator][INFO] - Operator running task ID = 66
[2024-03-01 10:56:21,217][mephisto.operations.operator][INFO] - Operator running task ID = 66
[2024-03-01 10:56:51,225][mephisto.operations.operator][INFO] - Operator running task ID = 66
[2024-03-01 10:57:21,232][mephisto.operations.operator][INFO] - Operator running task ID = 66
[2024-03-01 10:57:51,237][mephisto.operations.operator][INFO] - Operator running task ID = 66
[2024-03-01 10:58:21,246][mephisto.operations.operator][INFO] - Operator running task ID = 66
[2024-03-01 10:58:51,254][mephisto.operations.operator][INFO] - Operator running task ID = 66
[2024-03-01 10:59:21,259][mephisto.operations.operator][INFO] - Operator running task ID = 66
[2024-03-01 10:59:51,268][mephisto.operations.operator][INFO] - Operator running task ID = 66
[2024-03-01 11:00:21,275][mephisto.operations.operator][INFO] - Operator running task ID = 66
[2024-03-01 11:00:51,286][mephisto.operations.operator][INFO] - Operator running task ID = 66
[2024-03-01 11:01:21,291][mephisto.operations.operator][INFO] - Operator running task ID = 66
[2024-03-01 11:01:51,297][mephisto.operations.operator][INFO] - Operator running task ID = 66
[2024-03-01 11:02:21,303][mephisto.operations.operator][INFO] - Operator running task ID = 66
[2024-03-01 11:02:51,309][mephisto.operations.operator][INFO] - Operator running task ID = 66
[2024-03-01 11:03:11,149][mephisto.operations.client_io_handler][WARNING] - [31;1m[Version Mismatch!!][0m: Package `mephisto-task` version mismatch. Expected version 2.0.4 but frontend is currently using 2.0.3. This may cause unexpected errors, be sure to update your `mephisto-task` dependency with `npm install mephisto-task@2.0.4 --save`. If this warning still persists or the version isn't found, please open an issue at https://github.com/facebookresearch/Mephisto/issues
[2024-03-01 11:03:21,314][mephisto.operations.operator][INFO] - Operator running task ID = 66
[2024-03-01 11:03:42,222][mephisto.operations.client_io_handler][WARNING] - [31;1m[Version Mismatch!!][0m: Package `mephisto-task` version mismatch. Expected version 2.0.4 but frontend is currently using 2.0.3. This may cause unexpected errors, be sure to update your `mephisto-task` dependency with `npm install mephisto-task@2.0.4 --save`. If this warning still persists or the version isn't found, please open an issue at https://github.com/facebookresearch/Mephisto/issues
[2024-03-01 11:03:51,323][mephisto.operations.operator][INFO] - Operator running task ID = 66
[2024-03-01 11:04:21,326][mephisto.operations.operator][INFO] - Operator running task ID = 66
[2024-03-01 11:04:51,333][mephisto.operations.operator][INFO] - Operator running task ID = 66
[2024-03-01 11:05:21,339][mephisto.operations.operator][INFO] - Operator running task ID = 66
[2024-03-01 11:05:51,346][mephisto.operations.operator][INFO] - Operator running task ID = 66
[2024-03-01 11:06:21,351][mephisto.operations.operator][INFO] - Operator running task ID = 66
[2024-03-01 11:06:51,362][mephisto.operations.operator][INFO] - Operator running task ID = 66
[2024-03-01 11:07:21,367][mephisto.operations.operator][INFO] - Operator running task ID = 66
[2024-03-01 11:07:51,373][mephisto.operations.operator][INFO] - Operator running task ID = 66
[2024-03-01 11:08:21,378][mephisto.operations.operator][INFO] - Operator running task ID = 66
[2024-03-01 11:08:51,386][mephisto.operations.operator][INFO] - Operator running task ID = 66
[2024-03-01 11:09:21,392][mephisto.operations.operator][INFO] - Operator running task ID = 66
[2024-03-01 11:09:51,397][mephisto.operations.operator][INFO] - Operator running task ID = 66
[2024-03-01 11:10:21,403][mephisto.operations.operator][INFO] - Operator running task ID = 66
[2024-03-01 11:10:51,410][mephisto.operations.operator][INFO] - Operator running task ID = 66
[2024-03-01 11:11:21,416][mephisto.operations.operator][INFO] - Operator running task ID = 66
[2024-03-01 11:11:51,422][mephisto.operations.operator][INFO] - Operator running task ID = 66
[2024-03-01 11:12:21,427][mephisto.operations.operator][INFO] - Operator running task ID = 66
[2024-03-01 11:12:51,434][mephisto.operations.operator][INFO] - Operator running task ID = 66
[2024-03-01 11:13:21,439][mephisto.operations.operator][INFO] - Operator running task ID = 66
[2024-03-01 11:13:51,446][mephisto.operations.operator][INFO] - Operator running task ID = 66
[2024-03-01 11:14:21,451][mephisto.operations.operator][INFO] - Operator running task ID = 66
[2024-03-01 11:14:51,458][mephisto.operations.operator][INFO] - Operator running task ID = 66
[2024-03-01 11:15:21,463][mephisto.operations.operator][INFO] - Operator running task ID = 66
[2024-03-01 11:15:51,469][mephisto.operations.operator][INFO] - Operator running task ID = 66
[2024-03-01 11:16:21,475][mephisto.operations.operator][INFO] - Operator running task ID = 66
[2024-03-01 11:16:51,482][mephisto.operations.operator][INFO] - Operator running task ID = 66
[2024-03-01 11:17:21,487][mephisto.operations.operator][INFO] - Operator running task ID = 66
[2024-03-01 11:17:51,494][mephisto.operations.operator][INFO] - Operator running task ID = 66
[2024-03-01 11:17:53,825][mephisto.operations.client_io_handler][WARNING] - [31;1m[Version Mismatch!!][0m: Package `mephisto-task` version mismatch. Expected version 2.0.4 but frontend is currently using 2.0.3. This may cause unexpected errors, be sure to update your `mephisto-task` dependency with `npm install mephisto-task@2.0.4 --save`. If this warning still persists or the version isn't found, please open an issue at https://github.com/facebookresearch/Mephisto/issues
[2024-03-01 11:18:21,499][mephisto.operations.operator][INFO] - Operator running task ID = 66
[2024-03-01 11:18:51,506][mephisto.operations.operator][INFO] - Operator running task ID = 66
[2024-03-01 11:19:12,520][mephisto.operations.client_io_handler][WARNING] - [31;1m[Version Mismatch!!][0m: Package `mephisto-task` version mismatch. Expected version 2.0.4 but frontend is currently using 2.0.3. This may cause unexpected errors, be sure to update your `mephisto-task` dependency with `npm install mephisto-task@2.0.4 --save`. If this warning still persists or the version isn't found, please open an issue at https://github.com/facebookresearch/Mephisto/issues
[2024-03-01 11:19:21,511][mephisto.operations.operator][INFO] - Operator running task ID = 66
[2024-03-01 11:19:51,517][mephisto.operations.operator][INFO] - Operator running task ID = 66
[2024-03-01 11:20:15,857][mephisto.operations.client_io_handler][WARNING] - [31;1m[Version Mismatch!!][0m: Package `mephisto-task` version mismatch. Expected version 2.0.4 but frontend is currently using 2.0.3. This may cause unexpected errors, be sure to update your `mephisto-task` dependency with `npm install mephisto-task@2.0.4 --save`. If this warning still persists or the version isn't found, please open an issue at https://github.com/facebookresearch/Mephisto/issues
[2024-03-01 11:20:21,524][mephisto.operations.operator][INFO] - Operator running task ID = 66
[2024-03-01 11:20:51,530][mephisto.operations.operator][INFO] - Operator running task ID = 66
[2024-03-01 11:21:21,535][mephisto.operations.operator][INFO] - Operator running task ID = 66
[2024-03-01 11:21:51,542][mephisto.operations.operator][INFO] - Operator running task ID = 66
[2024-03-01 11:21:57,139][mephisto.operations.client_io_handler][WARNING] - [31;1m[Version Mismatch!!][0m: Package `mephisto-task` version mismatch. Expected version 2.0.4 but frontend is currently using 2.0.3. This may cause unexpected errors, be sure to update your `mephisto-task` dependency with `npm install mephisto-task@2.0.4 --save`. If this warning still persists or the version isn't found, please open an issue at https://github.com/facebookresearch/Mephisto/issues
[2024-03-01 11:22:21,547][mephisto.operations.operator][INFO] - Operator running task ID = 66
[2024-03-01 11:22:51,554][mephisto.operations.operator][INFO] - Operator running task ID = 66
[2024-03-01 11:23:21,559][mephisto.operations.operator][INFO] - Operator running task ID = 66
[2024-03-01 11:23:51,566][mephisto.operations.operator][INFO] - Operator running task ID = 66
[2024-03-01 11:24:21,572][mephisto.operations.operator][INFO] - Operator running task ID = 66
[2024-03-01 11:24:51,576][mephisto.operations.operator][INFO] - Operator running task ID = 66
[2024-03-01 11:24:56,580][mephisto.operations.client_io_handler][WARNING] - [31;1m[Version Mismatch!!][0m: Package `mephisto-task` version mismatch. Expected version 2.0.4 but frontend is currently using 2.0.3. This may cause unexpected errors, be sure to update your `mephisto-task` dependency with `npm install mephisto-task@2.0.4 --save`. If this warning still persists or the version isn't found, please open an issue at https://github.com/facebookresearch/Mephisto/issues
[2024-03-01 11:25:21,583][mephisto.operations.operator][INFO] - Operator running task ID = 66
[2024-03-01 11:25:51,590][mephisto.operations.operator][INFO] - Operator running task ID = 66
[2024-03-01 11:26:21,594][mephisto.operations.operator][INFO] - Operator running task ID = 66
[2024-03-01 11:26:29,417][mephisto.operations.client_io_handler][WARNING] - [31;1m[Version Mismatch!!][0m: Package `mephisto-task` version mismatch. Expected version 2.0.4 but frontend is currently using 2.0.3. This may cause unexpected errors, be sure to update your `mephisto-task` dependency with `npm install mephisto-task@2.0.4 --save`. If this warning still persists or the version isn't found, please open an issue at https://github.com/facebookresearch/Mephisto/issues
[2024-03-01 11:26:51,601][mephisto.operations.operator][INFO] - Operator running task ID = 66
[2024-03-01 11:27:21,605][mephisto.operations.operator][INFO] - Operator running task ID = 66
[2024-03-01 11:27:32,096][mephisto.operations.client_io_handler][WARNING] - [31;1m[Version Mismatch!!][0m: Package `mephisto-task` version mismatch. Expected version 2.0.4 but frontend is currently using 2.0.3. This may cause unexpected errors, be sure to update your `mephisto-task` dependency with `npm install mephisto-task@2.0.4 --save`. If this warning still persists or the version isn't found, please open an issue at https://github.com/facebookresearch/Mephisto/issues
[2024-03-01 11:27:51,613][mephisto.operations.operator][INFO] - Operator running task ID = 66
[2024-03-01 11:28:21,619][mephisto.operations.operator][INFO] - Operator running task ID = 66
[2024-03-01 11:28:36,956][mephisto.operations.client_io_handler][WARNING] - [31;1m[Version Mismatch!!][0m: Package `mephisto-task` version mismatch. Expected version 2.0.4 but frontend is currently using 2.0.3. This may cause unexpected errors, be sure to update your `mephisto-task` dependency with `npm install mephisto-task@2.0.4 --save`. If this warning still persists or the version isn't found, please open an issue at https://github.com/facebookresearch/Mephisto/issues
[2024-03-01 11:28:39,464][mephisto.operations.client_io_handler][WARNING] - [FRONT_END_ERROR]: {'error': 'index.toLowerCase is not a function', 'errorInfo': {'componentStack': '\n    at SimpleFrontend (webpack://mephisto-task-compiler/./src/components/core_components.jsx?:116:24)\n    at p (webpack://mephisto-task-compiler/./node_modules/mephisto-task/build/bundle.js?:1:51620)\n    at div\n    at MainApp (webpack://mephisto-task-compiler/./src/app.jsx?:24:88)'}}
[2024-03-01 11:28:51,626][mephisto.operations.operator][INFO] - Operator running task ID = 66
[2024-03-01 11:28:55,124][mephisto.operations.client_io_handler][WARNING] - [31;1m[Version Mismatch!!][0m: Package `mephisto-task` version mismatch. Expected version 2.0.4 but frontend is currently using 2.0.3. This may cause unexpected errors, be sure to update your `mephisto-task` dependency with `npm install mephisto-task@2.0.4 --save`. If this warning still persists or the version isn't found, please open an issue at https://github.com/facebookresearch/Mephisto/issues
[2024-03-01 11:29:21,630][mephisto.operations.operator][INFO] - Operator running task ID = 66
[2024-03-01 11:29:51,637][mephisto.operations.operator][INFO] - Operator running task ID = 66
[2024-03-01 11:30:21,643][mephisto.operations.operator][INFO] - Operator running task ID = 66
[2024-03-01 11:30:32,991][mephisto.operations.client_io_handler][WARNING] - [31;1m[Version Mismatch!!][0m: Package `mephisto-task` version mismatch. Expected version 2.0.4 but frontend is currently using 2.0.3. This may cause unexpected errors, be sure to update your `mephisto-task` dependency with `npm install mephisto-task@2.0.4 --save`. If this warning still persists or the version isn't found, please open an issue at https://github.com/facebookresearch/Mephisto/issues
[2024-03-01 11:30:51,649][mephisto.operations.operator][INFO] - Operator running task ID = 66
[2024-03-01 11:31:21,654][mephisto.operations.operator][INFO] - Operator running task ID = 66
[2024-03-01 11:31:32,133][mephisto.operations.client_io_handler][WARNING] - [31;1m[Version Mismatch!!][0m: Package `mephisto-task` version mismatch. Expected version 2.0.4 but frontend is currently using 2.0.3. This may cause unexpected errors, be sure to update your `mephisto-task` dependency with `npm install mephisto-task@2.0.4 --save`. If this warning still persists or the version isn't found, please open an issue at https://github.com/facebookresearch/Mephisto/issues
[2024-03-01 11:31:51,661][mephisto.operations.operator][INFO] - Operator running task ID = 66
[2024-03-01 11:32:21,666][mephisto.operations.operator][INFO] - Operator running task ID = 66
[2024-03-01 11:32:37,891][mephisto.operations.client_io_handler][WARNING] - [31;1m[Version Mismatch!!][0m: Package `mephisto-task` version mismatch. Expected version 2.0.4 but frontend is currently using 2.0.3. This may cause unexpected errors, be sure to update your `mephisto-task` dependency with `npm install mephisto-task@2.0.4 --save`. If this warning still persists or the version isn't found, please open an issue at https://github.com/facebookresearch/Mephisto/issues
[2024-03-01 11:32:51,672][mephisto.operations.operator][INFO] - Operator running task ID = 66
[2024-03-01 11:33:10,470][mephisto.operations.client_io_handler][WARNING] - [31;1m[Version Mismatch!!][0m: Package `mephisto-task` version mismatch. Expected version 2.0.4 but frontend is currently using 2.0.3. This may cause unexpected errors, be sure to update your `mephisto-task` dependency with `npm install mephisto-task@2.0.4 --save`. If this warning still persists or the version isn't found, please open an issue at https://github.com/facebookresearch/Mephisto/issues
[2024-03-01 11:33:21,676][mephisto.operations.operator][INFO] - Operator running task ID = 66
[2024-03-01 11:33:43,302][mephisto.operations.client_io_handler][WARNING] - [31;1m[Version Mismatch!!][0m: Package `mephisto-task` version mismatch. Expected version 2.0.4 but frontend is currently using 2.0.3. This may cause unexpected errors, be sure to update your `mephisto-task` dependency with `npm install mephisto-task@2.0.4 --save`. If this warning still persists or the version isn't found, please open an issue at https://github.com/facebookresearch/Mephisto/issues
[2024-03-01 11:33:51,682][mephisto.operations.operator][INFO] - Operator running task ID = 66
[2024-03-01 11:34:21,686][mephisto.operations.operator][INFO] - Operator running task ID = 66
[2024-03-01 11:34:51,692][mephisto.operations.operator][INFO] - Operator running task ID = 66
[2024-03-01 11:34:53,573][mephisto.operations.client_io_handler][WARNING] - [31;1m[Version Mismatch!!][0m: Package `mephisto-task` version mismatch. Expected version 2.0.4 but frontend is currently using 2.0.3. This may cause unexpected errors, be sure to update your `mephisto-task` dependency with `npm install mephisto-task@2.0.4 --save`. If this warning still persists or the version isn't found, please open an issue at https://github.com/facebookresearch/Mephisto/issues
[2024-03-01 11:35:21,697][mephisto.operations.operator][INFO] - Operator running task ID = 66
[2024-03-01 11:35:51,701][mephisto.operations.operator][INFO] - Operator running task ID = 66
[2024-03-01 11:36:21,706][mephisto.operations.operator][INFO] - Operator running task ID = 66
[2024-03-01 11:36:51,713][mephisto.operations.operator][INFO] - Operator running task ID = 66
[2024-03-01 11:37:21,718][mephisto.operations.operator][INFO] - Operator running task ID = 66
[2024-03-01 11:37:51,724][mephisto.operations.operator][INFO] - Operator running task ID = 66
[2024-03-01 11:38:21,731][mephisto.operations.operator][INFO] - Operator running task ID = 66
[2024-03-01 11:38:51,740][mephisto.operations.operator][INFO] - Operator running task ID = 66
[2024-03-01 11:39:21,754][mephisto.operations.operator][INFO] - Operator running task ID = 66
[2024-03-01 11:39:51,764][mephisto.operations.operator][INFO] - Operator running task ID = 66
[2024-03-01 11:40:20,550][mephisto.operations.client_io_handler][WARNING] - [31;1m[Version Mismatch!!][0m: Package `mephisto-task` version mismatch. Expected version 2.0.4 but frontend is currently using 2.0.3. This may cause unexpected errors, be sure to update your `mephisto-task` dependency with `npm install mephisto-task@2.0.4 --save`. If this warning still persists or the version isn't found, please open an issue at https://github.com/facebookresearch/Mephisto/issues
[2024-03-01 11:40:21,770][mephisto.operations.operator][INFO] - Operator running task ID = 66
[2024-03-01 11:40:51,781][mephisto.operations.operator][INFO] - Operator running task ID = 66
[2024-03-01 11:41:21,793][mephisto.operations.operator][INFO] - Operator running task ID = 66
[2024-03-01 11:41:51,804][mephisto.operations.operator][INFO] - Operator running task ID = 66
[2024-03-01 11:42:21,818][mephisto.operations.operator][INFO] - Operator running task ID = 66
[2024-03-01 11:42:51,827][mephisto.operations.operator][INFO] - Operator running task ID = 66
[2024-03-01 11:43:21,841][mephisto.operations.operator][INFO] - Operator running task ID = 66
[2024-03-01 11:43:51,852][mephisto.operations.operator][INFO] - Operator running task ID = 66
[2024-03-01 11:44:21,862][mephisto.operations.operator][INFO] - Operator running task ID = 66
[2024-03-01 11:44:51,872][mephisto.operations.operator][INFO] - Operator running task ID = 66
[2024-03-01 11:45:21,881][mephisto.operations.operator][INFO] - Operator running task ID = 66
[2024-03-01 11:45:51,891][mephisto.operations.operator][INFO] - Operator running task ID = 66
[2024-03-01 11:46:21,900][mephisto.operations.operator][INFO] - Operator running task ID = 66
[2024-03-01 11:46:51,908][mephisto.operations.operator][INFO] - Operator running task ID = 66
[2024-03-01 11:47:21,922][mephisto.operations.operator][INFO] - Operator running task ID = 66
[2024-03-01 11:47:51,934][mephisto.operations.operator][INFO] - Operator running task ID = 66
[2024-03-01 11:48:21,946][mephisto.operations.operator][INFO] - Operator running task ID = 66
[2024-03-01 11:48:51,953][mephisto.operations.operator][INFO] - Operator running task ID = 66
[2024-03-01 11:49:21,966][mephisto.operations.operator][INFO] - Operator running task ID = 66
[2024-03-01 11:49:51,975][mephisto.operations.operator][INFO] - Operator running task ID = 66
[2024-03-01 11:50:21,985][mephisto.operations.operator][INFO] - Operator running task ID = 66
[2024-03-01 11:50:51,993][mephisto.operations.operator][INFO] - Operator running task ID = 66
[2024-03-01 11:51:22,005][mephisto.operations.operator][INFO] - Operator running task ID = 66
[2024-03-01 11:51:52,013][mephisto.operations.operator][INFO] - Operator running task ID = 66
[2024-03-01 11:52:22,025][mephisto.operations.operator][INFO] - Operator running task ID = 66
[2024-03-01 11:52:52,035][mephisto.operations.operator][INFO] - Operator running task ID = 66
[2024-03-01 11:53:22,046][mephisto.operations.operator][INFO] - Operator running task ID = 66
[2024-03-01 11:53:52,056][mephisto.operations.operator][INFO] - Operator running task ID = 66
[2024-03-01 11:54:22,068][mephisto.operations.operator][INFO] - Operator running task ID = 66
[2024-03-01 11:54:52,076][mephisto.operations.operator][INFO] - Operator running task ID = 66
[2024-03-01 11:55:22,085][mephisto.operations.operator][INFO] - Operator running task ID = 66
[2024-03-01 11:55:52,096][mephisto.operations.operator][INFO] - Operator running task ID = 66
[2024-03-01 11:56:22,107][mephisto.operations.operator][INFO] - Operator running task ID = 66
[2024-03-01 11:56:52,116][mephisto.operations.operator][INFO] - Operator running task ID = 66
[2024-03-01 11:57:22,126][mephisto.operations.operator][INFO] - Operator running task ID = 66
[2024-03-01 11:57:52,132][mephisto.operations.operator][INFO] - Operator running task ID = 66
[2024-03-01 11:58:22,145][mephisto.operations.operator][INFO] - Operator running task ID = 66
[2024-03-01 11:58:52,152][mephisto.operations.operator][INFO] - Operator running task ID = 66
[2024-03-01 11:59:22,159][mephisto.operations.operator][INFO] - Operator running task ID = 66
[2024-03-01 11:59:52,167][mephisto.operations.operator][INFO] - Operator running task ID = 66
[2024-03-01 12:00:22,176][mephisto.operations.operator][INFO] - Operator running task ID = 66
[2024-03-01 12:00:52,184][mephisto.operations.operator][INFO] - Operator running task ID = 66
[2024-03-01 12:01:22,194][mephisto.operations.operator][INFO] - Operator running task ID = 66
[2024-03-01 12:01:52,204][mephisto.operations.operator][INFO] - Operator running task ID = 66
[2024-03-01 12:02:22,212][mephisto.operations.operator][INFO] - Operator running task ID = 66
[2024-03-01 12:02:52,222][mephisto.operations.operator][INFO] - Operator running task ID = 66
[2024-03-01 12:03:22,230][mephisto.operations.operator][INFO] - Operator running task ID = 66
[2024-03-01 12:03:52,239][mephisto.operations.operator][INFO] - Operator running task ID = 66
[2024-03-01 12:04:22,246][mephisto.operations.operator][INFO] - Operator running task ID = 66
[2024-03-01 12:04:52,253][mephisto.operations.operator][INFO] - Operator running task ID = 66
[2024-03-01 12:05:22,262][mephisto.operations.operator][INFO] - Operator running task ID = 66
[2024-03-01 12:05:52,267][mephisto.operations.operator][INFO] - Operator running task ID = 66
[2024-03-01 12:06:22,273][mephisto.operations.operator][INFO] - Operator running task ID = 66
[2024-03-01 12:06:52,281][mephisto.operations.operator][INFO] - Operator running task ID = 66
[2024-03-01 12:07:22,293][mephisto.operations.operator][INFO] - Operator running task ID = 66
[2024-03-01 12:07:52,302][mephisto.operations.operator][INFO] - Operator running task ID = 66
[2024-03-01 12:08:22,312][mephisto.operations.operator][INFO] - Operator running task ID = 66
[2024-03-01 12:08:52,317][mephisto.operations.operator][INFO] - Operator running task ID = 66
[2024-03-01 12:09:22,325][mephisto.operations.operator][INFO] - Operator running task ID = 66
[2024-03-01 12:09:52,332][mephisto.operations.operator][INFO] - Operator running task ID = 66
[2024-03-01 12:10:22,341][mephisto.operations.operator][INFO] - Operator running task ID = 66
[2024-03-01 12:10:52,348][mephisto.operations.operator][INFO] - Operator running task ID = 66
[2024-03-01 12:11:22,354][mephisto.operations.operator][INFO] - Operator running task ID = 66
[2024-03-01 12:11:52,361][mephisto.operations.operator][INFO] - Operator running task ID = 66
[2024-03-01 12:12:22,370][mephisto.operations.operator][INFO] - Operator running task ID = 66
[2024-03-01 12:12:52,377][mephisto.operations.operator][INFO] - Operator running task ID = 66
[2024-03-01 12:13:22,386][mephisto.operations.operator][INFO] - Operator running task ID = 66
[2024-03-01 12:13:52,392][mephisto.operations.operator][INFO] - Operator running task ID = 66
[2024-03-01 12:14:22,402][mephisto.operations.operator][INFO] - Operator running task ID = 66
[2024-03-01 12:14:52,408][mephisto.operations.operator][INFO] - Operator running task ID = 66
[2024-03-01 12:15:22,416][mephisto.operations.operator][INFO] - Operator running task ID = 66
[2024-03-01 12:15:52,424][mephisto.operations.operator][INFO] - Operator running task ID = 66
[2024-03-01 12:16:22,432][mephisto.operations.operator][INFO] - Operator running task ID = 66
[2024-03-01 12:16:52,439][mephisto.operations.operator][INFO] - Operator running task ID = 66
[2024-03-01 12:17:22,446][mephisto.operations.operator][INFO] - Operator running task ID = 66
[2024-03-01 12:17:52,454][mephisto.operations.operator][INFO] - Operator running task ID = 66
[2024-03-01 12:18:22,463][mephisto.operations.operator][INFO] - Operator running task ID = 66
[2024-03-01 12:18:52,470][mephisto.operations.operator][INFO] - Operator running task ID = 66
[2024-03-01 12:19:22,479][mephisto.operations.operator][INFO] - Operator running task ID = 66
[2024-03-01 12:19:52,486][mephisto.operations.operator][INFO] - Operator running task ID = 66
[2024-03-01 12:20:22,494][mephisto.operations.operator][INFO] - Operator running task ID = 66
[2024-03-01 12:20:52,500][mephisto.operations.operator][INFO] - Operator running task ID = 66
[2024-03-01 12:21:22,509][mephisto.operations.operator][INFO] - Operator running task ID = 66
[2024-03-01 12:21:52,515][mephisto.operations.operator][INFO] - Operator running task ID = 66
[2024-03-01 12:22:22,522][mephisto.operations.operator][INFO] - Operator running task ID = 66
[2024-03-01 12:22:52,527][mephisto.operations.operator][INFO] - Operator running task ID = 66
[2024-03-01 12:23:22,533][mephisto.operations.operator][INFO] - Operator running task ID = 66
[2024-03-01 12:23:52,539][mephisto.operations.operator][INFO] - Operator running task ID = 66
[2024-03-01 12:24:22,547][mephisto.operations.operator][INFO] - Operator running task ID = 66
[2024-03-01 12:24:52,551][mephisto.operations.operator][INFO] - Operator running task ID = 66
[2024-03-01 12:25:22,558][mephisto.operations.operator][INFO] - Operator running task ID = 66
[2024-03-01 12:25:52,564][mephisto.operations.operator][INFO] - Operator running task ID = 66
[2024-03-01 12:26:22,572][mephisto.operations.operator][INFO] - Operator running task ID = 66
[2024-03-01 12:26:52,578][mephisto.operations.operator][INFO] - Operator running task ID = 66
[2024-03-01 12:27:22,583][mephisto.operations.operator][INFO] - Operator running task ID = 66
[2024-03-01 12:27:52,590][mephisto.operations.operator][INFO] - Operator running task ID = 66
[2024-03-01 12:28:22,596][mephisto.operations.operator][INFO] - Operator running task ID = 66
[2024-03-01 12:28:52,600][mephisto.operations.operator][INFO] - Operator running task ID = 66
[2024-03-01 12:29:22,607][mephisto.operations.operator][INFO] - Operator running task ID = 66
[2024-03-01 12:29:52,613][mephisto.operations.operator][INFO] - Operator running task ID = 66
[2024-03-01 12:30:22,618][mephisto.operations.operator][INFO] - Operator running task ID = 66
[2024-03-01 12:30:52,623][mephisto.operations.operator][INFO] - Operator running task ID = 66
[2024-03-01 12:31:22,627][mephisto.operations.operator][INFO] - Operator running task ID = 66
[2024-03-01 12:31:52,630][mephisto.operations.operator][INFO] - Operator running task ID = 66
[2024-03-01 12:32:22,637][mephisto.operations.operator][INFO] - Operator running task ID = 66
[2024-03-01 12:32:52,644][mephisto.operations.operator][INFO] - Operator running task ID = 66
[2024-03-01 12:33:22,649][mephisto.operations.operator][INFO] - Operator running task ID = 66
[2024-03-01 12:33:47,688][mephisto.operations.client_io_handler][WARNING] - [31;1m[Version Mismatch!!][0m: Package `mephisto-task` version mismatch. Expected version 2.0.4 but frontend is currently using 2.0.3. This may cause unexpected errors, be sure to update your `mephisto-task` dependency with `npm install mephisto-task@2.0.4 --save`. If this warning still persists or the version isn't found, please open an issue at https://github.com/facebookresearch/Mephisto/issues
[2024-03-01 12:33:52,652][mephisto.operations.operator][INFO] - Operator running task ID = 66
[2024-03-01 12:34:22,657][mephisto.operations.operator][INFO] - Operator running task ID = 66
[2024-03-01 12:34:52,662][mephisto.operations.operator][INFO] - Operator running task ID = 66
[2024-03-01 12:35:22,667][mephisto.operations.operator][INFO] - Operator running task ID = 66
[2024-03-01 12:35:52,672][mephisto.operations.operator][INFO] - Operator running task ID = 66
[2024-03-01 12:36:22,678][mephisto.operations.operator][INFO] - Operator running task ID = 66
[2024-03-01 12:36:52,681][mephisto.operations.operator][INFO] - Operator running task ID = 66
[2024-03-01 12:37:22,685][mephisto.operations.operator][INFO] - Operator running task ID = 66
[2024-03-01 12:37:52,688][mephisto.operations.operator][INFO] - Operator running task ID = 66
[2024-03-01 12:38:22,692][mephisto.operations.operator][INFO] - Operator running task ID = 66
[2024-03-01 12:38:52,698][mephisto.operations.operator][INFO] - Operator running task ID = 66
[2024-03-01 12:39:22,701][mephisto.operations.operator][INFO] - Operator running task ID = 66
[2024-03-01 12:39:52,705][mephisto.operations.operator][INFO] - Operator running task ID = 66
[2024-03-01 12:40:22,709][mephisto.operations.operator][INFO] - Operator running task ID = 66
[2024-03-01 12:40:52,713][mephisto.operations.operator][INFO] - Operator running task ID = 66
[2024-03-01 12:41:22,717][mephisto.operations.operator][INFO] - Operator running task ID = 66
[2024-03-01 12:41:52,720][mephisto.operations.operator][INFO] - Operator running task ID = 66
[2024-03-01 12:42:22,724][mephisto.operations.operator][INFO] - Operator running task ID = 66
[2024-03-01 12:42:52,728][mephisto.operations.operator][INFO] - Operator running task ID = 66
[2024-03-01 12:43:22,731][mephisto.operations.operator][INFO] - Operator running task ID = 66
[2024-03-01 12:43:52,734][mephisto.operations.operator][INFO] - Operator running task ID = 66
[2024-03-01 12:44:22,737][mephisto.operations.operator][INFO] - Operator running task ID = 66
[2024-03-01 12:44:52,742][mephisto.operations.operator][INFO] - Operator running task ID = 66
[2024-03-01 12:45:22,748][mephisto.operations.operator][INFO] - Operator running task ID = 66
[2024-03-01 12:45:52,754][mephisto.operations.operator][INFO] - Operator running task ID = 66
[2024-03-01 12:46:22,762][mephisto.operations.operator][INFO] - Operator running task ID = 66
[2024-03-01 12:46:52,766][mephisto.operations.operator][INFO] - Operator running task ID = 66
[2024-03-01 12:47:22,774][mephisto.operations.operator][INFO] - Operator running task ID = 66
[2024-03-01 12:47:52,784][mephisto.operations.operator][INFO] - Operator running task ID = 66
[2024-03-01 12:48:22,793][mephisto.operations.operator][INFO] - Operator running task ID = 66
[2024-03-01 12:48:52,802][mephisto.operations.operator][INFO] - Operator running task ID = 66
[2024-03-01 12:49:22,807][mephisto.operations.operator][INFO] - Operator running task ID = 66
[2024-03-01 12:49:52,819][mephisto.operations.operator][INFO] - Operator running task ID = 66
[2024-03-01 12:50:22,827][mephisto.operations.operator][INFO] - Operator running task ID = 66
[2024-03-01 12:50:52,834][mephisto.operations.operator][INFO] - Operator running task ID = 66
[2024-03-01 12:51:22,843][mephisto.operations.operator][INFO] - Operator running task ID = 66
[2024-03-01 12:51:52,854][mephisto.operations.operator][INFO] - Operator running task ID = 66
[2024-03-01 12:52:22,865][mephisto.operations.operator][INFO] - Operator running task ID = 66
[2024-03-01 12:52:52,877][mephisto.operations.operator][INFO] - Operator running task ID = 66
[2024-03-01 12:53:22,889][mephisto.operations.operator][INFO] - Operator running task ID = 66
[2024-03-01 12:53:52,902][mephisto.operations.operator][INFO] - Operator running task ID = 66
[2024-03-01 12:54:22,911][mephisto.operations.operator][INFO] - Operator running task ID = 66
[2024-03-01 12:54:52,918][mephisto.operations.operator][INFO] - Operator running task ID = 66
[2024-03-01 12:55:22,928][mephisto.operations.operator][INFO] - Operator running task ID = 66
[2024-03-01 12:55:52,937][mephisto.operations.operator][INFO] - Operator running task ID = 66
[2024-03-01 12:56:22,944][mephisto.operations.operator][INFO] - Operator running task ID = 66
[2024-03-01 12:56:52,958][mephisto.operations.operator][INFO] - Operator running task ID = 66
[2024-03-01 12:57:22,968][mephisto.operations.operator][INFO] - Operator running task ID = 66
[2024-03-01 12:57:52,982][mephisto.operations.operator][INFO] - Operator running task ID = 66
[2024-03-01 12:58:22,990][mephisto.operations.operator][INFO] - Operator running task ID = 66
[2024-03-01 12:58:52,997][mephisto.operations.operator][INFO] - Operator running task ID = 66
[2024-03-01 12:59:23,008][mephisto.operations.operator][INFO] - Operator running task ID = 66
[2024-03-01 12:59:53,014][mephisto.operations.operator][INFO] - Operator running task ID = 66
[2024-03-01 13:00:23,024][mephisto.operations.operator][INFO] - Operator running task ID = 66
[2024-03-01 13:00:53,034][mephisto.operations.operator][INFO] - Operator running task ID = 66
[2024-03-01 13:01:23,041][mephisto.operations.operator][INFO] - Operator running task ID = 66
[2024-03-01 13:01:53,050][mephisto.operations.operator][INFO] - Operator running task ID = 66
[2024-03-01 13:02:23,058][mephisto.operations.operator][INFO] - Operator running task ID = 66
[2024-03-01 13:02:53,070][mephisto.operations.operator][INFO] - Operator running task ID = 66
[2024-03-01 13:03:23,076][mephisto.operations.operator][INFO] - Operator running task ID = 66
[2024-03-01 13:03:53,088][mephisto.operations.operator][INFO] - Operator running task ID = 66
[2024-03-01 13:04:23,096][mephisto.operations.operator][INFO] - Operator running task ID = 66
[2024-03-01 13:04:53,102][mephisto.operations.operator][INFO] - Operator running task ID = 66
[2024-03-01 13:05:23,108][mephisto.operations.operator][INFO] - Operator running task ID = 66
[2024-03-01 13:05:53,116][mephisto.operations.operator][INFO] - Operator running task ID = 66
[2024-03-01 13:06:23,125][mephisto.operations.operator][INFO] - Operator running task ID = 66
[2024-03-01 13:06:53,134][mephisto.operations.operator][INFO] - Operator running task ID = 66
[2024-03-01 13:07:23,144][mephisto.operations.operator][INFO] - Operator running task ID = 66
[2024-03-01 13:07:53,154][mephisto.operations.operator][INFO] - Operator running task ID = 66
[2024-03-01 13:08:23,164][mephisto.operations.operator][INFO] - Operator running task ID = 66
[2024-03-01 13:08:53,169][mephisto.operations.operator][INFO] - Operator running task ID = 66
[2024-03-01 13:09:23,176][mephisto.operations.operator][INFO] - Operator running task ID = 66
[2024-03-01 13:09:53,182][mephisto.operations.operator][INFO] - Operator running task ID = 66
[2024-03-01 13:10:23,187][mephisto.operations.operator][INFO] - Operator running task ID = 66
[2024-03-01 13:10:53,194][mephisto.operations.operator][INFO] - Operator running task ID = 66
[2024-03-01 13:11:23,202][mephisto.operations.operator][INFO] - Operator running task ID = 66
[2024-03-01 13:11:53,212][mephisto.operations.operator][INFO] - Operator running task ID = 66
[2024-03-01 13:12:23,220][mephisto.operations.operator][INFO] - Operator running task ID = 66
[2024-03-01 13:12:53,230][mephisto.operations.operator][INFO] - Operator running task ID = 66
[2024-03-01 13:13:23,235][mephisto.operations.operator][INFO] - Operator running task ID = 66
[2024-03-01 13:13:53,241][mephisto.operations.operator][INFO] - Operator running task ID = 66
[2024-03-01 13:14:23,247][mephisto.operations.operator][INFO] - Operator running task ID = 66
[2024-03-01 13:14:53,254][mephisto.operations.operator][INFO] - Operator running task ID = 66
[2024-03-01 13:15:23,261][mephisto.operations.operator][INFO] - Operator running task ID = 66
[2024-03-01 13:15:53,265][mephisto.operations.operator][INFO] - Operator running task ID = 66
[2024-03-01 13:16:23,271][mephisto.operations.operator][INFO] - Operator running task ID = 66
[2024-03-01 13:16:53,280][mephisto.operations.operator][INFO] - Operator running task ID = 66
[2024-03-01 13:17:23,287][mephisto.operations.operator][INFO] - Operator running task ID = 66
[2024-03-01 13:17:53,296][mephisto.operations.operator][INFO] - Operator running task ID = 66
[2024-03-01 13:18:23,304][mephisto.operations.operator][INFO] - Operator running task ID = 66
[2024-03-01 13:18:53,310][mephisto.operations.operator][INFO] - Operator running task ID = 66
[2024-03-01 13:19:23,315][mephisto.operations.operator][INFO] - Operator running task ID = 66
[2024-03-01 13:19:53,322][mephisto.operations.operator][INFO] - Operator running task ID = 66
[2024-03-01 13:20:23,328][mephisto.operations.operator][INFO] - Operator running task ID = 66
[2024-03-01 13:20:53,334][mephisto.operations.operator][INFO] - Operator running task ID = 66
[2024-03-01 13:21:23,342][mephisto.operations.operator][INFO] - Operator running task ID = 66
[2024-03-01 13:21:53,350][mephisto.operations.operator][INFO] - Operator running task ID = 66
[2024-03-01 13:22:23,357][mephisto.operations.operator][INFO] - Operator running task ID = 66
[2024-03-01 13:22:53,368][mephisto.operations.operator][INFO] - Operator running task ID = 66
[2024-03-01 13:23:23,378][mephisto.operations.operator][INFO] - Operator running task ID = 66
[2024-03-01 13:23:53,387][mephisto.operations.operator][INFO] - Operator running task ID = 66
[2024-03-01 13:24:23,392][mephisto.operations.operator][INFO] - Operator running task ID = 66
[2024-03-01 13:24:53,401][mephisto.operations.operator][INFO] - Operator running task ID = 66
[2024-03-01 13:25:23,408][mephisto.operations.operator][INFO] - Operator running task ID = 66
[2024-03-01 13:25:53,415][mephisto.operations.operator][INFO] - Operator running task ID = 66
[2024-03-01 13:26:15,522][mephisto.operations.client_io_handler][WARNING] - [31;1m[Version Mismatch!!][0m: Package `mephisto-task` version mismatch. Expected version 2.0.4 but frontend is currently using 2.0.3. This may cause unexpected errors, be sure to update your `mephisto-task` dependency with `npm install mephisto-task@2.0.4 --save`. If this warning still persists or the version isn't found, please open an issue at https://github.com/facebookresearch/Mephisto/issues
[2024-03-01 13:26:18,674][mephisto.operations.client_io_handler][WARNING] - [FRONT_END_ERROR]: {'error': 'rating is not defined', 'errorInfo': {'componentStack': '\n    at SimpleFrontend (webpack://mephisto-task-compiler/./src/components/core_components.jsx?:120:24)\n    at p (webpack://mephisto-task-compiler/./node_modules/mephisto-task/build/bundle.js?:1:51620)\n    at div\n    at MainApp (webpack://mephisto-task-compiler/./src/app.jsx?:24:88)'}}
[2024-03-01 13:26:23,424][mephisto.operations.operator][INFO] - Operator running task ID = 66
[2024-03-01 13:26:53,430][mephisto.operations.operator][INFO] - Operator running task ID = 66
[2024-03-01 13:27:01,329][mephisto.operations.client_io_handler][WARNING] - [31;1m[Version Mismatch!!][0m: Package `mephisto-task` version mismatch. Expected version 2.0.4 but frontend is currently using 2.0.3. This may cause unexpected errors, be sure to update your `mephisto-task` dependency with `npm install mephisto-task@2.0.4 --save`. If this warning still persists or the version isn't found, please open an issue at https://github.com/facebookresearch/Mephisto/issues
[2024-03-01 13:27:23,438][mephisto.operations.operator][INFO] - Operator running task ID = 66
[2024-03-01 13:27:39,434][mephisto.operations.client_io_handler][WARNING] - [31;1m[Version Mismatch!!][0m: Package `mephisto-task` version mismatch. Expected version 2.0.4 but frontend is currently using 2.0.3. This may cause unexpected errors, be sure to update your `mephisto-task` dependency with `npm install mephisto-task@2.0.4 --save`. If this warning still persists or the version isn't found, please open an issue at https://github.com/facebookresearch/Mephisto/issues
[2024-03-01 13:27:53,446][mephisto.operations.operator][INFO] - Operator running task ID = 66
[2024-03-01 13:28:13,986][mephisto.operations.client_io_handler][WARNING] - [31;1m[Version Mismatch!!][0m: Package `mephisto-task` version mismatch. Expected version 2.0.4 but frontend is currently using 2.0.3. This may cause unexpected errors, be sure to update your `mephisto-task` dependency with `npm install mephisto-task@2.0.4 --save`. If this warning still persists or the version isn't found, please open an issue at https://github.com/facebookresearch/Mephisto/issues
[2024-03-01 13:28:23,451][mephisto.operations.operator][INFO] - Operator running task ID = 66
[2024-03-01 13:28:53,459][mephisto.operations.operator][INFO] - Operator running task ID = 66
[2024-03-01 13:29:23,465][mephisto.operations.operator][INFO] - Operator running task ID = 66
[2024-03-01 13:29:53,472][mephisto.operations.operator][INFO] - Operator running task ID = 66
[2024-03-01 13:30:23,479][mephisto.operations.operator][INFO] - Operator running task ID = 66
[2024-03-01 13:30:47,064][mephisto.operations.client_io_handler][WARNING] - [31;1m[Version Mismatch!!][0m: Package `mephisto-task` version mismatch. Expected version 2.0.4 but frontend is currently using 2.0.3. This may cause unexpected errors, be sure to update your `mephisto-task` dependency with `npm install mephisto-task@2.0.4 --save`. If this warning still persists or the version isn't found, please open an issue at https://github.com/facebookresearch/Mephisto/issues
[2024-03-01 13:30:53,488][mephisto.operations.operator][INFO] - Operator running task ID = 66
[2024-03-01 13:31:23,493][mephisto.operations.operator][INFO] - Operator running task ID = 66
[2024-03-01 13:31:53,502][mephisto.operations.operator][INFO] - Operator running task ID = 66
[2024-03-01 13:32:23,508][mephisto.operations.operator][INFO] - Operator running task ID = 66
[2024-03-01 13:32:34,405][mephisto.operations.client_io_handler][WARNING] - [31;1m[Version Mismatch!!][0m: Package `mephisto-task` version mismatch. Expected version 2.0.4 but frontend is currently using 2.0.3. This may cause unexpected errors, be sure to update your `mephisto-task` dependency with `npm install mephisto-task@2.0.4 --save`. If this warning still persists or the version isn't found, please open an issue at https://github.com/facebookresearch/Mephisto/issues
[2024-03-01 13:32:53,513][mephisto.operations.operator][INFO] - Operator running task ID = 66
[2024-03-01 13:33:23,519][mephisto.operations.operator][INFO] - Operator running task ID = 66
[2024-03-01 13:33:53,525][mephisto.operations.operator][INFO] - Operator running task ID = 66
[2024-03-01 13:34:23,531][mephisto.operations.operator][INFO] - Operator running task ID = 66
[2024-03-01 13:34:53,538][mephisto.operations.operator][INFO] - Operator running task ID = 66
[2024-03-01 13:35:19,723][mephisto.operations.client_io_handler][WARNING] - [31;1m[Version Mismatch!!][0m: Package `mephisto-task` version mismatch. Expected version 2.0.4 but frontend is currently using 2.0.3. This may cause unexpected errors, be sure to update your `mephisto-task` dependency with `npm install mephisto-task@2.0.4 --save`. If this warning still persists or the version isn't found, please open an issue at https://github.com/facebookresearch/Mephisto/issues
[2024-03-01 13:35:23,544][mephisto.operations.operator][INFO] - Operator running task ID = 66
[2024-03-01 13:35:53,550][mephisto.operations.operator][INFO] - Operator running task ID = 66
[2024-03-01 13:36:23,555][mephisto.operations.operator][INFO] - Operator running task ID = 66
[2024-03-01 13:36:53,562][mephisto.operations.operator][INFO] - Operator running task ID = 66
[2024-03-01 13:37:23,567][mephisto.operations.operator][INFO] - Operator running task ID = 66
[2024-03-01 13:37:53,574][mephisto.operations.operator][INFO] - Operator running task ID = 66
[2024-03-01 13:38:23,577][mephisto.operations.operator][INFO] - Operator running task ID = 66
[2024-03-01 13:38:53,585][mephisto.operations.operator][INFO] - Operator running task ID = 66
[2024-03-01 13:39:23,590][mephisto.operations.operator][INFO] - Operator running task ID = 66
[2024-03-01 13:39:53,598][mephisto.operations.operator][INFO] - Operator running task ID = 66
[2024-03-01 13:40:23,603][mephisto.operations.operator][INFO] - Operator running task ID = 66
[2024-03-01 13:40:25,075][mephisto.operations.client_io_handler][WARNING] - [31;1m[Version Mismatch!!][0m: Package `mephisto-task` version mismatch. Expected version 2.0.4 but frontend is currently using 2.0.3. This may cause unexpected errors, be sure to update your `mephisto-task` dependency with `npm install mephisto-task@2.0.4 --save`. If this warning still persists or the version isn't found, please open an issue at https://github.com/facebookresearch/Mephisto/issues
[2024-03-01 13:40:53,610][mephisto.operations.operator][INFO] - Operator running task ID = 66
[2024-03-01 13:41:23,615][mephisto.operations.operator][INFO] - Operator running task ID = 66
[2024-03-01 13:41:35,180][mephisto.operations.client_io_handler][WARNING] - [31;1m[Version Mismatch!!][0m: Package `mephisto-task` version mismatch. Expected version 2.0.4 but frontend is currently using 2.0.3. This may cause unexpected errors, be sure to update your `mephisto-task` dependency with `npm install mephisto-task@2.0.4 --save`. If this warning still persists or the version isn't found, please open an issue at https://github.com/facebookresearch/Mephisto/issues
[2024-03-01 13:41:53,621][mephisto.operations.operator][INFO] - Operator running task ID = 66
[2024-03-01 13:42:23,627][mephisto.operations.operator][INFO] - Operator running task ID = 66
[2024-03-01 13:42:53,633][mephisto.operations.operator][INFO] - Operator running task ID = 66
[2024-03-01 13:43:23,639][mephisto.operations.operator][INFO] - Operator running task ID = 66
[2024-03-01 13:43:43,180][mephisto.operations.client_io_handler][WARNING] - [31;1m[Version Mismatch!!][0m: Package `mephisto-task` version mismatch. Expected version 2.0.4 but frontend is currently using 2.0.3. This may cause unexpected errors, be sure to update your `mephisto-task` dependency with `npm install mephisto-task@2.0.4 --save`. If this warning still persists or the version isn't found, please open an issue at https://github.com/facebookresearch/Mephisto/issues
[2024-03-01 13:43:53,645][mephisto.operations.operator][INFO] - Operator running task ID = 66
[2024-03-01 13:44:23,651][mephisto.operations.operator][INFO] - Operator running task ID = 66
[2024-03-01 13:44:53,658][mephisto.operations.operator][INFO] - Operator running task ID = 66
[2024-03-01 13:45:23,663][mephisto.operations.operator][INFO] - Operator running task ID = 66
[2024-03-01 13:45:53,669][mephisto.operations.operator][INFO] - Operator running task ID = 66
[2024-03-01 13:46:23,675][mephisto.operations.operator][INFO] - Operator running task ID = 66
[2024-03-01 13:46:53,683][mephisto.operations.operator][INFO] - Operator running task ID = 66
[2024-03-01 13:47:23,686][mephisto.operations.operator][INFO] - Operator running task ID = 66
[2024-03-01 13:47:48,130][mephisto.operations.client_io_handler][WARNING] - [31;1m[Version Mismatch!!][0m: Package `mephisto-task` version mismatch. Expected version 2.0.4 but frontend is currently using 2.0.3. This may cause unexpected errors, be sure to update your `mephisto-task` dependency with `npm install mephisto-task@2.0.4 --save`. If this warning still persists or the version isn't found, please open an issue at https://github.com/facebookresearch/Mephisto/issues
[2024-03-01 13:47:53,693][mephisto.operations.operator][INFO] - Operator running task ID = 66
[2024-03-01 13:48:08,219][mephisto.operations.client_io_handler][WARNING] - [31;1m[Version Mismatch!!][0m: Package `mephisto-task` version mismatch. Expected version 2.0.4 but frontend is currently using 2.0.3. This may cause unexpected errors, be sure to update your `mephisto-task` dependency with `npm install mephisto-task@2.0.4 --save`. If this warning still persists or the version isn't found, please open an issue at https://github.com/facebookresearch/Mephisto/issues
[2024-03-01 13:48:23,697][mephisto.operations.operator][INFO] - Operator running task ID = 66
[2024-03-01 13:48:53,706][mephisto.operations.operator][INFO] - Operator running task ID = 66
[2024-03-01 13:49:23,710][mephisto.operations.operator][INFO] - Operator running task ID = 66
[2024-03-01 13:49:53,717][mephisto.operations.operator][INFO] - Operator running task ID = 66
[2024-03-01 13:50:23,724][mephisto.operations.operator][INFO] - Operator running task ID = 66
[2024-03-01 13:50:35,529][mephisto.operations.client_io_handler][WARNING] - [31;1m[Version Mismatch!!][0m: Package `mephisto-task` version mismatch. Expected version 2.0.4 but frontend is currently using 2.0.3. This may cause unexpected errors, be sure to update your `mephisto-task` dependency with `npm install mephisto-task@2.0.4 --save`. If this warning still persists or the version isn't found, please open an issue at https://github.com/facebookresearch/Mephisto/issues
[2024-03-01 13:50:53,730][mephisto.operations.operator][INFO] - Operator running task ID = 66
[2024-03-01 13:51:05,408][mephisto.operations.client_io_handler][WARNING] - [31;1m[Version Mismatch!!][0m: Package `mephisto-task` version mismatch. Expected version 2.0.4 but frontend is currently using 2.0.3. This may cause unexpected errors, be sure to update your `mephisto-task` dependency with `npm install mephisto-task@2.0.4 --save`. If this warning still persists or the version isn't found, please open an issue at https://github.com/facebookresearch/Mephisto/issues
[2024-03-01 13:51:23,735][mephisto.operations.operator][INFO] - Operator running task ID = 66
[2024-03-01 13:51:53,741][mephisto.operations.operator][INFO] - Operator running task ID = 66
[2024-03-01 13:52:23,747][mephisto.operations.operator][INFO] - Operator running task ID = 66
[2024-03-01 13:52:53,753][mephisto.operations.operator][INFO] - Operator running task ID = 66
[2024-03-01 13:53:23,757][mephisto.operations.operator][INFO] - Operator running task ID = 66
[2024-03-01 13:53:53,765][mephisto.operations.operator][INFO] - Operator running task ID = 66
[2024-03-01 13:54:23,769][mephisto.operations.operator][INFO] - Operator running task ID = 66
[2024-03-01 13:54:53,776][mephisto.operations.operator][INFO] - Operator running task ID = 66
[2024-03-01 13:55:00,256][mephisto.operations.client_io_handler][WARNING] - [31;1m[Version Mismatch!!][0m: Package `mephisto-task` version mismatch. Expected version 2.0.4 but frontend is currently using 2.0.3. This may cause unexpected errors, be sure to update your `mephisto-task` dependency with `npm install mephisto-task@2.0.4 --save`. If this warning still persists or the version isn't found, please open an issue at https://github.com/facebookresearch/Mephisto/issues
[2024-03-01 13:55:23,782][mephisto.operations.operator][INFO] - Operator running task ID = 66
[2024-03-01 13:55:53,790][mephisto.operations.operator][INFO] - Operator running task ID = 66
[2024-03-01 13:56:23,798][mephisto.operations.operator][INFO] - Operator running task ID = 66
[2024-03-01 13:56:53,808][mephisto.operations.operator][INFO] - Operator running task ID = 66
[2024-03-01 13:57:23,821][mephisto.operations.operator][INFO] - Operator running task ID = 66
[2024-03-01 13:57:53,828][mephisto.operations.operator][INFO] - Operator running task ID = 66
[2024-03-01 13:58:23,838][mephisto.operations.operator][INFO] - Operator running task ID = 66
[2024-03-01 13:58:53,850][mephisto.operations.operator][INFO] - Operator running task ID = 66
[2024-03-01 13:59:23,858][mephisto.operations.operator][INFO] - Operator running task ID = 66
[2024-03-01 13:59:53,864][mephisto.operations.operator][INFO] - Operator running task ID = 66
[2024-03-01 14:00:23,869][mephisto.operations.operator][INFO] - Operator running task ID = 66
[2024-03-01 14:00:53,876][mephisto.operations.operator][INFO] - Operator running task ID = 66
[2024-03-01 14:01:23,886][mephisto.operations.operator][INFO] - Operator running task ID = 66
[2024-03-01 14:01:53,893][mephisto.operations.operator][INFO] - Operator running task ID = 66
[2024-03-01 14:02:14,925][mephisto.operations.client_io_handler][WARNING] - [31;1m[Version Mismatch!!][0m: Package `mephisto-task` version mismatch. Expected version 2.0.4 but frontend is currently using 2.0.3. This may cause unexpected errors, be sure to update your `mephisto-task` dependency with `npm install mephisto-task@2.0.4 --save`. If this warning still persists or the version isn't found, please open an issue at https://github.com/facebookresearch/Mephisto/issues
[2024-03-01 14:02:23,902][mephisto.operations.operator][INFO] - Operator running task ID = 66
[2024-03-01 14:02:50,986][mephisto.operations.client_io_handler][WARNING] - [31;1m[Version Mismatch!!][0m: Package `mephisto-task` version mismatch. Expected version 2.0.4 but frontend is currently using 2.0.3. This may cause unexpected errors, be sure to update your `mephisto-task` dependency with `npm install mephisto-task@2.0.4 --save`. If this warning still persists or the version isn't found, please open an issue at https://github.com/facebookresearch/Mephisto/issues
[2024-03-01 14:02:53,910][mephisto.operations.operator][INFO] - Operator running task ID = 66
[2024-03-01 14:03:23,917][mephisto.operations.operator][INFO] - Operator running task ID = 66
[2024-03-01 14:03:42,516][mephisto.operations.client_io_handler][WARNING] - [31;1m[Version Mismatch!!][0m: Package `mephisto-task` version mismatch. Expected version 2.0.4 but frontend is currently using 2.0.3. This may cause unexpected errors, be sure to update your `mephisto-task` dependency with `npm install mephisto-task@2.0.4 --save`. If this warning still persists or the version isn't found, please open an issue at https://github.com/facebookresearch/Mephisto/issues
[2024-03-01 14:03:53,924][mephisto.operations.operator][INFO] - Operator running task ID = 66
[2024-03-01 14:04:23,933][mephisto.operations.operator][INFO] - Operator running task ID = 66
[2024-03-01 14:04:27,755][mephisto.operations.client_io_handler][WARNING] - [31;1m[Version Mismatch!!][0m: Package `mephisto-task` version mismatch. Expected version 2.0.4 but frontend is currently using 2.0.3. This may cause unexpected errors, be sure to update your `mephisto-task` dependency with `npm install mephisto-task@2.0.4 --save`. If this warning still persists or the version isn't found, please open an issue at https://github.com/facebookresearch/Mephisto/issues
[2024-03-01 14:04:53,940][mephisto.operations.operator][INFO] - Operator running task ID = 66
[2024-03-01 14:05:23,950][mephisto.operations.operator][INFO] - Operator running task ID = 66
[2024-03-01 14:05:53,958][mephisto.operations.operator][INFO] - Operator running task ID = 66
[2024-03-01 14:05:54,394][mephisto.operations.client_io_handler][WARNING] - [31;1m[Version Mismatch!!][0m: Package `mephisto-task` version mismatch. Expected version 2.0.4 but frontend is currently using 2.0.3. This may cause unexpected errors, be sure to update your `mephisto-task` dependency with `npm install mephisto-task@2.0.4 --save`. If this warning still persists or the version isn't found, please open an issue at https://github.com/facebookresearch/Mephisto/issues
[2024-03-01 14:06:23,966][mephisto.operations.operator][INFO] - Operator running task ID = 66
[2024-03-01 14:06:53,973][mephisto.operations.operator][INFO] - Operator running task ID = 66
[2024-03-01 14:07:23,981][mephisto.operations.operator][INFO] - Operator running task ID = 66
[2024-03-01 14:07:53,988][mephisto.operations.operator][INFO] - Operator running task ID = 66
[2024-03-01 14:08:23,999][mephisto.operations.operator][INFO] - Operator running task ID = 66
[2024-03-01 14:08:41,141][mephisto.operations.client_io_handler][WARNING] - [31;1m[Version Mismatch!!][0m: Package `mephisto-task` version mismatch. Expected version 2.0.4 but frontend is currently using 2.0.3. This may cause unexpected errors, be sure to update your `mephisto-task` dependency with `npm install mephisto-task@2.0.4 --save`. If this warning still persists or the version isn't found, please open an issue at https://github.com/facebookresearch/Mephisto/issues
[2024-03-01 14:08:54,008][mephisto.operations.operator][INFO] - Operator running task ID = 66
[2024-03-01 14:08:57,410][mephisto.abstractions.blueprints.abstract.static_task.static_agent_state][INFO] - SAVED_DATA_TO_DISC at /home/martins_32048/mephisto-data/data/data/runs/NO_PROJECT/66/920/246/agent_data.json
[2024-03-01 14:09:15,602][mephisto.abstractions.blueprints.abstract.static_task.static_agent_state][INFO] - SAVED_DATA_TO_DISC at /home/martins_32048/mephisto-data/data/data/runs/NO_PROJECT/66/920/246/agent_data.json
[2024-03-01 14:09:20,618][mephisto.abstractions.blueprints.abstract.static_task.static_agent_state][INFO] - SAVED_DATA_TO_DISC at /home/martins_32048/mephisto-data/data/data/runs/NO_PROJECT/66/920/246/agent_data.json
[2024-03-01 14:09:24,020][mephisto.operations.operator][INFO] - Operator running task ID = 66
[2024-03-01 14:09:54,028][mephisto.operations.operator][INFO] - Operator running task ID = 66
[2024-03-01 14:10:23,398][mephisto.operations.client_io_handler][WARNING] - [31;1m[Version Mismatch!!][0m: Package `mephisto-task` version mismatch. Expected version 2.0.4 but frontend is currently using 2.0.3. This may cause unexpected errors, be sure to update your `mephisto-task` dependency with `npm install mephisto-task@2.0.4 --save`. If this warning still persists or the version isn't found, please open an issue at https://github.com/facebookresearch/Mephisto/issues
[2024-03-01 14:10:24,036][mephisto.operations.operator][INFO] - Operator running task ID = 66
[2024-03-01 14:10:41,876][mephisto.operations.client_io_handler][WARNING] - [31;1m[Version Mismatch!!][0m: Package `mephisto-task` version mismatch. Expected version 2.0.4 but frontend is currently using 2.0.3. This may cause unexpected errors, be sure to update your `mephisto-task` dependency with `npm install mephisto-task@2.0.4 --save`. If this warning still persists or the version isn't found, please open an issue at https://github.com/facebookresearch/Mephisto/issues
[2024-03-01 14:10:54,044][mephisto.operations.operator][INFO] - Operator running task ID = 66
[2024-03-01 14:11:24,057][mephisto.operations.operator][INFO] - Operator running task ID = 66
[2024-03-01 14:11:29,928][mephisto.operations.client_io_handler][WARNING] - [31;1m[Version Mismatch!!][0m: Package `mephisto-task` version mismatch. Expected version 2.0.4 but frontend is currently using 2.0.3. This may cause unexpected errors, be sure to update your `mephisto-task` dependency with `npm install mephisto-task@2.0.4 --save`. If this warning still persists or the version isn't found, please open an issue at https://github.com/facebookresearch/Mephisto/issues
[2024-03-01 14:11:54,066][mephisto.operations.operator][INFO] - Operator running task ID = 66
[2024-03-01 14:12:03,624][mephisto.operations.client_io_handler][WARNING] - [31;1m[Version Mismatch!!][0m: Package `mephisto-task` version mismatch. Expected version 2.0.4 but frontend is currently using 2.0.3. This may cause unexpected errors, be sure to update your `mephisto-task` dependency with `npm install mephisto-task@2.0.4 --save`. If this warning still persists or the version isn't found, please open an issue at https://github.com/facebookresearch/Mephisto/issues
[2024-03-01 14:12:24,074][mephisto.operations.operator][INFO] - Operator running task ID = 66
[2024-03-01 14:12:43,764][mephisto.operations.client_io_handler][WARNING] - [31;1m[Version Mismatch!!][0m: Package `mephisto-task` version mismatch. Expected version 2.0.4 but frontend is currently using 2.0.3. This may cause unexpected errors, be sure to update your `mephisto-task` dependency with `npm install mephisto-task@2.0.4 --save`. If this warning still persists or the version isn't found, please open an issue at https://github.com/facebookresearch/Mephisto/issues
[2024-03-01 14:12:54,080][mephisto.operations.operator][INFO] - Operator running task ID = 66
[2024-03-01 14:13:10,777][mephisto.operations.client_io_handler][WARNING] - [31;1m[Version Mismatch!!][0m: Package `mephisto-task` version mismatch. Expected version 2.0.4 but frontend is currently using 2.0.3. This may cause unexpected errors, be sure to update your `mephisto-task` dependency with `npm install mephisto-task@2.0.4 --save`. If this warning still persists or the version isn't found, please open an issue at https://github.com/facebookresearch/Mephisto/issues
[2024-03-01 14:13:24,089][mephisto.operations.operator][INFO] - Operator running task ID = 66
[2024-03-01 14:13:33,320][mephisto.operations.client_io_handler][WARNING] - [31;1m[Version Mismatch!!][0m: Package `mephisto-task` version mismatch. Expected version 2.0.4 but frontend is currently using 2.0.3. This may cause unexpected errors, be sure to update your `mephisto-task` dependency with `npm install mephisto-task@2.0.4 --save`. If this warning still persists or the version isn't found, please open an issue at https://github.com/facebookresearch/Mephisto/issues
[2024-03-01 14:13:54,098][mephisto.operations.operator][INFO] - Operator running task ID = 66
[2024-03-01 14:14:24,109][mephisto.operations.operator][INFO] - Operator running task ID = 66
[2024-03-01 14:14:36,276][mephisto.operations.client_io_handler][WARNING] - [31;1m[Version Mismatch!!][0m: Package `mephisto-task` version mismatch. Expected version 2.0.4 but frontend is currently using 2.0.3. This may cause unexpected errors, be sure to update your `mephisto-task` dependency with `npm install mephisto-task@2.0.4 --save`. If this warning still persists or the version isn't found, please open an issue at https://github.com/facebookresearch/Mephisto/issues
[2024-03-01 14:14:54,118][mephisto.operations.operator][INFO] - Operator running task ID = 66
[2024-03-01 14:15:24,126][mephisto.operations.operator][INFO] - Operator running task ID = 66
[2024-03-01 14:15:36,712][mephisto.operations.client_io_handler][WARNING] - [31;1m[Version Mismatch!!][0m: Package `mephisto-task` version mismatch. Expected version 2.0.4 but frontend is currently using 2.0.3. This may cause unexpected errors, be sure to update your `mephisto-task` dependency with `npm install mephisto-task@2.0.4 --save`. If this warning still persists or the version isn't found, please open an issue at https://github.com/facebookresearch/Mephisto/issues
[2024-03-01 14:15:54,132][mephisto.operations.operator][INFO] - Operator running task ID = 66
[2024-03-01 14:16:24,144][mephisto.operations.operator][INFO] - Operator running task ID = 66
[2024-03-01 14:16:54,152][mephisto.operations.operator][INFO] - Operator running task ID = 66
[2024-03-01 14:17:21,943][mephisto.operations.client_io_handler][WARNING] - [31;1m[Version Mismatch!!][0m: Package `mephisto-task` version mismatch. Expected version 2.0.4 but frontend is currently using 2.0.3. This may cause unexpected errors, be sure to update your `mephisto-task` dependency with `npm install mephisto-task@2.0.4 --save`. If this warning still persists or the version isn't found, please open an issue at https://github.com/facebookresearch/Mephisto/issues
[2024-03-01 14:17:24,158][mephisto.operations.operator][INFO] - Operator running task ID = 66
[2024-03-01 14:17:54,168][mephisto.operations.operator][INFO] - Operator running task ID = 66
[2024-03-01 14:18:24,177][mephisto.operations.operator][INFO] - Operator running task ID = 66
[2024-03-01 14:18:35,514][mephisto.operations.client_io_handler][WARNING] - [31;1m[Version Mismatch!!][0m: Package `mephisto-task` version mismatch. Expected version 2.0.4 but frontend is currently using 2.0.3. This may cause unexpected errors, be sure to update your `mephisto-task` dependency with `npm install mephisto-task@2.0.4 --save`. If this warning still persists or the version isn't found, please open an issue at https://github.com/facebookresearch/Mephisto/issues
[2024-03-01 14:18:47,463][mephisto.operations.client_io_handler][WARNING] - [31;1m[Version Mismatch!!][0m: Package `mephisto-task` version mismatch. Expected version 2.0.4 but frontend is currently using 2.0.3. This may cause unexpected errors, be sure to update your `mephisto-task` dependency with `npm install mephisto-task@2.0.4 --save`. If this warning still persists or the version isn't found, please open an issue at https://github.com/facebookresearch/Mephisto/issues
[2024-03-01 14:18:54,185][mephisto.operations.operator][INFO] - Operator running task ID = 66
[2024-03-01 14:19:24,194][mephisto.operations.operator][INFO] - Operator running task ID = 66
[2024-03-01 14:19:54,200][mephisto.operations.operator][INFO] - Operator running task ID = 66
[2024-03-01 14:20:24,210][mephisto.operations.operator][INFO] - Operator running task ID = 66
[2024-03-01 14:20:27,857][mephisto.operations.client_io_handler][WARNING] - [31;1m[Version Mismatch!!][0m: Package `mephisto-task` version mismatch. Expected version 2.0.4 but frontend is currently using 2.0.3. This may cause unexpected errors, be sure to update your `mephisto-task` dependency with `npm install mephisto-task@2.0.4 --save`. If this warning still persists or the version isn't found, please open an issue at https://github.com/facebookresearch/Mephisto/issues
[2024-03-01 14:20:44,073][mephisto.operations.client_io_handler][WARNING] - [31;1m[Version Mismatch!!][0m: Package `mephisto-task` version mismatch. Expected version 2.0.4 but frontend is currently using 2.0.3. This may cause unexpected errors, be sure to update your `mephisto-task` dependency with `npm install mephisto-task@2.0.4 --save`. If this warning still persists or the version isn't found, please open an issue at https://github.com/facebookresearch/Mephisto/issues
[2024-03-01 14:20:54,214][mephisto.operations.operator][INFO] - Operator running task ID = 66
[2024-03-01 14:21:24,221][mephisto.operations.operator][INFO] - Operator running task ID = 66
[2024-03-01 14:21:54,227][mephisto.operations.operator][INFO] - Operator running task ID = 66
[2024-03-01 14:21:59,705][mephisto.operations.client_io_handler][WARNING] - [31;1m[Version Mismatch!!][0m: Package `mephisto-task` version mismatch. Expected version 2.0.4 but frontend is currently using 2.0.3. This may cause unexpected errors, be sure to update your `mephisto-task` dependency with `npm install mephisto-task@2.0.4 --save`. If this warning still persists or the version isn't found, please open an issue at https://github.com/facebookresearch/Mephisto/issues
[2024-03-01 14:22:18,174][mephisto.operations.client_io_handler][WARNING] - [31;1m[Version Mismatch!!][0m: Package `mephisto-task` version mismatch. Expected version 2.0.4 but frontend is currently using 2.0.3. This may cause unexpected errors, be sure to update your `mephisto-task` dependency with `npm install mephisto-task@2.0.4 --save`. If this warning still persists or the version isn't found, please open an issue at https://github.com/facebookresearch/Mephisto/issues
[2024-03-01 14:22:24,233][mephisto.operations.operator][INFO] - Operator running task ID = 66
[2024-03-01 14:22:54,242][mephisto.operations.operator][INFO] - Operator running task ID = 66
[2024-03-01 14:23:24,250][mephisto.operations.operator][INFO] - Operator running task ID = 66
[2024-03-01 14:23:54,258][mephisto.operations.operator][INFO] - Operator running task ID = 66
[2024-03-01 14:24:24,267][mephisto.operations.operator][INFO] - Operator running task ID = 66
[2024-03-01 14:24:54,276][mephisto.operations.operator][INFO] - Operator running task ID = 66
[2024-03-01 14:25:24,282][mephisto.operations.operator][INFO] - Operator running task ID = 66
[2024-03-01 14:25:54,290][mephisto.operations.operator][INFO] - Operator running task ID = 66
[2024-03-01 14:26:24,299][mephisto.operations.operator][INFO] - Operator running task ID = 66
[2024-03-01 14:26:54,307][mephisto.operations.operator][INFO] - Operator running task ID = 66
[2024-03-01 14:27:24,316][mephisto.operations.operator][INFO] - Operator running task ID = 66
[2024-03-01 14:27:54,323][mephisto.operations.operator][INFO] - Operator running task ID = 66
[2024-03-01 14:28:24,331][mephisto.operations.operator][INFO] - Operator running task ID = 66
[2024-03-01 14:28:54,338][mephisto.operations.operator][INFO] - Operator running task ID = 66
[2024-03-01 14:29:24,347][mephisto.operations.operator][INFO] - Operator running task ID = 66
[2024-03-01 14:29:54,354][mephisto.operations.operator][INFO] - Operator running task ID = 66
[2024-03-01 14:30:24,362][mephisto.operations.operator][INFO] - Operator running task ID = 66
[2024-03-01 14:30:54,369][mephisto.operations.operator][INFO] - Operator running task ID = 66
[2024-03-01 14:31:24,377][mephisto.operations.operator][INFO] - Operator running task ID = 66
[2024-03-01 14:31:54,383][mephisto.operations.operator][INFO] - Operator running task ID = 66
[2024-03-01 14:32:24,390][mephisto.operations.operator][INFO] - Operator running task ID = 66
[2024-03-01 14:32:54,397][mephisto.operations.operator][INFO] - Operator running task ID = 66
[2024-03-01 14:33:24,402][mephisto.operations.operator][INFO] - Operator running task ID = 66
[2024-03-01 14:33:54,409][mephisto.operations.operator][INFO] - Operator running task ID = 66
[2024-03-01 14:34:24,418][mephisto.operations.operator][INFO] - Operator running task ID = 66
[2024-03-01 14:34:54,423][mephisto.operations.operator][INFO] - Operator running task ID = 66
[2024-03-01 14:35:24,430][mephisto.operations.operator][INFO] - Operator running task ID = 66
[2024-03-01 14:35:54,438][mephisto.operations.operator][INFO] - Operator running task ID = 66
[2024-03-01 14:36:24,445][mephisto.operations.operator][INFO] - Operator running task ID = 66
[2024-03-01 14:36:54,451][mephisto.operations.operator][INFO] - Operator running task ID = 66
[2024-03-01 14:37:24,458][mephisto.operations.operator][INFO] - Operator running task ID = 66
[2024-03-01 14:37:54,463][mephisto.operations.operator][INFO] - Operator running task ID = 66
[2024-03-01 14:38:24,470][mephisto.operations.operator][INFO] - Operator running task ID = 66
[2024-03-01 14:38:54,475][mephisto.operations.operator][INFO] - Operator running task ID = 66
[2024-03-01 14:39:24,481][mephisto.operations.operator][INFO] - Operator running task ID = 66
[2024-03-01 14:39:54,487][mephisto.operations.operator][INFO] - Operator running task ID = 66
[2024-03-01 14:40:24,493][mephisto.operations.operator][INFO] - Operator running task ID = 66
[2024-03-01 14:40:54,500][mephisto.operations.operator][INFO] - Operator running task ID = 66
[2024-03-01 14:41:24,504][mephisto.operations.operator][INFO] - Operator running task ID = 66
[2024-03-01 14:41:42,899][mephisto.operations.client_io_handler][WARNING] - [31;1m[Version Mismatch!!][0m: Package `mephisto-task` version mismatch. Expected version 2.0.4 but frontend is currently using 2.0.3. This may cause unexpected errors, be sure to update your `mephisto-task` dependency with `npm install mephisto-task@2.0.4 --save`. If this warning still persists or the version isn't found, please open an issue at https://github.com/facebookresearch/Mephisto/issues
[2024-03-01 14:41:54,509][mephisto.operations.operator][INFO] - Operator running task ID = 66
[2024-03-01 14:42:24,516][mephisto.operations.operator][INFO] - Operator running task ID = 66
[2024-03-01 14:42:34,684][mephisto.operations.client_io_handler][WARNING] - [31;1m[Version Mismatch!!][0m: Package `mephisto-task` version mismatch. Expected version 2.0.4 but frontend is currently using 2.0.3. This may cause unexpected errors, be sure to update your `mephisto-task` dependency with `npm install mephisto-task@2.0.4 --save`. If this warning still persists or the version isn't found, please open an issue at https://github.com/facebookresearch/Mephisto/issues
[2024-03-01 14:42:54,523][mephisto.operations.operator][INFO] - Operator running task ID = 66
[2024-03-01 14:43:12,506][mephisto.operations.client_io_handler][WARNING] - [31;1m[Version Mismatch!!][0m: Package `mephisto-task` version mismatch. Expected version 2.0.4 but frontend is currently using 2.0.3. This may cause unexpected errors, be sure to update your `mephisto-task` dependency with `npm install mephisto-task@2.0.4 --save`. If this warning still persists or the version isn't found, please open an issue at https://github.com/facebookresearch/Mephisto/issues
[2024-03-01 14:43:24,527][mephisto.operations.operator][INFO] - Operator running task ID = 66
[2024-03-01 14:43:54,534][mephisto.operations.operator][INFO] - Operator running task ID = 66
[2024-03-01 14:44:24,077][mephisto.operations.client_io_handler][WARNING] - [31;1m[Version Mismatch!!][0m: Package `mephisto-task` version mismatch. Expected version 2.0.4 but frontend is currently using 2.0.3. This may cause unexpected errors, be sure to update your `mephisto-task` dependency with `npm install mephisto-task@2.0.4 --save`. If this warning still persists or the version isn't found, please open an issue at https://github.com/facebookresearch/Mephisto/issues
[2024-03-01 14:44:24,538][mephisto.operations.operator][INFO] - Operator running task ID = 66
[2024-03-01 14:44:54,544][mephisto.operations.operator][INFO] - Operator running task ID = 66
[2024-03-01 14:44:57,536][mephisto.abstractions.blueprints.abstract.static_task.static_agent_state][INFO] - SAVED_DATA_TO_DISC at /home/martins_32048/mephisto-data/data/data/runs/NO_PROJECT/66/920/246/agent_data.json
[2024-03-01 14:45:24,548][mephisto.operations.operator][INFO] - Operator running task ID = 66
[2024-03-01 14:45:54,554][mephisto.operations.operator][INFO] - Operator running task ID = 66
[2024-03-01 14:46:24,561][mephisto.operations.operator][INFO] - Operator running task ID = 66
[2024-03-01 14:46:54,567][mephisto.operations.operator][INFO] - Operator running task ID = 66
[2024-03-01 14:47:24,572][mephisto.operations.operator][INFO] - Operator running task ID = 66
[2024-03-01 14:47:54,577][mephisto.operations.operator][INFO] - Operator running task ID = 66
[2024-03-01 14:48:24,582][mephisto.operations.operator][INFO] - Operator running task ID = 66
[2024-03-01 14:48:54,587][mephisto.operations.operator][INFO] - Operator running task ID = 66
[2024-03-01 14:49:24,592][mephisto.operations.operator][INFO] - Operator running task ID = 66
[2024-03-01 14:49:54,597][mephisto.operations.operator][INFO] - Operator running task ID = 66
[2024-03-01 14:50:24,602][mephisto.operations.operator][INFO] - Operator running task ID = 66
[2024-03-01 14:50:54,606][mephisto.operations.operator][INFO] - Operator running task ID = 66
[2024-03-01 14:51:24,612][mephisto.operations.operator][INFO] - Operator running task ID = 66
[2024-03-01 14:51:54,617][mephisto.operations.operator][INFO] - Operator running task ID = 66
[2024-03-01 14:52:24,623][mephisto.operations.operator][INFO] - Operator running task ID = 66
[2024-03-01 14:52:54,629][mephisto.operations.operator][INFO] - Operator running task ID = 66
[2024-03-01 14:53:18,143][mephisto.operations.operator][ERROR] - Cleaning up after keyboard interrupt, please [31;1mwait to Ctrl-C again[0m until instructed to.
[2024-03-01 14:53:18,143][mephisto.operations.operator][INFO] - operator shutting down
[2024-03-01 14:53:18,143][mephisto.operations.operator][INFO] - Expiring units for task run 66.
[2024-03-01 14:53:18,306][mephisto.operations.operator][INFO] - Waiting on 1 task runs with assignments in-flight. [31;1mCtrl-C ONCE[0m to kill running tasks and FORCE QUIT.
[2024-03-01 14:53:18,530][sh.command][INFO] - <Command '/usr/bin/rm -rf /home/martins_32048/Projects/Mephisto/tmp/local_server_66/server', pid 1974243>: process started
