[2024-02-29 18:45:00,033][root][WARNING] - Mephisto supports rich run-time metrics visualization through Prometheus and Grafana. If you'd like to use this feature, use `mephisto metrics install` to install.(Current install dir is '/home/martins_32048/Projects/Mephisto/mephisto/scripts/metrics')'
[2024-02-29 18:45:00,084][mephisto.operations.operator][INFO] - Creating a task run under task name: react-static-task-example
[2024-02-29 18:45:01,366][sh.command][INFO] - <Command '/usr/bin/rm -rf /home/martins_32048/mephisto-data/data/data/runs/NO_PROJECT/63/build/router', pid 1926599>: process started
[2024-02-29 18:45:02,660][sh.command][INFO] - <Command '/usr/bin/rm -rf /home/martins_32048/mephisto-data/data/data/runs/NO_PROJECT/63/build/router', pid 1926611>: process started
[2024-02-29 18:45:02,677][mephisto.operations.client_io_handler][INFO] - Sending alive
[2024-02-29 18:45:02,677][mephisto.operations.client_io_handler][INFO] - Sending alive
[2024-02-29 18:45:02,690][mephisto.operations.client_io_handler][INFO] - Sending alive
[2024-02-29 18:45:02,690][mephisto.abstractions.architects.channels.websocket_channel][INFO] - channel open
[2024-02-29 18:45:02,980][mephisto.operations.operator][INFO] - Operator running task ID = 63
[2024-02-29 18:45:13,006][mephisto.abstractions.providers.mock.mock_unit][INFO] - Mock task launched: http://localhost:3000 for preview, http://localhost:3000/?worker_id=x&assignment_id=1803 for assignment 893
[2024-02-29 18:45:13,009][mephisto.abstractions.providers.mock.mock_unit][INFO] - Mock task launched: http://localhost:3000 for preview, http://localhost:3000/?worker_id=x&assignment_id=1804 for assignment 894
[2024-02-29 18:45:13,012][mephisto.abstractions.providers.mock.mock_unit][INFO] - Mock task launched: http://localhost:3000 for preview, http://localhost:3000/?worker_id=x&assignment_id=1805 for assignment 895
[2024-02-29 18:45:13,015][mephisto.abstractions.providers.mock.mock_unit][INFO] - Mock task launched: http://localhost:3000 for preview, http://localhost:3000/?worker_id=x&assignment_id=1806 for assignment 896
[2024-02-29 18:45:13,016][mephisto.abstractions.providers.mock.mock_unit][INFO] - Mock task launched: http://localhost:3000 for preview, http://localhost:3000/?worker_id=x&assignment_id=1807 for assignment 897
[2024-02-29 18:45:13,018][mephisto.abstractions.providers.mock.mock_unit][INFO] - Mock task launched: http://localhost:3000 for preview, http://localhost:3000/?worker_id=x&assignment_id=1808 for assignment 898
[2024-02-29 18:45:13,019][mephisto.abstractions.providers.mock.mock_unit][INFO] - Mock task launched: http://localhost:3000 for preview, http://localhost:3000/?worker_id=x&assignment_id=1809 for assignment 899
[2024-02-29 18:45:13,021][mephisto.abstractions.providers.mock.mock_unit][INFO] - Mock task launched: http://localhost:3000 for preview, http://localhost:3000/?worker_id=x&assignment_id=1810 for assignment 900
[2024-02-29 18:45:13,022][mephisto.abstractions.providers.mock.mock_unit][INFO] - Mock task launched: http://localhost:3000 for preview, http://localhost:3000/?worker_id=x&assignment_id=1811 for assignment 901
[2024-02-29 18:45:23,877][mephisto.operations.client_io_handler][WARNING] - [31;1m[Version Mismatch!!][0m: Package `mephisto-task` version mismatch. Expected version 2.0.4 but frontend is currently using 2.0.3. This may cause unexpected errors, be sure to update your `mephisto-task` dependency with `npm install mephisto-task@2.0.4 --save`. If this warning still persists or the version isn't found, please open an issue at https://github.com/facebookresearch/Mephisto/issues
[2024-02-29 18:45:23,893][mephisto.abstractions.blueprints.abstract.static_task.static_agent_state][INFO] - SAVED_DATA_TO_DISC at /home/martins_32048/mephisto-data/data/data/runs/NO_PROJECT/63/893/238/agent_data.json
[2024-02-29 18:45:25,780][mephisto.abstractions.blueprints.abstract.static_task.static_agent_state][INFO] - SAVED_DATA_TO_DISC at /home/martins_32048/mephisto-data/data/data/runs/NO_PROJECT/63/893/238/agent_data.json
[2024-02-29 18:45:32,990][mephisto.operations.operator][INFO] - Operator running task ID = 63
[2024-02-29 18:45:34,603][mephisto.abstractions.blueprints.abstract.static_task.static_agent_state][INFO] - SAVED_DATA_TO_DISC at /home/martins_32048/mephisto-data/data/data/runs/NO_PROJECT/63/893/238/agent_data.json
[2024-02-29 18:45:36,273][mephisto.abstractions.blueprints.abstract.static_task.static_agent_state][INFO] - SAVED_DATA_TO_DISC at /home/martins_32048/mephisto-data/data/data/runs/NO_PROJECT/63/893/238/agent_data.json
[2024-02-29 18:45:38,537][mephisto.abstractions.blueprints.abstract.static_task.static_agent_state][INFO] - SAVED_DATA_TO_DISC at /home/martins_32048/mephisto-data/data/data/runs/NO_PROJECT/63/893/238/agent_data.json
[2024-02-29 18:45:39,751][mephisto.abstractions.blueprints.abstract.static_task.static_agent_state][INFO] - SAVED_DATA_TO_DISC at /home/martins_32048/mephisto-data/data/data/runs/NO_PROJECT/63/893/238/agent_data.json
[2024-02-29 18:46:03,000][mephisto.operations.operator][INFO] - Operator running task ID = 63
[2024-02-29 18:46:33,009][mephisto.operations.operator][INFO] - Operator running task ID = 63
[2024-02-29 18:47:03,017][mephisto.operations.operator][INFO] - Operator running task ID = 63
[2024-02-29 18:47:33,029][mephisto.operations.operator][INFO] - Operator running task ID = 63
[2024-02-29 18:48:03,038][mephisto.operations.operator][INFO] - Operator running task ID = 63
[2024-02-29 18:48:21,256][mephisto.operations.operator][ERROR] - Cleaning up after keyboard interrupt, please [31;1mwait to Ctrl-C again[0m until instructed to.
[2024-02-29 18:48:21,257][mephisto.operations.operator][INFO] - operator shutting down
[2024-02-29 18:48:21,257][mephisto.operations.operator][INFO] - Expiring units for task run 63.
[2024-02-29 18:48:21,315][mephisto.operations.operator][INFO] - Waiting on 1 task runs with assignments in-flight. [31;1mCtrl-C ONCE[0m to kill running tasks and FORCE QUIT.
[2024-02-29 18:48:51,321][mephisto.operations.operator][INFO] - Waiting on 1 task runs with assignments in-flight. [31;1mCtrl-C ONCE[0m to kill running tasks and FORCE QUIT.
[2024-02-29 18:49:21,327][mephisto.operations.operator][INFO] - Waiting on 1 task runs with assignments in-flight. [31;1mCtrl-C ONCE[0m to kill running tasks and FORCE QUIT.
[2024-02-29 18:49:51,344][mephisto.operations.operator][INFO] - Waiting on 1 task runs with assignments in-flight. [31;1mCtrl-C ONCE[0m to kill running tasks and FORCE QUIT.
[2024-02-29 18:50:21,350][mephisto.operations.operator][INFO] - Waiting on 1 task runs with assignments in-flight. [31;1mCtrl-C ONCE[0m to kill running tasks and FORCE QUIT.
[2024-02-29 18:50:51,378][mephisto.operations.operator][INFO] - Waiting on 1 task runs with assignments in-flight. [31;1mCtrl-C ONCE[0m to kill running tasks and FORCE QUIT.
[2024-02-29 18:51:21,406][mephisto.operations.operator][INFO] - Waiting on 1 task runs with assignments in-flight. [31;1mCtrl-C ONCE[0m to kill running tasks and FORCE QUIT.
[2024-02-29 18:51:51,418][mephisto.operations.operator][INFO] - Waiting on 1 task runs with assignments in-flight. [31;1mCtrl-C ONCE[0m to kill running tasks and FORCE QUIT.
[2024-02-29 18:51:56,540][mephisto.operations.operator][WARNING] - Skipping waiting for outstanding task completions, shutting down servers now!Follow cleanup instructions [31;1mclosely[0m for proper cleanup.
[2024-02-29 18:51:56,540][mephisto.operations.operator][WARNING] - Cleaning up run 63. [31;1mCtrl-C once per step[0m to skip that step.
[2024-02-29 18:51:56,540][mephisto.operations.operator][WARNING] - Shutting down active Units in-flight.
[2024-02-29 18:51:56,540][mephisto.operations.operator][WARNING] - Cleaning up remaining workers.
[2024-02-29 18:51:56,540][mephisto.operations.operator][WARNING] - Closing client communications.
[2024-02-29 18:51:56,745][mephisto.operations.operator][WARNING] - Shutting down servers
[2024-02-29 18:51:56,757][sh.command][INFO] - <Command '/usr/bin/rm -rf /home/martins_32048/Projects/Mephisto/tmp/local_server_63/server', pid 1926929>: process started
