[2024-02-29 13:22:35,006][root][WARNING] - Mephisto supports rich run-time metrics visualization through Prometheus and Grafana. If you'd like to use this feature, use `mephisto metrics install` to install.(Current install dir is '/home/martins_32048/Projects/Mephisto/mephisto/scripts/metrics')'
[2024-02-29 13:22:35,055][mephisto.operations.operator][INFO] - Creating a task run under task name: react-static-task-example
[2024-02-29 13:22:35,859][sh.command][INFO] - <Command '/usr/bin/rm -rf /home/martins_32048/mephisto-data/data/data/runs/NO_PROJECT/51/build/router', pid 1905322>: process started
[2024-02-29 13:22:37,153][sh.command][INFO] - <Command '/usr/bin/rm -rf /home/martins_32048/mephisto-data/data/data/runs/NO_PROJECT/51/build/router', pid 1905334>: process started
[2024-02-29 13:22:37,173][mephisto.operations.client_io_handler][INFO] - Sending alive
[2024-02-29 13:22:37,173][mephisto.operations.client_io_handler][INFO] - Sending alive
[2024-02-29 13:22:37,190][mephisto.operations.client_io_handler][INFO] - Sending alive
[2024-02-29 13:22:37,190][mephisto.abstractions.architects.channels.websocket_channel][INFO] - channel open
[2024-02-29 13:22:37,637][mephisto.operations.operator][INFO] - Operator running task ID = 51
[2024-02-29 13:22:37,639][mephisto.abstractions.providers.mock.mock_unit][INFO] - Mock task launched: http://localhost:3000 for preview, http://localhost:3000/?worker_id=x&assignment_id=1458 for assignment 548
[2024-02-29 13:22:37,640][mephisto.abstractions.providers.mock.mock_unit][INFO] - Mock task launched: http://localhost:3000 for preview, http://localhost:3000/?worker_id=x&assignment_id=1459 for assignment 549
[2024-02-29 13:22:37,642][mephisto.abstractions.providers.mock.mock_unit][INFO] - Mock task launched: http://localhost:3000 for preview, http://localhost:3000/?worker_id=x&assignment_id=1460 for assignment 550
[2024-02-29 13:22:37,643][mephisto.abstractions.providers.mock.mock_unit][INFO] - Mock task launched: http://localhost:3000 for preview, http://localhost:3000/?worker_id=x&assignment_id=1461 for assignment 551
[2024-02-29 13:22:37,645][mephisto.abstractions.providers.mock.mock_unit][INFO] - Mock task launched: http://localhost:3000 for preview, http://localhost:3000/?worker_id=x&assignment_id=1462 for assignment 552
[2024-02-29 13:22:37,646][mephisto.abstractions.providers.mock.mock_unit][INFO] - Mock task launched: http://localhost:3000 for preview, http://localhost:3000/?worker_id=x&assignment_id=1463 for assignment 553
[2024-02-29 13:22:37,648][mephisto.abstractions.providers.mock.mock_unit][INFO] - Mock task launched: http://localhost:3000 for preview, http://localhost:3000/?worker_id=x&assignment_id=1464 for assignment 554
[2024-02-29 13:22:37,649][mephisto.abstractions.providers.mock.mock_unit][INFO] - Mock task launched: http://localhost:3000 for preview, http://localhost:3000/?worker_id=x&assignment_id=1465 for assignment 555
[2024-02-29 13:22:37,651][mephisto.abstractions.providers.mock.mock_unit][INFO] - Mock task launched: http://localhost:3000 for preview, http://localhost:3000/?worker_id=x&assignment_id=1466 for assignment 556
[2024-02-29 13:22:37,652][mephisto.abstractions.providers.mock.mock_unit][INFO] - Mock task launched: http://localhost:3000 for preview, http://localhost:3000/?worker_id=x&assignment_id=1467 for assignment 557
[2024-02-29 13:22:37,654][mephisto.abstractions.providers.mock.mock_unit][INFO] - Mock task launched: http://localhost:3000 for preview, http://localhost:3000/?worker_id=x&assignment_id=1468 for assignment 558
[2024-02-29 13:22:37,655][mephisto.abstractions.providers.mock.mock_unit][INFO] - Mock task launched: http://localhost:3000 for preview, http://localhost:3000/?worker_id=x&assignment_id=1469 for assignment 559
[2024-02-29 13:22:37,657][mephisto.abstractions.providers.mock.mock_unit][INFO] - Mock task launched: http://localhost:3000 for preview, http://localhost:3000/?worker_id=x&assignment_id=1470 for assignment 560
[2024-02-29 13:22:37,658][mephisto.abstractions.providers.mock.mock_unit][INFO] - Mock task launched: http://localhost:3000 for preview, http://localhost:3000/?worker_id=x&assignment_id=1471 for assignment 561
[2024-02-29 13:22:37,660][mephisto.abstractions.providers.mock.mock_unit][INFO] - Mock task launched: http://localhost:3000 for preview, http://localhost:3000/?worker_id=x&assignment_id=1472 for assignment 562
[2024-02-29 13:22:37,661][mephisto.abstractions.providers.mock.mock_unit][INFO] - Mock task launched: http://localhost:3000 for preview, http://localhost:3000/?worker_id=x&assignment_id=1473 for assignment 563
[2024-02-29 13:22:37,662][mephisto.abstractions.providers.mock.mock_unit][INFO] - Mock task launched: http://localhost:3000 for preview, http://localhost:3000/?worker_id=x&assignment_id=1474 for assignment 564
[2024-02-29 13:22:37,664][mephisto.abstractions.providers.mock.mock_unit][INFO] - Mock task launched: http://localhost:3000 for preview, http://localhost:3000/?worker_id=x&assignment_id=1475 for assignment 565
[2024-02-29 13:22:37,665][mephisto.abstractions.providers.mock.mock_unit][INFO] - Mock task launched: http://localhost:3000 for preview, http://localhost:3000/?worker_id=x&assignment_id=1476 for assignment 566
[2024-02-29 13:22:37,667][mephisto.abstractions.providers.mock.mock_unit][INFO] - Mock task launched: http://localhost:3000 for preview, http://localhost:3000/?worker_id=x&assignment_id=1477 for assignment 567
[2024-02-29 13:22:37,668][mephisto.abstractions.providers.mock.mock_unit][INFO] - Mock task launched: http://localhost:3000 for preview, http://localhost:3000/?worker_id=x&assignment_id=1478 for assignment 568
[2024-02-29 13:22:37,670][mephisto.abstractions.providers.mock.mock_unit][INFO] - Mock task launched: http://localhost:3000 for preview, http://localhost:3000/?worker_id=x&assignment_id=1479 for assignment 569
[2024-02-29 13:22:37,671][mephisto.abstractions.providers.mock.mock_unit][INFO] - Mock task launched: http://localhost:3000 for preview, http://localhost:3000/?worker_id=x&assignment_id=1480 for assignment 570
[2024-02-29 13:22:37,673][mephisto.abstractions.providers.mock.mock_unit][INFO] - Mock task launched: http://localhost:3000 for preview, http://localhost:3000/?worker_id=x&assignment_id=1481 for assignment 571
[2024-02-29 13:22:37,674][mephisto.abstractions.providers.mock.mock_unit][INFO] - Mock task launched: http://localhost:3000 for preview, http://localhost:3000/?worker_id=x&assignment_id=1482 for assignment 572
[2024-02-29 13:22:37,676][mephisto.abstractions.providers.mock.mock_unit][INFO] - Mock task launched: http://localhost:3000 for preview, http://localhost:3000/?worker_id=x&assignment_id=1483 for assignment 573
[2024-02-29 13:22:37,677][mephisto.abstractions.providers.mock.mock_unit][INFO] - Mock task launched: http://localhost:3000 for preview, http://localhost:3000/?worker_id=x&assignment_id=1484 for assignment 574
[2024-02-29 13:22:37,678][mephisto.abstractions.providers.mock.mock_unit][INFO] - Mock task launched: http://localhost:3000 for preview, http://localhost:3000/?worker_id=x&assignment_id=1485 for assignment 575
[2024-02-29 13:22:37,680][mephisto.abstractions.providers.mock.mock_unit][INFO] - Mock task launched: http://localhost:3000 for preview, http://localhost:3000/?worker_id=x&assignment_id=1486 for assignment 576
[2024-02-29 13:22:37,681][mephisto.abstractions.providers.mock.mock_unit][INFO] - Mock task launched: http://localhost:3000 for preview, http://localhost:3000/?worker_id=x&assignment_id=1487 for assignment 577
[2024-02-29 13:22:37,683][mephisto.abstractions.providers.mock.mock_unit][INFO] - Mock task launched: http://localhost:3000 for preview, http://localhost:3000/?worker_id=x&assignment_id=1488 for assignment 578
[2024-02-29 13:22:37,684][mephisto.abstractions.providers.mock.mock_unit][INFO] - Mock task launched: http://localhost:3000 for preview, http://localhost:3000/?worker_id=x&assignment_id=1489 for assignment 579
[2024-02-29 13:22:37,685][mephisto.abstractions.providers.mock.mock_unit][INFO] - Mock task launched: http://localhost:3000 for preview, http://localhost:3000/?worker_id=x&assignment_id=1490 for assignment 580
[2024-02-29 13:22:37,687][mephisto.abstractions.providers.mock.mock_unit][INFO] - Mock task launched: http://localhost:3000 for preview, http://localhost:3000/?worker_id=x&assignment_id=1491 for assignment 581
[2024-02-29 13:22:37,688][mephisto.abstractions.providers.mock.mock_unit][INFO] - Mock task launched: http://localhost:3000 for preview, http://localhost:3000/?worker_id=x&assignment_id=1492 for assignment 582
[2024-02-29 13:22:37,690][mephisto.abstractions.providers.mock.mock_unit][INFO] - Mock task launched: http://localhost:3000 for preview, http://localhost:3000/?worker_id=x&assignment_id=1493 for assignment 583
[2024-02-29 13:22:37,691][mephisto.abstractions.providers.mock.mock_unit][INFO] - Mock task launched: http://localhost:3000 for preview, http://localhost:3000/?worker_id=x&assignment_id=1494 for assignment 584
[2024-02-29 13:22:37,692][mephisto.abstractions.providers.mock.mock_unit][INFO] - Mock task launched: http://localhost:3000 for preview, http://localhost:3000/?worker_id=x&assignment_id=1495 for assignment 585
[2024-02-29 13:22:37,694][mephisto.abstractions.providers.mock.mock_unit][INFO] - Mock task launched: http://localhost:3000 for preview, http://localhost:3000/?worker_id=x&assignment_id=1496 for assignment 586
[2024-02-29 13:22:37,695][mephisto.abstractions.providers.mock.mock_unit][INFO] - Mock task launched: http://localhost:3000 for preview, http://localhost:3000/?worker_id=x&assignment_id=1497 for assignment 587
[2024-02-29 13:22:37,696][mephisto.abstractions.providers.mock.mock_unit][INFO] - Mock task launched: http://localhost:3000 for preview, http://localhost:3000/?worker_id=x&assignment_id=1498 for assignment 588
[2024-02-29 13:22:37,698][mephisto.abstractions.providers.mock.mock_unit][INFO] - Mock task launched: http://localhost:3000 for preview, http://localhost:3000/?worker_id=x&assignment_id=1499 for assignment 589
[2024-02-29 13:22:37,699][mephisto.abstractions.providers.mock.mock_unit][INFO] - Mock task launched: http://localhost:3000 for preview, http://localhost:3000/?worker_id=x&assignment_id=1500 for assignment 590
[2024-02-29 13:22:39,760][mephisto.operations.client_io_handler][WARNING] - [31;1m[Version Mismatch!!][0m: Package `mephisto-task` version mismatch. Expected version 2.0.4 but frontend is currently using 2.0.3. This may cause unexpected errors, be sure to update your `mephisto-task` dependency with `npm install mephisto-task@2.0.4 --save`. If this warning still persists or the version isn't found, please open an issue at https://github.com/facebookresearch/Mephisto/issues
[2024-02-29 13:22:39,800][mephisto.abstractions.blueprints.abstract.static_task.static_agent_state][INFO] - SAVED_DATA_TO_DISC at /home/martins_32048/mephisto-data/data/data/runs/NO_PROJECT/51/548/198/agent_data.json
[2024-02-29 13:22:39,817][mephisto.operations.client_io_handler][WARNING] - [FRONT_END_ERROR]: {'error': "Cannot read properties of undefined (reading 'word')", 'errorInfo': {'componentStack': '\n    at SimpleFrontend (webpack://mephisto-task-compiler/./src/components/core_components.jsx?:98:24)\n    at p (webpack://mephisto-task-compiler/./node_modules/mephisto-task/build/bundle.js?:1:51620)\n    at div\n    at MainApp (webpack://mephisto-task-compiler/./src/app.jsx?:24:88)'}}
[2024-02-29 13:22:58,058][mephisto.operations.operator][ERROR] - Cleaning up after keyboard interrupt, please [31;1mwait to Ctrl-C again[0m until instructed to.
[2024-02-29 13:22:58,058][mephisto.operations.operator][INFO] - operator shutting down
[2024-02-29 13:22:58,059][mephisto.operations.operator][INFO] - Expiring units for task run 51.
[2024-02-29 13:22:58,251][mephisto.operations.operator][INFO] - Waiting on 1 task runs with assignments in-flight. [31;1mCtrl-C ONCE[0m to kill running tasks and FORCE QUIT.
[2024-02-29 13:22:58,475][sh.command][INFO] - <Command '/usr/bin/rm -rf /home/martins_32048/Projects/Mephisto/tmp/local_server_51/server', pid 1905371>: process started
