[2024-02-27 11:21:02,080][root][WARNING] - Mephisto supports rich run-time metrics visualization through Prometheus and Grafana. If you'd like to use this feature, use `mephisto metrics install` to install.(Current install dir is '/home/martins_32048/Projects/Mephisto/mephisto/scripts/metrics')'
[2024-02-27 11:21:02,120][mephisto.operations.operator][INFO] - Creating a task run under task name: react-static-task-example
[2024-02-27 11:21:03,485][sh.command][INFO] - <Command '/usr/bin/rm -rf /home/martins_32048/mephisto-data/data/data/runs/NO_PROJECT/31/build/router', pid 1742467>: process started
[2024-02-27 11:21:04,817][sh.command][INFO] - <Command '/usr/bin/rm -rf /home/martins_32048/mephisto-data/data/data/runs/NO_PROJECT/31/build/router', pid 1742479>: process started
[2024-02-27 11:21:04,827][mephisto.operations.client_io_handler][INFO] - Sending alive
[2024-02-27 11:21:04,828][mephisto.operations.client_io_handler][INFO] - Sending alive
[2024-02-27 11:21:04,840][mephisto.operations.client_io_handler][INFO] - Sending alive
[2024-02-27 11:21:04,840][mephisto.abstractions.architects.channels.websocket_channel][INFO] - channel open
[2024-02-27 11:21:05,154][mephisto.operations.operator][INFO] - Operator running task ID = 31
[2024-02-27 11:21:05,156][mephisto.abstractions.providers.mock.mock_unit][INFO] - Mock task launched: http://localhost:3000 for preview, http://localhost:3000/?worker_id=x&assignment_id=71 for assignment 57
[2024-02-27 11:21:05,157][mephisto.abstractions.providers.mock.mock_unit][INFO] - Mock task launched: http://localhost:3000 for preview, http://localhost:3000/?worker_id=x&assignment_id=72 for assignment 57
[2024-02-27 11:21:05,158][mephisto.abstractions.providers.mock.mock_unit][INFO] - Mock task launched: http://localhost:3000 for preview, http://localhost:3000/?worker_id=x&assignment_id=73 for assignment 57
[2024-02-27 11:21:05,160][mephisto.abstractions.providers.mock.mock_unit][INFO] - Mock task launched: http://localhost:3000 for preview, http://localhost:3000/?worker_id=x&assignment_id=74 for assignment 58
[2024-02-27 11:21:05,162][mephisto.abstractions.providers.mock.mock_unit][INFO] - Mock task launched: http://localhost:3000 for preview, http://localhost:3000/?worker_id=x&assignment_id=75 for assignment 58
[2024-02-27 11:21:05,163][mephisto.abstractions.providers.mock.mock_unit][INFO] - Mock task launched: http://localhost:3000 for preview, http://localhost:3000/?worker_id=x&assignment_id=76 for assignment 58
[2024-02-27 11:21:35,162][mephisto.operations.operator][INFO] - Operator running task ID = 31
[2024-02-27 11:21:49,404][mephisto.operations.client_io_handler][WARNING] - [31;1m[Version Mismatch!!][0m: Package `mephisto-task` version mismatch. Expected version 2.0.4 but frontend is currently using 2.0.3. This may cause unexpected errors, be sure to update your `mephisto-task` dependency with `npm install mephisto-task@2.0.4 --save`. If this warning still persists or the version isn't found, please open an issue at https://github.com/facebookresearch/Mephisto/issues
[2024-02-27 11:21:49,456][mephisto.abstractions.blueprints.abstract.static_task.static_agent_state][INFO] - SAVED_DATA_TO_DISC at /home/martins_32048/mephisto-data/data/data/runs/NO_PROJECT/31/onboarding/onboarding_17/agent_data.json
[2024-02-27 11:21:49,456][mephisto.operations.worker_pool][INFO] - MockWorker(16) is starting onboarding thread with onboarding OnboardingAgent(17, none).
[2024-02-27 11:21:51,511][mephisto.abstractions.blueprints.abstract.static_task.static_agent_state][INFO] - SAVED_DATA_TO_DISC at /home/martins_32048/mephisto-data/data/data/runs/NO_PROJECT/31/onboarding/onboarding_17/agent_data.json
[2024-02-27 11:21:51,518][mephisto.operations.worker_pool][INFO] - Onboarding agent onboarding_17 registered out from onboarding
[2024-02-27 11:21:51,523][mephisto.abstractions.blueprints.abstract.static_task.static_agent_state][INFO] - SAVED_DATA_TO_DISC at /home/martins_32048/mephisto-data/data/data/runs/NO_PROJECT/31/57/39/agent_data.json
[2024-02-27 11:22:05,170][mephisto.operations.operator][INFO] - Operator running task ID = 31
[2024-02-27 11:22:35,181][mephisto.operations.operator][INFO] - Operator running task ID = 31
[2024-02-27 11:22:36,669][mephisto.operations.client_io_handler][WARNING] - [31;1m[Version Mismatch!!][0m: Package `mephisto-task` version mismatch. Expected version 2.0.4 but frontend is currently using 2.0.3. This may cause unexpected errors, be sure to update your `mephisto-task` dependency with `npm install mephisto-task@2.0.4 --save`. If this warning still persists or the version isn't found, please open an issue at https://github.com/facebookresearch/Mephisto/issues
[2024-02-27 11:23:05,190][mephisto.operations.operator][INFO] - Operator running task ID = 31
[2024-02-27 11:23:35,196][mephisto.operations.operator][INFO] - Operator running task ID = 31
[2024-02-27 11:23:58,422][mephisto.abstractions.blueprints.abstract.static_task.static_agent_state][INFO] - SAVED_DATA_TO_DISC at /home/martins_32048/mephisto-data/data/data/runs/NO_PROJECT/31/57/39/agent_data.json
[2024-02-27 11:24:05,206][mephisto.operations.operator][INFO] - Operator running task ID = 31
[2024-02-27 11:24:35,215][mephisto.operations.operator][INFO] - Operator running task ID = 31
[2024-02-27 11:25:05,222][mephisto.operations.operator][INFO] - Operator running task ID = 31
[2024-02-27 11:25:35,228][mephisto.operations.operator][INFO] - Operator running task ID = 31
[2024-02-27 11:26:05,234][mephisto.operations.operator][INFO] - Operator running task ID = 31
[2024-02-27 11:26:14,664][mephisto.abstractions.blueprints.abstract.static_task.static_agent_state][INFO] - SAVED_DATA_TO_DISC at /home/martins_32048/mephisto-data/data/data/runs/NO_PROJECT/31/57/39/agent_data.json
[2024-02-27 11:26:35,240][mephisto.operations.operator][INFO] - Operator running task ID = 31
[2024-02-27 11:27:05,252][mephisto.operations.operator][INFO] - Operator running task ID = 31
[2024-02-27 11:27:35,260][mephisto.operations.operator][INFO] - Operator running task ID = 31
[2024-02-27 11:28:05,270][mephisto.operations.operator][INFO] - Operator running task ID = 31
[2024-02-27 11:28:35,280][mephisto.operations.operator][INFO] - Operator running task ID = 31
[2024-02-27 11:29:05,287][mephisto.operations.operator][INFO] - Operator running task ID = 31
[2024-02-27 11:29:35,297][mephisto.operations.operator][INFO] - Operator running task ID = 31
[2024-02-27 11:30:05,310][mephisto.operations.operator][INFO] - Operator running task ID = 31
[2024-02-27 11:30:35,318][mephisto.operations.operator][INFO] - Operator running task ID = 31
[2024-02-27 11:31:05,326][mephisto.operations.operator][INFO] - Operator running task ID = 31
[2024-02-27 11:31:35,336][mephisto.operations.operator][INFO] - Operator running task ID = 31
[2024-02-27 11:32:05,342][mephisto.operations.operator][INFO] - Operator running task ID = 31
[2024-02-27 11:32:35,348][mephisto.operations.operator][INFO] - Operator running task ID = 31
[2024-02-27 11:33:05,357][mephisto.operations.operator][INFO] - Operator running task ID = 31
[2024-02-27 11:33:35,364][mephisto.operations.operator][INFO] - Operator running task ID = 31
[2024-02-27 11:34:05,370][mephisto.operations.operator][INFO] - Operator running task ID = 31
[2024-02-27 11:34:35,379][mephisto.operations.operator][INFO] - Operator running task ID = 31
[2024-02-27 11:35:05,386][mephisto.operations.operator][INFO] - Operator running task ID = 31
[2024-02-27 11:35:13,088][mephisto.operations.client_io_handler][WARNING] - [31;1m[Version Mismatch!!][0m: Package `mephisto-task` version mismatch. Expected version 2.0.4 but frontend is currently using 2.0.3. This may cause unexpected errors, be sure to update your `mephisto-task` dependency with `npm install mephisto-task@2.0.4 --save`. If this warning still persists or the version isn't found, please open an issue at https://github.com/facebookresearch/Mephisto/issues
[2024-02-27 11:35:35,393][mephisto.operations.operator][INFO] - Operator running task ID = 31
[2024-02-27 11:36:05,398][mephisto.operations.operator][INFO] - Operator running task ID = 31
[2024-02-27 11:36:35,403][mephisto.operations.operator][INFO] - Operator running task ID = 31
[2024-02-27 11:37:05,410][mephisto.operations.operator][INFO] - Operator running task ID = 31
[2024-02-27 11:37:27,798][mephisto.operations.client_io_handler][WARNING] - [31;1m[Version Mismatch!!][0m: Package `mephisto-task` version mismatch. Expected version 2.0.4 but frontend is currently using 2.0.3. This may cause unexpected errors, be sure to update your `mephisto-task` dependency with `npm install mephisto-task@2.0.4 --save`. If this warning still persists or the version isn't found, please open an issue at https://github.com/facebookresearch/Mephisto/issues
[2024-02-27 11:37:35,416][mephisto.operations.operator][INFO] - Operator running task ID = 31
[2024-02-27 11:38:05,425][mephisto.operations.operator][INFO] - Operator running task ID = 31
[2024-02-27 11:38:35,432][mephisto.operations.operator][INFO] - Operator running task ID = 31
[2024-02-27 11:39:05,438][mephisto.operations.operator][INFO] - Operator running task ID = 31
[2024-02-27 11:39:35,444][mephisto.operations.operator][INFO] - Operator running task ID = 31
[2024-02-27 11:40:05,452][mephisto.operations.operator][INFO] - Operator running task ID = 31
[2024-02-27 11:40:35,460][mephisto.operations.operator][INFO] - Operator running task ID = 31
[2024-02-27 11:41:05,466][mephisto.operations.operator][INFO] - Operator running task ID = 31
[2024-02-27 11:41:35,476][mephisto.operations.operator][INFO] - Operator running task ID = 31
[2024-02-27 11:42:05,482][mephisto.operations.operator][INFO] - Operator running task ID = 31
[2024-02-27 11:42:35,488][mephisto.operations.operator][INFO] - Operator running task ID = 31
[2024-02-27 11:43:05,494][mephisto.operations.operator][INFO] - Operator running task ID = 31
[2024-02-27 11:43:35,503][mephisto.operations.operator][INFO] - Operator running task ID = 31
[2024-02-27 11:44:05,513][mephisto.operations.operator][INFO] - Operator running task ID = 31
[2024-02-27 11:44:35,520][mephisto.operations.operator][INFO] - Operator running task ID = 31
[2024-02-27 11:45:05,530][mephisto.operations.operator][INFO] - Operator running task ID = 31
[2024-02-27 11:45:35,538][mephisto.operations.operator][INFO] - Operator running task ID = 31
[2024-02-27 11:46:05,548][mephisto.operations.operator][INFO] - Operator running task ID = 31
[2024-02-27 11:46:35,556][mephisto.operations.operator][INFO] - Operator running task ID = 31
[2024-02-27 11:47:05,566][mephisto.operations.operator][INFO] - Operator running task ID = 31
[2024-02-27 11:47:35,575][mephisto.operations.operator][INFO] - Operator running task ID = 31
[2024-02-27 11:48:05,586][mephisto.operations.operator][INFO] - Operator running task ID = 31
[2024-02-27 11:48:35,594][mephisto.operations.operator][INFO] - Operator running task ID = 31
[2024-02-27 11:49:05,598][mephisto.operations.operator][INFO] - Operator running task ID = 31
[2024-02-27 11:49:35,604][mephisto.operations.operator][INFO] - Operator running task ID = 31
[2024-02-27 11:50:05,611][mephisto.operations.operator][INFO] - Operator running task ID = 31
[2024-02-27 11:50:35,620][mephisto.operations.operator][INFO] - Operator running task ID = 31
[2024-02-27 11:51:05,626][mephisto.operations.operator][INFO] - Operator running task ID = 31
[2024-02-27 11:51:35,634][mephisto.operations.operator][INFO] - Operator running task ID = 31
[2024-02-27 11:52:05,646][mephisto.operations.operator][INFO] - Operator running task ID = 31
[2024-02-27 11:52:35,652][mephisto.operations.operator][INFO] - Operator running task ID = 31
[2024-02-27 11:53:05,658][mephisto.operations.operator][INFO] - Operator running task ID = 31
[2024-02-27 11:53:35,665][mephisto.operations.operator][INFO] - Operator running task ID = 31
[2024-02-27 11:54:05,674][mephisto.operations.operator][INFO] - Operator running task ID = 31
[2024-02-27 11:54:35,682][mephisto.operations.operator][INFO] - Operator running task ID = 31
[2024-02-27 11:55:05,690][mephisto.operations.operator][INFO] - Operator running task ID = 31
[2024-02-27 11:55:35,696][mephisto.operations.operator][INFO] - Operator running task ID = 31
[2024-02-27 11:56:05,706][mephisto.operations.operator][INFO] - Operator running task ID = 31
[2024-02-27 11:56:35,714][mephisto.operations.operator][INFO] - Operator running task ID = 31
[2024-02-27 11:57:05,721][mephisto.operations.operator][INFO] - Operator running task ID = 31
[2024-02-27 11:57:35,730][mephisto.operations.operator][INFO] - Operator running task ID = 31
[2024-02-27 11:58:05,738][mephisto.operations.operator][INFO] - Operator running task ID = 31
[2024-02-27 11:58:35,744][mephisto.operations.operator][INFO] - Operator running task ID = 31
[2024-02-27 11:59:05,750][mephisto.operations.operator][INFO] - Operator running task ID = 31
[2024-02-27 11:59:35,756][mephisto.operations.operator][INFO] - Operator running task ID = 31
[2024-02-27 12:00:05,765][mephisto.operations.operator][INFO] - Operator running task ID = 31
[2024-02-27 12:00:35,771][mephisto.operations.operator][INFO] - Operator running task ID = 31
[2024-02-27 12:01:05,780][mephisto.operations.operator][INFO] - Operator running task ID = 31
[2024-02-27 12:01:35,787][mephisto.operations.operator][INFO] - Operator running task ID = 31
[2024-02-27 12:02:05,796][mephisto.operations.operator][INFO] - Operator running task ID = 31
[2024-02-27 12:02:35,802][mephisto.operations.operator][INFO] - Operator running task ID = 31
[2024-02-27 12:03:05,810][mephisto.operations.operator][INFO] - Operator running task ID = 31
[2024-02-27 12:03:35,817][mephisto.operations.operator][INFO] - Operator running task ID = 31
[2024-02-27 12:04:05,825][mephisto.operations.operator][INFO] - Operator running task ID = 31
[2024-02-27 12:04:35,832][mephisto.operations.operator][INFO] - Operator running task ID = 31
[2024-02-27 12:05:05,841][mephisto.operations.operator][INFO] - Operator running task ID = 31
[2024-02-27 12:05:35,848][mephisto.operations.operator][INFO] - Operator running task ID = 31
[2024-02-27 12:06:05,854][mephisto.operations.operator][INFO] - Operator running task ID = 31
[2024-02-27 12:06:35,859][mephisto.operations.operator][INFO] - Operator running task ID = 31
[2024-02-27 12:07:05,869][mephisto.operations.operator][INFO] - Operator running task ID = 31
[2024-02-27 12:07:35,875][mephisto.operations.operator][INFO] - Operator running task ID = 31
[2024-02-27 12:08:05,884][mephisto.operations.operator][INFO] - Operator running task ID = 31
[2024-02-27 12:08:35,890][mephisto.operations.operator][INFO] - Operator running task ID = 31
[2024-02-27 12:09:05,896][mephisto.operations.operator][INFO] - Operator running task ID = 31
[2024-02-27 12:09:35,903][mephisto.operations.operator][INFO] - Operator running task ID = 31
[2024-02-27 12:10:05,910][mephisto.operations.operator][INFO] - Operator running task ID = 31
[2024-02-27 12:10:35,917][mephisto.operations.operator][INFO] - Operator running task ID = 31
[2024-02-27 12:11:05,923][mephisto.operations.operator][INFO] - Operator running task ID = 31
[2024-02-27 12:11:35,930][mephisto.operations.operator][INFO] - Operator running task ID = 31
[2024-02-27 12:12:05,939][mephisto.operations.operator][INFO] - Operator running task ID = 31
[2024-02-27 12:12:35,945][mephisto.operations.operator][INFO] - Operator running task ID = 31
[2024-02-27 12:13:05,951][mephisto.operations.operator][INFO] - Operator running task ID = 31
[2024-02-27 12:13:35,958][mephisto.operations.operator][INFO] - Operator running task ID = 31
[2024-02-27 12:14:05,965][mephisto.operations.operator][INFO] - Operator running task ID = 31
[2024-02-27 12:14:35,970][mephisto.operations.operator][INFO] - Operator running task ID = 31
[2024-02-27 12:15:05,978][mephisto.operations.operator][INFO] - Operator running task ID = 31
[2024-02-27 12:15:35,983][mephisto.operations.operator][INFO] - Operator running task ID = 31
[2024-02-27 12:16:05,992][mephisto.operations.operator][INFO] - Operator running task ID = 31
[2024-02-27 12:16:35,999][mephisto.operations.operator][INFO] - Operator running task ID = 31
[2024-02-27 12:17:06,009][mephisto.operations.operator][INFO] - Operator running task ID = 31
[2024-02-27 12:17:36,014][mephisto.operations.operator][INFO] - Operator running task ID = 31
[2024-02-27 12:18:06,021][mephisto.operations.operator][INFO] - Operator running task ID = 31
[2024-02-27 12:18:36,026][mephisto.operations.operator][INFO] - Operator running task ID = 31
[2024-02-27 12:19:06,034][mephisto.operations.operator][INFO] - Operator running task ID = 31
[2024-02-27 12:19:36,040][mephisto.operations.operator][INFO] - Operator running task ID = 31
[2024-02-27 12:20:06,046][mephisto.operations.operator][INFO] - Operator running task ID = 31
[2024-02-27 12:20:36,051][mephisto.operations.operator][INFO] - Operator running task ID = 31
[2024-02-27 12:21:06,058][mephisto.operations.operator][INFO] - Operator running task ID = 31
[2024-02-27 12:21:36,064][mephisto.operations.operator][INFO] - Operator running task ID = 31
[2024-02-27 12:22:06,068][mephisto.operations.operator][INFO] - Operator running task ID = 31
[2024-02-27 12:22:36,074][mephisto.operations.operator][INFO] - Operator running task ID = 31
[2024-02-27 12:23:06,079][mephisto.operations.operator][INFO] - Operator running task ID = 31
[2024-02-27 12:23:36,085][mephisto.operations.operator][INFO] - Operator running task ID = 31
[2024-02-27 12:24:06,093][mephisto.operations.operator][INFO] - Operator running task ID = 31
[2024-02-27 12:24:36,098][mephisto.operations.operator][INFO] - Operator running task ID = 31
[2024-02-27 12:25:06,106][mephisto.operations.operator][INFO] - Operator running task ID = 31
[2024-02-27 12:25:36,110][mephisto.operations.operator][INFO] - Operator running task ID = 31
[2024-02-27 12:26:06,118][mephisto.operations.operator][INFO] - Operator running task ID = 31
[2024-02-27 12:26:36,124][mephisto.operations.operator][INFO] - Operator running task ID = 31
[2024-02-27 12:27:06,132][mephisto.operations.operator][INFO] - Operator running task ID = 31
[2024-02-27 12:27:36,137][mephisto.operations.operator][INFO] - Operator running task ID = 31
[2024-02-27 12:28:06,146][mephisto.operations.operator][INFO] - Operator running task ID = 31
[2024-02-27 12:28:36,158][mephisto.operations.operator][INFO] - Operator running task ID = 31
[2024-02-27 12:29:06,169][mephisto.operations.operator][INFO] - Operator running task ID = 31
[2024-02-27 12:29:36,183][mephisto.operations.operator][INFO] - Operator running task ID = 31
[2024-02-27 12:30:06,193][mephisto.operations.operator][INFO] - Operator running task ID = 31
[2024-02-27 12:30:36,202][mephisto.operations.operator][INFO] - Operator running task ID = 31
[2024-02-27 12:31:06,213][mephisto.operations.operator][INFO] - Operator running task ID = 31
[2024-02-27 12:31:36,222][mephisto.operations.operator][INFO] - Operator running task ID = 31
[2024-02-27 12:32:06,234][mephisto.operations.operator][INFO] - Operator running task ID = 31
[2024-02-27 12:32:36,246][mephisto.operations.operator][INFO] - Operator running task ID = 31
[2024-02-27 12:33:06,256][mephisto.operations.operator][INFO] - Operator running task ID = 31
[2024-02-27 12:33:36,267][mephisto.operations.operator][INFO] - Operator running task ID = 31
[2024-02-27 12:34:06,277][mephisto.operations.operator][INFO] - Operator running task ID = 31
[2024-02-27 12:34:36,287][mephisto.operations.operator][INFO] - Operator running task ID = 31
[2024-02-27 12:35:06,296][mephisto.operations.operator][INFO] - Operator running task ID = 31
[2024-02-27 12:35:36,305][mephisto.operations.operator][INFO] - Operator running task ID = 31
[2024-02-27 12:36:06,314][mephisto.operations.operator][INFO] - Operator running task ID = 31
[2024-02-27 12:36:36,322][mephisto.operations.operator][INFO] - Operator running task ID = 31
[2024-02-27 12:37:06,331][mephisto.operations.operator][INFO] - Operator running task ID = 31
[2024-02-27 12:37:36,342][mephisto.operations.operator][INFO] - Operator running task ID = 31
[2024-02-27 12:38:06,350][mephisto.operations.operator][INFO] - Operator running task ID = 31
[2024-02-27 12:38:36,361][mephisto.operations.operator][INFO] - Operator running task ID = 31
[2024-02-27 12:39:06,368][mephisto.operations.operator][INFO] - Operator running task ID = 31
[2024-02-27 12:39:36,374][mephisto.operations.operator][INFO] - Operator running task ID = 31
[2024-02-27 12:40:06,380][mephisto.operations.operator][INFO] - Operator running task ID = 31
[2024-02-27 12:40:36,386][mephisto.operations.operator][INFO] - Operator running task ID = 31
[2024-02-27 12:41:06,394][mephisto.operations.operator][INFO] - Operator running task ID = 31
[2024-02-27 12:41:36,402][mephisto.operations.operator][INFO] - Operator running task ID = 31
[2024-02-27 12:42:06,407][mephisto.operations.operator][INFO] - Operator running task ID = 31
[2024-02-27 12:42:36,414][mephisto.operations.operator][INFO] - Operator running task ID = 31
[2024-02-27 12:43:06,420][mephisto.operations.operator][INFO] - Operator running task ID = 31
[2024-02-27 12:43:36,430][mephisto.operations.operator][INFO] - Operator running task ID = 31
[2024-02-27 12:44:06,436][mephisto.operations.operator][INFO] - Operator running task ID = 31
[2024-02-27 12:44:36,442][mephisto.operations.operator][INFO] - Operator running task ID = 31
[2024-02-27 12:45:06,448][mephisto.operations.operator][INFO] - Operator running task ID = 31
[2024-02-27 12:45:36,454][mephisto.operations.operator][INFO] - Operator running task ID = 31
[2024-02-27 12:46:06,463][mephisto.operations.operator][INFO] - Operator running task ID = 31
[2024-02-27 12:46:36,470][mephisto.operations.operator][INFO] - Operator running task ID = 31
[2024-02-27 12:47:06,480][mephisto.operations.operator][INFO] - Operator running task ID = 31
[2024-02-27 12:47:36,486][mephisto.operations.operator][INFO] - Operator running task ID = 31
[2024-02-27 12:48:06,493][mephisto.operations.operator][INFO] - Operator running task ID = 31
[2024-02-27 12:48:36,502][mephisto.operations.operator][INFO] - Operator running task ID = 31
[2024-02-27 12:49:06,512][mephisto.operations.operator][INFO] - Operator running task ID = 31
[2024-02-27 12:49:36,518][mephisto.operations.operator][INFO] - Operator running task ID = 31
[2024-02-27 12:50:06,524][mephisto.operations.operator][INFO] - Operator running task ID = 31
[2024-02-27 12:50:36,531][mephisto.operations.operator][INFO] - Operator running task ID = 31
[2024-02-27 12:51:06,540][mephisto.operations.operator][INFO] - Operator running task ID = 31
[2024-02-27 12:51:36,550][mephisto.operations.operator][INFO] - Operator running task ID = 31
[2024-02-27 12:52:06,556][mephisto.operations.operator][INFO] - Operator running task ID = 31
[2024-02-27 12:52:36,564][mephisto.operations.operator][INFO] - Operator running task ID = 31
[2024-02-27 12:53:06,572][mephisto.operations.operator][INFO] - Operator running task ID = 31
[2024-02-27 12:53:36,581][mephisto.operations.operator][INFO] - Operator running task ID = 31
[2024-02-27 12:54:06,588][mephisto.operations.operator][INFO] - Operator running task ID = 31
[2024-02-27 12:54:36,594][mephisto.operations.operator][INFO] - Operator running task ID = 31
[2024-02-27 12:55:06,600][mephisto.operations.operator][INFO] - Operator running task ID = 31
[2024-02-27 12:55:36,609][mephisto.operations.operator][INFO] - Operator running task ID = 31
[2024-02-27 12:56:06,615][mephisto.operations.operator][INFO] - Operator running task ID = 31
[2024-02-27 12:56:36,626][mephisto.operations.operator][INFO] - Operator running task ID = 31
[2024-02-27 12:56:37,116][mephisto.abstractions.blueprints.abstract.static_task.static_agent_state][INFO] - SAVED_DATA_TO_DISC at /home/martins_32048/mephisto-data/data/data/runs/NO_PROJECT/31/57/39/agent_data.json
[2024-02-27 12:57:06,634][mephisto.operations.operator][INFO] - Operator running task ID = 31
[2024-02-27 12:57:36,641][mephisto.operations.operator][INFO] - Operator running task ID = 31
[2024-02-27 12:58:06,648][mephisto.operations.operator][INFO] - Operator running task ID = 31
[2024-02-27 12:58:36,660][mephisto.operations.operator][INFO] - Operator running task ID = 31
[2024-02-27 12:59:06,667][mephisto.operations.operator][INFO] - Operator running task ID = 31
[2024-02-27 12:59:36,676][mephisto.operations.operator][INFO] - Operator running task ID = 31
[2024-02-27 13:00:06,684][mephisto.operations.operator][INFO] - Operator running task ID = 31
[2024-02-27 13:00:36,690][mephisto.operations.operator][INFO] - Operator running task ID = 31
[2024-02-27 13:01:06,696][mephisto.operations.operator][INFO] - Operator running task ID = 31
[2024-02-27 13:01:36,702][mephisto.operations.operator][INFO] - Operator running task ID = 31
[2024-02-27 13:02:06,708][mephisto.operations.operator][INFO] - Operator running task ID = 31
[2024-02-27 13:02:36,716][mephisto.operations.operator][INFO] - Operator running task ID = 31
[2024-02-27 13:03:06,723][mephisto.operations.operator][INFO] - Operator running task ID = 31
[2024-02-27 13:03:36,730][mephisto.operations.operator][INFO] - Operator running task ID = 31
[2024-02-27 13:04:06,736][mephisto.operations.operator][INFO] - Operator running task ID = 31
[2024-02-27 13:04:36,742][mephisto.operations.operator][INFO] - Operator running task ID = 31
[2024-02-27 13:05:06,748][mephisto.operations.operator][INFO] - Operator running task ID = 31
[2024-02-27 13:05:36,754][mephisto.operations.operator][INFO] - Operator running task ID = 31
[2024-02-27 13:06:06,760][mephisto.operations.operator][INFO] - Operator running task ID = 31
[2024-02-27 13:06:36,767][mephisto.operations.operator][INFO] - Operator running task ID = 31
[2024-02-27 13:07:06,772][mephisto.operations.operator][INFO] - Operator running task ID = 31
[2024-02-27 13:07:36,778][mephisto.operations.operator][INFO] - Operator running task ID = 31
[2024-02-27 13:08:06,784][mephisto.operations.operator][INFO] - Operator running task ID = 31
[2024-02-27 13:08:36,792][mephisto.operations.operator][INFO] - Operator running task ID = 31
[2024-02-27 13:09:06,799][mephisto.operations.operator][INFO] - Operator running task ID = 31
[2024-02-27 13:09:36,809][mephisto.operations.operator][INFO] - Operator running task ID = 31
[2024-02-27 13:10:06,816][mephisto.operations.operator][INFO] - Operator running task ID = 31
[2024-02-27 13:10:19,892][mephisto.operations.client_io_handler][WARNING] - [31;1m[Version Mismatch!!][0m: Package `mephisto-task` version mismatch. Expected version 2.0.4 but frontend is currently using 2.0.3. This may cause unexpected errors, be sure to update your `mephisto-task` dependency with `npm install mephisto-task@2.0.4 --save`. If this warning still persists or the version isn't found, please open an issue at https://github.com/facebookresearch/Mephisto/issues
[2024-02-27 13:10:34,002][mephisto.operations.operator][ERROR] - Cleaning up after keyboard interrupt, please [31;1mwait to Ctrl-C again[0m until instructed to.
[2024-02-27 13:10:34,002][mephisto.operations.operator][INFO] - operator shutting down
[2024-02-27 13:10:34,002][mephisto.operations.operator][INFO] - Expiring units for task run 31.
[2024-02-27 13:10:34,071][mephisto.operations.operator][INFO] - Waiting on 1 task runs with assignments in-flight. [31;1mCtrl-C ONCE[0m to kill running tasks and FORCE QUIT.
[2024-02-27 13:10:34,293][sh.command][INFO] - <Command '/usr/bin/rm -rf /home/martins_32048/Projects/Mephisto/tmp/local_server_31/server', pid 1747645>: process started
