[2024-04-03 10:56:49,906][root][WARNING] - Mephisto supports rich run-time metrics visualization through Prometheus and Grafana. If you'd like to use this feature, use `mephisto metrics install` to install.(Current install dir is '/home/martins_32048/Projects/semantics/venv/lib/python3.10/site-packages/mephisto/scripts/metrics')'
[2024-04-03 10:56:53,595][mephisto.operations.operator][INFO] - Creating a task run under task name: react-word-sentiment
[2024-04-03 10:56:54,533][sh.command][INFO] - <Command '/usr/bin/rm -rf /home/martins_32048/mephisto-data/data/data/runs/NO_PROJECT/81/build/router', pid 126321>: process started
[2024-04-03 10:56:55,979][sh.command][INFO] - <Command '/usr/bin/rm -rf /home/martins_32048/mephisto-data/data/data/runs/NO_PROJECT/81/build/router', pid 126333>: process started
[2024-04-03 10:56:56,029][mephisto.operations.client_io_handler][INFO] - Sending alive
[2024-04-03 10:56:56,030][mephisto.operations.client_io_handler][INFO] - Sending alive
[2024-04-03 10:56:56,044][mephisto.operations.client_io_handler][INFO] - Sending alive
[2024-04-03 10:56:56,045][mephisto.abstractions.architects.channels.websocket_channel][INFO] - channel open
[2024-04-03 10:56:56,332][mephisto.operations.operator][INFO] - Operator running task ID = 81
[2024-04-03 10:57:06,357][mephisto.abstractions.providers.mock.mock_unit][INFO] - Mock task launched: http://localhost:3000 for preview, http://localhost:3000/?worker_id=x&assignment_id=2067 for assignment 1019
[2024-04-03 10:57:06,363][mephisto.abstractions.providers.mock.mock_unit][INFO] - Mock task launched: http://localhost:3000 for preview, http://localhost:3000/?worker_id=x&assignment_id=2068 for assignment 1019
[2024-04-03 10:57:06,369][mephisto.abstractions.providers.mock.mock_unit][INFO] - Mock task launched: http://localhost:3000 for preview, http://localhost:3000/?worker_id=x&assignment_id=2069 for assignment 1019
[2024-04-03 10:57:06,374][mephisto.abstractions.providers.mock.mock_unit][INFO] - Mock task launched: http://localhost:3000 for preview, http://localhost:3000/?worker_id=x&assignment_id=2070 for assignment 1019
[2024-04-03 10:57:06,379][mephisto.abstractions.providers.mock.mock_unit][INFO] - Mock task launched: http://localhost:3000 for preview, http://localhost:3000/?worker_id=x&assignment_id=2071 for assignment 1019
[2024-04-03 10:57:06,381][mephisto.abstractions.providers.mock.mock_unit][INFO] - Mock task launched: http://localhost:3000 for preview, http://localhost:3000/?worker_id=x&assignment_id=2072 for assignment 1020
[2024-04-03 10:57:06,384][mephisto.abstractions.providers.mock.mock_unit][INFO] - Mock task launched: http://localhost:3000 for preview, http://localhost:3000/?worker_id=x&assignment_id=2073 for assignment 1020
[2024-04-03 10:57:06,386][mephisto.abstractions.providers.mock.mock_unit][INFO] - Mock task launched: http://localhost:3000 for preview, http://localhost:3000/?worker_id=x&assignment_id=2074 for assignment 1020
[2024-04-03 10:57:06,389][mephisto.abstractions.providers.mock.mock_unit][INFO] - Mock task launched: http://localhost:3000 for preview, http://localhost:3000/?worker_id=x&assignment_id=2075 for assignment 1020
[2024-04-03 10:57:06,392][mephisto.abstractions.providers.mock.mock_unit][INFO] - Mock task launched: http://localhost:3000 for preview, http://localhost:3000/?worker_id=x&assignment_id=2076 for assignment 1020
[2024-04-03 10:57:06,395][mephisto.abstractions.providers.mock.mock_unit][INFO] - Mock task launched: http://localhost:3000 for preview, http://localhost:3000/?worker_id=x&assignment_id=2077 for assignment 1021
[2024-04-03 10:57:06,397][mephisto.abstractions.providers.mock.mock_unit][INFO] - Mock task launched: http://localhost:3000 for preview, http://localhost:3000/?worker_id=x&assignment_id=2078 for assignment 1021
[2024-04-03 10:57:06,400][mephisto.abstractions.providers.mock.mock_unit][INFO] - Mock task launched: http://localhost:3000 for preview, http://localhost:3000/?worker_id=x&assignment_id=2079 for assignment 1021
[2024-04-03 10:57:06,403][mephisto.abstractions.providers.mock.mock_unit][INFO] - Mock task launched: http://localhost:3000 for preview, http://localhost:3000/?worker_id=x&assignment_id=2080 for assignment 1021
[2024-04-03 10:57:06,405][mephisto.abstractions.providers.mock.mock_unit][INFO] - Mock task launched: http://localhost:3000 for preview, http://localhost:3000/?worker_id=x&assignment_id=2081 for assignment 1021
[2024-04-03 10:57:06,407][mephisto.abstractions.providers.mock.mock_unit][INFO] - Mock task launched: http://localhost:3000 for preview, http://localhost:3000/?worker_id=x&assignment_id=2082 for assignment 1022
[2024-04-03 10:57:06,410][mephisto.abstractions.providers.mock.mock_unit][INFO] - Mock task launched: http://localhost:3000 for preview, http://localhost:3000/?worker_id=x&assignment_id=2083 for assignment 1022
[2024-04-03 10:57:06,413][mephisto.abstractions.providers.mock.mock_unit][INFO] - Mock task launched: http://localhost:3000 for preview, http://localhost:3000/?worker_id=x&assignment_id=2084 for assignment 1022
[2024-04-03 10:57:06,415][mephisto.abstractions.providers.mock.mock_unit][INFO] - Mock task launched: http://localhost:3000 for preview, http://localhost:3000/?worker_id=x&assignment_id=2085 for assignment 1022
[2024-04-03 10:57:06,418][mephisto.abstractions.providers.mock.mock_unit][INFO] - Mock task launched: http://localhost:3000 for preview, http://localhost:3000/?worker_id=x&assignment_id=2086 for assignment 1022
[2024-04-03 10:57:06,420][mephisto.abstractions.providers.mock.mock_unit][INFO] - Mock task launched: http://localhost:3000 for preview, http://localhost:3000/?worker_id=x&assignment_id=2087 for assignment 1023
[2024-04-03 10:57:06,423][mephisto.abstractions.providers.mock.mock_unit][INFO] - Mock task launched: http://localhost:3000 for preview, http://localhost:3000/?worker_id=x&assignment_id=2088 for assignment 1023
[2024-04-03 10:57:06,425][mephisto.abstractions.providers.mock.mock_unit][INFO] - Mock task launched: http://localhost:3000 for preview, http://localhost:3000/?worker_id=x&assignment_id=2089 for assignment 1023
[2024-04-03 10:57:06,428][mephisto.abstractions.providers.mock.mock_unit][INFO] - Mock task launched: http://localhost:3000 for preview, http://localhost:3000/?worker_id=x&assignment_id=2090 for assignment 1023
[2024-04-03 10:57:06,430][mephisto.abstractions.providers.mock.mock_unit][INFO] - Mock task launched: http://localhost:3000 for preview, http://localhost:3000/?worker_id=x&assignment_id=2091 for assignment 1023
[2024-04-03 10:57:06,433][mephisto.abstractions.providers.mock.mock_unit][INFO] - Mock task launched: http://localhost:3000 for preview, http://localhost:3000/?worker_id=x&assignment_id=2092 for assignment 1024
[2024-04-03 10:57:06,435][mephisto.abstractions.providers.mock.mock_unit][INFO] - Mock task launched: http://localhost:3000 for preview, http://localhost:3000/?worker_id=x&assignment_id=2093 for assignment 1024
[2024-04-03 10:57:06,437][mephisto.abstractions.providers.mock.mock_unit][INFO] - Mock task launched: http://localhost:3000 for preview, http://localhost:3000/?worker_id=x&assignment_id=2094 for assignment 1024
[2024-04-03 10:57:06,440][mephisto.abstractions.providers.mock.mock_unit][INFO] - Mock task launched: http://localhost:3000 for preview, http://localhost:3000/?worker_id=x&assignment_id=2095 for assignment 1024
[2024-04-03 10:57:06,442][mephisto.abstractions.providers.mock.mock_unit][INFO] - Mock task launched: http://localhost:3000 for preview, http://localhost:3000/?worker_id=x&assignment_id=2096 for assignment 1024
[2024-04-03 10:57:06,444][mephisto.abstractions.providers.mock.mock_unit][INFO] - Mock task launched: http://localhost:3000 for preview, http://localhost:3000/?worker_id=x&assignment_id=2097 for assignment 1025
[2024-04-03 10:57:06,447][mephisto.abstractions.providers.mock.mock_unit][INFO] - Mock task launched: http://localhost:3000 for preview, http://localhost:3000/?worker_id=x&assignment_id=2098 for assignment 1025
[2024-04-03 10:57:06,449][mephisto.abstractions.providers.mock.mock_unit][INFO] - Mock task launched: http://localhost:3000 for preview, http://localhost:3000/?worker_id=x&assignment_id=2099 for assignment 1025
[2024-04-03 10:57:06,451][mephisto.abstractions.providers.mock.mock_unit][INFO] - Mock task launched: http://localhost:3000 for preview, http://localhost:3000/?worker_id=x&assignment_id=2100 for assignment 1025
[2024-04-03 10:57:06,454][mephisto.abstractions.providers.mock.mock_unit][INFO] - Mock task launched: http://localhost:3000 for preview, http://localhost:3000/?worker_id=x&assignment_id=2101 for assignment 1025
[2024-04-03 10:57:06,457][mephisto.abstractions.providers.mock.mock_unit][INFO] - Mock task launched: http://localhost:3000 for preview, http://localhost:3000/?worker_id=x&assignment_id=2102 for assignment 1026
[2024-04-03 10:57:06,459][mephisto.abstractions.providers.mock.mock_unit][INFO] - Mock task launched: http://localhost:3000 for preview, http://localhost:3000/?worker_id=x&assignment_id=2103 for assignment 1026
[2024-04-03 10:57:06,462][mephisto.abstractions.providers.mock.mock_unit][INFO] - Mock task launched: http://localhost:3000 for preview, http://localhost:3000/?worker_id=x&assignment_id=2104 for assignment 1026
[2024-04-03 10:57:06,464][mephisto.abstractions.providers.mock.mock_unit][INFO] - Mock task launched: http://localhost:3000 for preview, http://localhost:3000/?worker_id=x&assignment_id=2105 for assignment 1026
[2024-04-03 10:57:06,466][mephisto.abstractions.providers.mock.mock_unit][INFO] - Mock task launched: http://localhost:3000 for preview, http://localhost:3000/?worker_id=x&assignment_id=2106 for assignment 1026
[2024-04-03 10:57:06,469][mephisto.abstractions.providers.mock.mock_unit][INFO] - Mock task launched: http://localhost:3000 for preview, http://localhost:3000/?worker_id=x&assignment_id=2107 for assignment 1027
[2024-04-03 10:57:06,471][mephisto.abstractions.providers.mock.mock_unit][INFO] - Mock task launched: http://localhost:3000 for preview, http://localhost:3000/?worker_id=x&assignment_id=2108 for assignment 1027
[2024-04-03 10:57:06,474][mephisto.abstractions.providers.mock.mock_unit][INFO] - Mock task launched: http://localhost:3000 for preview, http://localhost:3000/?worker_id=x&assignment_id=2109 for assignment 1027
[2024-04-03 10:57:06,476][mephisto.abstractions.providers.mock.mock_unit][INFO] - Mock task launched: http://localhost:3000 for preview, http://localhost:3000/?worker_id=x&assignment_id=2110 for assignment 1027
[2024-04-03 10:57:06,478][mephisto.abstractions.providers.mock.mock_unit][INFO] - Mock task launched: http://localhost:3000 for preview, http://localhost:3000/?worker_id=x&assignment_id=2111 for assignment 1027
[2024-04-03 10:57:26,344][mephisto.operations.operator][INFO] - Operator running task ID = 81
[2024-04-03 10:57:37,677][mephisto.abstractions.blueprints.abstract.static_task.static_agent_state][INFO] - SAVED_DATA_TO_DISC at /home/martins_32048/mephisto-data/data/data/runs/NO_PROJECT/81/1019/275/agent_data.json
[2024-04-03 10:57:43,904][mephisto.abstractions.blueprints.abstract.static_task.static_agent_state][INFO] - SAVED_DATA_TO_DISC at /home/martins_32048/mephisto-data/data/data/runs/NO_PROJECT/81/1019/275/agent_data.json
[2024-04-03 10:57:56,356][mephisto.operations.operator][INFO] - Operator running task ID = 81
[2024-04-03 10:58:12,474][mephisto.operations.operator][ERROR] - Cleaning up after keyboard interrupt, please [31;1mwait to Ctrl-C again[0m until instructed to.
[2024-04-03 10:58:12,477][mephisto.operations.operator][INFO] - operator shutting down
[2024-04-03 10:58:12,479][mephisto.operations.operator][INFO] - Expiring units for task run 81.
[2024-04-03 10:58:12,750][mephisto.operations.operator][INFO] - Waiting on 1 task runs with assignments in-flight. [31;1mCtrl-C ONCE[0m to kill running tasks and FORCE QUIT.
[2024-04-03 10:58:12,987][sh.command][INFO] - <Command '/usr/bin/rm -rf /home/martins_32048/Projects/semantics/venv/lib/python3.10/site-packages/tmp/local_server_81/server', pid 126407>: process started
