[2023-10-04 09:37:18,383][root][WARNING] - Mephisto supports rich run-time metrics visualization through Prometheus and Grafana. If you'd like to use this feature, use `mephisto metrics install` to install.(Current install dir is '/home/martins_32048/Projects/Mephisto/mephisto/scripts/metrics')'
[2023-10-04 09:37:18,634][mephisto.operations.operator][INFO] - Creating a task run under task name: custom-react-tutorial-iterating
[2023-10-04 09:37:19,598][sh.command][INFO] - <Command '/usr/bin/rm -rf /home/martins_32048/mephisto-data/data/data/runs/NO_PROJECT/19/build/router', pid 2652178>: process started
[2023-10-04 09:37:21,113][sh.command][INFO] - <Command '/usr/bin/rm -rf /home/martins_32048/mephisto-data/data/data/runs/NO_PROJECT/19/build/router', pid 2652190>: process started
[2023-10-04 09:37:21,165][mephisto.operations.client_io_handler][INFO] - Sending alive
[2023-10-04 09:37:21,166][mephisto.operations.client_io_handler][INFO] - Sending alive
[2023-10-04 09:37:21,203][mephisto.operations.client_io_handler][INFO] - Sending alive
[2023-10-04 09:37:21,203][mephisto.abstractions.architects.channels.websocket_channel][INFO] - channel open
[2023-10-04 09:37:21,489][mephisto.operations.operator][INFO] - Operator running task ID = 19
[2023-10-04 09:37:21,492][mephisto.abstractions.providers.mock.mock_unit][INFO] - Mock task launched: http://localhost:3000 for preview, http://localhost:3000/?worker_id=x&assignment_id=35 for assignment 33
[2023-10-04 09:37:21,493][mephisto.abstractions.providers.mock.mock_unit][INFO] - Mock task launched: http://localhost:3000 for preview, http://localhost:3000/?worker_id=x&assignment_id=36 for assignment 34
[2023-10-04 09:37:51,498][mephisto.operations.operator][INFO] - Operator running task ID = 19
[2023-10-04 09:38:21,511][mephisto.operations.operator][INFO] - Operator running task ID = 19
[2023-10-04 09:38:51,520][mephisto.operations.operator][INFO] - Operator running task ID = 19
[2023-10-04 09:39:21,531][mephisto.operations.operator][INFO] - Operator running task ID = 19
[2023-10-04 09:39:51,540][mephisto.operations.operator][INFO] - Operator running task ID = 19
[2023-10-04 09:40:21,552][mephisto.operations.operator][INFO] - Operator running task ID = 19
[2023-10-04 09:40:51,562][mephisto.operations.operator][INFO] - Operator running task ID = 19
[2023-10-04 09:41:21,572][mephisto.operations.operator][INFO] - Operator running task ID = 19
[2023-10-04 09:41:22,402][mephisto.operations.client_io_handler][WARNING] - [31;1m[Version Mismatch!!][0m: Package `mephisto-task` version mismatch. Expected version 2.0.4 but frontend is currently using 2.0.3. This may cause unexpected errors, be sure to update your `mephisto-task` dependency with `npm install mephisto-task@2.0.4 --save`. If this warning still persists or the version isn't found, please open an issue at https://github.com/facebookresearch/Mephisto/issues
[2023-10-04 09:41:22,416][mephisto.abstractions.blueprints.abstract.static_task.static_agent_state][INFO] - SAVED_DATA_TO_DISC at /home/martins_32048/mephisto-data/data/data/runs/NO_PROJECT/19/onboarding/onboarding_2/agent_data.json
[2023-10-04 09:41:22,417][mephisto.operations.worker_pool][INFO] - MockWorker(1) is starting onboarding thread with onboarding OnboardingAgent(2, none).
[2023-10-04 09:41:51,582][mephisto.operations.operator][INFO] - Operator running task ID = 19
[2023-10-04 09:42:21,594][mephisto.operations.operator][INFO] - Operator running task ID = 19
[2023-10-04 09:42:25,455][mephisto.abstractions.blueprints.abstract.static_task.static_agent_state][INFO] - SAVED_DATA_TO_DISC at /home/martins_32048/mephisto-data/data/data/runs/NO_PROJECT/19/onboarding/onboarding_2/agent_data.json
[2023-10-04 09:42:25,460][mephisto.operations.worker_pool][INFO] - Onboarding agent onboarding_2 registered out from onboarding
[2023-10-04 09:42:25,465][mephisto.abstractions.blueprints.abstract.static_task.static_agent_state][INFO] - SAVED_DATA_TO_DISC at /home/martins_32048/mephisto-data/data/data/runs/NO_PROJECT/19/33/16/agent_data.json
[2023-10-04 09:42:25,475][mephisto.operations.client_io_handler][WARNING] - [FRONT_END_ERROR]: {'error': "Cannot read properties of undefined (reading 'split')", 'errorInfo': {'componentStack': '\n    at SimpleFrontend (webpack://mephisto-task-compiler/./src/components/core_components.jsx?:68:24)\n    at p (webpack://mephisto-task-compiler/./node_modules/mephisto-task/build/bundle.js?:1:51620)\n    at div\n    at MainApp (webpack://mephisto-task-compiler/./src/app.jsx?:24:88)'}}
[2023-10-04 09:42:44,715][mephisto.operations.client_io_handler][WARNING] - [31;1m[Version Mismatch!!][0m: Package `mephisto-task` version mismatch. Expected version 2.0.4 but frontend is currently using 2.0.3. This may cause unexpected errors, be sure to update your `mephisto-task` dependency with `npm install mephisto-task@2.0.4 --save`. If this warning still persists or the version isn't found, please open an issue at https://github.com/facebookresearch/Mephisto/issues
[2023-10-04 09:42:44,741][mephisto.abstractions.blueprints.abstract.static_task.static_agent_state][INFO] - SAVED_DATA_TO_DISC at /home/martins_32048/mephisto-data/data/data/runs/NO_PROJECT/19/34/17/agent_data.json
[2023-10-04 09:42:51,604][mephisto.operations.operator][INFO] - Operator running task ID = 19
[2023-10-04 09:43:21,615][mephisto.operations.operator][INFO] - Operator running task ID = 19
[2023-10-04 09:43:51,623][mephisto.operations.operator][INFO] - Operator running task ID = 19
[2023-10-04 09:44:21,636][mephisto.operations.operator][INFO] - Operator running task ID = 19
[2023-10-04 09:44:51,645][mephisto.operations.operator][INFO] - Operator running task ID = 19
[2023-10-04 09:45:13,084][mephisto.abstractions.blueprints.abstract.static_task.static_agent_state][INFO] - SAVED_DATA_TO_DISC at /home/martins_32048/mephisto-data/data/data/runs/NO_PROJECT/19/34/17/agent_data.json
[2023-10-04 09:45:21,656][mephisto.operations.operator][INFO] - Operator running task ID = 19
[2023-10-04 09:45:51,667][mephisto.operations.operator][INFO] - Operator running task ID = 19
[2023-10-04 09:46:21,680][mephisto.operations.operator][INFO] - Operator running task ID = 19
[2023-10-04 09:46:51,686][mephisto.operations.operator][INFO] - Operator running task ID = 19
[2023-10-04 09:47:00,110][mephisto.operations.client_io_handler][WARNING] - [31;1m[Version Mismatch!!][0m: Package `mephisto-task` version mismatch. Expected version 2.0.4 but frontend is currently using 2.0.3. This may cause unexpected errors, be sure to update your `mephisto-task` dependency with `npm install mephisto-task@2.0.4 --save`. If this warning still persists or the version isn't found, please open an issue at https://github.com/facebookresearch/Mephisto/issues
[2023-10-04 09:47:12,491][mephisto.operations.operator][ERROR] - Cleaning up after keyboard interrupt, please [31;1mwait to Ctrl-C again[0m until instructed to.
[2023-10-04 09:47:12,491][mephisto.operations.operator][INFO] - operator shutting down
[2023-10-04 09:47:12,491][mephisto.operations.operator][INFO] - Expiring units for task run 19.
[2023-10-04 09:47:12,518][mephisto.operations.operator][INFO] - Waiting on 1 task runs with assignments in-flight. [31;1mCtrl-C ONCE[0m to kill running tasks and FORCE QUIT.
[2023-10-04 09:47:12,738][sh.command][INFO] - <Command '/usr/bin/rm -rf /home/martins_32048/Projects/Mephisto/tmp/local_server_19/server', pid 2652694>: process started
