[2024-02-26 10:43:52,131][root][WARNING] - Mephisto supports rich run-time metrics visualization through Prometheus and Grafana. If you'd like to use this feature, use `mephisto metrics install` to install.(Current install dir is '/home/martins_32048/Projects/Mephisto/mephisto/scripts/metrics')'
[2024-02-26 10:43:52,258][mephisto.operations.operator][INFO] - Creating a task run under task name: react-static-task-example
[2024-02-26 10:43:53,180][sh.command][INFO] - <Command '/usr/bin/rm -rf /home/martins_32048/mephisto-data/data/data/runs/NO_PROJECT/26/build/router', pid 1693439>: process started
[2024-02-26 10:43:54,672][sh.command][INFO] - <Command '/usr/bin/rm -rf /home/martins_32048/mephisto-data/data/data/runs/NO_PROJECT/26/build/router', pid 1693455>: process started
[2024-02-26 10:43:54,734][mephisto.operations.client_io_handler][INFO] - Sending alive
[2024-02-26 10:43:54,734][mephisto.operations.client_io_handler][INFO] - Sending alive
[2024-02-26 10:43:54,748][mephisto.operations.client_io_handler][INFO] - Sending alive
[2024-02-26 10:43:54,748][mephisto.abstractions.architects.channels.websocket_channel][INFO] - channel open
[2024-02-26 10:43:55,062][mephisto.operations.operator][INFO] - Operator running task ID = 26
[2024-02-26 10:43:55,064][mephisto.abstractions.providers.mock.mock_unit][INFO] - Mock task launched: http://localhost:3000 for preview, http://localhost:3000/?worker_id=x&assignment_id=49 for assignment 47
[2024-02-26 10:43:55,066][mephisto.abstractions.providers.mock.mock_unit][INFO] - Mock task launched: http://localhost:3000 for preview, http://localhost:3000/?worker_id=x&assignment_id=50 for assignment 48
[2024-02-26 10:43:57,014][mephisto.operations.client_io_handler][WARNING] - [31;1m[Version Mismatch!!][0m: Package `mephisto-task` version mismatch. Expected version 2.0.4 but frontend is currently using 2.0.3. This may cause unexpected errors, be sure to update your `mephisto-task` dependency with `npm install mephisto-task@2.0.4 --save`. If this warning still persists or the version isn't found, please open an issue at https://github.com/facebookresearch/Mephisto/issues
[2024-02-26 10:43:57,055][mephisto.abstractions.blueprints.abstract.static_task.static_agent_state][INFO] - SAVED_DATA_TO_DISC at /home/martins_32048/mephisto-data/data/data/runs/NO_PROJECT/26/47/28/agent_data.json
[2024-02-26 10:43:57,064][mephisto.operations.client_io_handler][WARNING] - [FRONT_END_ERROR]: {'error': 'idx is not defined', 'errorInfo': {'componentStack': '\n    at SimpleFrontend (webpack://mephisto-task-compiler/./src/components/core_components.jsx?:69:24)\n    at p (webpack://mephisto-task-compiler/./node_modules/mephisto-task/build/bundle.js?:1:51620)\n    at div\n    at MainApp (webpack://mephisto-task-compiler/./src/app.jsx?:24:88)'}}
[2024-02-26 10:44:00,781][mephisto.operations.client_io_handler][WARNING] - [31;1m[Version Mismatch!!][0m: Package `mephisto-task` version mismatch. Expected version 2.0.4 but frontend is currently using 2.0.3. This may cause unexpected errors, be sure to update your `mephisto-task` dependency with `npm install mephisto-task@2.0.4 --save`. If this warning still persists or the version isn't found, please open an issue at https://github.com/facebookresearch/Mephisto/issues
[2024-02-26 10:44:00,802][mephisto.abstractions.blueprints.abstract.static_task.static_agent_state][INFO] - SAVED_DATA_TO_DISC at /home/martins_32048/mephisto-data/data/data/runs/NO_PROJECT/26/48/29/agent_data.json
[2024-02-26 10:44:00,822][mephisto.operations.client_io_handler][WARNING] - [FRONT_END_ERROR]: {'error': 'idx is not defined', 'errorInfo': {'componentStack': '\n    at SimpleFrontend (webpack://mephisto-task-compiler/./src/components/core_components.jsx?:69:24)\n    at p (webpack://mephisto-task-compiler/./node_modules/mephisto-task/build/bundle.js?:1:51620)\n    at div\n    at MainApp (webpack://mephisto-task-compiler/./src/app.jsx?:24:88)'}}
[2024-02-26 10:44:25,071][mephisto.operations.operator][INFO] - Operator running task ID = 26
[2024-02-26 10:44:44,431][mephisto.operations.operator][ERROR] - Cleaning up after keyboard interrupt, please [31;1mwait to Ctrl-C again[0m until instructed to.
[2024-02-26 10:44:44,431][mephisto.operations.operator][INFO] - operator shutting down
[2024-02-26 10:44:44,431][mephisto.operations.operator][INFO] - Expiring units for task run 26.
[2024-02-26 10:44:44,451][mephisto.operations.operator][INFO] - Waiting on 1 task runs with assignments in-flight. [31;1mCtrl-C ONCE[0m to kill running tasks and FORCE QUIT.
[2024-02-26 10:44:44,668][sh.command][INFO] - <Command '/usr/bin/rm -rf /home/martins_32048/Projects/Mephisto/tmp/local_server_26/server', pid 1693614>: process started
