[2024-02-29 18:37:47,652][root][WARNING] - Mephisto supports rich run-time metrics visualization through Prometheus and Grafana. If you'd like to use this feature, use `mephisto metrics install` to install.(Current install dir is '/home/martins_32048/Projects/Mephisto/mephisto/scripts/metrics')'
[2024-02-29 18:37:47,673][mephisto.operations.operator][INFO] - Creating a task run under task name: react-static-task-example
[2024-02-29 18:37:48,595][sh.command][INFO] - <Command '/usr/bin/rm -rf /home/martins_32048/mephisto-data/data/data/runs/NO_PROJECT/62/build/router', pid 1925917>: process started
[2024-02-29 18:37:49,879][sh.command][INFO] - <Command '/usr/bin/rm -rf /home/martins_32048/mephisto-data/data/data/runs/NO_PROJECT/62/build/router', pid 1925929>: process started
[2024-02-29 18:37:49,899][mephisto.operations.client_io_handler][INFO] - Sending alive
[2024-02-29 18:37:49,900][mephisto.operations.client_io_handler][INFO] - Sending alive
[2024-02-29 18:37:49,912][mephisto.operations.client_io_handler][INFO] - Sending alive
[2024-02-29 18:37:49,912][mephisto.abstractions.architects.channels.websocket_channel][INFO] - channel open
[2024-02-29 18:37:50,203][mephisto.operations.operator][INFO] - Operator running task ID = 62
[2024-02-29 18:38:00,224][mephisto.abstractions.providers.mock.mock_unit][INFO] - Mock task launched: http://localhost:3000 for preview, http://localhost:3000/?worker_id=x&assignment_id=1794 for assignment 884
[2024-02-29 18:38:00,227][mephisto.abstractions.providers.mock.mock_unit][INFO] - Mock task launched: http://localhost:3000 for preview, http://localhost:3000/?worker_id=x&assignment_id=1795 for assignment 885
[2024-02-29 18:38:00,230][mephisto.abstractions.providers.mock.mock_unit][INFO] - Mock task launched: http://localhost:3000 for preview, http://localhost:3000/?worker_id=x&assignment_id=1796 for assignment 886
[2024-02-29 18:38:00,233][mephisto.abstractions.providers.mock.mock_unit][INFO] - Mock task launched: http://localhost:3000 for preview, http://localhost:3000/?worker_id=x&assignment_id=1797 for assignment 887
[2024-02-29 18:38:00,234][mephisto.abstractions.providers.mock.mock_unit][INFO] - Mock task launched: http://localhost:3000 for preview, http://localhost:3000/?worker_id=x&assignment_id=1798 for assignment 888
[2024-02-29 18:38:00,236][mephisto.abstractions.providers.mock.mock_unit][INFO] - Mock task launched: http://localhost:3000 for preview, http://localhost:3000/?worker_id=x&assignment_id=1799 for assignment 889
[2024-02-29 18:38:00,237][mephisto.abstractions.providers.mock.mock_unit][INFO] - Mock task launched: http://localhost:3000 for preview, http://localhost:3000/?worker_id=x&assignment_id=1800 for assignment 890
[2024-02-29 18:38:00,239][mephisto.abstractions.providers.mock.mock_unit][INFO] - Mock task launched: http://localhost:3000 for preview, http://localhost:3000/?worker_id=x&assignment_id=1801 for assignment 891
[2024-02-29 18:38:00,240][mephisto.abstractions.providers.mock.mock_unit][INFO] - Mock task launched: http://localhost:3000 for preview, http://localhost:3000/?worker_id=x&assignment_id=1802 for assignment 892
[2024-02-29 18:38:04,146][mephisto.operations.client_io_handler][WARNING] - [31;1m[Version Mismatch!!][0m: Package `mephisto-task` version mismatch. Expected version 2.0.4 but frontend is currently using 2.0.3. This may cause unexpected errors, be sure to update your `mephisto-task` dependency with `npm install mephisto-task@2.0.4 --save`. If this warning still persists or the version isn't found, please open an issue at https://github.com/facebookresearch/Mephisto/issues
[2024-02-29 18:38:05,545][mephisto.abstractions.blueprints.abstract.static_task.static_agent_state][INFO] - SAVED_DATA_TO_DISC at /home/martins_32048/mephisto-data/data/data/runs/NO_PROJECT/62/onboarding/onboarding_55/agent_data.json
[2024-02-29 18:38:05,545][mephisto.operations.worker_pool][INFO] - MockWorker(58) is starting onboarding thread with onboarding OnboardingAgent(55, none).
[2024-02-29 18:38:05,549][mephisto.operations.client_io_handler][WARNING] - [31;1m[Version Mismatch!!][0m: Package `mephisto-task` version mismatch. Expected version 2.0.4 but frontend is currently using 2.0.3. This may cause unexpected errors, be sure to update your `mephisto-task` dependency with `npm install mephisto-task@2.0.4 --save`. If this warning still persists or the version isn't found, please open an issue at https://github.com/facebookresearch/Mephisto/issues
[2024-02-29 18:38:06,259][mephisto.abstractions.blueprints.abstract.static_task.static_agent_state][INFO] - SAVED_DATA_TO_DISC at /home/martins_32048/mephisto-data/data/data/runs/NO_PROJECT/62/onboarding/onboarding_55/agent_data.json
[2024-02-29 18:38:06,266][mephisto.operations.worker_pool][INFO] - Onboarding agent onboarding_55 registered out from onboarding
[2024-02-29 18:38:06,272][mephisto.abstractions.blueprints.abstract.static_task.static_agent_state][INFO] - SAVED_DATA_TO_DISC at /home/martins_32048/mephisto-data/data/data/runs/NO_PROJECT/62/884/236/agent_data.json
[2024-02-29 18:38:20,214][mephisto.operations.operator][INFO] - Operator running task ID = 62
[2024-02-29 18:38:28,375][mephisto.operations.client_io_handler][WARNING] - [31;1m[Version Mismatch!!][0m: Package `mephisto-task` version mismatch. Expected version 2.0.4 but frontend is currently using 2.0.3. This may cause unexpected errors, be sure to update your `mephisto-task` dependency with `npm install mephisto-task@2.0.4 --save`. If this warning still persists or the version isn't found, please open an issue at https://github.com/facebookresearch/Mephisto/issues
[2024-02-29 18:38:29,858][mephisto.abstractions.blueprints.abstract.static_task.static_agent_state][INFO] - SAVED_DATA_TO_DISC at /home/martins_32048/mephisto-data/data/data/runs/NO_PROJECT/62/onboarding/onboarding_56/agent_data.json
[2024-02-29 18:38:29,859][mephisto.operations.worker_pool][INFO] - MockWorker(59) is starting onboarding thread with onboarding OnboardingAgent(56, none).
[2024-02-29 18:38:29,883][mephisto.operations.client_io_handler][WARNING] - [31;1m[Version Mismatch!!][0m: Package `mephisto-task` version mismatch. Expected version 2.0.4 but frontend is currently using 2.0.3. This may cause unexpected errors, be sure to update your `mephisto-task` dependency with `npm install mephisto-task@2.0.4 --save`. If this warning still persists or the version isn't found, please open an issue at https://github.com/facebookresearch/Mephisto/issues
[2024-02-29 18:38:30,803][mephisto.abstractions.blueprints.abstract.static_task.static_agent_state][INFO] - SAVED_DATA_TO_DISC at /home/martins_32048/mephisto-data/data/data/runs/NO_PROJECT/62/onboarding/onboarding_56/agent_data.json
[2024-02-29 18:38:30,809][mephisto.operations.worker_pool][INFO] - Onboarding agent onboarding_56 registered out from onboarding
[2024-02-29 18:38:30,814][mephisto.abstractions.blueprints.abstract.static_task.static_agent_state][INFO] - SAVED_DATA_TO_DISC at /home/martins_32048/mephisto-data/data/data/runs/NO_PROJECT/62/885/237/agent_data.json
[2024-02-29 18:38:31,811][mephisto.abstractions.blueprints.abstract.static_task.static_agent_state][INFO] - SAVED_DATA_TO_DISC at /home/martins_32048/mephisto-data/data/data/runs/NO_PROJECT/62/885/237/agent_data.json
[2024-02-29 18:38:50,222][mephisto.operations.operator][INFO] - Operator running task ID = 62
[2024-02-29 18:39:20,233][mephisto.operations.operator][INFO] - Operator running task ID = 62
[2024-02-29 18:39:29,629][mephisto.operations.operator][ERROR] - Cleaning up after keyboard interrupt, please [31;1mwait to Ctrl-C again[0m until instructed to.
[2024-02-29 18:39:29,630][mephisto.operations.operator][INFO] - operator shutting down
[2024-02-29 18:39:29,630][mephisto.operations.operator][INFO] - Expiring units for task run 62.
[2024-02-29 18:39:29,675][mephisto.operations.operator][INFO] - Waiting on 1 task runs with assignments in-flight. [31;1mCtrl-C ONCE[0m to kill running tasks and FORCE QUIT.
[2024-02-29 18:39:56,899][mephisto.operations.operator][WARNING] - Skipping waiting for outstanding task completions, shutting down servers now!Follow cleanup instructions [31;1mclosely[0m for proper cleanup.
[2024-02-29 18:39:56,899][mephisto.operations.operator][WARNING] - Cleaning up run 62. [31;1mCtrl-C once per step[0m to skip that step.
[2024-02-29 18:39:56,899][mephisto.operations.operator][WARNING] - Shutting down active Units in-flight.
[2024-02-29 18:39:56,940][mephisto.abstractions._subcomponents.task_runner][ERROR] - Handled exception in unit MockUnit(1794, expired)
Traceback (most recent call last):
  File "/home/martins_32048/Projects/Mephisto/mephisto/abstractions/_subcomponents/task_runner.py", line 266, in _launch_and_run_unit
    self.run_unit(unit, agent)
  File "/home/martins_32048/Projects/Mephisto/mephisto/abstractions/blueprints/abstract/static_task/static_task_runner.py", line 69, in run_unit
    agent.await_submit(self.assignment_duration_in_seconds)
  File "/home/martins_32048/Projects/Mephisto/mephisto/abstractions/providers/mock/mock_agent.py", line 109, in await_submit
    return super().await_submit(timeout)
  File "/home/martins_32048/Projects/Mephisto/mephisto/data_model/agent.py", line 258, in await_submit
    _raise_if_disconnected()
  File "/home/martins_32048/Projects/Mephisto/mephisto/data_model/agent.py", line 243, in _raise_if_disconnected
    raise AgentDisconnectedError(self.db_id)
mephisto.data_model.exceptions.AgentDisconnectedError: 236
[2024-02-29 18:39:56,942][mephisto.operations.operator][WARNING] - Cleaning up remaining workers.
[2024-02-29 18:39:56,942][mephisto.operations.operator][WARNING] - Closing client communications.
[2024-02-29 18:39:57,147][mephisto.operations.operator][WARNING] - Shutting down servers
[2024-02-29 18:39:57,166][sh.command][INFO] - <Command '/usr/bin/rm -rf /home/martins_32048/Projects/Mephisto/tmp/local_server_62/server', pid 1926161>: process started
