[2024-02-27 14:11:32,101][root][WARNING] - Mephisto supports rich run-time metrics visualization through Prometheus and Grafana. If you'd like to use this feature, use `mephisto metrics install` to install.(Current install dir is '/home/martins_32048/Projects/Mephisto/mephisto/scripts/metrics')'
[2024-02-27 14:11:32,127][mephisto.operations.operator][INFO] - Creating a task run under task name: react-static-task-example
[2024-02-27 14:11:32,988][sh.command][INFO] - <Command '/usr/bin/rm -rf /home/martins_32048/mephisto-data/data/data/runs/NO_PROJECT/34/build/router', pid 1751428>: process started
[2024-02-27 14:11:34,273][sh.command][INFO] - <Command '/usr/bin/rm -rf /home/martins_32048/mephisto-data/data/data/runs/NO_PROJECT/34/build/router', pid 1751440>: process started
[2024-02-27 14:11:34,289][mephisto.operations.client_io_handler][INFO] - Sending alive
[2024-02-27 14:11:34,289][mephisto.operations.client_io_handler][INFO] - Sending alive
[2024-02-27 14:11:34,306][mephisto.operations.client_io_handler][INFO] - Sending alive
[2024-02-27 14:11:34,306][mephisto.abstractions.architects.channels.websocket_channel][INFO] - channel open
[2024-02-27 14:11:34,624][mephisto.operations.operator][INFO] - Operator running task ID = 34
[2024-02-27 14:11:34,626][mephisto.abstractions.providers.mock.mock_unit][INFO] - Mock task launched: http://localhost:3000 for preview, http://localhost:3000/?worker_id=x&assignment_id=89 for assignment 63
[2024-02-27 14:11:34,627][mephisto.abstractions.providers.mock.mock_unit][INFO] - Mock task launched: http://localhost:3000 for preview, http://localhost:3000/?worker_id=x&assignment_id=90 for assignment 63
[2024-02-27 14:11:34,629][mephisto.abstractions.providers.mock.mock_unit][INFO] - Mock task launched: http://localhost:3000 for preview, http://localhost:3000/?worker_id=x&assignment_id=91 for assignment 63
[2024-02-27 14:11:34,630][mephisto.abstractions.providers.mock.mock_unit][INFO] - Mock task launched: http://localhost:3000 for preview, http://localhost:3000/?worker_id=x&assignment_id=92 for assignment 64
[2024-02-27 14:11:34,631][mephisto.abstractions.providers.mock.mock_unit][INFO] - Mock task launched: http://localhost:3000 for preview, http://localhost:3000/?worker_id=x&assignment_id=93 for assignment 64
[2024-02-27 14:11:34,633][mephisto.abstractions.providers.mock.mock_unit][INFO] - Mock task launched: http://localhost:3000 for preview, http://localhost:3000/?worker_id=x&assignment_id=94 for assignment 64
[2024-02-27 14:11:58,164][mephisto.operations.client_io_handler][WARNING] - [31;1m[Version Mismatch!!][0m: Package `mephisto-task` version mismatch. Expected version 2.0.4 but frontend is currently using 2.0.3. This may cause unexpected errors, be sure to update your `mephisto-task` dependency with `npm install mephisto-task@2.0.4 --save`. If this warning still persists or the version isn't found, please open an issue at https://github.com/facebookresearch/Mephisto/issues
[2024-02-27 14:11:58,180][mephisto.abstractions.blueprints.abstract.static_task.static_agent_state][INFO] - SAVED_DATA_TO_DISC at /home/martins_32048/mephisto-data/data/data/runs/NO_PROJECT/34/63/41/agent_data.json
[2024-02-27 14:11:59,427][mephisto.abstractions.blueprints.abstract.static_task.static_agent_state][INFO] - SAVED_DATA_TO_DISC at /home/martins_32048/mephisto-data/data/data/runs/NO_PROJECT/34/63/41/agent_data.json
[2024-02-27 14:12:03,191][mephisto.operations.client_io_handler][WARNING] - [31;1m[Version Mismatch!!][0m: Package `mephisto-task` version mismatch. Expected version 2.0.4 but frontend is currently using 2.0.3. This may cause unexpected errors, be sure to update your `mephisto-task` dependency with `npm install mephisto-task@2.0.4 --save`. If this warning still persists or the version isn't found, please open an issue at https://github.com/facebookresearch/Mephisto/issues
[2024-02-27 14:12:03,233][mephisto.abstractions.blueprints.abstract.static_task.static_agent_state][INFO] - SAVED_DATA_TO_DISC at /home/martins_32048/mephisto-data/data/data/runs/NO_PROJECT/34/64/42/agent_data.json
[2024-02-27 14:12:04,019][mephisto.abstractions.blueprints.abstract.static_task.static_agent_state][INFO] - SAVED_DATA_TO_DISC at /home/martins_32048/mephisto-data/data/data/runs/NO_PROJECT/34/64/42/agent_data.json
[2024-02-27 14:12:04,631][mephisto.operations.operator][INFO] - Operator running task ID = 34
[2024-02-27 14:12:07,962][mephisto.operations.client_io_handler][WARNING] - [31;1m[Version Mismatch!!][0m: Package `mephisto-task` version mismatch. Expected version 2.0.4 but frontend is currently using 2.0.3. This may cause unexpected errors, be sure to update your `mephisto-task` dependency with `npm install mephisto-task@2.0.4 --save`. If this warning still persists or the version isn't found, please open an issue at https://github.com/facebookresearch/Mephisto/issues
[2024-02-27 14:12:34,645][mephisto.operations.operator][INFO] - Operator running task ID = 34
[2024-02-27 14:13:04,653][mephisto.operations.operator][INFO] - Operator running task ID = 34
[2024-02-27 14:13:34,665][mephisto.operations.operator][INFO] - Operator running task ID = 34
[2024-02-27 14:14:04,678][mephisto.operations.operator][INFO] - Operator running task ID = 34
[2024-02-27 14:14:10,158][mephisto.operations.operator][ERROR] - Cleaning up after keyboard interrupt, please [31;1mwait to Ctrl-C again[0m until instructed to.
[2024-02-27 14:14:10,159][mephisto.operations.operator][INFO] - operator shutting down
[2024-02-27 14:14:10,159][mephisto.operations.operator][INFO] - Expiring units for task run 34.
[2024-02-27 14:14:10,203][mephisto.operations.operator][INFO] - Waiting on 1 task runs with assignments in-flight. [31;1mCtrl-C ONCE[0m to kill running tasks and FORCE QUIT.
[2024-02-27 14:14:10,426][sh.command][INFO] - <Command '/usr/bin/rm -rf /home/martins_32048/Projects/Mephisto/tmp/local_server_34/server', pid 1751890>: process started
