[2024-02-27 10:28:01,884][root][WARNING] - Mephisto supports rich run-time metrics visualization through Prometheus and Grafana. If you'd like to use this feature, use `mephisto metrics install` to install.(Current install dir is '/home/martins_32048/Projects/Mephisto/mephisto/scripts/metrics')'
[2024-02-27 10:28:01,915][mephisto.operations.operator][INFO] - Creating a task run under task name: react-static-task-example
[2024-02-27 10:28:03,935][sh.command][INFO] - <Command '/usr/bin/rm -rf /home/martins_32048/mephisto-data/data/data/runs/NO_PROJECT/30/build/router', pid 1740145>: process started
[2024-02-27 10:28:05,222][sh.command][INFO] - <Command '/usr/bin/rm -rf /home/martins_32048/mephisto-data/data/data/runs/NO_PROJECT/30/build/router', pid 1740157>: process started
[2024-02-27 10:28:05,237][mephisto.operations.client_io_handler][INFO] - Sending alive
[2024-02-27 10:28:05,238][mephisto.operations.client_io_handler][INFO] - Sending alive
[2024-02-27 10:28:05,251][mephisto.operations.client_io_handler][INFO] - Sending alive
[2024-02-27 10:28:05,251][mephisto.abstractions.architects.channels.websocket_channel][INFO] - channel open
[2024-02-27 10:28:05,558][mephisto.operations.operator][INFO] - Operator running task ID = 30
[2024-02-27 10:28:05,560][mephisto.abstractions.providers.mock.mock_unit][INFO] - Mock task launched: http://localhost:3000 for preview, http://localhost:3000/?worker_id=x&assignment_id=65 for assignment 55
[2024-02-27 10:28:05,561][mephisto.abstractions.providers.mock.mock_unit][INFO] - Mock task launched: http://localhost:3000 for preview, http://localhost:3000/?worker_id=x&assignment_id=66 for assignment 55
[2024-02-27 10:28:05,563][mephisto.abstractions.providers.mock.mock_unit][INFO] - Mock task launched: http://localhost:3000 for preview, http://localhost:3000/?worker_id=x&assignment_id=67 for assignment 55
[2024-02-27 10:28:05,564][mephisto.abstractions.providers.mock.mock_unit][INFO] - Mock task launched: http://localhost:3000 for preview, http://localhost:3000/?worker_id=x&assignment_id=68 for assignment 56
[2024-02-27 10:28:05,565][mephisto.abstractions.providers.mock.mock_unit][INFO] - Mock task launched: http://localhost:3000 for preview, http://localhost:3000/?worker_id=x&assignment_id=69 for assignment 56
[2024-02-27 10:28:05,567][mephisto.abstractions.providers.mock.mock_unit][INFO] - Mock task launched: http://localhost:3000 for preview, http://localhost:3000/?worker_id=x&assignment_id=70 for assignment 56
[2024-02-27 10:28:13,152][mephisto.operations.client_io_handler][WARNING] - [31;1m[Version Mismatch!!][0m: Package `mephisto-task` version mismatch. Expected version 2.0.4 but frontend is currently using 2.0.3. This may cause unexpected errors, be sure to update your `mephisto-task` dependency with `npm install mephisto-task@2.0.4 --save`. If this warning still persists or the version isn't found, please open an issue at https://github.com/facebookresearch/Mephisto/issues
[2024-02-27 10:28:13,175][mephisto.abstractions.blueprints.abstract.static_task.static_agent_state][INFO] - SAVED_DATA_TO_DISC at /home/martins_32048/mephisto-data/data/data/runs/NO_PROJECT/30/onboarding/onboarding_14/agent_data.json
[2024-02-27 10:28:13,176][mephisto.operations.worker_pool][INFO] - MockWorker(14) is starting onboarding thread with onboarding OnboardingAgent(14, none).
[2024-02-27 10:28:16,639][mephisto.abstractions.blueprints.abstract.static_task.static_agent_state][INFO] - SAVED_DATA_TO_DISC at /home/martins_32048/mephisto-data/data/data/runs/NO_PROJECT/30/onboarding/onboarding_15/agent_data.json
[2024-02-27 10:28:16,639][mephisto.operations.worker_pool][INFO] - MockWorker(14) is starting onboarding thread with onboarding OnboardingAgent(15, none).
[2024-02-27 10:28:16,667][mephisto.operations.client_io_handler][WARNING] - [31;1m[Version Mismatch!!][0m: Package `mephisto-task` version mismatch. Expected version 2.0.4 but frontend is currently using 2.0.3. This may cause unexpected errors, be sure to update your `mephisto-task` dependency with `npm install mephisto-task@2.0.4 --save`. If this warning still persists or the version isn't found, please open an issue at https://github.com/facebookresearch/Mephisto/issues
[2024-02-27 10:28:26,764][mephisto.operations.client_io_handler][WARNING] - [31;1m[Version Mismatch!!][0m: Package `mephisto-task` version mismatch. Expected version 2.0.4 but frontend is currently using 2.0.3. This may cause unexpected errors, be sure to update your `mephisto-task` dependency with `npm install mephisto-task@2.0.4 --save`. If this warning still persists or the version isn't found, please open an issue at https://github.com/facebookresearch/Mephisto/issues
[2024-02-27 10:28:30,432][mephisto.operations.client_io_handler][WARNING] - [31;1m[Version Mismatch!!][0m: Package `mephisto-task` version mismatch. Expected version 2.0.4 but frontend is currently using 2.0.3. This may cause unexpected errors, be sure to update your `mephisto-task` dependency with `npm install mephisto-task@2.0.4 --save`. If this warning still persists or the version isn't found, please open an issue at https://github.com/facebookresearch/Mephisto/issues
[2024-02-27 10:28:30,443][mephisto.abstractions.blueprints.abstract.static_task.static_agent_state][INFO] - SAVED_DATA_TO_DISC at /home/martins_32048/mephisto-data/data/data/runs/NO_PROJECT/30/55/38/agent_data.json
[2024-02-27 10:28:35,568][mephisto.operations.operator][INFO] - Operator running task ID = 30
[2024-02-27 10:28:36,596][mephisto.abstractions.blueprints.abstract.static_task.static_agent_state][INFO] - SAVED_DATA_TO_DISC at /home/martins_32048/mephisto-data/data/data/runs/NO_PROJECT/30/onboarding/onboarding_16/agent_data.json
[2024-02-27 10:28:36,596][mephisto.operations.worker_pool][INFO] - MockWorker(15) is starting onboarding thread with onboarding OnboardingAgent(16, none).
[2024-02-27 10:28:36,609][mephisto.operations.client_io_handler][WARNING] - [31;1m[Version Mismatch!!][0m: Package `mephisto-task` version mismatch. Expected version 2.0.4 but frontend is currently using 2.0.3. This may cause unexpected errors, be sure to update your `mephisto-task` dependency with `npm install mephisto-task@2.0.4 --save`. If this warning still persists or the version isn't found, please open an issue at https://github.com/facebookresearch/Mephisto/issues
[2024-02-27 10:29:05,578][mephisto.operations.operator][INFO] - Operator running task ID = 30
[2024-02-27 10:29:35,588][mephisto.operations.operator][INFO] - Operator running task ID = 30
[2024-02-27 10:30:05,598][mephisto.operations.operator][INFO] - Operator running task ID = 30
[2024-02-27 10:30:27,468][mephisto.operations.client_io_handler][WARNING] - [31;1m[Version Mismatch!!][0m: Package `mephisto-task` version mismatch. Expected version 2.0.4 but frontend is currently using 2.0.3. This may cause unexpected errors, be sure to update your `mephisto-task` dependency with `npm install mephisto-task@2.0.4 --save`. If this warning still persists or the version isn't found, please open an issue at https://github.com/facebookresearch/Mephisto/issues
[2024-02-27 10:30:35,608][mephisto.operations.operator][INFO] - Operator running task ID = 30
[2024-02-27 10:30:38,366][mephisto.operations.client_io_handler][WARNING] - [31;1m[Version Mismatch!!][0m: Package `mephisto-task` version mismatch. Expected version 2.0.4 but frontend is currently using 2.0.3. This may cause unexpected errors, be sure to update your `mephisto-task` dependency with `npm install mephisto-task@2.0.4 --save`. If this warning still persists or the version isn't found, please open an issue at https://github.com/facebookresearch/Mephisto/issues
[2024-02-27 10:31:05,614][mephisto.operations.operator][INFO] - Operator running task ID = 30
[2024-02-27 10:31:35,621][mephisto.operations.operator][INFO] - Operator running task ID = 30
[2024-02-27 10:32:00,360][mephisto.operations.client_io_handler][WARNING] - [31;1m[Version Mismatch!!][0m: Package `mephisto-task` version mismatch. Expected version 2.0.4 but frontend is currently using 2.0.3. This may cause unexpected errors, be sure to update your `mephisto-task` dependency with `npm install mephisto-task@2.0.4 --save`. If this warning still persists or the version isn't found, please open an issue at https://github.com/facebookresearch/Mephisto/issues
[2024-02-27 10:32:01,713][mephisto.operations.client_io_handler][WARNING] - [31;1m[Version Mismatch!!][0m: Package `mephisto-task` version mismatch. Expected version 2.0.4 but frontend is currently using 2.0.3. This may cause unexpected errors, be sure to update your `mephisto-task` dependency with `npm install mephisto-task@2.0.4 --save`. If this warning still persists or the version isn't found, please open an issue at https://github.com/facebookresearch/Mephisto/issues
[2024-02-27 10:32:05,630][mephisto.operations.operator][INFO] - Operator running task ID = 30
[2024-02-27 10:32:30,732][mephisto.operations.client_io_handler][WARNING] - [31;1m[Version Mismatch!!][0m: Package `mephisto-task` version mismatch. Expected version 2.0.4 but frontend is currently using 2.0.3. This may cause unexpected errors, be sure to update your `mephisto-task` dependency with `npm install mephisto-task@2.0.4 --save`. If this warning still persists or the version isn't found, please open an issue at https://github.com/facebookresearch/Mephisto/issues
[2024-02-27 10:32:35,640][mephisto.operations.operator][INFO] - Operator running task ID = 30
[2024-02-27 10:33:05,646][mephisto.operations.operator][INFO] - Operator running task ID = 30
[2024-02-27 10:33:35,653][mephisto.operations.operator][INFO] - Operator running task ID = 30
[2024-02-27 10:34:05,663][mephisto.operations.operator][INFO] - Operator running task ID = 30
[2024-02-27 10:34:35,673][mephisto.operations.operator][INFO] - Operator running task ID = 30
[2024-02-27 10:35:05,678][mephisto.operations.operator][INFO] - Operator running task ID = 30
[2024-02-27 10:35:31,826][mephisto.operations.client_io_handler][WARNING] - [31;1m[Version Mismatch!!][0m: Package `mephisto-task` version mismatch. Expected version 2.0.4 but frontend is currently using 2.0.3. This may cause unexpected errors, be sure to update your `mephisto-task` dependency with `npm install mephisto-task@2.0.4 --save`. If this warning still persists or the version isn't found, please open an issue at https://github.com/facebookresearch/Mephisto/issues
[2024-02-27 10:35:35,708][mephisto.operations.operator][INFO] - Operator running task ID = 30
[2024-02-27 10:36:05,719][mephisto.operations.operator][INFO] - Operator running task ID = 30
[2024-02-27 10:36:12,691][mephisto.operations.client_io_handler][WARNING] - [31;1m[Version Mismatch!!][0m: Package `mephisto-task` version mismatch. Expected version 2.0.4 but frontend is currently using 2.0.3. This may cause unexpected errors, be sure to update your `mephisto-task` dependency with `npm install mephisto-task@2.0.4 --save`. If this warning still persists or the version isn't found, please open an issue at https://github.com/facebookresearch/Mephisto/issues
[2024-02-27 10:36:35,729][mephisto.operations.operator][INFO] - Operator running task ID = 30
[2024-02-27 10:37:05,739][mephisto.operations.operator][INFO] - Operator running task ID = 30
[2024-02-27 10:37:35,749][mephisto.operations.operator][INFO] - Operator running task ID = 30
[2024-02-27 10:37:57,083][mephisto.operations.client_io_handler][WARNING] - [31;1m[Version Mismatch!!][0m: Package `mephisto-task` version mismatch. Expected version 2.0.4 but frontend is currently using 2.0.3. This may cause unexpected errors, be sure to update your `mephisto-task` dependency with `npm install mephisto-task@2.0.4 --save`. If this warning still persists or the version isn't found, please open an issue at https://github.com/facebookresearch/Mephisto/issues
[2024-02-27 10:38:05,758][mephisto.operations.operator][INFO] - Operator running task ID = 30
[2024-02-27 10:38:35,767][mephisto.operations.operator][INFO] - Operator running task ID = 30
[2024-02-27 10:38:51,067][mephisto.operations.client_io_handler][WARNING] - [31;1m[Version Mismatch!!][0m: Package `mephisto-task` version mismatch. Expected version 2.0.4 but frontend is currently using 2.0.3. This may cause unexpected errors, be sure to update your `mephisto-task` dependency with `npm install mephisto-task@2.0.4 --save`. If this warning still persists or the version isn't found, please open an issue at https://github.com/facebookresearch/Mephisto/issues
[2024-02-27 10:39:05,778][mephisto.operations.operator][INFO] - Operator running task ID = 30
[2024-02-27 10:39:35,786][mephisto.operations.operator][INFO] - Operator running task ID = 30
[2024-02-27 10:39:46,788][mephisto.operations.client_io_handler][WARNING] - [31;1m[Version Mismatch!!][0m: Package `mephisto-task` version mismatch. Expected version 2.0.4 but frontend is currently using 2.0.3. This may cause unexpected errors, be sure to update your `mephisto-task` dependency with `npm install mephisto-task@2.0.4 --save`. If this warning still persists or the version isn't found, please open an issue at https://github.com/facebookresearch/Mephisto/issues
[2024-02-27 10:40:04,794][mephisto.operations.client_io_handler][WARNING] - [31;1m[Version Mismatch!!][0m: Package `mephisto-task` version mismatch. Expected version 2.0.4 but frontend is currently using 2.0.3. This may cause unexpected errors, be sure to update your `mephisto-task` dependency with `npm install mephisto-task@2.0.4 --save`. If this warning still persists or the version isn't found, please open an issue at https://github.com/facebookresearch/Mephisto/issues
[2024-02-27 10:40:05,795][mephisto.operations.operator][INFO] - Operator running task ID = 30
[2024-02-27 10:40:20,757][mephisto.operations.client_io_handler][WARNING] - [31;1m[Version Mismatch!!][0m: Package `mephisto-task` version mismatch. Expected version 2.0.4 but frontend is currently using 2.0.3. This may cause unexpected errors, be sure to update your `mephisto-task` dependency with `npm install mephisto-task@2.0.4 --save`. If this warning still persists or the version isn't found, please open an issue at https://github.com/facebookresearch/Mephisto/issues
[2024-02-27 10:40:35,802][mephisto.operations.operator][INFO] - Operator running task ID = 30
[2024-02-27 10:41:02,816][mephisto.operations.client_io_handler][WARNING] - [31;1m[Version Mismatch!!][0m: Package `mephisto-task` version mismatch. Expected version 2.0.4 but frontend is currently using 2.0.3. This may cause unexpected errors, be sure to update your `mephisto-task` dependency with `npm install mephisto-task@2.0.4 --save`. If this warning still persists or the version isn't found, please open an issue at https://github.com/facebookresearch/Mephisto/issues
[2024-02-27 10:41:05,811][mephisto.operations.operator][INFO] - Operator running task ID = 30
[2024-02-27 10:41:35,821][mephisto.operations.operator][INFO] - Operator running task ID = 30
[2024-02-27 10:42:05,834][mephisto.operations.operator][INFO] - Operator running task ID = 30
[2024-02-27 10:42:35,840][mephisto.operations.operator][INFO] - Operator running task ID = 30
[2024-02-27 10:43:05,846][mephisto.operations.operator][INFO] - Operator running task ID = 30
[2024-02-27 10:43:35,852][mephisto.operations.operator][INFO] - Operator running task ID = 30
[2024-02-27 10:44:05,859][mephisto.operations.operator][INFO] - Operator running task ID = 30
[2024-02-27 10:44:35,866][mephisto.operations.operator][INFO] - Operator running task ID = 30
[2024-02-27 10:44:58,884][mephisto.operations.client_io_handler][WARNING] - [31;1m[Version Mismatch!!][0m: Package `mephisto-task` version mismatch. Expected version 2.0.4 but frontend is currently using 2.0.3. This may cause unexpected errors, be sure to update your `mephisto-task` dependency with `npm install mephisto-task@2.0.4 --save`. If this warning still persists or the version isn't found, please open an issue at https://github.com/facebookresearch/Mephisto/issues
[2024-02-27 10:45:05,875][mephisto.operations.operator][INFO] - Operator running task ID = 30
[2024-02-27 10:45:35,884][mephisto.operations.operator][INFO] - Operator running task ID = 30
[2024-02-27 10:46:05,893][mephisto.operations.operator][INFO] - Operator running task ID = 30
[2024-02-27 10:46:35,902][mephisto.operations.operator][INFO] - Operator running task ID = 30
[2024-02-27 10:47:05,914][mephisto.operations.operator][INFO] - Operator running task ID = 30
[2024-02-27 10:47:35,923][mephisto.operations.operator][INFO] - Operator running task ID = 30
[2024-02-27 10:48:05,933][mephisto.operations.operator][INFO] - Operator running task ID = 30
[2024-02-27 10:48:35,942][mephisto.operations.operator][INFO] - Operator running task ID = 30
[2024-02-27 10:49:05,950][mephisto.operations.operator][INFO] - Operator running task ID = 30
[2024-02-27 10:49:35,959][mephisto.operations.operator][INFO] - Operator running task ID = 30
[2024-02-27 10:50:05,970][mephisto.operations.operator][INFO] - Operator running task ID = 30
[2024-02-27 10:50:35,978][mephisto.operations.operator][INFO] - Operator running task ID = 30
[2024-02-27 10:51:05,986][mephisto.operations.operator][INFO] - Operator running task ID = 30
[2024-02-27 10:51:35,992][mephisto.operations.operator][INFO] - Operator running task ID = 30
[2024-02-27 10:52:05,999][mephisto.operations.operator][INFO] - Operator running task ID = 30
[2024-02-27 10:52:36,004][mephisto.operations.operator][INFO] - Operator running task ID = 30
[2024-02-27 10:53:06,012][mephisto.operations.operator][INFO] - Operator running task ID = 30
[2024-02-27 10:53:36,019][mephisto.operations.operator][INFO] - Operator running task ID = 30
[2024-02-27 10:54:06,030][mephisto.operations.operator][INFO] - Operator running task ID = 30
[2024-02-27 10:54:36,037][mephisto.operations.operator][INFO] - Operator running task ID = 30
[2024-02-27 10:55:06,046][mephisto.operations.operator][INFO] - Operator running task ID = 30
[2024-02-27 10:55:36,051][mephisto.operations.operator][INFO] - Operator running task ID = 30
[2024-02-27 10:56:06,058][mephisto.operations.operator][INFO] - Operator running task ID = 30
[2024-02-27 10:56:36,063][mephisto.operations.operator][INFO] - Operator running task ID = 30
[2024-02-27 10:57:06,071][mephisto.operations.operator][INFO] - Operator running task ID = 30
[2024-02-27 10:57:36,075][mephisto.operations.operator][INFO] - Operator running task ID = 30
[2024-02-27 10:58:06,110][mephisto.operations.operator][INFO] - Operator running task ID = 30
[2024-02-27 10:58:13,219][mephisto.abstractions._subcomponents.task_runner][INFO] - Onboarding agent onboarding_14 disconnected or errored, final status disconnect.
[2024-02-27 10:58:16,682][mephisto.abstractions._subcomponents.task_runner][INFO] - Onboarding agent onboarding_15 disconnected or errored, final status disconnect.
[2024-02-27 10:58:30,446][mephisto.abstractions._subcomponents.task_runner][ERROR] - Handled exception in unit MockUnit(65, assigned)
Traceback (most recent call last):
  File "/home/martins_32048/Projects/Mephisto/mephisto/abstractions/_subcomponents/task_runner.py", line 266, in _launch_and_run_unit
    self.run_unit(unit, agent)
  File "/home/martins_32048/Projects/Mephisto/mephisto/abstractions/blueprints/abstract/static_task/static_task_runner.py", line 69, in run_unit
    agent.await_submit(self.assignment_duration_in_seconds)
  File "/home/martins_32048/Projects/Mephisto/mephisto/abstractions/providers/mock/mock_agent.py", line 109, in await_submit
    return super().await_submit(timeout)
  File "/home/martins_32048/Projects/Mephisto/mephisto/data_model/agent.py", line 256, in await_submit
    raise AgentTimeoutError(timeout, self.db_id)
mephisto.data_model.exceptions.AgentTimeoutError: (1800, '38')
[2024-02-27 10:58:36,152][mephisto.operations.operator][INFO] - Operator running task ID = 30
[2024-02-27 10:58:36,689][mephisto.abstractions._subcomponents.task_runner][INFO] - Onboarding agent onboarding_16 disconnected or errored, final status disconnect.
[2024-02-27 10:59:06,158][mephisto.operations.operator][INFO] - Operator running task ID = 30
[2024-02-27 10:59:36,164][mephisto.operations.operator][INFO] - Operator running task ID = 30
[2024-02-27 11:00:06,170][mephisto.operations.operator][INFO] - Operator running task ID = 30
[2024-02-27 11:00:36,176][mephisto.operations.operator][INFO] - Operator running task ID = 30
[2024-02-27 11:01:06,182][mephisto.operations.operator][INFO] - Operator running task ID = 30
[2024-02-27 11:01:36,187][mephisto.operations.operator][INFO] - Operator running task ID = 30
[2024-02-27 11:02:06,195][mephisto.operations.operator][INFO] - Operator running task ID = 30
[2024-02-27 11:02:36,199][mephisto.operations.operator][INFO] - Operator running task ID = 30
[2024-02-27 11:03:06,206][mephisto.operations.operator][INFO] - Operator running task ID = 30
[2024-02-27 11:03:36,211][mephisto.operations.operator][INFO] - Operator running task ID = 30
[2024-02-27 11:04:06,218][mephisto.operations.operator][INFO] - Operator running task ID = 30
[2024-02-27 11:04:36,223][mephisto.operations.operator][INFO] - Operator running task ID = 30
[2024-02-27 11:05:06,230][mephisto.operations.operator][INFO] - Operator running task ID = 30
[2024-02-27 11:05:36,236][mephisto.operations.operator][INFO] - Operator running task ID = 30
[2024-02-27 11:06:06,242][mephisto.operations.operator][INFO] - Operator running task ID = 30
[2024-02-27 11:06:36,247][mephisto.operations.operator][INFO] - Operator running task ID = 30
[2024-02-27 11:07:06,254][mephisto.operations.operator][INFO] - Operator running task ID = 30
[2024-02-27 11:07:36,259][mephisto.operations.operator][INFO] - Operator running task ID = 30
[2024-02-27 11:08:06,266][mephisto.operations.operator][INFO] - Operator running task ID = 30
[2024-02-27 11:08:36,271][mephisto.operations.operator][INFO] - Operator running task ID = 30
[2024-02-27 11:09:06,278][mephisto.operations.operator][INFO] - Operator running task ID = 30
[2024-02-27 11:09:36,283][mephisto.operations.operator][INFO] - Operator running task ID = 30
[2024-02-27 11:10:06,290][mephisto.operations.operator][INFO] - Operator running task ID = 30
[2024-02-27 11:10:36,295][mephisto.operations.operator][INFO] - Operator running task ID = 30
[2024-02-27 11:11:06,304][mephisto.operations.operator][INFO] - Operator running task ID = 30
[2024-02-27 11:11:36,311][mephisto.operations.operator][INFO] - Operator running task ID = 30
[2024-02-27 11:12:06,318][mephisto.operations.operator][INFO] - Operator running task ID = 30
[2024-02-27 11:12:36,323][mephisto.operations.operator][INFO] - Operator running task ID = 30
[2024-02-27 11:13:06,330][mephisto.operations.operator][INFO] - Operator running task ID = 30
[2024-02-27 11:13:36,335][mephisto.operations.operator][INFO] - Operator running task ID = 30
[2024-02-27 11:14:06,342][mephisto.operations.operator][INFO] - Operator running task ID = 30
[2024-02-27 11:14:36,347][mephisto.operations.operator][INFO] - Operator running task ID = 30
[2024-02-27 11:15:06,354][mephisto.operations.operator][INFO] - Operator running task ID = 30
[2024-02-27 11:15:36,360][mephisto.operations.operator][INFO] - Operator running task ID = 30
[2024-02-27 11:16:06,366][mephisto.operations.operator][INFO] - Operator running task ID = 30
[2024-02-27 11:16:36,371][mephisto.operations.operator][INFO] - Operator running task ID = 30
[2024-02-27 11:17:06,378][mephisto.operations.operator][INFO] - Operator running task ID = 30
[2024-02-27 11:17:36,383][mephisto.operations.operator][INFO] - Operator running task ID = 30
[2024-02-27 11:18:06,390][mephisto.operations.operator][INFO] - Operator running task ID = 30
[2024-02-27 11:18:36,395][mephisto.operations.operator][INFO] - Operator running task ID = 30
[2024-02-27 11:19:06,405][mephisto.operations.operator][INFO] - Operator running task ID = 30
[2024-02-27 11:19:36,409][mephisto.operations.operator][INFO] - Operator running task ID = 30
[2024-02-27 11:20:06,418][mephisto.operations.operator][INFO] - Operator running task ID = 30
[2024-02-27 11:20:10,110][mephisto.operations.client_io_handler][WARNING] - Onboarding agent onboarding_16 already submitted or disconnected, but is calling _on_submit_onboarding again
[2024-02-27 11:20:13,967][mephisto.operations.client_io_handler][WARNING] - Onboarding agent onboarding_16 already submitted or disconnected, but is calling _on_submit_onboarding again
[2024-02-27 11:20:14,455][mephisto.operations.client_io_handler][WARNING] - Onboarding agent onboarding_16 already submitted or disconnected, but is calling _on_submit_onboarding again
[2024-02-27 11:20:14,626][mephisto.operations.client_io_handler][WARNING] - Onboarding agent onboarding_16 already submitted or disconnected, but is calling _on_submit_onboarding again
[2024-02-27 11:20:14,823][mephisto.operations.client_io_handler][WARNING] - Onboarding agent onboarding_16 already submitted or disconnected, but is calling _on_submit_onboarding again
[2024-02-27 11:20:14,983][mephisto.operations.client_io_handler][WARNING] - Onboarding agent onboarding_16 already submitted or disconnected, but is calling _on_submit_onboarding again
[2024-02-27 11:20:36,424][mephisto.operations.operator][INFO] - Operator running task ID = 30
[2024-02-27 11:20:41,125][mephisto.operations.operator][ERROR] - Cleaning up after keyboard interrupt, please [31;1mwait to Ctrl-C again[0m until instructed to.
[2024-02-27 11:20:41,126][mephisto.operations.operator][INFO] - operator shutting down
[2024-02-27 11:20:41,126][mephisto.operations.operator][INFO] - Expiring units for task run 30.
[2024-02-27 11:20:41,165][mephisto.operations.operator][INFO] - Waiting on 1 task runs with assignments in-flight. [31;1mCtrl-C ONCE[0m to kill running tasks and FORCE QUIT.
[2024-02-27 11:20:41,390][sh.command][INFO] - <Command '/usr/bin/rm -rf /home/martins_32048/Projects/Mephisto/tmp/local_server_30/server', pid 1742407>: process started
