[2024-04-03 11:29:00,061][root][WARNING] - Mephisto supports rich run-time metrics visualization through Prometheus and Grafana. If you'd like to use this feature, use `mephisto metrics install` to install.(Current install dir is '/home/martins_32048/Projects/semantics/venv/lib/python3.10/site-packages/mephisto/scripts/metrics')'
[2024-04-03 11:29:00,168][mephisto.operations.operator][INFO] - Creating a task run under task name: word-sentiment
[2024-04-03 11:29:01,062][sh.command][INFO] - <Command '/usr/bin/rm -rf /home/martins_32048/mephisto-data/data/data/runs/NO_PROJECT/87/build/router', pid 130837>: process started
[2024-04-03 11:29:02,512][sh.command][INFO] - <Command '/usr/bin/rm -rf /home/martins_32048/mephisto-data/data/data/runs/NO_PROJECT/87/build/router', pid 130849>: process started
[2024-04-03 11:29:02,559][mephisto.operations.client_io_handler][INFO] - Sending alive
[2024-04-03 11:29:02,561][mephisto.operations.client_io_handler][INFO] - Sending alive
[2024-04-03 11:29:02,573][mephisto.operations.client_io_handler][INFO] - Sending alive
[2024-04-03 11:29:02,574][mephisto.abstractions.architects.channels.websocket_channel][INFO] - channel open
[2024-04-03 11:29:03,327][mephisto.operations.operator][INFO] - Operator running task ID = 87
[2024-04-03 11:29:03,330][mephisto.abstractions.providers.mock.mock_unit][INFO] - Mock task launched: http://localhost:3000 for preview, http://localhost:3000/?worker_id=x&assignment_id=2847 for assignment 1175
[2024-04-03 11:29:03,333][mephisto.abstractions.providers.mock.mock_unit][INFO] - Mock task launched: http://localhost:3000 for preview, http://localhost:3000/?worker_id=x&assignment_id=2848 for assignment 1175
[2024-04-03 11:29:03,335][mephisto.abstractions.providers.mock.mock_unit][INFO] - Mock task launched: http://localhost:3000 for preview, http://localhost:3000/?worker_id=x&assignment_id=2849 for assignment 1175
[2024-04-03 11:29:03,338][mephisto.abstractions.providers.mock.mock_unit][INFO] - Mock task launched: http://localhost:3000 for preview, http://localhost:3000/?worker_id=x&assignment_id=2850 for assignment 1175
[2024-04-03 11:29:03,340][mephisto.abstractions.providers.mock.mock_unit][INFO] - Mock task launched: http://localhost:3000 for preview, http://localhost:3000/?worker_id=x&assignment_id=2851 for assignment 1175
[2024-04-03 11:29:03,343][mephisto.abstractions.providers.mock.mock_unit][INFO] - Mock task launched: http://localhost:3000 for preview, http://localhost:3000/?worker_id=x&assignment_id=2852 for assignment 1176
[2024-04-03 11:29:03,345][mephisto.abstractions.providers.mock.mock_unit][INFO] - Mock task launched: http://localhost:3000 for preview, http://localhost:3000/?worker_id=x&assignment_id=2853 for assignment 1176
[2024-04-03 11:29:03,347][mephisto.abstractions.providers.mock.mock_unit][INFO] - Mock task launched: http://localhost:3000 for preview, http://localhost:3000/?worker_id=x&assignment_id=2854 for assignment 1176
[2024-04-03 11:29:03,350][mephisto.abstractions.providers.mock.mock_unit][INFO] - Mock task launched: http://localhost:3000 for preview, http://localhost:3000/?worker_id=x&assignment_id=2855 for assignment 1176
[2024-04-03 11:29:03,352][mephisto.abstractions.providers.mock.mock_unit][INFO] - Mock task launched: http://localhost:3000 for preview, http://localhost:3000/?worker_id=x&assignment_id=2856 for assignment 1176
[2024-04-03 11:29:03,354][mephisto.abstractions.providers.mock.mock_unit][INFO] - Mock task launched: http://localhost:3000 for preview, http://localhost:3000/?worker_id=x&assignment_id=2857 for assignment 1177
[2024-04-03 11:29:03,357][mephisto.abstractions.providers.mock.mock_unit][INFO] - Mock task launched: http://localhost:3000 for preview, http://localhost:3000/?worker_id=x&assignment_id=2858 for assignment 1177
[2024-04-03 11:29:03,361][mephisto.abstractions.providers.mock.mock_unit][INFO] - Mock task launched: http://localhost:3000 for preview, http://localhost:3000/?worker_id=x&assignment_id=2859 for assignment 1177
[2024-04-03 11:29:03,364][mephisto.abstractions.providers.mock.mock_unit][INFO] - Mock task launched: http://localhost:3000 for preview, http://localhost:3000/?worker_id=x&assignment_id=2860 for assignment 1177
[2024-04-03 11:29:03,366][mephisto.abstractions.providers.mock.mock_unit][INFO] - Mock task launched: http://localhost:3000 for preview, http://localhost:3000/?worker_id=x&assignment_id=2861 for assignment 1177
[2024-04-03 11:29:03,369][mephisto.abstractions.providers.mock.mock_unit][INFO] - Mock task launched: http://localhost:3000 for preview, http://localhost:3000/?worker_id=x&assignment_id=2862 for assignment 1178
[2024-04-03 11:29:03,371][mephisto.abstractions.providers.mock.mock_unit][INFO] - Mock task launched: http://localhost:3000 for preview, http://localhost:3000/?worker_id=x&assignment_id=2863 for assignment 1178
[2024-04-03 11:29:03,374][mephisto.abstractions.providers.mock.mock_unit][INFO] - Mock task launched: http://localhost:3000 for preview, http://localhost:3000/?worker_id=x&assignment_id=2864 for assignment 1178
[2024-04-03 11:29:03,376][mephisto.abstractions.providers.mock.mock_unit][INFO] - Mock task launched: http://localhost:3000 for preview, http://localhost:3000/?worker_id=x&assignment_id=2865 for assignment 1178
[2024-04-03 11:29:03,379][mephisto.abstractions.providers.mock.mock_unit][INFO] - Mock task launched: http://localhost:3000 for preview, http://localhost:3000/?worker_id=x&assignment_id=2866 for assignment 1178
[2024-04-03 11:29:03,381][mephisto.abstractions.providers.mock.mock_unit][INFO] - Mock task launched: http://localhost:3000 for preview, http://localhost:3000/?worker_id=x&assignment_id=2867 for assignment 1179
[2024-04-03 11:29:03,383][mephisto.abstractions.providers.mock.mock_unit][INFO] - Mock task launched: http://localhost:3000 for preview, http://localhost:3000/?worker_id=x&assignment_id=2868 for assignment 1179
[2024-04-03 11:29:03,386][mephisto.abstractions.providers.mock.mock_unit][INFO] - Mock task launched: http://localhost:3000 for preview, http://localhost:3000/?worker_id=x&assignment_id=2869 for assignment 1179
[2024-04-03 11:29:03,388][mephisto.abstractions.providers.mock.mock_unit][INFO] - Mock task launched: http://localhost:3000 for preview, http://localhost:3000/?worker_id=x&assignment_id=2870 for assignment 1179
[2024-04-03 11:29:03,391][mephisto.abstractions.providers.mock.mock_unit][INFO] - Mock task launched: http://localhost:3000 for preview, http://localhost:3000/?worker_id=x&assignment_id=2871 for assignment 1179
[2024-04-03 11:29:03,394][mephisto.abstractions.providers.mock.mock_unit][INFO] - Mock task launched: http://localhost:3000 for preview, http://localhost:3000/?worker_id=x&assignment_id=2872 for assignment 1180
[2024-04-03 11:29:03,396][mephisto.abstractions.providers.mock.mock_unit][INFO] - Mock task launched: http://localhost:3000 for preview, http://localhost:3000/?worker_id=x&assignment_id=2873 for assignment 1180
[2024-04-03 11:29:03,399][mephisto.abstractions.providers.mock.mock_unit][INFO] - Mock task launched: http://localhost:3000 for preview, http://localhost:3000/?worker_id=x&assignment_id=2874 for assignment 1180
[2024-04-03 11:29:03,401][mephisto.abstractions.providers.mock.mock_unit][INFO] - Mock task launched: http://localhost:3000 for preview, http://localhost:3000/?worker_id=x&assignment_id=2875 for assignment 1180
[2024-04-03 11:29:03,404][mephisto.abstractions.providers.mock.mock_unit][INFO] - Mock task launched: http://localhost:3000 for preview, http://localhost:3000/?worker_id=x&assignment_id=2876 for assignment 1180
[2024-04-03 11:29:03,407][mephisto.abstractions.providers.mock.mock_unit][INFO] - Mock task launched: http://localhost:3000 for preview, http://localhost:3000/?worker_id=x&assignment_id=2877 for assignment 1181
[2024-04-03 11:29:03,410][mephisto.abstractions.providers.mock.mock_unit][INFO] - Mock task launched: http://localhost:3000 for preview, http://localhost:3000/?worker_id=x&assignment_id=2878 for assignment 1181
[2024-04-03 11:29:03,412][mephisto.abstractions.providers.mock.mock_unit][INFO] - Mock task launched: http://localhost:3000 for preview, http://localhost:3000/?worker_id=x&assignment_id=2879 for assignment 1181
[2024-04-03 11:29:03,415][mephisto.abstractions.providers.mock.mock_unit][INFO] - Mock task launched: http://localhost:3000 for preview, http://localhost:3000/?worker_id=x&assignment_id=2880 for assignment 1181
[2024-04-03 11:29:03,417][mephisto.abstractions.providers.mock.mock_unit][INFO] - Mock task launched: http://localhost:3000 for preview, http://localhost:3000/?worker_id=x&assignment_id=2881 for assignment 1181
[2024-04-03 11:29:03,420][mephisto.abstractions.providers.mock.mock_unit][INFO] - Mock task launched: http://localhost:3000 for preview, http://localhost:3000/?worker_id=x&assignment_id=2882 for assignment 1182
[2024-04-03 11:29:03,422][mephisto.abstractions.providers.mock.mock_unit][INFO] - Mock task launched: http://localhost:3000 for preview, http://localhost:3000/?worker_id=x&assignment_id=2883 for assignment 1182
[2024-04-03 11:29:03,425][mephisto.abstractions.providers.mock.mock_unit][INFO] - Mock task launched: http://localhost:3000 for preview, http://localhost:3000/?worker_id=x&assignment_id=2884 for assignment 1182
[2024-04-03 11:29:03,428][mephisto.abstractions.providers.mock.mock_unit][INFO] - Mock task launched: http://localhost:3000 for preview, http://localhost:3000/?worker_id=x&assignment_id=2885 for assignment 1182
[2024-04-03 11:29:03,430][mephisto.abstractions.providers.mock.mock_unit][INFO] - Mock task launched: http://localhost:3000 for preview, http://localhost:3000/?worker_id=x&assignment_id=2886 for assignment 1182
[2024-04-03 11:29:03,433][mephisto.abstractions.providers.mock.mock_unit][INFO] - Mock task launched: http://localhost:3000 for preview, http://localhost:3000/?worker_id=x&assignment_id=2887 for assignment 1183
[2024-04-03 11:29:03,435][mephisto.abstractions.providers.mock.mock_unit][INFO] - Mock task launched: http://localhost:3000 for preview, http://localhost:3000/?worker_id=x&assignment_id=2888 for assignment 1183
[2024-04-03 11:29:03,438][mephisto.abstractions.providers.mock.mock_unit][INFO] - Mock task launched: http://localhost:3000 for preview, http://localhost:3000/?worker_id=x&assignment_id=2889 for assignment 1183
[2024-04-03 11:29:03,440][mephisto.abstractions.providers.mock.mock_unit][INFO] - Mock task launched: http://localhost:3000 for preview, http://localhost:3000/?worker_id=x&assignment_id=2890 for assignment 1183
[2024-04-03 11:29:03,443][mephisto.abstractions.providers.mock.mock_unit][INFO] - Mock task launched: http://localhost:3000 for preview, http://localhost:3000/?worker_id=x&assignment_id=2891 for assignment 1183
[2024-04-03 11:29:03,446][mephisto.abstractions.providers.mock.mock_unit][INFO] - Mock task launched: http://localhost:3000 for preview, http://localhost:3000/?worker_id=x&assignment_id=2892 for assignment 1184
[2024-04-03 11:29:03,448][mephisto.abstractions.providers.mock.mock_unit][INFO] - Mock task launched: http://localhost:3000 for preview, http://localhost:3000/?worker_id=x&assignment_id=2893 for assignment 1184
[2024-04-03 11:29:03,451][mephisto.abstractions.providers.mock.mock_unit][INFO] - Mock task launched: http://localhost:3000 for preview, http://localhost:3000/?worker_id=x&assignment_id=2894 for assignment 1184
[2024-04-03 11:29:03,453][mephisto.abstractions.providers.mock.mock_unit][INFO] - Mock task launched: http://localhost:3000 for preview, http://localhost:3000/?worker_id=x&assignment_id=2895 for assignment 1184
[2024-04-03 11:29:03,457][mephisto.abstractions.providers.mock.mock_unit][INFO] - Mock task launched: http://localhost:3000 for preview, http://localhost:3000/?worker_id=x&assignment_id=2896 for assignment 1184
[2024-04-03 11:29:03,460][mephisto.abstractions.providers.mock.mock_unit][INFO] - Mock task launched: http://localhost:3000 for preview, http://localhost:3000/?worker_id=x&assignment_id=2897 for assignment 1185
[2024-04-03 11:29:03,462][mephisto.abstractions.providers.mock.mock_unit][INFO] - Mock task launched: http://localhost:3000 for preview, http://localhost:3000/?worker_id=x&assignment_id=2898 for assignment 1185
[2024-04-03 11:29:03,464][mephisto.abstractions.providers.mock.mock_unit][INFO] - Mock task launched: http://localhost:3000 for preview, http://localhost:3000/?worker_id=x&assignment_id=2899 for assignment 1185
[2024-04-03 11:29:03,467][mephisto.abstractions.providers.mock.mock_unit][INFO] - Mock task launched: http://localhost:3000 for preview, http://localhost:3000/?worker_id=x&assignment_id=2900 for assignment 1185
[2024-04-03 11:29:03,469][mephisto.abstractions.providers.mock.mock_unit][INFO] - Mock task launched: http://localhost:3000 for preview, http://localhost:3000/?worker_id=x&assignment_id=2901 for assignment 1185
[2024-04-03 11:29:03,472][mephisto.abstractions.providers.mock.mock_unit][INFO] - Mock task launched: http://localhost:3000 for preview, http://localhost:3000/?worker_id=x&assignment_id=2902 for assignment 1186
[2024-04-03 11:29:03,474][mephisto.abstractions.providers.mock.mock_unit][INFO] - Mock task launched: http://localhost:3000 for preview, http://localhost:3000/?worker_id=x&assignment_id=2903 for assignment 1186
[2024-04-03 11:29:03,477][mephisto.abstractions.providers.mock.mock_unit][INFO] - Mock task launched: http://localhost:3000 for preview, http://localhost:3000/?worker_id=x&assignment_id=2904 for assignment 1186
[2024-04-03 11:29:03,480][mephisto.abstractions.providers.mock.mock_unit][INFO] - Mock task launched: http://localhost:3000 for preview, http://localhost:3000/?worker_id=x&assignment_id=2905 for assignment 1186
[2024-04-03 11:29:03,482][mephisto.abstractions.providers.mock.mock_unit][INFO] - Mock task launched: http://localhost:3000 for preview, http://localhost:3000/?worker_id=x&assignment_id=2906 for assignment 1186
[2024-04-03 11:29:03,484][mephisto.abstractions.providers.mock.mock_unit][INFO] - Mock task launched: http://localhost:3000 for preview, http://localhost:3000/?worker_id=x&assignment_id=2907 for assignment 1187
[2024-04-03 11:29:03,487][mephisto.abstractions.providers.mock.mock_unit][INFO] - Mock task launched: http://localhost:3000 for preview, http://localhost:3000/?worker_id=x&assignment_id=2908 for assignment 1187
[2024-04-03 11:29:03,491][mephisto.abstractions.providers.mock.mock_unit][INFO] - Mock task launched: http://localhost:3000 for preview, http://localhost:3000/?worker_id=x&assignment_id=2909 for assignment 1187
[2024-04-03 11:29:03,494][mephisto.abstractions.providers.mock.mock_unit][INFO] - Mock task launched: http://localhost:3000 for preview, http://localhost:3000/?worker_id=x&assignment_id=2910 for assignment 1187
[2024-04-03 11:29:03,496][mephisto.abstractions.providers.mock.mock_unit][INFO] - Mock task launched: http://localhost:3000 for preview, http://localhost:3000/?worker_id=x&assignment_id=2911 for assignment 1187
[2024-04-03 11:29:03,499][mephisto.abstractions.providers.mock.mock_unit][INFO] - Mock task launched: http://localhost:3000 for preview, http://localhost:3000/?worker_id=x&assignment_id=2912 for assignment 1188
[2024-04-03 11:29:03,501][mephisto.abstractions.providers.mock.mock_unit][INFO] - Mock task launched: http://localhost:3000 for preview, http://localhost:3000/?worker_id=x&assignment_id=2913 for assignment 1188
[2024-04-03 11:29:03,504][mephisto.abstractions.providers.mock.mock_unit][INFO] - Mock task launched: http://localhost:3000 for preview, http://localhost:3000/?worker_id=x&assignment_id=2914 for assignment 1188
[2024-04-03 11:29:03,507][mephisto.abstractions.providers.mock.mock_unit][INFO] - Mock task launched: http://localhost:3000 for preview, http://localhost:3000/?worker_id=x&assignment_id=2915 for assignment 1188
[2024-04-03 11:29:03,509][mephisto.abstractions.providers.mock.mock_unit][INFO] - Mock task launched: http://localhost:3000 for preview, http://localhost:3000/?worker_id=x&assignment_id=2916 for assignment 1188
[2024-04-03 11:29:03,512][mephisto.abstractions.providers.mock.mock_unit][INFO] - Mock task launched: http://localhost:3000 for preview, http://localhost:3000/?worker_id=x&assignment_id=2917 for assignment 1189
[2024-04-03 11:29:03,514][mephisto.abstractions.providers.mock.mock_unit][INFO] - Mock task launched: http://localhost:3000 for preview, http://localhost:3000/?worker_id=x&assignment_id=2918 for assignment 1189
[2024-04-03 11:29:03,516][mephisto.abstractions.providers.mock.mock_unit][INFO] - Mock task launched: http://localhost:3000 for preview, http://localhost:3000/?worker_id=x&assignment_id=2919 for assignment 1189
[2024-04-03 11:29:03,519][mephisto.abstractions.providers.mock.mock_unit][INFO] - Mock task launched: http://localhost:3000 for preview, http://localhost:3000/?worker_id=x&assignment_id=2920 for assignment 1189
[2024-04-03 11:29:03,522][mephisto.abstractions.providers.mock.mock_unit][INFO] - Mock task launched: http://localhost:3000 for preview, http://localhost:3000/?worker_id=x&assignment_id=2921 for assignment 1189
[2024-04-03 11:29:03,525][mephisto.abstractions.providers.mock.mock_unit][INFO] - Mock task launched: http://localhost:3000 for preview, http://localhost:3000/?worker_id=x&assignment_id=2922 for assignment 1190
[2024-04-03 11:29:03,527][mephisto.abstractions.providers.mock.mock_unit][INFO] - Mock task launched: http://localhost:3000 for preview, http://localhost:3000/?worker_id=x&assignment_id=2923 for assignment 1190
[2024-04-03 11:29:03,530][mephisto.abstractions.providers.mock.mock_unit][INFO] - Mock task launched: http://localhost:3000 for preview, http://localhost:3000/?worker_id=x&assignment_id=2924 for assignment 1190
[2024-04-03 11:29:03,532][mephisto.abstractions.providers.mock.mock_unit][INFO] - Mock task launched: http://localhost:3000 for preview, http://localhost:3000/?worker_id=x&assignment_id=2925 for assignment 1190
[2024-04-03 11:29:03,535][mephisto.abstractions.providers.mock.mock_unit][INFO] - Mock task launched: http://localhost:3000 for preview, http://localhost:3000/?worker_id=x&assignment_id=2926 for assignment 1190
[2024-04-03 11:29:03,538][mephisto.abstractions.providers.mock.mock_unit][INFO] - Mock task launched: http://localhost:3000 for preview, http://localhost:3000/?worker_id=x&assignment_id=2927 for assignment 1191
[2024-04-03 11:29:03,541][mephisto.abstractions.providers.mock.mock_unit][INFO] - Mock task launched: http://localhost:3000 for preview, http://localhost:3000/?worker_id=x&assignment_id=2928 for assignment 1191
[2024-04-03 11:29:03,543][mephisto.abstractions.providers.mock.mock_unit][INFO] - Mock task launched: http://localhost:3000 for preview, http://localhost:3000/?worker_id=x&assignment_id=2929 for assignment 1191
[2024-04-03 11:29:03,546][mephisto.abstractions.providers.mock.mock_unit][INFO] - Mock task launched: http://localhost:3000 for preview, http://localhost:3000/?worker_id=x&assignment_id=2930 for assignment 1191
[2024-04-03 11:29:03,549][mephisto.abstractions.providers.mock.mock_unit][INFO] - Mock task launched: http://localhost:3000 for preview, http://localhost:3000/?worker_id=x&assignment_id=2931 for assignment 1191
[2024-04-03 11:29:03,551][mephisto.abstractions.providers.mock.mock_unit][INFO] - Mock task launched: http://localhost:3000 for preview, http://localhost:3000/?worker_id=x&assignment_id=2932 for assignment 1192
[2024-04-03 11:29:03,554][mephisto.abstractions.providers.mock.mock_unit][INFO] - Mock task launched: http://localhost:3000 for preview, http://localhost:3000/?worker_id=x&assignment_id=2933 for assignment 1192
[2024-04-03 11:29:03,557][mephisto.abstractions.providers.mock.mock_unit][INFO] - Mock task launched: http://localhost:3000 for preview, http://localhost:3000/?worker_id=x&assignment_id=2934 for assignment 1192
[2024-04-03 11:29:03,559][mephisto.abstractions.providers.mock.mock_unit][INFO] - Mock task launched: http://localhost:3000 for preview, http://localhost:3000/?worker_id=x&assignment_id=2935 for assignment 1192
[2024-04-03 11:29:03,562][mephisto.abstractions.providers.mock.mock_unit][INFO] - Mock task launched: http://localhost:3000 for preview, http://localhost:3000/?worker_id=x&assignment_id=2936 for assignment 1192
[2024-04-03 11:29:03,565][mephisto.abstractions.providers.mock.mock_unit][INFO] - Mock task launched: http://localhost:3000 for preview, http://localhost:3000/?worker_id=x&assignment_id=2937 for assignment 1193
[2024-04-03 11:29:03,567][mephisto.abstractions.providers.mock.mock_unit][INFO] - Mock task launched: http://localhost:3000 for preview, http://localhost:3000/?worker_id=x&assignment_id=2938 for assignment 1193
[2024-04-03 11:29:03,570][mephisto.abstractions.providers.mock.mock_unit][INFO] - Mock task launched: http://localhost:3000 for preview, http://localhost:3000/?worker_id=x&assignment_id=2939 for assignment 1193
[2024-04-03 11:29:03,573][mephisto.abstractions.providers.mock.mock_unit][INFO] - Mock task launched: http://localhost:3000 for preview, http://localhost:3000/?worker_id=x&assignment_id=2940 for assignment 1193
[2024-04-03 11:29:03,576][mephisto.abstractions.providers.mock.mock_unit][INFO] - Mock task launched: http://localhost:3000 for preview, http://localhost:3000/?worker_id=x&assignment_id=2941 for assignment 1193
[2024-04-03 11:29:03,579][mephisto.abstractions.providers.mock.mock_unit][INFO] - Mock task launched: http://localhost:3000 for preview, http://localhost:3000/?worker_id=x&assignment_id=2942 for assignment 1194
[2024-04-03 11:29:03,581][mephisto.abstractions.providers.mock.mock_unit][INFO] - Mock task launched: http://localhost:3000 for preview, http://localhost:3000/?worker_id=x&assignment_id=2943 for assignment 1194
[2024-04-03 11:29:03,584][mephisto.abstractions.providers.mock.mock_unit][INFO] - Mock task launched: http://localhost:3000 for preview, http://localhost:3000/?worker_id=x&assignment_id=2944 for assignment 1194
[2024-04-03 11:29:03,587][mephisto.abstractions.providers.mock.mock_unit][INFO] - Mock task launched: http://localhost:3000 for preview, http://localhost:3000/?worker_id=x&assignment_id=2945 for assignment 1194
[2024-04-03 11:29:03,591][mephisto.abstractions.providers.mock.mock_unit][INFO] - Mock task launched: http://localhost:3000 for preview, http://localhost:3000/?worker_id=x&assignment_id=2946 for assignment 1194
[2024-04-03 11:29:03,593][mephisto.abstractions.providers.mock.mock_unit][INFO] - Mock task launched: http://localhost:3000 for preview, http://localhost:3000/?worker_id=x&assignment_id=2947 for assignment 1195
[2024-04-03 11:29:03,596][mephisto.abstractions.providers.mock.mock_unit][INFO] - Mock task launched: http://localhost:3000 for preview, http://localhost:3000/?worker_id=x&assignment_id=2948 for assignment 1195
[2024-04-03 11:29:03,598][mephisto.abstractions.providers.mock.mock_unit][INFO] - Mock task launched: http://localhost:3000 for preview, http://localhost:3000/?worker_id=x&assignment_id=2949 for assignment 1195
[2024-04-03 11:29:03,600][mephisto.abstractions.providers.mock.mock_unit][INFO] - Mock task launched: http://localhost:3000 for preview, http://localhost:3000/?worker_id=x&assignment_id=2950 for assignment 1195
[2024-04-03 11:29:03,603][mephisto.abstractions.providers.mock.mock_unit][INFO] - Mock task launched: http://localhost:3000 for preview, http://localhost:3000/?worker_id=x&assignment_id=2951 for assignment 1195
[2024-04-03 11:29:03,605][mephisto.abstractions.providers.mock.mock_unit][INFO] - Mock task launched: http://localhost:3000 for preview, http://localhost:3000/?worker_id=x&assignment_id=2952 for assignment 1196
[2024-04-03 11:29:03,608][mephisto.abstractions.providers.mock.mock_unit][INFO] - Mock task launched: http://localhost:3000 for preview, http://localhost:3000/?worker_id=x&assignment_id=2953 for assignment 1196
[2024-04-03 11:29:03,610][mephisto.abstractions.providers.mock.mock_unit][INFO] - Mock task launched: http://localhost:3000 for preview, http://localhost:3000/?worker_id=x&assignment_id=2954 for assignment 1196
[2024-04-03 11:29:03,613][mephisto.abstractions.providers.mock.mock_unit][INFO] - Mock task launched: http://localhost:3000 for preview, http://localhost:3000/?worker_id=x&assignment_id=2955 for assignment 1196
[2024-04-03 11:29:03,615][mephisto.abstractions.providers.mock.mock_unit][INFO] - Mock task launched: http://localhost:3000 for preview, http://localhost:3000/?worker_id=x&assignment_id=2956 for assignment 1196
[2024-04-03 11:29:03,624][mephisto.abstractions.providers.mock.mock_unit][INFO] - Mock task launched: http://localhost:3000 for preview, http://localhost:3000/?worker_id=x&assignment_id=2957 for assignment 1197
[2024-04-03 11:29:03,627][mephisto.abstractions.providers.mock.mock_unit][INFO] - Mock task launched: http://localhost:3000 for preview, http://localhost:3000/?worker_id=x&assignment_id=2958 for assignment 1197
[2024-04-03 11:29:03,629][mephisto.abstractions.providers.mock.mock_unit][INFO] - Mock task launched: http://localhost:3000 for preview, http://localhost:3000/?worker_id=x&assignment_id=2959 for assignment 1197
[2024-04-03 11:29:03,632][mephisto.abstractions.providers.mock.mock_unit][INFO] - Mock task launched: http://localhost:3000 for preview, http://localhost:3000/?worker_id=x&assignment_id=2960 for assignment 1197
[2024-04-03 11:29:03,634][mephisto.abstractions.providers.mock.mock_unit][INFO] - Mock task launched: http://localhost:3000 for preview, http://localhost:3000/?worker_id=x&assignment_id=2961 for assignment 1197
[2024-04-03 11:29:03,637][mephisto.abstractions.providers.mock.mock_unit][INFO] - Mock task launched: http://localhost:3000 for preview, http://localhost:3000/?worker_id=x&assignment_id=2962 for assignment 1198
[2024-04-03 11:29:03,640][mephisto.abstractions.providers.mock.mock_unit][INFO] - Mock task launched: http://localhost:3000 for preview, http://localhost:3000/?worker_id=x&assignment_id=2963 for assignment 1198
[2024-04-03 11:29:03,642][mephisto.abstractions.providers.mock.mock_unit][INFO] - Mock task launched: http://localhost:3000 for preview, http://localhost:3000/?worker_id=x&assignment_id=2964 for assignment 1198
[2024-04-03 11:29:03,645][mephisto.abstractions.providers.mock.mock_unit][INFO] - Mock task launched: http://localhost:3000 for preview, http://localhost:3000/?worker_id=x&assignment_id=2965 for assignment 1198
[2024-04-03 11:29:03,647][mephisto.abstractions.providers.mock.mock_unit][INFO] - Mock task launched: http://localhost:3000 for preview, http://localhost:3000/?worker_id=x&assignment_id=2966 for assignment 1198
[2024-04-03 11:29:03,650][mephisto.abstractions.providers.mock.mock_unit][INFO] - Mock task launched: http://localhost:3000 for preview, http://localhost:3000/?worker_id=x&assignment_id=2967 for assignment 1199
[2024-04-03 11:29:03,653][mephisto.abstractions.providers.mock.mock_unit][INFO] - Mock task launched: http://localhost:3000 for preview, http://localhost:3000/?worker_id=x&assignment_id=2968 for assignment 1199
[2024-04-03 11:29:03,656][mephisto.abstractions.providers.mock.mock_unit][INFO] - Mock task launched: http://localhost:3000 for preview, http://localhost:3000/?worker_id=x&assignment_id=2969 for assignment 1199
[2024-04-03 11:29:03,659][mephisto.abstractions.providers.mock.mock_unit][INFO] - Mock task launched: http://localhost:3000 for preview, http://localhost:3000/?worker_id=x&assignment_id=2970 for assignment 1199
[2024-04-03 11:29:03,661][mephisto.abstractions.providers.mock.mock_unit][INFO] - Mock task launched: http://localhost:3000 for preview, http://localhost:3000/?worker_id=x&assignment_id=2971 for assignment 1199
[2024-04-03 11:29:03,663][mephisto.abstractions.providers.mock.mock_unit][INFO] - Mock task launched: http://localhost:3000 for preview, http://localhost:3000/?worker_id=x&assignment_id=2972 for assignment 1200
[2024-04-03 11:29:03,666][mephisto.abstractions.providers.mock.mock_unit][INFO] - Mock task launched: http://localhost:3000 for preview, http://localhost:3000/?worker_id=x&assignment_id=2973 for assignment 1200
[2024-04-03 11:29:03,668][mephisto.abstractions.providers.mock.mock_unit][INFO] - Mock task launched: http://localhost:3000 for preview, http://localhost:3000/?worker_id=x&assignment_id=2974 for assignment 1200
[2024-04-03 11:29:03,670][mephisto.abstractions.providers.mock.mock_unit][INFO] - Mock task launched: http://localhost:3000 for preview, http://localhost:3000/?worker_id=x&assignment_id=2975 for assignment 1200
[2024-04-03 11:29:03,673][mephisto.abstractions.providers.mock.mock_unit][INFO] - Mock task launched: http://localhost:3000 for preview, http://localhost:3000/?worker_id=x&assignment_id=2976 for assignment 1200
[2024-04-03 11:29:03,675][mephisto.abstractions.providers.mock.mock_unit][INFO] - Mock task launched: http://localhost:3000 for preview, http://localhost:3000/?worker_id=x&assignment_id=2977 for assignment 1201
[2024-04-03 11:29:03,678][mephisto.abstractions.providers.mock.mock_unit][INFO] - Mock task launched: http://localhost:3000 for preview, http://localhost:3000/?worker_id=x&assignment_id=2978 for assignment 1201
[2024-04-03 11:29:03,680][mephisto.abstractions.providers.mock.mock_unit][INFO] - Mock task launched: http://localhost:3000 for preview, http://localhost:3000/?worker_id=x&assignment_id=2979 for assignment 1201
[2024-04-03 11:29:03,682][mephisto.abstractions.providers.mock.mock_unit][INFO] - Mock task launched: http://localhost:3000 for preview, http://localhost:3000/?worker_id=x&assignment_id=2980 for assignment 1201
[2024-04-03 11:29:03,685][mephisto.abstractions.providers.mock.mock_unit][INFO] - Mock task launched: http://localhost:3000 for preview, http://localhost:3000/?worker_id=x&assignment_id=2981 for assignment 1201
[2024-04-03 11:29:03,687][mephisto.abstractions.providers.mock.mock_unit][INFO] - Mock task launched: http://localhost:3000 for preview, http://localhost:3000/?worker_id=x&assignment_id=2982 for assignment 1202
[2024-04-03 11:29:03,690][mephisto.abstractions.providers.mock.mock_unit][INFO] - Mock task launched: http://localhost:3000 for preview, http://localhost:3000/?worker_id=x&assignment_id=2983 for assignment 1202
[2024-04-03 11:29:03,692][mephisto.abstractions.providers.mock.mock_unit][INFO] - Mock task launched: http://localhost:3000 for preview, http://localhost:3000/?worker_id=x&assignment_id=2984 for assignment 1202
[2024-04-03 11:29:03,695][mephisto.abstractions.providers.mock.mock_unit][INFO] - Mock task launched: http://localhost:3000 for preview, http://localhost:3000/?worker_id=x&assignment_id=2985 for assignment 1202
[2024-04-03 11:29:03,697][mephisto.abstractions.providers.mock.mock_unit][INFO] - Mock task launched: http://localhost:3000 for preview, http://localhost:3000/?worker_id=x&assignment_id=2986 for assignment 1202
[2024-04-03 11:29:03,699][mephisto.abstractions.providers.mock.mock_unit][INFO] - Mock task launched: http://localhost:3000 for preview, http://localhost:3000/?worker_id=x&assignment_id=2987 for assignment 1203
[2024-04-03 11:29:03,702][mephisto.abstractions.providers.mock.mock_unit][INFO] - Mock task launched: http://localhost:3000 for preview, http://localhost:3000/?worker_id=x&assignment_id=2988 for assignment 1203
[2024-04-03 11:29:03,704][mephisto.abstractions.providers.mock.mock_unit][INFO] - Mock task launched: http://localhost:3000 for preview, http://localhost:3000/?worker_id=x&assignment_id=2989 for assignment 1203
[2024-04-03 11:29:03,706][mephisto.abstractions.providers.mock.mock_unit][INFO] - Mock task launched: http://localhost:3000 for preview, http://localhost:3000/?worker_id=x&assignment_id=2990 for assignment 1203
[2024-04-03 11:29:03,709][mephisto.abstractions.providers.mock.mock_unit][INFO] - Mock task launched: http://localhost:3000 for preview, http://localhost:3000/?worker_id=x&assignment_id=2991 for assignment 1203
[2024-04-03 11:29:03,711][mephisto.abstractions.providers.mock.mock_unit][INFO] - Mock task launched: http://localhost:3000 for preview, http://localhost:3000/?worker_id=x&assignment_id=2992 for assignment 1204
[2024-04-03 11:29:03,714][mephisto.abstractions.providers.mock.mock_unit][INFO] - Mock task launched: http://localhost:3000 for preview, http://localhost:3000/?worker_id=x&assignment_id=2993 for assignment 1204
[2024-04-03 11:29:03,716][mephisto.abstractions.providers.mock.mock_unit][INFO] - Mock task launched: http://localhost:3000 for preview, http://localhost:3000/?worker_id=x&assignment_id=2994 for assignment 1204
[2024-04-03 11:29:03,719][mephisto.abstractions.providers.mock.mock_unit][INFO] - Mock task launched: http://localhost:3000 for preview, http://localhost:3000/?worker_id=x&assignment_id=2995 for assignment 1204
[2024-04-03 11:29:03,723][mephisto.abstractions.providers.mock.mock_unit][INFO] - Mock task launched: http://localhost:3000 for preview, http://localhost:3000/?worker_id=x&assignment_id=2996 for assignment 1204
[2024-04-03 11:29:03,725][mephisto.abstractions.providers.mock.mock_unit][INFO] - Mock task launched: http://localhost:3000 for preview, http://localhost:3000/?worker_id=x&assignment_id=2997 for assignment 1205
[2024-04-03 11:29:03,728][mephisto.abstractions.providers.mock.mock_unit][INFO] - Mock task launched: http://localhost:3000 for preview, http://localhost:3000/?worker_id=x&assignment_id=2998 for assignment 1205
[2024-04-03 11:29:03,730][mephisto.abstractions.providers.mock.mock_unit][INFO] - Mock task launched: http://localhost:3000 for preview, http://localhost:3000/?worker_id=x&assignment_id=2999 for assignment 1205
[2024-04-03 11:29:03,732][mephisto.abstractions.providers.mock.mock_unit][INFO] - Mock task launched: http://localhost:3000 for preview, http://localhost:3000/?worker_id=x&assignment_id=3000 for assignment 1205
[2024-04-03 11:29:03,735][mephisto.abstractions.providers.mock.mock_unit][INFO] - Mock task launched: http://localhost:3000 for preview, http://localhost:3000/?worker_id=x&assignment_id=3001 for assignment 1205
[2024-04-03 11:29:03,737][mephisto.abstractions.providers.mock.mock_unit][INFO] - Mock task launched: http://localhost:3000 for preview, http://localhost:3000/?worker_id=x&assignment_id=3002 for assignment 1206
[2024-04-03 11:29:03,739][mephisto.abstractions.providers.mock.mock_unit][INFO] - Mock task launched: http://localhost:3000 for preview, http://localhost:3000/?worker_id=x&assignment_id=3003 for assignment 1206
[2024-04-03 11:29:03,742][mephisto.abstractions.providers.mock.mock_unit][INFO] - Mock task launched: http://localhost:3000 for preview, http://localhost:3000/?worker_id=x&assignment_id=3004 for assignment 1206
[2024-04-03 11:29:03,744][mephisto.abstractions.providers.mock.mock_unit][INFO] - Mock task launched: http://localhost:3000 for preview, http://localhost:3000/?worker_id=x&assignment_id=3005 for assignment 1206
[2024-04-03 11:29:03,746][mephisto.abstractions.providers.mock.mock_unit][INFO] - Mock task launched: http://localhost:3000 for preview, http://localhost:3000/?worker_id=x&assignment_id=3006 for assignment 1206
[2024-04-03 11:29:03,749][mephisto.abstractions.providers.mock.mock_unit][INFO] - Mock task launched: http://localhost:3000 for preview, http://localhost:3000/?worker_id=x&assignment_id=3007 for assignment 1207
[2024-04-03 11:29:03,751][mephisto.abstractions.providers.mock.mock_unit][INFO] - Mock task launched: http://localhost:3000 for preview, http://localhost:3000/?worker_id=x&assignment_id=3008 for assignment 1207
[2024-04-03 11:29:03,754][mephisto.abstractions.providers.mock.mock_unit][INFO] - Mock task launched: http://localhost:3000 for preview, http://localhost:3000/?worker_id=x&assignment_id=3009 for assignment 1207
[2024-04-03 11:29:03,757][mephisto.abstractions.providers.mock.mock_unit][INFO] - Mock task launched: http://localhost:3000 for preview, http://localhost:3000/?worker_id=x&assignment_id=3010 for assignment 1207
[2024-04-03 11:29:03,759][mephisto.abstractions.providers.mock.mock_unit][INFO] - Mock task launched: http://localhost:3000 for preview, http://localhost:3000/?worker_id=x&assignment_id=3011 for assignment 1207
[2024-04-03 11:29:03,762][mephisto.abstractions.providers.mock.mock_unit][INFO] - Mock task launched: http://localhost:3000 for preview, http://localhost:3000/?worker_id=x&assignment_id=3012 for assignment 1208
[2024-04-03 11:29:03,764][mephisto.abstractions.providers.mock.mock_unit][INFO] - Mock task launched: http://localhost:3000 for preview, http://localhost:3000/?worker_id=x&assignment_id=3013 for assignment 1208
[2024-04-03 11:29:03,766][mephisto.abstractions.providers.mock.mock_unit][INFO] - Mock task launched: http://localhost:3000 for preview, http://localhost:3000/?worker_id=x&assignment_id=3014 for assignment 1208
[2024-04-03 11:29:03,769][mephisto.abstractions.providers.mock.mock_unit][INFO] - Mock task launched: http://localhost:3000 for preview, http://localhost:3000/?worker_id=x&assignment_id=3015 for assignment 1208
[2024-04-03 11:29:03,772][mephisto.abstractions.providers.mock.mock_unit][INFO] - Mock task launched: http://localhost:3000 for preview, http://localhost:3000/?worker_id=x&assignment_id=3016 for assignment 1208
[2024-04-03 11:29:03,774][mephisto.abstractions.providers.mock.mock_unit][INFO] - Mock task launched: http://localhost:3000 for preview, http://localhost:3000/?worker_id=x&assignment_id=3017 for assignment 1209
[2024-04-03 11:29:03,776][mephisto.abstractions.providers.mock.mock_unit][INFO] - Mock task launched: http://localhost:3000 for preview, http://localhost:3000/?worker_id=x&assignment_id=3018 for assignment 1209
[2024-04-03 11:29:03,779][mephisto.abstractions.providers.mock.mock_unit][INFO] - Mock task launched: http://localhost:3000 for preview, http://localhost:3000/?worker_id=x&assignment_id=3019 for assignment 1209
[2024-04-03 11:29:03,781][mephisto.abstractions.providers.mock.mock_unit][INFO] - Mock task launched: http://localhost:3000 for preview, http://localhost:3000/?worker_id=x&assignment_id=3020 for assignment 1209
[2024-04-03 11:29:03,785][mephisto.abstractions.providers.mock.mock_unit][INFO] - Mock task launched: http://localhost:3000 for preview, http://localhost:3000/?worker_id=x&assignment_id=3021 for assignment 1209
[2024-04-03 11:29:03,788][mephisto.abstractions.providers.mock.mock_unit][INFO] - Mock task launched: http://localhost:3000 for preview, http://localhost:3000/?worker_id=x&assignment_id=3022 for assignment 1210
[2024-04-03 11:29:03,790][mephisto.abstractions.providers.mock.mock_unit][INFO] - Mock task launched: http://localhost:3000 for preview, http://localhost:3000/?worker_id=x&assignment_id=3023 for assignment 1210
[2024-04-03 11:29:03,793][mephisto.abstractions.providers.mock.mock_unit][INFO] - Mock task launched: http://localhost:3000 for preview, http://localhost:3000/?worker_id=x&assignment_id=3024 for assignment 1210
[2024-04-03 11:29:03,795][mephisto.abstractions.providers.mock.mock_unit][INFO] - Mock task launched: http://localhost:3000 for preview, http://localhost:3000/?worker_id=x&assignment_id=3025 for assignment 1210
[2024-04-03 11:29:03,798][mephisto.abstractions.providers.mock.mock_unit][INFO] - Mock task launched: http://localhost:3000 for preview, http://localhost:3000/?worker_id=x&assignment_id=3026 for assignment 1210
[2024-04-03 11:29:03,800][mephisto.abstractions.providers.mock.mock_unit][INFO] - Mock task launched: http://localhost:3000 for preview, http://localhost:3000/?worker_id=x&assignment_id=3027 for assignment 1211
[2024-04-03 11:29:03,802][mephisto.abstractions.providers.mock.mock_unit][INFO] - Mock task launched: http://localhost:3000 for preview, http://localhost:3000/?worker_id=x&assignment_id=3028 for assignment 1211
[2024-04-03 11:29:03,805][mephisto.abstractions.providers.mock.mock_unit][INFO] - Mock task launched: http://localhost:3000 for preview, http://localhost:3000/?worker_id=x&assignment_id=3029 for assignment 1211
[2024-04-03 11:29:03,807][mephisto.abstractions.providers.mock.mock_unit][INFO] - Mock task launched: http://localhost:3000 for preview, http://localhost:3000/?worker_id=x&assignment_id=3030 for assignment 1211
[2024-04-03 11:29:03,809][mephisto.abstractions.providers.mock.mock_unit][INFO] - Mock task launched: http://localhost:3000 for preview, http://localhost:3000/?worker_id=x&assignment_id=3031 for assignment 1211
[2024-04-03 11:29:03,812][mephisto.abstractions.providers.mock.mock_unit][INFO] - Mock task launched: http://localhost:3000 for preview, http://localhost:3000/?worker_id=x&assignment_id=3032 for assignment 1212
[2024-04-03 11:29:03,815][mephisto.abstractions.providers.mock.mock_unit][INFO] - Mock task launched: http://localhost:3000 for preview, http://localhost:3000/?worker_id=x&assignment_id=3033 for assignment 1212
[2024-04-03 11:29:03,819][mephisto.abstractions.providers.mock.mock_unit][INFO] - Mock task launched: http://localhost:3000 for preview, http://localhost:3000/?worker_id=x&assignment_id=3034 for assignment 1212
[2024-04-03 11:29:03,821][mephisto.abstractions.providers.mock.mock_unit][INFO] - Mock task launched: http://localhost:3000 for preview, http://localhost:3000/?worker_id=x&assignment_id=3035 for assignment 1212
[2024-04-03 11:29:03,824][mephisto.abstractions.providers.mock.mock_unit][INFO] - Mock task launched: http://localhost:3000 for preview, http://localhost:3000/?worker_id=x&assignment_id=3036 for assignment 1212
[2024-04-03 11:29:03,827][mephisto.abstractions.providers.mock.mock_unit][INFO] - Mock task launched: http://localhost:3000 for preview, http://localhost:3000/?worker_id=x&assignment_id=3037 for assignment 1213
[2024-04-03 11:29:03,829][mephisto.abstractions.providers.mock.mock_unit][INFO] - Mock task launched: http://localhost:3000 for preview, http://localhost:3000/?worker_id=x&assignment_id=3038 for assignment 1213
[2024-04-03 11:29:03,832][mephisto.abstractions.providers.mock.mock_unit][INFO] - Mock task launched: http://localhost:3000 for preview, http://localhost:3000/?worker_id=x&assignment_id=3039 for assignment 1213
[2024-04-03 11:29:03,834][mephisto.abstractions.providers.mock.mock_unit][INFO] - Mock task launched: http://localhost:3000 for preview, http://localhost:3000/?worker_id=x&assignment_id=3040 for assignment 1213
[2024-04-03 11:29:03,837][mephisto.abstractions.providers.mock.mock_unit][INFO] - Mock task launched: http://localhost:3000 for preview, http://localhost:3000/?worker_id=x&assignment_id=3041 for assignment 1213
[2024-04-03 11:29:03,839][mephisto.abstractions.providers.mock.mock_unit][INFO] - Mock task launched: http://localhost:3000 for preview, http://localhost:3000/?worker_id=x&assignment_id=3042 for assignment 1214
[2024-04-03 11:29:03,841][mephisto.abstractions.providers.mock.mock_unit][INFO] - Mock task launched: http://localhost:3000 for preview, http://localhost:3000/?worker_id=x&assignment_id=3043 for assignment 1214
[2024-04-03 11:29:03,844][mephisto.abstractions.providers.mock.mock_unit][INFO] - Mock task launched: http://localhost:3000 for preview, http://localhost:3000/?worker_id=x&assignment_id=3044 for assignment 1214
[2024-04-03 11:29:03,846][mephisto.abstractions.providers.mock.mock_unit][INFO] - Mock task launched: http://localhost:3000 for preview, http://localhost:3000/?worker_id=x&assignment_id=3045 for assignment 1214
[2024-04-03 11:29:03,849][mephisto.abstractions.providers.mock.mock_unit][INFO] - Mock task launched: http://localhost:3000 for preview, http://localhost:3000/?worker_id=x&assignment_id=3046 for assignment 1214
[2024-04-03 11:29:03,853][mephisto.abstractions.providers.mock.mock_unit][INFO] - Mock task launched: http://localhost:3000 for preview, http://localhost:3000/?worker_id=x&assignment_id=3047 for assignment 1215
[2024-04-03 11:29:03,856][mephisto.abstractions.providers.mock.mock_unit][INFO] - Mock task launched: http://localhost:3000 for preview, http://localhost:3000/?worker_id=x&assignment_id=3048 for assignment 1215
[2024-04-03 11:29:03,858][mephisto.abstractions.providers.mock.mock_unit][INFO] - Mock task launched: http://localhost:3000 for preview, http://localhost:3000/?worker_id=x&assignment_id=3049 for assignment 1215
[2024-04-03 11:29:03,861][mephisto.abstractions.providers.mock.mock_unit][INFO] - Mock task launched: http://localhost:3000 for preview, http://localhost:3000/?worker_id=x&assignment_id=3050 for assignment 1215
[2024-04-03 11:29:03,863][mephisto.abstractions.providers.mock.mock_unit][INFO] - Mock task launched: http://localhost:3000 for preview, http://localhost:3000/?worker_id=x&assignment_id=3051 for assignment 1215
[2024-04-03 11:29:03,865][mephisto.abstractions.providers.mock.mock_unit][INFO] - Mock task launched: http://localhost:3000 for preview, http://localhost:3000/?worker_id=x&assignment_id=3052 for assignment 1216
[2024-04-03 11:29:03,868][mephisto.abstractions.providers.mock.mock_unit][INFO] - Mock task launched: http://localhost:3000 for preview, http://localhost:3000/?worker_id=x&assignment_id=3053 for assignment 1216
[2024-04-03 11:29:03,870][mephisto.abstractions.providers.mock.mock_unit][INFO] - Mock task launched: http://localhost:3000 for preview, http://localhost:3000/?worker_id=x&assignment_id=3054 for assignment 1216
[2024-04-03 11:29:03,872][mephisto.abstractions.providers.mock.mock_unit][INFO] - Mock task launched: http://localhost:3000 for preview, http://localhost:3000/?worker_id=x&assignment_id=3055 for assignment 1216
[2024-04-03 11:29:03,875][mephisto.abstractions.providers.mock.mock_unit][INFO] - Mock task launched: http://localhost:3000 for preview, http://localhost:3000/?worker_id=x&assignment_id=3056 for assignment 1216
[2024-04-03 11:29:03,877][mephisto.abstractions.providers.mock.mock_unit][INFO] - Mock task launched: http://localhost:3000 for preview, http://localhost:3000/?worker_id=x&assignment_id=3057 for assignment 1217
[2024-04-03 11:29:03,880][mephisto.abstractions.providers.mock.mock_unit][INFO] - Mock task launched: http://localhost:3000 for preview, http://localhost:3000/?worker_id=x&assignment_id=3058 for assignment 1217
[2024-04-03 11:29:03,884][mephisto.abstractions.providers.mock.mock_unit][INFO] - Mock task launched: http://localhost:3000 for preview, http://localhost:3000/?worker_id=x&assignment_id=3059 for assignment 1217
[2024-04-03 11:29:03,886][mephisto.abstractions.providers.mock.mock_unit][INFO] - Mock task launched: http://localhost:3000 for preview, http://localhost:3000/?worker_id=x&assignment_id=3060 for assignment 1217
[2024-04-03 11:29:03,889][mephisto.abstractions.providers.mock.mock_unit][INFO] - Mock task launched: http://localhost:3000 for preview, http://localhost:3000/?worker_id=x&assignment_id=3061 for assignment 1217
[2024-04-03 11:29:09,262][mephisto.abstractions.blueprints.abstract.static_task.static_agent_state][INFO] - SAVED_DATA_TO_DISC at /home/martins_32048/mephisto-data/data/data/runs/NO_PROJECT/87/1175/280/agent_data.json
[2024-04-03 11:29:10,417][mephisto.abstractions.blueprints.abstract.static_task.static_agent_state][INFO] - SAVED_DATA_TO_DISC at /home/martins_32048/mephisto-data/data/data/runs/NO_PROJECT/87/1175/280/agent_data.json
[2024-04-03 11:29:18,694][mephisto.abstractions.blueprints.abstract.static_task.static_agent_state][INFO] - SAVED_DATA_TO_DISC at /home/martins_32048/mephisto-data/data/data/runs/NO_PROJECT/87/1175/280/agent_data.json
[2024-04-03 11:29:32,518][mephisto.abstractions.blueprints.abstract.static_task.static_agent_state][INFO] - SAVED_DATA_TO_DISC at /home/martins_32048/mephisto-data/data/data/runs/NO_PROJECT/87/1175/280/agent_data.json
[2024-04-03 11:29:33,337][mephisto.operations.operator][INFO] - Operator running task ID = 87
[2024-04-03 11:30:03,255][mephisto.abstractions.blueprints.abstract.static_task.static_agent_state][INFO] - SAVED_DATA_TO_DISC at /home/martins_32048/mephisto-data/data/data/runs/NO_PROJECT/87/onboarding/onboarding_89/agent_data.json
[2024-04-03 11:30:03,257][mephisto.operations.worker_pool][INFO] - MockWorker(99) is starting onboarding thread with onboarding OnboardingAgent(89, none).
[2024-04-03 11:30:03,346][mephisto.operations.operator][INFO] - Operator running task ID = 87
[2024-04-03 11:30:04,931][mephisto.abstractions.blueprints.abstract.static_task.static_agent_state][INFO] - SAVED_DATA_TO_DISC at /home/martins_32048/mephisto-data/data/data/runs/NO_PROJECT/87/onboarding/onboarding_89/agent_data.json
[2024-04-03 11:30:04,942][mephisto.operations.worker_pool][INFO] - Onboarding agent onboarding_89 registered out from onboarding
[2024-04-03 11:30:04,955][mephisto.abstractions.blueprints.abstract.static_task.static_agent_state][INFO] - SAVED_DATA_TO_DISC at /home/martins_32048/mephisto-data/data/data/runs/NO_PROJECT/87/1175/281/agent_data.json
[2024-04-03 11:30:09,936][mephisto.operations.operator][ERROR] - Cleaning up after keyboard interrupt, please [31;1mwait to Ctrl-C again[0m until instructed to.
[2024-04-03 11:30:09,937][mephisto.operations.operator][INFO] - operator shutting down
[2024-04-03 11:30:09,938][mephisto.operations.operator][INFO] - Expiring units for task run 87.
[2024-04-03 11:30:10,915][mephisto.operations.operator][INFO] - Waiting on 1 task runs with assignments in-flight. [31;1mCtrl-C ONCE[0m to kill running tasks and FORCE QUIT.
[2024-04-03 11:30:11,159][sh.command][INFO] - <Command '/usr/bin/rm -rf /home/martins_32048/Projects/semantics/venv/lib/python3.10/site-packages/tmp/local_server_87/server', pid 131053>: process started
[2024-04-03 11:30:11,220][asyncio][ERROR] - Task exception was never retrieved
future: <Task finished name='Task-82' coro=<WorkerPool.push_status_update() done, defined at /home/martins_32048/Projects/semantics/venv/lib/python3.10/site-packages/mephisto/operations/worker_pool.py:637> exception=KeyError('local_channel_87_0')>
Traceback (most recent call last):
  File "/home/martins_32048/Projects/semantics/venv/lib/python3.10/site-packages/mephisto/operations/worker_pool.py", line 653, in push_status_update
    live_run.client_io.send_status_update(agent.get_agent_id(), status)
  File "/home/martins_32048/Projects/semantics/venv/lib/python3.10/site-packages/mephisto/operations/client_io_handler.py", line 450, in send_status_update
    self._get_channel_for_agent(agent_id).enqueue_send(status_packet)
  File "/home/martins_32048/Projects/semantics/venv/lib/python3.10/site-packages/mephisto/operations/client_io_handler.py", line 491, in _get_channel_for_agent
    return self.channels[channel_id]
KeyError: 'local_channel_87_0'
