[2023-09-29 13:45:17,193][root][WARNING] - Mephisto supports rich run-time metrics visualization through Prometheus and Grafana. If you'd like to use this feature, use `mephisto metrics install` to install.(Current install dir is '/home/martins_32048/Projects/Mephisto/mephisto/scripts/metrics')'
[2023-09-29 13:45:17,259][mephisto.operations.operator][INFO] - Creating a task run under task name: custom-react-tutorial-iterating
[2023-09-29 13:45:18,162][sh.command][INFO] - <Command '/usr/bin/rm -rf /home/martins_32048/mephisto-data/data/data/runs/NO_PROJECT/12/build/router', pid 2410319>: process started
[2023-09-29 13:45:19,620][sh.command][INFO] - <Command '/usr/bin/rm -rf /home/martins_32048/mephisto-data/data/data/runs/NO_PROJECT/12/build/router', pid 2410332>: process started
[2023-09-29 13:45:19,670][mephisto.operations.client_io_handler][INFO] - Sending alive
[2023-09-29 13:45:19,670][mephisto.operations.client_io_handler][INFO] - Sending alive
[2023-09-29 13:45:19,683][mephisto.operations.client_io_handler][INFO] - Sending alive
[2023-09-29 13:45:19,684][mephisto.abstractions.architects.channels.websocket_channel][INFO] - channel open
[2023-09-29 13:45:20,002][mephisto.operations.operator][INFO] - Operator running task ID = 12
[2023-09-29 13:45:20,007][mephisto.abstractions.providers.mock.mock_unit][INFO] - Mock task launched: http://localhost:3000 for preview, http://localhost:3000/?worker_id=x&assignment_id=21 for assignment 19
[2023-09-29 13:45:20,010][mephisto.abstractions.providers.mock.mock_unit][INFO] - Mock task launched: http://localhost:3000 for preview, http://localhost:3000/?worker_id=x&assignment_id=22 for assignment 20
[2023-09-29 13:45:26,019][mephisto.operations.client_io_handler][WARNING] - [31;1m[Version Mismatch!!][0m: Package `mephisto-task` version mismatch. Expected version 2.0.4 but frontend is currently using 2.0.3. This may cause unexpected errors, be sure to update your `mephisto-task` dependency with `npm install mephisto-task@2.0.4 --save`. If this warning still persists or the version isn't found, please open an issue at https://github.com/facebookresearch/Mephisto/issues
[2023-09-29 13:45:26,067][mephisto.abstractions.blueprints.abstract.static_task.static_agent_state][INFO] - SAVED_DATA_TO_DISC at /home/martins_32048/mephisto-data/data/data/runs/NO_PROJECT/12/19/10/agent_data.json
[2023-09-29 13:45:29,032][mephisto.operations.client_io_handler][WARNING] - [31;1m[Version Mismatch!!][0m: Package `mephisto-task` version mismatch. Expected version 2.0.4 but frontend is currently using 2.0.3. This may cause unexpected errors, be sure to update your `mephisto-task` dependency with `npm install mephisto-task@2.0.4 --save`. If this warning still persists or the version isn't found, please open an issue at https://github.com/facebookresearch/Mephisto/issues
[2023-09-29 13:45:43,554][mephisto.operations.client_io_handler][WARNING] - [31;1m[Version Mismatch!!][0m: Package `mephisto-task` version mismatch. Expected version 2.0.4 but frontend is currently using 2.0.3. This may cause unexpected errors, be sure to update your `mephisto-task` dependency with `npm install mephisto-task@2.0.4 --save`. If this warning still persists or the version isn't found, please open an issue at https://github.com/facebookresearch/Mephisto/issues
[2023-09-29 13:45:50,013][mephisto.operations.operator][INFO] - Operator running task ID = 12
[2023-09-29 13:46:20,021][mephisto.operations.operator][INFO] - Operator running task ID = 12
[2023-09-29 13:46:50,031][mephisto.operations.operator][INFO] - Operator running task ID = 12
[2023-09-29 13:47:20,040][mephisto.operations.operator][INFO] - Operator running task ID = 12
[2023-09-29 13:47:50,051][mephisto.operations.operator][INFO] - Operator running task ID = 12
[2023-09-29 13:48:07,701][mephisto.operations.client_io_handler][WARNING] - [31;1m[Version Mismatch!!][0m: Package `mephisto-task` version mismatch. Expected version 2.0.4 but frontend is currently using 2.0.3. This may cause unexpected errors, be sure to update your `mephisto-task` dependency with `npm install mephisto-task@2.0.4 --save`. If this warning still persists or the version isn't found, please open an issue at https://github.com/facebookresearch/Mephisto/issues
[2023-09-29 13:48:20,062][mephisto.operations.operator][INFO] - Operator running task ID = 12
[2023-09-29 13:48:28,988][mephisto.operations.client_io_handler][WARNING] - [31;1m[Version Mismatch!!][0m: Package `mephisto-task` version mismatch. Expected version 2.0.4 but frontend is currently using 2.0.3. This may cause unexpected errors, be sure to update your `mephisto-task` dependency with `npm install mephisto-task@2.0.4 --save`. If this warning still persists or the version isn't found, please open an issue at https://github.com/facebookresearch/Mephisto/issues
[2023-09-29 13:48:31,583][mephisto.operations.operator][ERROR] - Cleaning up after keyboard interrupt, please [31;1mwait to Ctrl-C again[0m until instructed to.
[2023-09-29 13:48:31,583][mephisto.operations.operator][INFO] - operator shutting down
[2023-09-29 13:48:31,583][mephisto.operations.operator][INFO] - Expiring units for task run 12.
[2023-09-29 13:48:31,608][mephisto.operations.operator][INFO] - Waiting on 1 task runs with assignments in-flight. [31;1mCtrl-C ONCE[0m to kill running tasks and FORCE QUIT.
[2023-09-29 13:48:31,835][sh.command][INFO] - <Command '/usr/bin/rm -rf /home/martins_32048/Projects/Mephisto/tmp/local_server_12/server', pid 2410473>: process started
