[2024-04-03 11:03:07,970][root][WARNING] - Mephisto supports rich run-time metrics visualization through Prometheus and Grafana. If you'd like to use this feature, use `mephisto metrics install` to install.(Current install dir is '/home/martins_32048/Projects/semantics/venv/lib/python3.10/site-packages/mephisto/scripts/metrics')'
[2024-04-03 11:03:08,048][mephisto.operations.operator][INFO] - Creating a task run under task name: react-word-sentiment
[2024-04-03 11:03:09,066][sh.command][INFO] - <Command '/usr/bin/rm -rf /home/martins_32048/mephisto-data/data/data/runs/NO_PROJECT/82/build/router', pid 126813>: process started
[2024-04-03 11:03:10,529][sh.command][INFO] - <Command '/usr/bin/rm -rf /home/martins_32048/mephisto-data/data/data/runs/NO_PROJECT/82/build/router', pid 126829>: process started
[2024-04-03 11:03:10,579][mephisto.operations.client_io_handler][INFO] - Sending alive
[2024-04-03 11:03:10,580][mephisto.operations.client_io_handler][INFO] - Sending alive
[2024-04-03 11:03:10,594][mephisto.operations.client_io_handler][INFO] - Sending alive
[2024-04-03 11:03:10,595][mephisto.abstractions.architects.channels.websocket_channel][INFO] - channel open
[2024-04-03 11:03:10,883][mephisto.operations.operator][INFO] - Operator running task ID = 82
[2024-04-03 11:03:20,899][mephisto.abstractions.providers.mock.mock_unit][INFO] - Mock task launched: http://localhost:3000 for preview, http://localhost:3000/?worker_id=x&assignment_id=2112 for assignment 1028
[2024-04-03 11:03:20,905][mephisto.abstractions.providers.mock.mock_unit][INFO] - Mock task launched: http://localhost:3000 for preview, http://localhost:3000/?worker_id=x&assignment_id=2113 for assignment 1028
[2024-04-03 11:03:20,911][mephisto.abstractions.providers.mock.mock_unit][INFO] - Mock task launched: http://localhost:3000 for preview, http://localhost:3000/?worker_id=x&assignment_id=2114 for assignment 1028
[2024-04-03 11:03:20,914][mephisto.abstractions.providers.mock.mock_unit][INFO] - Mock task launched: http://localhost:3000 for preview, http://localhost:3000/?worker_id=x&assignment_id=2115 for assignment 1028
[2024-04-03 11:03:20,916][mephisto.abstractions.providers.mock.mock_unit][INFO] - Mock task launched: http://localhost:3000 for preview, http://localhost:3000/?worker_id=x&assignment_id=2116 for assignment 1028
[2024-04-03 11:03:20,919][mephisto.abstractions.providers.mock.mock_unit][INFO] - Mock task launched: http://localhost:3000 for preview, http://localhost:3000/?worker_id=x&assignment_id=2117 for assignment 1029
[2024-04-03 11:03:20,922][mephisto.abstractions.providers.mock.mock_unit][INFO] - Mock task launched: http://localhost:3000 for preview, http://localhost:3000/?worker_id=x&assignment_id=2118 for assignment 1029
[2024-04-03 11:03:20,924][mephisto.abstractions.providers.mock.mock_unit][INFO] - Mock task launched: http://localhost:3000 for preview, http://localhost:3000/?worker_id=x&assignment_id=2119 for assignment 1029
[2024-04-03 11:03:20,926][mephisto.abstractions.providers.mock.mock_unit][INFO] - Mock task launched: http://localhost:3000 for preview, http://localhost:3000/?worker_id=x&assignment_id=2120 for assignment 1029
[2024-04-03 11:03:20,930][mephisto.abstractions.providers.mock.mock_unit][INFO] - Mock task launched: http://localhost:3000 for preview, http://localhost:3000/?worker_id=x&assignment_id=2121 for assignment 1029
[2024-04-03 11:03:20,933][mephisto.abstractions.providers.mock.mock_unit][INFO] - Mock task launched: http://localhost:3000 for preview, http://localhost:3000/?worker_id=x&assignment_id=2122 for assignment 1030
[2024-04-03 11:03:20,935][mephisto.abstractions.providers.mock.mock_unit][INFO] - Mock task launched: http://localhost:3000 for preview, http://localhost:3000/?worker_id=x&assignment_id=2123 for assignment 1030
[2024-04-03 11:03:20,938][mephisto.abstractions.providers.mock.mock_unit][INFO] - Mock task launched: http://localhost:3000 for preview, http://localhost:3000/?worker_id=x&assignment_id=2124 for assignment 1030
[2024-04-03 11:03:20,941][mephisto.abstractions.providers.mock.mock_unit][INFO] - Mock task launched: http://localhost:3000 for preview, http://localhost:3000/?worker_id=x&assignment_id=2125 for assignment 1030
[2024-04-03 11:03:20,943][mephisto.abstractions.providers.mock.mock_unit][INFO] - Mock task launched: http://localhost:3000 for preview, http://localhost:3000/?worker_id=x&assignment_id=2126 for assignment 1030
[2024-04-03 11:03:20,946][mephisto.abstractions.providers.mock.mock_unit][INFO] - Mock task launched: http://localhost:3000 for preview, http://localhost:3000/?worker_id=x&assignment_id=2127 for assignment 1031
[2024-04-03 11:03:20,948][mephisto.abstractions.providers.mock.mock_unit][INFO] - Mock task launched: http://localhost:3000 for preview, http://localhost:3000/?worker_id=x&assignment_id=2128 for assignment 1031
[2024-04-03 11:03:20,951][mephisto.abstractions.providers.mock.mock_unit][INFO] - Mock task launched: http://localhost:3000 for preview, http://localhost:3000/?worker_id=x&assignment_id=2129 for assignment 1031
[2024-04-03 11:03:20,953][mephisto.abstractions.providers.mock.mock_unit][INFO] - Mock task launched: http://localhost:3000 for preview, http://localhost:3000/?worker_id=x&assignment_id=2130 for assignment 1031
[2024-04-03 11:03:20,955][mephisto.abstractions.providers.mock.mock_unit][INFO] - Mock task launched: http://localhost:3000 for preview, http://localhost:3000/?worker_id=x&assignment_id=2131 for assignment 1031
[2024-04-03 11:03:20,958][mephisto.abstractions.providers.mock.mock_unit][INFO] - Mock task launched: http://localhost:3000 for preview, http://localhost:3000/?worker_id=x&assignment_id=2132 for assignment 1032
[2024-04-03 11:03:20,960][mephisto.abstractions.providers.mock.mock_unit][INFO] - Mock task launched: http://localhost:3000 for preview, http://localhost:3000/?worker_id=x&assignment_id=2133 for assignment 1032
[2024-04-03 11:03:20,969][mephisto.abstractions.providers.mock.mock_unit][INFO] - Mock task launched: http://localhost:3000 for preview, http://localhost:3000/?worker_id=x&assignment_id=2134 for assignment 1032
[2024-04-03 11:03:20,971][mephisto.abstractions.providers.mock.mock_unit][INFO] - Mock task launched: http://localhost:3000 for preview, http://localhost:3000/?worker_id=x&assignment_id=2135 for assignment 1032
[2024-04-03 11:03:20,974][mephisto.abstractions.providers.mock.mock_unit][INFO] - Mock task launched: http://localhost:3000 for preview, http://localhost:3000/?worker_id=x&assignment_id=2136 for assignment 1032
[2024-04-03 11:03:20,976][mephisto.abstractions.providers.mock.mock_unit][INFO] - Mock task launched: http://localhost:3000 for preview, http://localhost:3000/?worker_id=x&assignment_id=2137 for assignment 1033
[2024-04-03 11:03:20,979][mephisto.abstractions.providers.mock.mock_unit][INFO] - Mock task launched: http://localhost:3000 for preview, http://localhost:3000/?worker_id=x&assignment_id=2138 for assignment 1033
[2024-04-03 11:03:20,981][mephisto.abstractions.providers.mock.mock_unit][INFO] - Mock task launched: http://localhost:3000 for preview, http://localhost:3000/?worker_id=x&assignment_id=2139 for assignment 1033
[2024-04-03 11:03:20,983][mephisto.abstractions.providers.mock.mock_unit][INFO] - Mock task launched: http://localhost:3000 for preview, http://localhost:3000/?worker_id=x&assignment_id=2140 for assignment 1033
[2024-04-03 11:03:20,986][mephisto.abstractions.providers.mock.mock_unit][INFO] - Mock task launched: http://localhost:3000 for preview, http://localhost:3000/?worker_id=x&assignment_id=2141 for assignment 1033
[2024-04-03 11:03:20,988][mephisto.abstractions.providers.mock.mock_unit][INFO] - Mock task launched: http://localhost:3000 for preview, http://localhost:3000/?worker_id=x&assignment_id=2142 for assignment 1034
[2024-04-03 11:03:20,990][mephisto.abstractions.providers.mock.mock_unit][INFO] - Mock task launched: http://localhost:3000 for preview, http://localhost:3000/?worker_id=x&assignment_id=2143 for assignment 1034
[2024-04-03 11:03:20,993][mephisto.abstractions.providers.mock.mock_unit][INFO] - Mock task launched: http://localhost:3000 for preview, http://localhost:3000/?worker_id=x&assignment_id=2144 for assignment 1034
[2024-04-03 11:03:20,996][mephisto.abstractions.providers.mock.mock_unit][INFO] - Mock task launched: http://localhost:3000 for preview, http://localhost:3000/?worker_id=x&assignment_id=2145 for assignment 1034
[2024-04-03 11:03:20,999][mephisto.abstractions.providers.mock.mock_unit][INFO] - Mock task launched: http://localhost:3000 for preview, http://localhost:3000/?worker_id=x&assignment_id=2146 for assignment 1034
[2024-04-03 11:03:21,001][mephisto.abstractions.providers.mock.mock_unit][INFO] - Mock task launched: http://localhost:3000 for preview, http://localhost:3000/?worker_id=x&assignment_id=2147 for assignment 1035
[2024-04-03 11:03:21,004][mephisto.abstractions.providers.mock.mock_unit][INFO] - Mock task launched: http://localhost:3000 for preview, http://localhost:3000/?worker_id=x&assignment_id=2148 for assignment 1035
[2024-04-03 11:03:21,006][mephisto.abstractions.providers.mock.mock_unit][INFO] - Mock task launched: http://localhost:3000 for preview, http://localhost:3000/?worker_id=x&assignment_id=2149 for assignment 1035
[2024-04-03 11:03:21,008][mephisto.abstractions.providers.mock.mock_unit][INFO] - Mock task launched: http://localhost:3000 for preview, http://localhost:3000/?worker_id=x&assignment_id=2150 for assignment 1035
[2024-04-03 11:03:21,011][mephisto.abstractions.providers.mock.mock_unit][INFO] - Mock task launched: http://localhost:3000 for preview, http://localhost:3000/?worker_id=x&assignment_id=2151 for assignment 1035
[2024-04-03 11:03:21,013][mephisto.abstractions.providers.mock.mock_unit][INFO] - Mock task launched: http://localhost:3000 for preview, http://localhost:3000/?worker_id=x&assignment_id=2152 for assignment 1036
[2024-04-03 11:03:21,015][mephisto.abstractions.providers.mock.mock_unit][INFO] - Mock task launched: http://localhost:3000 for preview, http://localhost:3000/?worker_id=x&assignment_id=2153 for assignment 1036
[2024-04-03 11:03:21,018][mephisto.abstractions.providers.mock.mock_unit][INFO] - Mock task launched: http://localhost:3000 for preview, http://localhost:3000/?worker_id=x&assignment_id=2154 for assignment 1036
[2024-04-03 11:03:21,020][mephisto.abstractions.providers.mock.mock_unit][INFO] - Mock task launched: http://localhost:3000 for preview, http://localhost:3000/?worker_id=x&assignment_id=2155 for assignment 1036
[2024-04-03 11:03:21,022][mephisto.abstractions.providers.mock.mock_unit][INFO] - Mock task launched: http://localhost:3000 for preview, http://localhost:3000/?worker_id=x&assignment_id=2156 for assignment 1036
[2024-04-03 11:03:23,478][mephisto.abstractions.blueprints.abstract.static_task.static_agent_state][INFO] - SAVED_DATA_TO_DISC at /home/martins_32048/mephisto-data/data/data/runs/NO_PROJECT/82/1028/276/agent_data.json
[2024-04-03 11:03:29,209][mephisto.operations.operator][ERROR] - Cleaning up after keyboard interrupt, please [31;1mwait to Ctrl-C again[0m until instructed to.
[2024-04-03 11:03:29,212][mephisto.operations.operator][INFO] - operator shutting down
[2024-04-03 11:03:29,215][mephisto.operations.operator][INFO] - Expiring units for task run 82.
[2024-04-03 11:03:31,254][mephisto.operations.operator][INFO] - Waiting on 1 task runs with assignments in-flight. [31;1mCtrl-C ONCE[0m to kill running tasks and FORCE QUIT.
[2024-04-03 11:04:01,277][mephisto.operations.operator][INFO] - Waiting on 1 task runs with assignments in-flight. [31;1mCtrl-C ONCE[0m to kill running tasks and FORCE QUIT.
[2024-04-03 11:04:31,311][mephisto.operations.operator][INFO] - Waiting on 1 task runs with assignments in-flight. [31;1mCtrl-C ONCE[0m to kill running tasks and FORCE QUIT.
[2024-04-03 11:04:37,896][mephisto.operations.operator][WARNING] - Skipping waiting for outstanding task completions, shutting down servers now!Follow cleanup instructions [31;1mclosely[0m for proper cleanup.
[2024-04-03 11:04:37,900][mephisto.operations.operator][WARNING] - Cleaning up run 82. [31;1mCtrl-C once per step[0m to skip that step.
[2024-04-03 11:04:37,901][mephisto.operations.operator][WARNING] - Shutting down active Units in-flight.
[2024-04-03 11:04:37,916][mephisto.operations.operator][WARNING] - Cleaning up remaining workers.
[2024-04-03 11:04:37,919][mephisto.operations.operator][WARNING] - Closing client communications.
[2024-04-03 11:04:38,125][mephisto.operations.operator][WARNING] - Shutting down servers
[2024-04-03 11:04:38,160][sh.command][INFO] - <Command '/usr/bin/rm -rf /home/martins_32048/Projects/semantics/venv/lib/python3.10/site-packages/tmp/local_server_82/server', pid 126893>: process started
[2024-04-03 11:04:38,212][asyncio][ERROR] - Task exception was never retrieved
future: <Task finished name='Task-26' coro=<WorkerPool.push_status_update() done, defined at /home/martins_32048/Projects/semantics/venv/lib/python3.10/site-packages/mephisto/operations/worker_pool.py:637> exception=KeyError('local_channel_82_0')>
Traceback (most recent call last):
  File "/home/martins_32048/Projects/semantics/venv/lib/python3.10/site-packages/mephisto/operations/worker_pool.py", line 653, in push_status_update
    live_run.client_io.send_status_update(agent.get_agent_id(), status)
  File "/home/martins_32048/Projects/semantics/venv/lib/python3.10/site-packages/mephisto/operations/client_io_handler.py", line 450, in send_status_update
    self._get_channel_for_agent(agent_id).enqueue_send(status_packet)
  File "/home/martins_32048/Projects/semantics/venv/lib/python3.10/site-packages/mephisto/operations/client_io_handler.py", line 491, in _get_channel_for_agent
    return self.channels[channel_id]
KeyError: 'local_channel_82_0'
