[2024-02-27 10:03:40,574][root][WARNING] - Mephisto supports rich run-time metrics visualization through Prometheus and Grafana. If you'd like to use this feature, use `mephisto metrics install` to install.(Current install dir is '/home/martins_32048/Projects/Mephisto/mephisto/scripts/metrics')'
[2024-02-27 10:03:40,762][mephisto.operations.operator][INFO] - Creating a task run under task name: react-static-task-example
[2024-02-27 10:03:42,087][sh.command][INFO] - <Command '/usr/bin/rm -rf /home/martins_32048/mephisto-data/data/data/runs/NO_PROJECT/29/build/router', pid 1738453>: process started
[2024-02-27 10:03:43,391][sh.command][INFO] - <Command '/usr/bin/rm -rf /home/martins_32048/mephisto-data/data/data/runs/NO_PROJECT/29/build/router', pid 1738465>: process started
[2024-02-27 10:03:43,412][mephisto.operations.client_io_handler][INFO] - Sending alive
[2024-02-27 10:03:43,412][mephisto.operations.client_io_handler][INFO] - Sending alive
[2024-02-27 10:03:43,447][mephisto.operations.client_io_handler][INFO] - Sending alive
[2024-02-27 10:03:43,447][mephisto.abstractions.architects.channels.websocket_channel][INFO] - channel open
[2024-02-27 10:03:43,746][mephisto.operations.operator][INFO] - Operator running task ID = 29
[2024-02-27 10:03:43,749][mephisto.abstractions.providers.mock.mock_unit][INFO] - Mock task launched: http://localhost:3000 for preview, http://localhost:3000/?worker_id=x&assignment_id=59 for assignment 53
[2024-02-27 10:03:43,750][mephisto.abstractions.providers.mock.mock_unit][INFO] - Mock task launched: http://localhost:3000 for preview, http://localhost:3000/?worker_id=x&assignment_id=60 for assignment 53
[2024-02-27 10:03:43,752][mephisto.abstractions.providers.mock.mock_unit][INFO] - Mock task launched: http://localhost:3000 for preview, http://localhost:3000/?worker_id=x&assignment_id=61 for assignment 53
[2024-02-27 10:03:43,753][mephisto.abstractions.providers.mock.mock_unit][INFO] - Mock task launched: http://localhost:3000 for preview, http://localhost:3000/?worker_id=x&assignment_id=62 for assignment 54
[2024-02-27 10:03:43,754][mephisto.abstractions.providers.mock.mock_unit][INFO] - Mock task launched: http://localhost:3000 for preview, http://localhost:3000/?worker_id=x&assignment_id=63 for assignment 54
[2024-02-27 10:03:43,756][mephisto.abstractions.providers.mock.mock_unit][INFO] - Mock task launched: http://localhost:3000 for preview, http://localhost:3000/?worker_id=x&assignment_id=64 for assignment 54
[2024-02-27 10:03:46,366][mephisto.operations.client_io_handler][WARNING] - [31;1m[Version Mismatch!!][0m: Package `mephisto-task` version mismatch. Expected version 2.0.4 but frontend is currently using 2.0.3. This may cause unexpected errors, be sure to update your `mephisto-task` dependency with `npm install mephisto-task@2.0.4 --save`. If this warning still persists or the version isn't found, please open an issue at https://github.com/facebookresearch/Mephisto/issues
[2024-02-27 10:03:46,397][mephisto.abstractions.blueprints.abstract.static_task.static_agent_state][INFO] - SAVED_DATA_TO_DISC at /home/martins_32048/mephisto-data/data/data/runs/NO_PROJECT/29/onboarding/onboarding_11/agent_data.json
[2024-02-27 10:03:46,398][mephisto.operations.worker_pool][INFO] - MockWorker(12) is starting onboarding thread with onboarding OnboardingAgent(11, none).
[2024-02-27 10:03:49,757][mephisto.abstractions.blueprints.abstract.static_task.static_agent_state][INFO] - SAVED_DATA_TO_DISC at /home/martins_32048/mephisto-data/data/data/runs/NO_PROJECT/29/onboarding/onboarding_11/agent_data.json
[2024-02-27 10:03:49,764][mephisto.operations.worker_pool][INFO] - Onboarding agent onboarding_11 registered out from onboarding
[2024-02-27 10:03:49,769][mephisto.abstractions.blueprints.abstract.static_task.static_agent_state][INFO] - SAVED_DATA_TO_DISC at /home/martins_32048/mephisto-data/data/data/runs/NO_PROJECT/29/53/37/agent_data.json
[2024-02-27 10:04:13,754][mephisto.operations.operator][INFO] - Operator running task ID = 29
[2024-02-27 10:04:43,765][mephisto.operations.operator][INFO] - Operator running task ID = 29
[2024-02-27 10:05:13,777][mephisto.operations.operator][INFO] - Operator running task ID = 29
[2024-02-27 10:05:43,788][mephisto.operations.operator][INFO] - Operator running task ID = 29
[2024-02-27 10:06:13,800][mephisto.operations.operator][INFO] - Operator running task ID = 29
[2024-02-27 10:06:43,811][mephisto.operations.operator][INFO] - Operator running task ID = 29
[2024-02-27 10:07:13,821][mephisto.operations.operator][INFO] - Operator running task ID = 29
[2024-02-27 10:07:43,834][mephisto.operations.operator][INFO] - Operator running task ID = 29
[2024-02-27 10:08:13,844][mephisto.operations.operator][INFO] - Operator running task ID = 29
[2024-02-27 10:08:43,856][mephisto.operations.operator][INFO] - Operator running task ID = 29
[2024-02-27 10:09:13,867][mephisto.operations.operator][INFO] - Operator running task ID = 29
[2024-02-27 10:09:43,878][mephisto.operations.operator][INFO] - Operator running task ID = 29
[2024-02-27 10:10:13,886][mephisto.operations.operator][INFO] - Operator running task ID = 29
[2024-02-27 10:10:43,898][mephisto.operations.operator][INFO] - Operator running task ID = 29
[2024-02-27 10:11:13,905][mephisto.operations.operator][INFO] - Operator running task ID = 29
[2024-02-27 10:11:43,914][mephisto.operations.operator][INFO] - Operator running task ID = 29
[2024-02-27 10:12:13,925][mephisto.operations.operator][INFO] - Operator running task ID = 29
[2024-02-27 10:12:43,934][mephisto.operations.operator][INFO] - Operator running task ID = 29
[2024-02-27 10:13:15,016][mephisto.operations.operator][INFO] - Operator running task ID = 29
[2024-02-27 10:13:45,026][mephisto.operations.operator][INFO] - Operator running task ID = 29
[2024-02-27 10:14:15,036][mephisto.operations.operator][INFO] - Operator running task ID = 29
[2024-02-27 10:14:45,049][mephisto.operations.operator][INFO] - Operator running task ID = 29
[2024-02-27 10:15:15,061][mephisto.operations.operator][INFO] - Operator running task ID = 29
[2024-02-27 10:15:45,072][mephisto.operations.operator][INFO] - Operator running task ID = 29
[2024-02-27 10:16:15,081][mephisto.operations.operator][INFO] - Operator running task ID = 29
[2024-02-27 10:16:37,141][mephisto.abstractions.blueprints.abstract.static_task.static_agent_state][INFO] - SAVED_DATA_TO_DISC at /home/martins_32048/mephisto-data/data/data/runs/NO_PROJECT/29/53/37/agent_data.json
[2024-02-27 10:16:45,092][mephisto.operations.operator][INFO] - Operator running task ID = 29
[2024-02-27 10:17:01,281][mephisto.operations.client_io_handler][WARNING] - [31;1m[Version Mismatch!!][0m: Package `mephisto-task` version mismatch. Expected version 2.0.4 but frontend is currently using 2.0.3. This may cause unexpected errors, be sure to update your `mephisto-task` dependency with `npm install mephisto-task@2.0.4 --save`. If this warning still persists or the version isn't found, please open an issue at https://github.com/facebookresearch/Mephisto/issues
[2024-02-27 10:17:02,179][mephisto.abstractions.blueprints.abstract.static_task.static_agent_state][INFO] - SAVED_DATA_TO_DISC at /home/martins_32048/mephisto-data/data/data/runs/NO_PROJECT/29/53/37/agent_data.json
[2024-02-27 10:17:15,099][mephisto.operations.operator][INFO] - Operator running task ID = 29
[2024-02-27 10:17:45,110][mephisto.operations.operator][INFO] - Operator running task ID = 29
[2024-02-27 10:18:15,119][mephisto.operations.operator][INFO] - Operator running task ID = 29
[2024-02-27 10:18:45,126][mephisto.operations.operator][INFO] - Operator running task ID = 29
[2024-02-27 10:19:15,134][mephisto.operations.operator][INFO] - Operator running task ID = 29
[2024-02-27 10:19:45,144][mephisto.operations.operator][INFO] - Operator running task ID = 29
[2024-02-27 10:20:15,156][mephisto.operations.operator][INFO] - Operator running task ID = 29
[2024-02-27 10:20:45,162][mephisto.operations.operator][INFO] - Operator running task ID = 29
[2024-02-27 10:21:15,168][mephisto.operations.operator][INFO] - Operator running task ID = 29
[2024-02-27 10:21:45,174][mephisto.operations.operator][INFO] - Operator running task ID = 29
[2024-02-27 10:22:15,180][mephisto.operations.operator][INFO] - Operator running task ID = 29
[2024-02-27 10:22:45,192][mephisto.operations.operator][INFO] - Operator running task ID = 29
[2024-02-27 10:23:15,201][mephisto.operations.operator][INFO] - Operator running task ID = 29
[2024-02-27 10:23:45,210][mephisto.operations.operator][INFO] - Operator running task ID = 29
[2024-02-27 10:24:15,218][mephisto.operations.operator][INFO] - Operator running task ID = 29
[2024-02-27 10:24:44,871][mephisto.operations.client_io_handler][WARNING] - [31;1m[Version Mismatch!!][0m: Package `mephisto-task` version mismatch. Expected version 2.0.4 but frontend is currently using 2.0.3. This may cause unexpected errors, be sure to update your `mephisto-task` dependency with `npm install mephisto-task@2.0.4 --save`. If this warning still persists or the version isn't found, please open an issue at https://github.com/facebookresearch/Mephisto/issues
[2024-02-27 10:24:44,894][mephisto.abstractions.blueprints.abstract.static_task.static_agent_state][INFO] - SAVED_DATA_TO_DISC at /home/martins_32048/mephisto-data/data/data/runs/NO_PROJECT/29/onboarding/onboarding_12/agent_data.json
[2024-02-27 10:24:44,894][mephisto.operations.worker_pool][INFO] - MockWorker(13) is starting onboarding thread with onboarding OnboardingAgent(12, none).
[2024-02-27 10:24:45,225][mephisto.operations.operator][INFO] - Operator running task ID = 29
[2024-02-27 10:24:48,504][mephisto.abstractions.blueprints.abstract.static_task.static_agent_state][INFO] - SAVED_DATA_TO_DISC at /home/martins_32048/mephisto-data/data/data/runs/NO_PROJECT/29/onboarding/onboarding_12/agent_data.json
[2024-02-27 10:24:48,513][mephisto.operations.worker_pool][INFO] - Onboarding agent onboarding_12 failed onboarding
[2024-02-27 10:24:54,263][mephisto.operations.client_io_handler][WARNING] - [31;1m[Version Mismatch!!][0m: Package `mephisto-task` version mismatch. Expected version 2.0.4 but frontend is currently using 2.0.3. This may cause unexpected errors, be sure to update your `mephisto-task` dependency with `npm install mephisto-task@2.0.4 --save`. If this warning still persists or the version isn't found, please open an issue at https://github.com/facebookresearch/Mephisto/issues
[2024-02-27 10:25:15,231][mephisto.operations.operator][INFO] - Operator running task ID = 29
[2024-02-27 10:25:45,239][mephisto.operations.operator][INFO] - Operator running task ID = 29
[2024-02-27 10:26:15,244][mephisto.operations.operator][INFO] - Operator running task ID = 29
[2024-02-27 10:26:45,250][mephisto.operations.operator][INFO] - Operator running task ID = 29
[2024-02-27 10:27:15,256][mephisto.operations.operator][INFO] - Operator running task ID = 29
[2024-02-27 10:27:27,866][mephisto.operations.client_io_handler][WARNING] - [31;1m[Version Mismatch!!][0m: Package `mephisto-task` version mismatch. Expected version 2.0.4 but frontend is currently using 2.0.3. This may cause unexpected errors, be sure to update your `mephisto-task` dependency with `npm install mephisto-task@2.0.4 --save`. If this warning still persists or the version isn't found, please open an issue at https://github.com/facebookresearch/Mephisto/issues
[2024-02-27 10:27:32,581][mephisto.operations.client_io_handler][WARNING] - [31;1m[Version Mismatch!!][0m: Package `mephisto-task` version mismatch. Expected version 2.0.4 but frontend is currently using 2.0.3. This may cause unexpected errors, be sure to update your `mephisto-task` dependency with `npm install mephisto-task@2.0.4 --save`. If this warning still persists or the version isn't found, please open an issue at https://github.com/facebookresearch/Mephisto/issues
[2024-02-27 10:27:32,596][mephisto.abstractions.blueprints.abstract.static_task.static_agent_state][INFO] - SAVED_DATA_TO_DISC at /home/martins_32048/mephisto-data/data/data/runs/NO_PROJECT/29/onboarding/onboarding_13/agent_data.json
[2024-02-27 10:27:32,597][mephisto.operations.worker_pool][INFO] - MockWorker(14) is starting onboarding thread with onboarding OnboardingAgent(13, none).
[2024-02-27 10:27:44,522][mephisto.operations.client_io_handler][WARNING] - [31;1m[Version Mismatch!!][0m: Package `mephisto-task` version mismatch. Expected version 2.0.4 but frontend is currently using 2.0.3. This may cause unexpected errors, be sure to update your `mephisto-task` dependency with `npm install mephisto-task@2.0.4 --save`. If this warning still persists or the version isn't found, please open an issue at https://github.com/facebookresearch/Mephisto/issues
[2024-02-27 10:27:45,262][mephisto.operations.operator][INFO] - Operator running task ID = 29
[2024-02-27 10:27:50,126][mephisto.operations.operator][ERROR] - Cleaning up after keyboard interrupt, please [31;1mwait to Ctrl-C again[0m until instructed to.
[2024-02-27 10:27:50,126][mephisto.operations.operator][INFO] - operator shutting down
[2024-02-27 10:27:50,126][mephisto.operations.operator][INFO] - Expiring units for task run 29.
[2024-02-27 10:27:50,173][mephisto.operations.operator][INFO] - Waiting on 1 task runs with assignments in-flight. [31;1mCtrl-C ONCE[0m to kill running tasks and FORCE QUIT.
[2024-02-27 10:27:50,175][mephisto.abstractions._subcomponents.task_runner][INFO] - Onboarding agent onboarding_13 disconnected or errored, final status onboarding.
[2024-02-27 10:27:50,396][sh.command][INFO] - <Command '/usr/bin/rm -rf /home/martins_32048/Projects/Mephisto/tmp/local_server_29/server', pid 1740106>: process started
