[2023-09-29 14:24:58,750][root][WARNING] - Mephisto supports rich run-time metrics visualization through Prometheus and Grafana. If you'd like to use this feature, use `mephisto metrics install` to install.(Current install dir is '/home/martins_32048/Projects/Mephisto/mephisto/scripts/metrics')'
[2023-09-29 14:24:58,819][mephisto.operations.operator][INFO] - Creating a task run under task name: custom-react-tutorial-iterating
[2023-09-29 14:24:59,771][sh.command][INFO] - <Command '/usr/bin/rm -rf /home/martins_32048/mephisto-data/data/data/runs/NO_PROJECT/14/build/router', pid 2412097>: process started
[2023-09-29 14:25:01,280][sh.command][INFO] - <Command '/usr/bin/rm -rf /home/martins_32048/mephisto-data/data/data/runs/NO_PROJECT/14/build/router', pid 2412109>: process started
[2023-09-29 14:25:01,340][mephisto.operations.client_io_handler][INFO] - Sending alive
[2023-09-29 14:25:01,340][mephisto.operations.client_io_handler][INFO] - Sending alive
[2023-09-29 14:25:01,355][mephisto.operations.client_io_handler][INFO] - Sending alive
[2023-09-29 14:25:01,355][mephisto.abstractions.architects.channels.websocket_channel][INFO] - channel open
[2023-09-29 14:25:01,651][mephisto.operations.operator][INFO] - Operator running task ID = 14
[2023-09-29 14:25:01,653][mephisto.abstractions.providers.mock.mock_unit][INFO] - Mock task launched: http://localhost:3000 for preview, http://localhost:3000/?worker_id=x&assignment_id=25 for assignment 23
[2023-09-29 14:25:01,655][mephisto.abstractions.providers.mock.mock_unit][INFO] - Mock task launched: http://localhost:3000 for preview, http://localhost:3000/?worker_id=x&assignment_id=26 for assignment 24
[2023-09-29 14:25:03,975][mephisto.operations.client_io_handler][WARNING] - [31;1m[Version Mismatch!!][0m: Package `mephisto-task` version mismatch. Expected version 2.0.4 but frontend is currently using 2.0.3. This may cause unexpected errors, be sure to update your `mephisto-task` dependency with `npm install mephisto-task@2.0.4 --save`. If this warning still persists or the version isn't found, please open an issue at https://github.com/facebookresearch/Mephisto/issues
[2023-09-29 14:25:03,981][mephisto.abstractions.blueprints.abstract.static_task.static_agent_state][INFO] - SAVED_DATA_TO_DISC at /home/martins_32048/mephisto-data/data/data/runs/NO_PROJECT/14/23/12/agent_data.json
[2023-09-29 14:25:31,660][mephisto.operations.operator][INFO] - Operator running task ID = 14
[2023-09-29 14:26:01,672][mephisto.operations.operator][INFO] - Operator running task ID = 14
[2023-09-29 14:26:31,683][mephisto.operations.operator][INFO] - Operator running task ID = 14
[2023-09-29 14:27:01,691][mephisto.operations.operator][INFO] - Operator running task ID = 14
[2023-09-29 14:27:31,702][mephisto.operations.operator][INFO] - Operator running task ID = 14
[2023-09-29 14:28:01,712][mephisto.operations.operator][INFO] - Operator running task ID = 14
[2023-09-29 14:28:31,718][mephisto.operations.operator][INFO] - Operator running task ID = 14
[2023-09-29 14:29:01,724][mephisto.operations.operator][INFO] - Operator running task ID = 14
[2023-09-29 14:29:31,732][mephisto.operations.operator][INFO] - Operator running task ID = 14
[2023-09-29 14:30:01,744][mephisto.operations.operator][INFO] - Operator running task ID = 14
[2023-09-29 14:30:31,750][mephisto.operations.operator][INFO] - Operator running task ID = 14
[2023-09-29 14:31:01,756][mephisto.operations.operator][INFO] - Operator running task ID = 14
[2023-09-29 14:31:31,763][mephisto.operations.operator][INFO] - Operator running task ID = 14
[2023-09-29 14:32:01,768][mephisto.operations.operator][INFO] - Operator running task ID = 14
[2023-09-29 14:32:31,778][mephisto.operations.operator][INFO] - Operator running task ID = 14
[2023-09-29 14:33:01,788][mephisto.operations.operator][INFO] - Operator running task ID = 14
[2023-09-29 14:33:31,795][mephisto.operations.operator][INFO] - Operator running task ID = 14
[2023-09-29 14:34:01,807][mephisto.operations.operator][INFO] - Operator running task ID = 14
[2023-09-29 14:34:31,815][mephisto.operations.operator][INFO] - Operator running task ID = 14
[2023-09-29 14:35:01,824][mephisto.operations.operator][INFO] - Operator running task ID = 14
[2023-09-29 14:35:31,830][mephisto.operations.operator][INFO] - Operator running task ID = 14
[2023-09-29 14:36:01,838][mephisto.operations.operator][INFO] - Operator running task ID = 14
[2023-09-29 14:36:31,846][mephisto.operations.operator][INFO] - Operator running task ID = 14
[2023-09-29 14:37:01,852][mephisto.operations.operator][INFO] - Operator running task ID = 14
[2023-09-29 14:37:31,858][mephisto.operations.operator][INFO] - Operator running task ID = 14
[2023-09-29 14:38:01,864][mephisto.operations.operator][INFO] - Operator running task ID = 14
[2023-09-29 14:38:31,874][mephisto.operations.operator][INFO] - Operator running task ID = 14
[2023-09-29 14:39:01,884][mephisto.operations.operator][INFO] - Operator running task ID = 14
[2023-09-29 14:39:31,894][mephisto.operations.operator][INFO] - Operator running task ID = 14
[2023-09-29 14:40:01,900][mephisto.operations.operator][INFO] - Operator running task ID = 14
[2023-09-29 14:40:31,905][mephisto.operations.operator][INFO] - Operator running task ID = 14
[2023-09-29 14:41:01,912][mephisto.operations.operator][INFO] - Operator running task ID = 14
[2023-09-29 14:41:31,919][mephisto.operations.operator][INFO] - Operator running task ID = 14
[2023-09-29 14:42:01,928][mephisto.operations.operator][INFO] - Operator running task ID = 14
[2023-09-29 14:42:31,934][mephisto.operations.operator][INFO] - Operator running task ID = 14
[2023-09-29 14:43:01,940][mephisto.operations.operator][INFO] - Operator running task ID = 14
[2023-09-29 14:43:31,947][mephisto.operations.operator][INFO] - Operator running task ID = 14
[2023-09-29 14:44:01,952][mephisto.operations.operator][INFO] - Operator running task ID = 14
[2023-09-29 14:44:31,959][mephisto.operations.operator][INFO] - Operator running task ID = 14
[2023-09-29 14:45:01,968][mephisto.operations.operator][INFO] - Operator running task ID = 14
[2023-09-29 14:45:31,975][mephisto.operations.operator][INFO] - Operator running task ID = 14
[2023-09-29 14:46:01,984][mephisto.operations.operator][INFO] - Operator running task ID = 14
[2023-09-29 14:46:31,990][mephisto.operations.operator][INFO] - Operator running task ID = 14
[2023-09-29 14:47:01,996][mephisto.operations.operator][INFO] - Operator running task ID = 14
[2023-09-29 14:47:32,004][mephisto.operations.operator][INFO] - Operator running task ID = 14
[2023-09-29 14:48:02,012][mephisto.operations.operator][INFO] - Operator running task ID = 14
[2023-09-29 14:48:32,018][mephisto.operations.operator][INFO] - Operator running task ID = 14
[2023-09-29 14:49:02,024][mephisto.operations.operator][INFO] - Operator running task ID = 14
[2023-09-29 14:49:32,029][mephisto.operations.operator][INFO] - Operator running task ID = 14
[2023-09-29 14:50:02,036][mephisto.operations.operator][INFO] - Operator running task ID = 14
[2023-09-29 14:50:32,047][mephisto.operations.operator][INFO] - Operator running task ID = 14
[2023-09-29 14:51:02,055][mephisto.operations.operator][INFO] - Operator running task ID = 14
[2023-09-29 14:51:32,062][mephisto.operations.operator][INFO] - Operator running task ID = 14
[2023-09-29 14:52:02,072][mephisto.operations.operator][INFO] - Operator running task ID = 14
[2023-09-29 14:52:32,078][mephisto.operations.operator][INFO] - Operator running task ID = 14
[2023-09-29 14:53:02,089][mephisto.operations.operator][INFO] - Operator running task ID = 14
[2023-09-29 14:53:32,097][mephisto.operations.operator][INFO] - Operator running task ID = 14
[2023-09-29 14:54:02,106][mephisto.operations.operator][INFO] - Operator running task ID = 14
[2023-09-29 14:54:32,114][mephisto.operations.operator][INFO] - Operator running task ID = 14
[2023-09-29 14:55:02,123][mephisto.operations.operator][INFO] - Operator running task ID = 14
[2023-09-29 14:55:03,985][mephisto.abstractions._subcomponents.task_runner][ERROR] - Handled exception in unit MockUnit(25, assigned)
Traceback (most recent call last):
  File "/home/martins_32048/Projects/Mephisto/mephisto/abstractions/_subcomponents/task_runner.py", line 266, in _launch_and_run_unit
    self.run_unit(unit, agent)
  File "/home/martins_32048/Projects/Mephisto/mephisto/abstractions/blueprints/abstract/static_task/static_task_runner.py", line 69, in run_unit
    agent.await_submit(self.assignment_duration_in_seconds)
  File "/home/martins_32048/Projects/Mephisto/mephisto/abstractions/providers/mock/mock_agent.py", line 109, in await_submit
    return super().await_submit(timeout)
  File "/home/martins_32048/Projects/Mephisto/mephisto/data_model/agent.py", line 256, in await_submit
    raise AgentTimeoutError(timeout, self.db_id)
mephisto.data_model.exceptions.AgentTimeoutError: (1800, '12')
[2023-09-29 14:55:32,129][mephisto.operations.operator][INFO] - Operator running task ID = 14
[2023-09-29 14:56:02,140][mephisto.operations.operator][INFO] - Operator running task ID = 14
[2023-09-29 14:56:04,421][mephisto.operations.client_io_handler][WARNING] - [31;1m[Version Mismatch!!][0m: Package `mephisto-task` version mismatch. Expected version 2.0.4 but frontend is currently using 2.0.3. This may cause unexpected errors, be sure to update your `mephisto-task` dependency with `npm install mephisto-task@2.0.4 --save`. If this warning still persists or the version isn't found, please open an issue at https://github.com/facebookresearch/Mephisto/issues
[2023-09-29 14:56:06,078][mephisto.operations.client_io_handler][WARNING] - [31;1m[Version Mismatch!!][0m: Package `mephisto-task` version mismatch. Expected version 2.0.4 but frontend is currently using 2.0.3. This may cause unexpected errors, be sure to update your `mephisto-task` dependency with `npm install mephisto-task@2.0.4 --save`. If this warning still persists or the version isn't found, please open an issue at https://github.com/facebookresearch/Mephisto/issues
[2023-09-29 14:56:32,146][mephisto.operations.operator][INFO] - Operator running task ID = 14
[2023-09-29 14:56:45,355][mephisto.operations.client_io_handler][WARNING] - [31;1m[Version Mismatch!!][0m: Package `mephisto-task` version mismatch. Expected version 2.0.4 but frontend is currently using 2.0.3. This may cause unexpected errors, be sure to update your `mephisto-task` dependency with `npm install mephisto-task@2.0.4 --save`. If this warning still persists or the version isn't found, please open an issue at https://github.com/facebookresearch/Mephisto/issues
[2023-09-29 14:56:47,804][mephisto.operations.operator][ERROR] - Cleaning up after keyboard interrupt, please [31;1mwait to Ctrl-C again[0m until instructed to.
[2023-09-29 14:56:47,805][mephisto.operations.operator][INFO] - operator shutting down
[2023-09-29 14:56:47,805][mephisto.operations.operator][INFO] - Expiring units for task run 14.
[2023-09-29 14:56:47,840][mephisto.operations.operator][INFO] - Waiting on 1 task runs with assignments in-flight. [31;1mCtrl-C ONCE[0m to kill running tasks and FORCE QUIT.
[2023-09-29 14:56:48,061][sh.command][INFO] - <Command '/usr/bin/rm -rf /home/martins_32048/Projects/Mephisto/tmp/local_server_14/server', pid 2413675>: process started
